[0.030s] Invoking command in '/media/muayman17/New/Muhammad/BrightSkies Test/ROS2_BlocksRearrengments/build/CPPsub_BlocksRearrange': CMAKE_PREFIX_PATH=${CMAKE_PREFIX_PATH}:/media/muayman17/New/Muhammad/BrightSkies Test/ROS2_BlocksRearrengments/install/initialGoalpub_py:/opt/ros/foxy /usr/bin/cmake --build /media/muayman17/New/Muhammad/BrightSkies Test/ROS2_BlocksRearrengments/build/CPPsub_BlocksRearrange -- -j8 -l8
[0.081s] [35m[1mScanning dependencies of target lis[0m
[0.301s] [ 20%] [32mBuilding CXX object CMakeFiles/lis.dir/src/CPPsub_BlocksRearrange.cpp.o[0m
[0.302s] [ 40%] [32mBuilding CXX object CMakeFiles/lis.dir/src/BFSAlgorithm.cpp.o[0m
[0.303s] [ 60%] [32mBuilding CXX object CMakeFiles/lis.dir/src/blockArrangementSub.cpp.o[0m
[0.303s] [ 80%] [32mBuilding CXX object CMakeFiles/lis.dir/src/StateSpace.cpp.o[0m
[0.877s] In file included from [01m[K/media/muayman17/New/Muhammad/BrightSkies Test/ROS2_BlocksRearrengments/src/CPPsub_BlocksRearrange/src/StateSpace.cpp:10[m[K:
[0.877s] [01m[K/media/muayman17/New/Muhammad/BrightSkies Test/ROS2_BlocksRearrengments/src/CPPsub_BlocksRearrange/src/../include/CPPsub_BlocksRearrange/StateSpace.h:[m[K In constructor ‘[01m[KStateSpace::StateSpace(State)[m[K’:
[0.877s] [01m[K/media/muayman17/New/Muhammad/BrightSkies Test/ROS2_BlocksRearrengments/src/CPPsub_BlocksRearrange/src/../include/CPPsub_BlocksRearrange/StateSpace.h:33:23:[m[K [01;35m[Kwarning: [m[Kunused parameter ‘[01m[Ks[m[K’ [[01;35m[K-Wunused-parameter[m[K]
[0.878s]    33 |      StateSpace([01;35m[KState s[m[K) {}
[0.878s]       |                 [01;35m[K~~~~~~^[m[K
[0.879s] In file included from [01m[K/media/muayman17/New/Muhammad/BrightSkies Test/ROS2_BlocksRearrengments/src/CPPsub_BlocksRearrange/src/../include/CPPsub_BlocksRearrange/BFSAlgorithm.h:8[m[K,
[0.879s]                  from [01m[K/media/muayman17/New/Muhammad/BrightSkies Test/ROS2_BlocksRearrengments/src/CPPsub_BlocksRearrange/src/BFSAlgorithm.cpp:9[m[K:
[0.879s] [01m[K/media/muayman17/New/Muhammad/BrightSkies Test/ROS2_BlocksRearrengments/src/CPPsub_BlocksRearrange/src/../include/CPPsub_BlocksRearrange/StateSpace.h:[m[K In constructor ‘[01m[KStateSpace::StateSpace(State)[m[K’:
[0.880s] [01m[K/media/muayman17/New/Muhammad/BrightSkies Test/ROS2_BlocksRearrengments/src/CPPsub_BlocksRearrange/src/../include/CPPsub_BlocksRearrange/StateSpace.h:33:23:[m[K [01;35m[Kwarning: [m[Kunused parameter ‘[01m[Ks[m[K’ [[01;35m[K-Wunused-parameter[m[K]
[0.880s]    33 |      StateSpace([01;35m[KState s[m[K) {}
[0.880s]       |                 [01;35m[K~~~~~~^[m[K
[0.882s] [01m[K/media/muayman17/New/Muhammad/BrightSkies Test/ROS2_BlocksRearrengments/src/CPPsub_BlocksRearrange/src/../include/CPPsub_BlocksRearrange/StateSpace.h:[m[K In constructor ‘[01m[KStateSpace::StateSpace(State, Moves)[m[K’:
[0.884s] [01m[K/media/muayman17/New/Muhammad/BrightSkies Test/ROS2_BlocksRearrengments/src/CPPsub_BlocksRearrange/src/../include/CPPsub_BlocksRearrange/StateSpace.h:34:23:[m[K [01;35m[Kwarning: [m[Kunused parameter ‘[01m[Ks[m[K’ [[01;35m[K-Wunused-parameter[m[K]
[0.885s]    34 |      StateSpace([01;35m[KState s[m[K, Moves m) {}
[0.886s]       |                 [01;35m[K~~~~~~^[m[K
[0.886s] [01m[K/media/muayman17/New/Muhammad/BrightSkies Test/ROS2_BlocksRearrengments/src/CPPsub_BlocksRearrange/src/../include/CPPsub_BlocksRearrange/StateSpace.h:[m[K In constructor ‘[01m[KStateSpace::StateSpace(State, Moves)[m[K’:
[0.886s] [01m[K/media/muayman17/New/Muhammad/BrightSkies Test/ROS2_BlocksRearrengments/src/CPPsub_BlocksRearrange/src/../include/CPPsub_BlocksRearrange/StateSpace.h:34:23:[m[K [01;35m[Kwarning: [m[Kunused parameter ‘[01m[Ks[m[K’ [[01;35m[K-Wunused-parameter[m[K]
[0.887s]    34 |      StateSpace([01;35m[KState s[m[K, Moves m) {}
[0.887s]       |                 [01;35m[K~~~~~~^[m[K
[0.887s] [01m[K/media/muayman17/New/Muhammad/BrightSkies Test/ROS2_BlocksRearrengments/src/CPPsub_BlocksRearrange/src/../include/CPPsub_BlocksRearrange/StateSpace.h:34:32:[m[K [01;35m[Kwarning: [m[Kunused parameter ‘[01m[Km[m[K’ [[01;35m[K-Wunused-parameter[m[K]
[0.887s]    34 |      StateSpace(State s, [01;35m[KMoves m[m[K) {}
[0.888s]       |                          [01;35m[K~~~~~~^[m[K
[0.888s] [01m[K/media/muayman17/New/Muhammad/BrightSkies Test/ROS2_BlocksRearrengments/src/CPPsub_BlocksRearrange/src/../include/CPPsub_BlocksRearrange/StateSpace.h:34:32:[m[K [01;35m[Kwarning: [m[Kunused parameter ‘[01m[Km[m[K’ [[01;35m[K-Wunused-parameter[m[K]
[0.888s]    34 |      StateSpace(State s, [01;35m[KMoves m[m[K) {}
[0.888s]       |                          [01;35m[K~~~~~~^[m[K
[0.889s] [01m[K/media/muayman17/New/Muhammad/BrightSkies Test/ROS2_BlocksRearrengments/src/CPPsub_BlocksRearrange/src/../include/CPPsub_BlocksRearrange/StateSpace.h:[m[K In constructor ‘[01m[KStateSpace::StateSpace(State, Moves, int)[m[K’:
[0.889s] [01m[K/media/muayman17/New/Muhammad/BrightSkies Test/ROS2_BlocksRearrengments/src/CPPsub_BlocksRearrange/src/../include/CPPsub_BlocksRearrange/StateSpace.h:35:23:[m[K [01;35m[Kwarning: [m[Kunused parameter ‘[01m[Ks[m[K’ [[01;35m[K-Wunused-parameter[m[K]
[0.889s]    35 |      StateSpace([01;35m[KState s[m[K, Moves m, int f) {}
[0.890s]       |                 [01;35m[K~~~~~~^[m[K
[0.890s] [01m[K/media/muayman17/New/Muhammad/BrightSkies Test/ROS2_BlocksRearrengments/src/CPPsub_BlocksRearrange/src/../include/CPPsub_BlocksRearrange/StateSpace.h:[m[K In constructor ‘[01m[KStateSpace::StateSpace(State, Moves, int)[m[K’:
[0.890s] [01m[K/media/muayman17/New/Muhammad/BrightSkies Test/ROS2_BlocksRearrengments/src/CPPsub_BlocksRearrange/src/../include/CPPsub_BlocksRearrange/StateSpace.h:35:23:[m[K [01;35m[Kwarning: [m[Kunused parameter ‘[01m[Ks[m[K’ [[01;35m[K-Wunused-parameter[m[K]
[0.890s]    35 |      StateSpace([01;35m[KState s[m[K, Moves m, int f) {}
[0.891s]       |                 [01;35m[K~~~~~~^[m[K
[0.891s] [01m[K/media/muayman17/New/Muhammad/BrightSkies Test/ROS2_BlocksRearrengments/src/CPPsub_BlocksRearrange/src/../include/CPPsub_BlocksRearrange/StateSpace.h:35:32:[m[K [01;35m[Kwarning: [m[Kunused parameter ‘[01m[Km[m[K’ [[01;35m[K-Wunused-parameter[m[K]
[0.891s]    35 |      StateSpace(State s, [01;35m[KMoves m[m[K, int f) {}
[0.891s]       |                          [01;35m[K~~~~~~^[m[K
[0.892s] [01m[K/media/muayman17/New/Muhammad/BrightSkies Test/ROS2_BlocksRearrengments/src/CPPsub_BlocksRearrange/src/../include/CPPsub_BlocksRearrange/StateSpace.h:35:32:[m[K [01;35m[Kwarning: [m[Kunused parameter ‘[01m[Km[m[K’ [[01;35m[K-Wunused-parameter[m[K]
[0.892s]    35 |      StateSpace(State s, [01;35m[KMoves m[m[K, int f) {}
[0.892s]       |                          [01;35m[K~~~~~~^[m[K
[0.893s] [01m[K/media/muayman17/New/Muhammad/BrightSkies Test/ROS2_BlocksRearrengments/src/CPPsub_BlocksRearrange/src/../include/CPPsub_BlocksRearrange/StateSpace.h:35:39:[m[K [01;35m[Kwarning: [m[Kunused parameter ‘[01m[Kf[m[K’ [[01;35m[K-Wunused-parameter[m[K]
[0.893s]    35 |      StateSpace(State s, Moves m, [01;35m[Kint f[m[K) {}
[0.893s]       |                                   [01;35m[K~~~~^[m[K
[0.893s] [01m[K/media/muayman17/New/Muhammad/BrightSkies Test/ROS2_BlocksRearrengments/src/CPPsub_BlocksRearrange/src/../include/CPPsub_BlocksRearrange/StateSpace.h:35:39:[m[K [01;35m[Kwarning: [m[Kunused parameter ‘[01m[Kf[m[K’ [[01;35m[K-Wunused-parameter[m[K]
[0.894s]    35 |      StateSpace(State s, Moves m, [01;35m[Kint f[m[K) {}
[0.894s]       |                                   [01;35m[K~~~~^[m[K
[0.894s] [01m[K/media/muayman17/New/Muhammad/BrightSkies Test/ROS2_BlocksRearrengments/src/CPPsub_BlocksRearrange/src/../include/CPPsub_BlocksRearrange/StateSpace.h:[m[K In member function ‘[01m[Kvoid StateSpace::setState(State)[m[K’:
[0.894s] [01m[K/media/muayman17/New/Muhammad/BrightSkies Test/ROS2_BlocksRearrengments/src/CPPsub_BlocksRearrange/src/../include/CPPsub_BlocksRearrange/StateSpace.h:38:26:[m[K [01;35m[Kwarning: [m[Kunused parameter ‘[01m[Ks[m[K’ [[01;35m[K-Wunused-parameter[m[K]
[0.895s]    38 |      void setState([01;35m[KState s[m[K) {};
[0.895s]       |                    [01;35m[K~~~~~~^[m[K
[0.896s] [01m[K/media/muayman17/New/Muhammad/BrightSkies Test/ROS2_BlocksRearrengments/src/CPPsub_BlocksRearrange/src/../include/CPPsub_BlocksRearrange/StateSpace.h:[m[K In member function ‘[01m[Kvoid StateSpace::setState(State)[m[K’:
[0.896s] [01m[K/media/muayman17/New/Muhammad/BrightSkies Test/ROS2_BlocksRearrengments/src/CPPsub_BlocksRearrange/src/../include/CPPsub_BlocksRearrange/StateSpace.h:38:26:[m[K [01;35m[Kwarning: [m[Kunused parameter ‘[01m[Ks[m[K’ [[01;35m[K-Wunused-parameter[m[K]
[0.898s]    38 |      void setState([01;35m[KState s[m[K) {};
[0.898s]       |                    [01;35m[K~~~~~~^[m[K
[0.898s] [01m[K/media/muayman17/New/Muhammad/BrightSkies Test/ROS2_BlocksRearrengments/src/CPPsub_BlocksRearrange/src/../include/CPPsub_BlocksRearrange/StateSpace.h:[m[K In member function ‘[01m[Kvoid StateSpace::setMoves(Moves)[m[K’:
[0.899s] [01m[K/media/muayman17/New/Muhammad/BrightSkies Test/ROS2_BlocksRearrengments/src/CPPsub_BlocksRearrange/src/../include/CPPsub_BlocksRearrange/StateSpace.h:39:26:[m[K [01;35m[Kwarning: [m[Kunused parameter ‘[01m[Km[m[K’ [[01;35m[K-Wunused-parameter[m[K]
[0.899s]    39 |      void setMoves([01;35m[KMoves m[m[K) {};
[0.899s]       |                    [01;35m[K~~~~~~^[m[K
[0.899s] [01m[K/media/muayman17/New/Muhammad/BrightSkies Test/ROS2_BlocksRearrengments/src/CPPsub_BlocksRearrange/src/../include/CPPsub_BlocksRearrange/StateSpace.h:[m[K In member function ‘[01m[Kvoid StateSpace::setMoves(Moves)[m[K’:
[0.900s] [01m[K/media/muayman17/New/Muhammad/BrightSkies Test/ROS2_BlocksRearrengments/src/CPPsub_BlocksRearrange/src/../include/CPPsub_BlocksRearrange/StateSpace.h:39:26:[m[K [01;35m[Kwarning: [m[Kunused parameter ‘[01m[Km[m[K’ [[01;35m[K-Wunused-parameter[m[K]
[0.900s]    39 |      void setMoves([01;35m[KMoves m[m[K) {};
[0.900s]       |                    [01;35m[K~~~~~~^[m[K
[0.901s] [01m[K/media/muayman17/New/Muhammad/BrightSkies Test/ROS2_BlocksRearrengments/src/CPPsub_BlocksRearrange/src/../include/CPPsub_BlocksRearrange/StateSpace.h:[m[K In member function ‘[01m[Kvoid StateSpace::setFixedCount(int)[m[K’:
[0.901s] [01m[K/media/muayman17/New/Muhammad/BrightSkies Test/ROS2_BlocksRearrengments/src/CPPsub_BlocksRearrange/src/../include/CPPsub_BlocksRearrange/StateSpace.h:40:29:[m[K [01;35m[Kwarning: [m[Kunused parameter ‘[01m[Kf[m[K’ [[01;35m[K-Wunused-parameter[m[K]
[0.901s]    40 |      void setFixedCount([01;35m[Kint f[m[K) {};
[0.901s]       |                         [01;35m[K~~~~^[m[K
[0.902s] [01m[K/media/muayman17/New/Muhammad/BrightSkies Test/ROS2_BlocksRearrengments/src/CPPsub_BlocksRearrange/src/../include/CPPsub_BlocksRearrange/StateSpace.h:[m[K In member function ‘[01m[Kvoid StateSpace::setFixedCount(int)[m[K’:
[0.902s] [01m[K/media/muayman17/New/Muhammad/BrightSkies Test/ROS2_BlocksRearrengments/src/CPPsub_BlocksRearrange/src/../include/CPPsub_BlocksRearrange/StateSpace.h:40:29:[m[K [01;35m[Kwarning: [m[Kunused parameter ‘[01m[Kf[m[K’ [[01;35m[K-Wunused-parameter[m[K]
[0.902s]    40 |      void setFixedCount([01;35m[Kint f[m[K) {};
[0.903s]       |                         [01;35m[K~~~~^[m[K
[0.903s] [01m[K/media/muayman17/New/Muhammad/BrightSkies Test/ROS2_BlocksRearrengments/src/CPPsub_BlocksRearrange/src/../include/CPPsub_BlocksRearrange/StateSpace.h:[m[K In member function ‘[01m[KState StateSpace::getState() const[m[K’:
[0.903s] [01m[K/media/muayman17/New/Muhammad/BrightSkies Test/ROS2_BlocksRearrengments/src/CPPsub_BlocksRearrange/src/../include/CPPsub_BlocksRearrange/StateSpace.h:43:30:[m[K [01;35m[Kwarning: [m[Kno return statement in function returning non-void [[01;35m[K-Wreturn-type[m[K]
[0.904s]    43 |      State getState() const {[01;35m[K}[m[K;
[0.904s]       |                              [01;35m[K^[m[K
[0.904s] [01m[K/media/muayman17/New/Muhammad/BrightSkies Test/ROS2_BlocksRearrengments/src/CPPsub_BlocksRearrange/src/../include/CPPsub_BlocksRearrange/StateSpace.h:[m[K In member function ‘[01m[KState StateSpace::getState() const[m[K’:
[0.905s] [01m[K/media/muayman17/New/Muhammad/BrightSkies Test/ROS2_BlocksRearrengments/src/CPPsub_BlocksRearrange/src/../include/CPPsub_BlocksRearrange/StateSpace.h:43:30:[m[K [01;35m[Kwarning: [m[Kno return statement in function returning non-void [[01;35m[K-Wreturn-type[m[K]
[0.905s]    43 |      State getState() const {[01;35m[K}[m[K;
[0.905s]       |                              [01;35m[K^[m[K
[0.906s] [01m[K/media/muayman17/New/Muhammad/BrightSkies Test/ROS2_BlocksRearrengments/src/CPPsub_BlocksRearrange/src/../include/CPPsub_BlocksRearrange/StateSpace.h:[m[K In member function ‘[01m[KMoves StateSpace::getMoves() const[m[K’:
[0.906s] [01m[K/media/muayman17/New/Muhammad/BrightSkies Test/ROS2_BlocksRearrengments/src/CPPsub_BlocksRearrange/src/../include/CPPsub_BlocksRearrange/StateSpace.h:44:30:[m[K [01;35m[Kwarning: [m[Kno return statement in function returning non-void [[01;35m[K-Wreturn-type[m[K]
[0.906s]    44 |      Moves getMoves() const {[01;35m[K}[m[K;
[0.906s]       |                              [01;35m[K^[m[K
[0.907s] [01m[K/media/muayman17/New/Muhammad/BrightSkies Test/ROS2_BlocksRearrengments/src/CPPsub_BlocksRearrange/src/../include/CPPsub_BlocksRearrange/StateSpace.h:[m[K In member function ‘[01m[KMoves StateSpace::getMoves() const[m[K’:
[0.907s] [01m[K/media/muayman17/New/Muhammad/BrightSkies Test/ROS2_BlocksRearrengments/src/CPPsub_BlocksRearrange/src/../include/CPPsub_BlocksRearrange/StateSpace.h:44:30:[m[K [01;35m[Kwarning: [m[Kno return statement in function returning non-void [[01;35m[K-Wreturn-type[m[K]
[0.907s]    44 |      Moves getMoves() const {[01;35m[K}[m[K;
[0.907s]       |                              [01;35m[K^[m[K
[0.908s] [01m[K/media/muayman17/New/Muhammad/BrightSkies Test/ROS2_BlocksRearrengments/src/CPPsub_BlocksRearrange/src/../include/CPPsub_BlocksRearrange/StateSpace.h:[m[K In member function ‘[01m[Kint StateSpace::getFixedCount() const[m[K’:
[0.908s] [01m[K/media/muayman17/New/Muhammad/BrightSkies Test/ROS2_BlocksRearrengments/src/CPPsub_BlocksRearrange/src/../include/CPPsub_BlocksRearrange/StateSpace.h:45:33:[m[K [01;35m[Kwarning: [m[Kno return statement in function returning non-void [[01;35m[K-Wreturn-type[m[K]
[0.908s]    45 |      int getFixedCount() const {[01;35m[K}[m[K;
[0.909s]       |                                 [01;35m[K^[m[K
[0.909s] [01m[K/media/muayman17/New/Muhammad/BrightSkies Test/ROS2_BlocksRearrengments/src/CPPsub_BlocksRearrange/src/../include/CPPsub_BlocksRearrange/StateSpace.h:[m[K In member function ‘[01m[Kint StateSpace::getFixedCount() const[m[K’:
[0.909s] [01m[K/media/muayman17/New/Muhammad/BrightSkies Test/ROS2_BlocksRearrengments/src/CPPsub_BlocksRearrange/src/../include/CPPsub_BlocksRearrange/StateSpace.h:45:33:[m[K [01;35m[Kwarning: [m[Kno return statement in function returning non-void [[01;35m[K-Wreturn-type[m[K]
[0.909s]    45 |      int getFixedCount() const {[01;35m[K}[m[K;
[0.910s]       |                                 [01;35m[K^[m[K
[0.910s] [01m[K/media/muayman17/New/Muhammad/BrightSkies Test/ROS2_BlocksRearrengments/src/CPPsub_BlocksRearrange/src/../include/CPPsub_BlocksRearrange/StateSpace.h:[m[K In member function ‘[01m[Kbool StateSpace::operator<(const StateSpace&) const[m[K’:
[0.911s] [01m[K/media/muayman17/New/Muhammad/BrightSkies Test/ROS2_BlocksRearrengments/src/CPPsub_BlocksRearrange/src/../include/CPPsub_BlocksRearrange/StateSpace.h:48:53:[m[K [01;35m[Kwarning: [m[Kno return statement in function returning non-void [[01;35m[K-Wreturn-type[m[K]
[0.912s]    48 |      bool operator<(const StateSpace &other) const {[01;35m[K}[m[K;
[0.912s]       |                                                     [01;35m[K^[m[K
[0.912s] [01m[K/media/muayman17/New/Muhammad/BrightSkies Test/ROS2_BlocksRearrengments/src/CPPsub_BlocksRearrange/src/../include/CPPsub_BlocksRearrange/StateSpace.h:[m[K In member function ‘[01m[Kbool StateSpace::operator<(const StateSpace&) const[m[K’:
[0.912s] [01m[K/media/muayman17/New/Muhammad/BrightSkies Test/ROS2_BlocksRearrengments/src/CPPsub_BlocksRearrange/src/../include/CPPsub_BlocksRearrange/StateSpace.h:48:53:[m[K [01;35m[Kwarning: [m[Kno return statement in function returning non-void [[01;35m[K-Wreturn-type[m[K]
[0.913s]    48 |      bool operator<(const StateSpace &other) const {[01;35m[K}[m[K;
[0.913s]       |                                                     [01;35m[K^[m[K
[0.914s] [01m[K/media/muayman17/New/Muhammad/BrightSkies Test/ROS2_BlocksRearrengments/src/CPPsub_BlocksRearrange/src/../include/CPPsub_BlocksRearrange/StateSpace.h:48:39:[m[K [01;35m[Kwarning: [m[Kunused parameter ‘[01m[Kother[m[K’ [[01;35m[K-Wunused-parameter[m[K]
[0.914s]    48 |      bool operator<([01;35m[Kconst StateSpace &other[m[K) const {};
[0.915s]       |                     [01;35m[K~~~~~~~~~~~~~~~~~~^~~~~[m[K
[0.916s] [01m[K/media/muayman17/New/Muhammad/BrightSkies Test/ROS2_BlocksRearrengments/src/CPPsub_BlocksRearrange/src/../include/CPPsub_BlocksRearrange/StateSpace.h:48:39:[m[K [01;35m[Kwarning: [m[Kunused parameter ‘[01m[Kother[m[K’ [[01;35m[K-Wunused-parameter[m[K]
[0.916s]    48 |      bool operator<([01;35m[Kconst StateSpace &other[m[K) const {};
[0.916s]       |                     [01;35m[K~~~~~~~~~~~~~~~~~~^~~~~[m[K
[0.917s] [01m[K/media/muayman17/New/Muhammad/BrightSkies Test/ROS2_BlocksRearrengments/src/CPPsub_BlocksRearrange/src/StateSpace.cpp:[m[K At global scope:
[0.917s] [01m[K/media/muayman17/New/Muhammad/BrightSkies Test/ROS2_BlocksRearrengments/src/CPPsub_BlocksRearrange/src/StateSpace.cpp:16:1:[m[K [01;31m[Kerror: [m[Kredefinition of ‘[01m[KStateSpace::StateSpace()[m[K’
[0.917s]    16 | [01;31m[KStateSpace[m[K::StateSpace() : state({}), move({}), fixedCount(0) {}
[0.917s]       | [01;31m[K^~~~~~~~~~[m[K
[0.918s] In file included from [01m[K/media/muayman17/New/Muhammad/BrightSkies Test/ROS2_BlocksRearrengments/src/CPPsub_BlocksRearrange/src/StateSpace.cpp:10[m[K:
[0.918s] [01m[K/media/muayman17/New/Muhammad/BrightSkies Test/ROS2_BlocksRearrengments/src/CPPsub_BlocksRearrange/src/../include/CPPsub_BlocksRearrange/StateSpace.h:32:6:[m[K [01;36m[Knote: [m[K‘[01m[KStateSpace::StateSpace()[m[K’ previously defined here
[0.918s]    32 |      [01;36m[KStateSpace[m[K() {}
[0.919s]       |      [01;36m[K^~~~~~~~~~[m[K
[0.919s] [01m[K/media/muayman17/New/Muhammad/BrightSkies Test/ROS2_BlocksRearrengments/src/CPPsub_BlocksRearrange/src/StateSpace.cpp:16:36:[m[K [01;31m[Kerror: [m[Kexpected unqualified-id before ‘[01m[K)[m[K’ token
[0.919s]    16 | StateSpace::StateSpace() : state({}[01;31m[K)[m[K, move({}), fixedCount(0) {}
[0.919s]       |                                    [01;31m[K^[m[K
[0.920s] [01m[K/media/muayman17/New/Muhammad/BrightSkies Test/ROS2_BlocksRearrengments/src/CPPsub_BlocksRearrange/src/StateSpace.cpp:16:46:[m[K [01;31m[Kerror: [m[Kexpected unqualified-id before ‘[01m[K)[m[K’ token
[0.920s]    16 | StateSpace::StateSpace() : state({}), move({}[01;31m[K)[m[K, fixedCount(0) {}
[0.920s]       |                                              [01;31m[K^[m[K
[0.921s] [01m[K/media/muayman17/New/Muhammad/BrightSkies Test/ROS2_BlocksRearrengments/src/CPPsub_BlocksRearrange/src/StateSpace.cpp:17:1:[m[K [01;31m[Kerror: [m[Kredefinition of ‘[01m[KStateSpace::StateSpace(State)[m[K’
[0.921s]    17 | [01;31m[KStateSpace[m[K::StateSpace(State s) : state(s), move({}), fixedCount(0) {}
[0.921s]       | [01;31m[K^~~~~~~~~~[m[K
[0.921s] In file included from [01m[K/media/muayman17/New/Muhammad/BrightSkies Test/ROS2_BlocksRearrengments/src/CPPsub_BlocksRearrange/src/StateSpace.cpp:10[m[K:
[0.922s] [01m[K/media/muayman17/New/Muhammad/BrightSkies Test/ROS2_BlocksRearrengments/src/CPPsub_BlocksRearrange/src/../include/CPPsub_BlocksRearrange/StateSpace.h:33:6:[m[K [01;36m[Knote: [m[K‘[01m[KStateSpace::StateSpace(State)[m[K’ previously defined here
[0.922s]    33 |      [01;36m[KStateSpace[m[K(State s) {}
[0.922s]       |      [01;36m[K^~~~~~~~~~[m[K
[0.923s] [01m[K/media/muayman17/New/Muhammad/BrightSkies Test/ROS2_BlocksRearrengments/src/CPPsub_BlocksRearrange/src/StateSpace.cpp:17:52:[m[K [01;31m[Kerror: [m[Kexpected unqualified-id before ‘[01m[K)[m[K’ token
[0.923s]    17 | StateSpace::StateSpace(State s) : state(s), move({}[01;31m[K)[m[K, fixedCount(0) {}
[0.923s]       |                                                    [01;31m[K^[m[K
[0.923s] [01m[K/media/muayman17/New/Muhammad/BrightSkies Test/ROS2_BlocksRearrengments/src/CPPsub_BlocksRearrange/src/StateSpace.cpp:18:1:[m[K [01;31m[Kerror: [m[Kredefinition of ‘[01m[KStateSpace::StateSpace(State, Moves)[m[K’
[0.924s]    18 | [01;31m[KStateSpace[m[K::StateSpace(State s, Moves m) : state(s), move(m), fixedCount(0) {}
[0.924s]       | [01;31m[K^~~~~~~~~~[m[K
[0.924s] In file included from [01m[K/media/muayman17/New/Muhammad/BrightSkies Test/ROS2_BlocksRearrengments/src/CPPsub_BlocksRearrange/src/StateSpace.cpp:10[m[K:
[0.925s] [01m[K/media/muayman17/New/Muhammad/BrightSkies Test/ROS2_BlocksRearrengments/src/CPPsub_BlocksRearrange/src/../include/CPPsub_BlocksRearrange/StateSpace.h:34:6:[m[K [01;36m[Knote: [m[K‘[01m[KStateSpace::StateSpace(State, Moves)[m[K’ previously defined here
[0.925s]    34 |      [01;36m[KStateSpace[m[K(State s, Moves m) {}
[0.925s]       |      [01;36m[K^~~~~~~~~~[m[K
[0.925s] [01m[K/media/muayman17/New/Muhammad/BrightSkies Test/ROS2_BlocksRearrengments/src/CPPsub_BlocksRearrange/src/StateSpace.cpp:19:1:[m[K [01;31m[Kerror: [m[Kredefinition of ‘[01m[KStateSpace::StateSpace(State, Moves, int)[m[K’
[0.926s]    19 | [01;31m[KStateSpace[m[K::StateSpace(State s, Moves m, int f) : state(s), move(m), fixedCount(f) {}
[0.927s]       | [01;31m[K^~~~~~~~~~[m[K
[0.927s] In file included from [01m[K/media/muayman17/New/Muhammad/BrightSkies Test/ROS2_BlocksRearrengments/src/CPPsub_BlocksRearrange/src/StateSpace.cpp:10[m[K:
[0.927s] [01m[K/media/muayman17/New/Muhammad/BrightSkies Test/ROS2_BlocksRearrengments/src/CPPsub_BlocksRearrange/src/../include/CPPsub_BlocksRearrange/StateSpace.h:35:6:[m[K [01;36m[Knote: [m[K‘[01m[KStateSpace::StateSpace(State, Moves, int)[m[K’ previously defined here
[0.927s]    35 |      [01;36m[KStateSpace[m[K(State s, Moves m, int f) {}
[0.928s]       |      [01;36m[K^~~~~~~~~~[m[K
[0.928s] [01m[K/media/muayman17/New/Muhammad/BrightSkies Test/ROS2_BlocksRearrengments/src/CPPsub_BlocksRearrange/src/StateSpace.cpp:22:6:[m[K [01;31m[Kerror: [m[Kredefinition of ‘[01m[Kvoid StateSpace::setState(State)[m[K’
[0.928s]    22 | void [01;31m[KStateSpace[m[K::setState(State s) { state = s; };
[0.929s]       |      [01;31m[K^~~~~~~~~~[m[K
[0.929s] In file included from [01m[K/media/muayman17/New/Muhammad/BrightSkies Test/ROS2_BlocksRearrengments/src/CPPsub_BlocksRearrange/src/StateSpace.cpp:10[m[K:
[0.929s] [01m[K/media/muayman17/New/Muhammad/BrightSkies Test/ROS2_BlocksRearrengments/src/CPPsub_BlocksRearrange/src/../include/CPPsub_BlocksRearrange/StateSpace.h:38:11:[m[K [01;36m[Knote: [m[K‘[01m[Kvoid StateSpace::setState(State)[m[K’ previously defined here
[0.930s]    38 |      void [01;36m[KsetState[m[K(State s) {};
[0.930s]       |           [01;36m[K^~~~~~~~[m[K
[0.932s] [01m[K/media/muayman17/New/Muhammad/BrightSkies Test/ROS2_BlocksRearrengments/src/CPPsub_BlocksRearrange/src/StateSpace.cpp:22:50:[m[K [01;35m[Kwarning: [m[Kextra ‘[01m[K;[m[K’ [[01;35m[K-Wpedantic[m[K]
[0.933s]    22 | void StateSpace::setState(State s) { state = s; }[01;35m[K;[m[K
[0.934s]       |                                                  [01;35m[K^[m[K
[0.934s] In file included from [01m[K/media/muayman17/New/Muhammad/BrightSkies Test/ROS2_BlocksRearrengments/src/CPPsub_BlocksRearrange/src/BFSAlgorithm.cpp:9[m[K:
[0.934s] [01m[K/media/muayman17/New/Muhammad/BrightSkies Test/ROS2_BlocksRearrengments/src/CPPsub_BlocksRearrange/src/../include/CPPsub_BlocksRearrange/BFSAlgorithm.h:[m[K In constructor ‘[01m[KBFSAlgorithm::BFSAlgorithm(std::string)[m[K’:
[0.935s] [01m[K/media/muayman17/New/Muhammad/BrightSkies Test/ROS2_BlocksRearrengments/src/CPPsub_BlocksRearrange/src/../include/CPPsub_BlocksRearrange/BFSAlgorithm.h:26:26:[m[K [01;35m[Kwarning: [m[Kunused parameter ‘[01m[Kpub_msg[m[K’ [[01;35m[K-Wunused-parameter[m[K]
[0.935s]    26 |      BFSAlgorithm([01;35m[Kstring pub_msg[m[K) {}
[0.935s]       |                   [01;35m[K~~~~~~~^~~~~~~[m[K
[0.935s] [01m[K/media/muayman17/New/Muhammad/BrightSkies Test/ROS2_BlocksRearrengments/src/CPPsub_BlocksRearrange/src/StateSpace.cpp:23:6:[m[K [01;31m[Kerror: [m[Kredefinition of ‘[01m[Kvoid StateSpace::setMoves(Moves)[m[K’
[0.936s]    23 | void [01;31m[KStateSpace[m[K::setMoves(Moves m) { move = m; };
[0.936s]       |      [01;31m[K^~~~~~~~~~[m[K
[0.936s] In file included from [01m[K/media/muayman17/New/Muhammad/BrightSkies Test/ROS2_BlocksRearrengments/src/CPPsub_BlocksRearrange/src/StateSpace.cpp:10[m[K:
[0.937s] [01m[K/media/muayman17/New/Muhammad/BrightSkies Test/ROS2_BlocksRearrengments/src/CPPsub_BlocksRearrange/src/../include/CPPsub_BlocksRearrange/StateSpace.h:39:11:[m[K [01;36m[Knote: [m[K‘[01m[Kvoid StateSpace::setMoves(Moves)[m[K’ previously defined here
[0.937s]    39 |      void [01;36m[KsetMoves[m[K(Moves m) {};
[0.938s]       |           [01;36m[K^~~~~~~~[m[K
[0.938s] [01m[K/media/muayman17/New/Muhammad/BrightSkies Test/ROS2_BlocksRearrengments/src/CPPsub_BlocksRearrange/src/StateSpace.cpp:23:49:[m[K [01;35m[Kwarning: [m[Kextra ‘[01m[K;[m[K’ [[01;35m[K-Wpedantic[m[K]
[0.939s]    23 | void StateSpace::setMoves(Moves m) { move = m; }[01;35m[K;[m[K
[0.939s]       |                                                 [01;35m[K^[m[K
[0.940s] [01m[K/media/muayman17/New/Muhammad/BrightSkies Test/ROS2_BlocksRearrengments/src/CPPsub_BlocksRearrange/src/StateSpace.cpp:24:6:[m[K [01;31m[Kerror: [m[Kredefinition of ‘[01m[Kvoid StateSpace::setFixedCount(int)[m[K’
[0.940s]    24 | void [01;31m[KStateSpace[m[K::setFixedCount(int f) { fixedCount = f; };
[0.941s]       |      [01;31m[K^~~~~~~~~~[m[K
[0.941s] In file included from [01m[K/media/muayman17/New/Muhammad/BrightSkies Test/ROS2_BlocksRearrengments/src/CPPsub_BlocksRearrange/src/StateSpace.cpp:10[m[K:
[0.942s] [01m[K/media/muayman17/New/Muhammad/BrightSkies Test/ROS2_BlocksRearrengments/src/CPPsub_BlocksRearrange/src/../include/CPPsub_BlocksRearrange/StateSpace.h:40:11:[m[K [01;36m[Knote: [m[K‘[01m[Kvoid StateSpace::setFixedCount(int)[m[K’ previously defined here
[0.942s]    40 |      void [01;36m[KsetFixedCount[m[K(int f) {};
[0.943s]       |           [01;36m[K^~~~~~~~~~~~~[m[K
[0.943s] [01m[K/media/muayman17/New/Muhammad/BrightSkies Test/ROS2_BlocksRearrengments/src/CPPsub_BlocksRearrange/src/StateSpace.cpp:24:58:[m[K [01;35m[Kwarning: [m[Kextra ‘[01m[K;[m[K’ [[01;35m[K-Wpedantic[m[K]
[0.944s]    24 | void StateSpace::setFixedCount(int f) { fixedCount = f; }[01;35m[K;[m[K
[0.944s]       |                                                          [01;35m[K^[m[K
[0.946s] [01m[K/media/muayman17/New/Muhammad/BrightSkies Test/ROS2_BlocksRearrengments/src/CPPsub_BlocksRearrange/src/StateSpace.cpp:27:7:[m[K [01;31m[Kerror: [m[Kredefinition of ‘[01m[KState StateSpace::getState() const[m[K’
[0.947s]    27 | State [01;31m[KStateSpace[m[K::getState() const { return state; };
[0.947s]       |       [01;31m[K^~~~~~~~~~[m[K
[0.948s] In file included from [01m[K/media/muayman17/New/Muhammad/BrightSkies Test/ROS2_BlocksRearrengments/src/CPPsub_BlocksRearrange/src/StateSpace.cpp:10[m[K:
[0.948s] [01m[K/media/muayman17/New/Muhammad/BrightSkies Test/ROS2_BlocksRearrengments/src/CPPsub_BlocksRearrange/src/../include/CPPsub_BlocksRearrange/StateSpace.h:43:12:[m[K [01;36m[Knote: [m[K‘[01m[KState StateSpace::getState() const[m[K’ previously defined here
[0.948s]    43 |      State [01;36m[KgetState[m[K() const {};
[0.948s]       |            [01;36m[K^~~~~~~~[m[K
[0.949s] [01m[K/media/muayman17/New/Muhammad/BrightSkies Test/ROS2_BlocksRearrengments/src/CPPsub_BlocksRearrange/src/StateSpace.cpp:27:53:[m[K [01;35m[Kwarning: [m[Kextra ‘[01m[K;[m[K’ [[01;35m[K-Wpedantic[m[K]
[0.949s]    27 | State StateSpace::getState() const { return state; }[01;35m[K;[m[K
[0.950s]       |                                                     [01;35m[K^[m[K
[0.950s] [01m[K/media/muayman17/New/Muhammad/BrightSkies Test/ROS2_BlocksRearrengments/src/CPPsub_BlocksRearrange/src/StateSpace.cpp:28:7:[m[K [01;31m[Kerror: [m[Kredefinition of ‘[01m[KMoves StateSpace::getMoves() const[m[K’
[0.951s]    28 | Moves [01;31m[KStateSpace[m[K::getMoves() const { return move; };
[0.951s]       |       [01;31m[K^~~~~~~~~~[m[K
[0.952s] In file included from [01m[K/media/muayman17/New/Muhammad/BrightSkies Test/ROS2_BlocksRearrengments/src/CPPsub_BlocksRearrange/src/StateSpace.cpp:10[m[K:
[0.953s] [01m[K/media/muayman17/New/Muhammad/BrightSkies Test/ROS2_BlocksRearrengments/src/CPPsub_BlocksRearrange/src/../include/CPPsub_BlocksRearrange/StateSpace.h:44:12:[m[K [01;36m[Knote: [m[K‘[01m[KMoves StateSpace::getMoves() const[m[K’ previously defined here
[0.953s]    44 |      Moves [01;36m[KgetMoves[m[K() const {};
[0.954s]       |            [01;36m[K^~~~~~~~[m[K
[0.954s] [01m[K/media/muayman17/New/Muhammad/BrightSkies Test/ROS2_BlocksRearrengments/src/CPPsub_BlocksRearrange/src/StateSpace.cpp:28:52:[m[K [01;35m[Kwarning: [m[Kextra ‘[01m[K;[m[K’ [[01;35m[K-Wpedantic[m[K]
[0.955s]    28 | Moves StateSpace::getMoves() const { return move; }[01;35m[K;[m[K
[0.955s]       |                                                    [01;35m[K^[m[K
[0.955s] [01m[K/media/muayman17/New/Muhammad/BrightSkies Test/ROS2_BlocksRearrengments/src/CPPsub_BlocksRearrange/src/StateSpace.cpp:29:5:[m[K [01;31m[Kerror: [m[Kredefinition of ‘[01m[Kint StateSpace::getFixedCount() const[m[K’
[0.956s]    29 | int [01;31m[KStateSpace[m[K::getFixedCount() const { return fixedCount; };
[0.956s]       |     [01;31m[K^~~~~~~~~~[m[K
[0.956s] In file included from [01m[K/media/muayman17/New/Muhammad/BrightSkies Test/ROS2_BlocksRearrengments/src/CPPsub_BlocksRearrange/src/StateSpace.cpp:10[m[K:
[0.956s] [01m[K/media/muayman17/New/Muhammad/BrightSkies Test/ROS2_BlocksRearrengments/src/CPPsub_BlocksRearrange/src/../include/CPPsub_BlocksRearrange/StateSpace.h:45:10:[m[K [01;36m[Knote: [m[K‘[01m[Kint StateSpace::getFixedCount() const[m[K’ previously defined here
[0.957s]    45 |      int [01;36m[KgetFixedCount[m[K() const {};
[0.957s]       |          [01;36m[K^~~~~~~~~~~~~[m[K
[0.957s] [01m[K/media/muayman17/New/Muhammad/BrightSkies Test/ROS2_BlocksRearrengments/src/CPPsub_BlocksRearrange/src/StateSpace.cpp:29:61:[m[K [01;35m[Kwarning: [m[Kextra ‘[01m[K;[m[K’ [[01;35m[K-Wpedantic[m[K]
[0.958s]    29 | int StateSpace::getFixedCount() const { return fixedCount; }[01;35m[K;[m[K
[0.958s]       |                                                             [01;35m[K^[m[K
[0.958s] [01m[K/media/muayman17/New/Muhammad/BrightSkies Test/ROS2_BlocksRearrengments/src/CPPsub_BlocksRearrange/src/StateSpace.cpp:32:6:[m[K [01;31m[Kerror: [m[Kredefinition of ‘[01m[Kbool StateSpace::operator<(const StateSpace&) const[m[K’
[0.958s]    32 | bool [01;31m[KStateSpace[m[K::operator<(const StateSpace &other) const
[0.959s]       |      [01;31m[K^~~~~~~~~~[m[K
[0.959s] In file included from [01m[K/media/muayman17/New/Muhammad/BrightSkies Test/ROS2_BlocksRearrengments/src/CPPsub_BlocksRearrange/src/StateSpace.cpp:10[m[K:
[0.959s] [01m[K/media/muayman17/New/Muhammad/BrightSkies Test/ROS2_BlocksRearrengments/src/CPPsub_BlocksRearrange/src/../include/CPPsub_BlocksRearrange/StateSpace.h:48:11:[m[K [01;36m[Knote: [m[K‘[01m[Kbool StateSpace::operator<(const StateSpace&) const[m[K’ previously defined here
[0.960s]    48 |      bool [01;36m[Koperator[m[K<(const StateSpace &other) const {};
[0.960s]       |           [01;36m[K^~~~~~~~[m[K
[0.960s] [01m[K/media/muayman17/New/Muhammad/BrightSkies Test/ROS2_BlocksRearrengments/src/CPPsub_BlocksRearrange/src/StateSpace.cpp:35:2:[m[K [01;35m[Kwarning: [m[Kextra ‘[01m[K;[m[K’ [[01;35m[K-Wpedantic[m[K]
[0.961s]    35 | }[01;35m[K;[m[K
[0.962s]       |  [01;35m[K^[m[K
[0.964s] In file included from [01m[K/media/muayman17/New/Muhammad/BrightSkies Test/ROS2_BlocksRearrengments/src/CPPsub_BlocksRearrange/src/BFSAlgorithm.cpp:9[m[K:
[0.964s] [01m[K/media/muayman17/New/Muhammad/BrightSkies Test/ROS2_BlocksRearrengments/src/CPPsub_BlocksRearrange/src/../include/CPPsub_BlocksRearrange/BFSAlgorithm.h:[m[K In member function ‘[01m[Kstd::vector<std::__cxx11::basic_string<char> > BFSAlgorithm::StringToVector(std::string, char)[m[K’:
[0.965s] [01m[K/media/muayman17/New/Muhammad/BrightSkies Test/ROS2_BlocksRearrengments/src/CPPsub_BlocksRearrange/src/../include/CPPsub_BlocksRearrange/BFSAlgorithm.h:29:65:[m[K [01;35m[Kwarning: [m[Kno return statement in function returning non-void [[01;35m[K-Wreturn-type[m[K]
[0.966s]    29 |      vector<string> StringToVector(string pub_msg, char delim) {[01;35m[K}[m[K
[0.966s]       |                                                                 [01;35m[K^[m[K
[0.966s] [01m[K/media/muayman17/New/Muhammad/BrightSkies Test/ROS2_BlocksRearrengments/src/CPPsub_BlocksRearrange/src/../include/CPPsub_BlocksRearrange/BFSAlgorithm.h:29:43:[m[K [01;35m[Kwarning: [m[Kunused parameter ‘[01m[Kpub_msg[m[K’ [[01;35m[K-Wunused-parameter[m[K]
[0.966s]    29 |      vector<string> StringToVector([01;35m[Kstring pub_msg[m[K, char delim) {}
[0.967s]       |                                    [01;35m[K~~~~~~~^~~~~~~[m[K
[0.967s] [01m[K/media/muayman17/New/Muhammad/BrightSkies Test/ROS2_BlocksRearrengments/src/CPPsub_BlocksRearrange/src/../include/CPPsub_BlocksRearrange/BFSAlgorithm.h:29:57:[m[K [01;35m[Kwarning: [m[Kunused parameter ‘[01m[Kdelim[m[K’ [[01;35m[K-Wunused-parameter[m[K]
[0.967s]    29 |      vector<string> StringToVector(string pub_msg, [01;35m[Kchar delim[m[K) {}
[0.967s]       |                                                    [01;35m[K~~~~~^~~~~[m[K
[0.968s] [01m[K/media/muayman17/New/Muhammad/BrightSkies Test/ROS2_BlocksRearrengments/src/CPPsub_BlocksRearrange/src/../include/CPPsub_BlocksRearrange/BFSAlgorithm.h:[m[K In member function ‘[01m[Kstd::string BFSAlgorithm::VectorToString(const State&) const[m[K’:
[0.968s] [01m[K/media/muayman17/New/Muhammad/BrightSkies Test/ROS2_BlocksRearrengments/src/CPPsub_BlocksRearrange/src/../include/CPPsub_BlocksRearrange/BFSAlgorithm.h:32:55:[m[K [01;35m[Kwarning: [m[Kno return statement in function returning non-void [[01;35m[K-Wreturn-type[m[K]
[0.968s]    32 |      string VectorToString(const State &state) const {[01;35m[K}[m[K
[0.968s]       |                                                       [01;35m[K^[m[K
[0.968s] [01m[K/media/muayman17/New/Muhammad/BrightSkies Test/ROS2_BlocksRearrengments/src/CPPsub_BlocksRearrange/src/../include/CPPsub_BlocksRearrange/BFSAlgorithm.h:32:41:[m[K [01;35m[Kwarning: [m[Kunused parameter ‘[01m[Kstate[m[K’ [[01;35m[K-Wunused-parameter[m[K]
[0.969s]    32 |      string VectorToString([01;35m[Kconst State &state[m[K) const {}
[0.969s]       |                            [01;35m[K~~~~~~~~~~~~~^~~~~[m[K
[0.969s] [01m[K/media/muayman17/New/Muhammad/BrightSkies Test/ROS2_BlocksRearrengments/src/CPPsub_BlocksRearrange/src/../include/CPPsub_BlocksRearrange/BFSAlgorithm.h:[m[K In member function ‘[01m[Kbool BFSAlgorithm::IsGoal(const State&) const[m[K’:
[0.969s] [01m[K/media/muayman17/New/Muhammad/BrightSkies Test/ROS2_BlocksRearrengments/src/CPPsub_BlocksRearrange/src/../include/CPPsub_BlocksRearrange/BFSAlgorithm.h:35:47:[m[K [01;35m[Kwarning: [m[Kno return statement in function returning non-void [[01;35m[K-Wreturn-type[m[K]
[0.970s]    35 |      bool IsGoal(const State &current) const {[01;35m[K}[m[K
[0.970s]       |                                               [01;35m[K^[m[K
[0.970s] [01m[K/media/muayman17/New/Muhammad/BrightSkies Test/ROS2_BlocksRearrengments/src/CPPsub_BlocksRearrange/src/../include/CPPsub_BlocksRearrange/BFSAlgorithm.h:35:31:[m[K [01;35m[Kwarning: [m[Kunused parameter ‘[01m[Kcurrent[m[K’ [[01;35m[K-Wunused-parameter[m[K]
[0.970s]    35 |      bool IsGoal([01;35m[Kconst State &current[m[K) const {}
[0.970s]       |                  [01;35m[K~~~~~~~~~~~~~^~~~~~~[m[K
[0.971s] [01m[K/media/muayman17/New/Muhammad/BrightSkies Test/ROS2_BlocksRearrengments/src/CPPsub_BlocksRearrange/src/../include/CPPsub_BlocksRearrange/BFSAlgorithm.h:[m[K In member function ‘[01m[Kstd::vector<StateSpace> BFSAlgorithm::getNextStates(const StateSpace&) const[m[K’:
[0.971s] [01m[K/media/muayman17/New/Muhammad/BrightSkies Test/ROS2_BlocksRearrengments/src/CPPsub_BlocksRearrange/src/../include/CPPsub_BlocksRearrange/BFSAlgorithm.h:38:73:[m[K [01;35m[Kwarning: [m[Kno return statement in function returning non-void [[01;35m[K-Wreturn-type[m[K]
[0.971s]    38 |      vector<StateSpace> getNextStates(const StateSpace &current) const {[01;35m[K}[m[K
[0.971s]       |                                                                         [01;35m[K^[m[K
[0.971s] [01m[K/media/muayman17/New/Muhammad/BrightSkies Test/ROS2_BlocksRearrengments/src/CPPsub_BlocksRearrange/src/../include/CPPsub_BlocksRearrange/BFSAlgorithm.h:38:57:[m[K [01;35m[Kwarning: [m[Kunused parameter ‘[01m[Kcurrent[m[K’ [[01;35m[K-Wunused-parameter[m[K]
[0.972s]    38 |      vector<StateSpace> getNextStates([01;35m[Kconst StateSpace &current[m[K) const {}
[0.972s]       |                                       [01;35m[K~~~~~~~~~~~~~~~~~~^~~~~~~[m[K
[0.972s] [01m[K/media/muayman17/New/Muhammad/BrightSkies Test/ROS2_BlocksRearrengments/src/CPPsub_BlocksRearrange/src/../include/CPPsub_BlocksRearrange/BFSAlgorithm.h:[m[K In member function ‘[01m[Kvoid BFSAlgorithm::countMatches(StateSpace&)[m[K’:
[0.972s] [01m[K/media/muayman17/New/Muhammad/BrightSkies Test/ROS2_BlocksRearrengments/src/CPPsub_BlocksRearrange/src/../include/CPPsub_BlocksRearrange/BFSAlgorithm.h:41:36:[m[K [01;35m[Kwarning: [m[Kunused parameter ‘[01m[Kcurrent[m[K’ [[01;35m[K-Wunused-parameter[m[K]
[0.973s]    41 |      void countMatches([01;35m[KStateSpace &current[m[K) {}
[0.973s]       |                        [01;35m[K~~~~~~~~~~~~^~~~~~~[m[K
[0.973s] [01m[K/media/muayman17/New/Muhammad/BrightSkies Test/ROS2_BlocksRearrengments/src/CPPsub_BlocksRearrange/src/../include/CPPsub_BlocksRearrange/BFSAlgorithm.h:[m[K In member function ‘[01m[KMoves BFSAlgorithm::BFS_Algorithm()[m[K’:
[0.973s] [01m[K/media/muayman17/New/Muhammad/BrightSkies Test/ROS2_BlocksRearrengments/src/CPPsub_BlocksRearrange/src/../include/CPPsub_BlocksRearrange/BFSAlgorithm.h:44:29:[m[K [01;35m[Kwarning: [m[Kno return statement in function returning non-void [[01;35m[K-Wreturn-type[m[K]
[0.973s]    44 |      Moves BFS_Algorithm() {[01;35m[K}[m[K
[0.974s]       |                             [01;35m[K^[m[K
[0.974s] [01m[K/media/muayman17/New/Muhammad/BrightSkies Test/ROS2_BlocksRearrengments/src/CPPsub_BlocksRearrange/src/BFSAlgorithm.cpp:[m[K At global scope:
[0.974s] [01m[K/media/muayman17/New/Muhammad/BrightSkies Test/ROS2_BlocksRearrengments/src/CPPsub_BlocksRearrange/src/BFSAlgorithm.cpp:21:1:[m[K [01;31m[Kerror: [m[Kredefinition of ‘[01m[KBFSAlgorithm::BFSAlgorithm(std::string)[m[K’
[0.974s]    21 | [01;31m[KBFSAlgorithm[m[K::BFSAlgorithm(string pub_msg)
[0.974s]       | [01;31m[K^~~~~~~~~~~~[m[K
[0.975s] In file included from [01m[K/media/muayman17/New/Muhammad/BrightSkies Test/ROS2_BlocksRearrengments/src/CPPsub_BlocksRearrange/src/BFSAlgorithm.cpp:9[m[K:
[0.975s] [01m[K/media/muayman17/New/Muhammad/BrightSkies Test/ROS2_BlocksRearrengments/src/CPPsub_BlocksRearrange/src/../include/CPPsub_BlocksRearrange/BFSAlgorithm.h:26:6:[m[K [01;36m[Knote: [m[K‘[01m[KBFSAlgorithm::BFSAlgorithm(std::string)[m[K’ previously defined here
[0.975s]    26 |      [01;36m[KBFSAlgorithm[m[K(string pub_msg) {}
[0.975s]       |      [01;36m[K^~~~~~~~~~~~[m[K
[0.975s] [01m[K/media/muayman17/New/Muhammad/BrightSkies Test/ROS2_BlocksRearrengments/src/CPPsub_BlocksRearrange/src/BFSAlgorithm.cpp:55:16:[m[K [01;31m[Kerror: [m[Kredefinition of ‘[01m[Kstd::vector<std::__cxx11::basic_string<char> > BFSAlgorithm::StringToVector(std::string, char)[m[K’
[0.976s]    55 | vector<string> [01;31m[KBFSAlgorithm[m[K::StringToVector(string pub_msg, char delim)
[0.976s]       |                [01;31m[K^~~~~~~~~~~~[m[K
[0.977s] In file included from [01m[K/media/muayman17/New/Muhammad/BrightSkies Test/ROS2_BlocksRearrengments/src/CPPsub_BlocksRearrange/src/BFSAlgorithm.cpp:9[m[K:
[0.977s] [01m[K/media/muayman17/New/Muhammad/BrightSkies Test/ROS2_BlocksRearrengments/src/CPPsub_BlocksRearrange/src/../include/CPPsub_BlocksRearrange/BFSAlgorithm.h:29:21:[m[K [01;36m[Knote: [m[K‘[01m[Kstd::vector<std::__cxx11::basic_string<char> > BFSAlgorithm::StringToVector(std::string, char)[m[K’ previously defined here
[0.977s]    29 |      vector<string> [01;36m[KStringToVector[m[K(string pub_msg, char delim) {}
[0.977s]       |                     [01;36m[K^~~~~~~~~~~~~~[m[K
[0.977s] [01m[K/media/muayman17/New/Muhammad/BrightSkies Test/ROS2_BlocksRearrengments/src/CPPsub_BlocksRearrange/src/BFSAlgorithm.cpp:63:2:[m[K [01;35m[Kwarning: [m[Kextra ‘[01m[K;[m[K’ [[01;35m[K-Wpedantic[m[K]
[0.978s]    63 | }[01;35m[K;[m[K
[0.980s]       |  [01;35m[K^[m[K
[0.981s] [01m[K/media/muayman17/New/Muhammad/BrightSkies Test/ROS2_BlocksRearrengments/src/CPPsub_BlocksRearrange/src/BFSAlgorithm.cpp:66:8:[m[K [01;31m[Kerror: [m[Kredefinition of ‘[01m[Kstd::string BFSAlgorithm::VectorToString(const State&) const[m[K’
[0.982s]    66 | string [01;31m[KBFSAlgorithm[m[K::VectorToString(const State &state) const
[0.983s]       |        [01;31m[K^~~~~~~~~~~~[m[K
[0.983s] In file included from [01m[K/media/muayman17/New/Muhammad/BrightSkies Test/ROS2_BlocksRearrengments/src/CPPsub_BlocksRearrange/src/BFSAlgorithm.cpp:9[m[K:
[0.983s] [01m[K/media/muayman17/New/Muhammad/BrightSkies Test/ROS2_BlocksRearrengments/src/CPPsub_BlocksRearrange/src/../include/CPPsub_BlocksRearrange/BFSAlgorithm.h:32:13:[m[K [01;36m[Knote: [m[K‘[01m[Kstd::string BFSAlgorithm::VectorToString(const State&) const[m[K’ previously defined here
[0.983s]    32 |      string [01;36m[KVectorToString[m[K(const State &state) const {}
[0.984s]       |             [01;36m[K^~~~~~~~~~~~~~[m[K
[0.984s] [01m[K/media/muayman17/New/Muhammad/BrightSkies Test/ROS2_BlocksRearrengments/src/CPPsub_BlocksRearrange/src/BFSAlgorithm.cpp:76:2:[m[K [01;35m[Kwarning: [m[Kextra ‘[01m[K;[m[K’ [[01;35m[K-Wpedantic[m[K]
[0.984s]    76 | }[01;35m[K;[m[K
[0.985s]       |  [01;35m[K^[m[K
[0.985s] [01m[K/media/muayman17/New/Muhammad/BrightSkies Test/ROS2_BlocksRearrengments/src/CPPsub_BlocksRearrange/src/BFSAlgorithm.cpp:79:6:[m[K [01;31m[Kerror: [m[Kredefinition of ‘[01m[Kbool BFSAlgorithm::IsGoal(const State&) const[m[K’
[0.985s]    79 | bool [01;31m[KBFSAlgorithm[m[K::IsGoal(const State &current) const
[0.985s]       |      [01;31m[K^~~~~~~~~~~~[m[K
[0.986s] In file included from [01m[K/media/muayman17/New/Muhammad/BrightSkies Test/ROS2_BlocksRearrengments/src/CPPsub_BlocksRearrange/src/BFSAlgorithm.cpp:9[m[K:
[0.986s] [01m[K/media/muayman17/New/Muhammad/BrightSkies Test/ROS2_BlocksRearrengments/src/CPPsub_BlocksRearrange/src/../include/CPPsub_BlocksRearrange/BFSAlgorithm.h:35:11:[m[K [01;36m[Knote: [m[K‘[01m[Kbool BFSAlgorithm::IsGoal(const State&) const[m[K’ previously defined here
[0.986s]    35 |      bool [01;36m[KIsGoal[m[K(const State &current) const {}
[0.986s]       |           [01;36m[K^~~~~~[m[K
[0.987s] [01m[K/media/muayman17/New/Muhammad/BrightSkies Test/ROS2_BlocksRearrengments/src/CPPsub_BlocksRearrange/src/BFSAlgorithm.cpp:94:2:[m[K [01;35m[Kwarning: [m[Kextra ‘[01m[K;[m[K’ [[01;35m[K-Wpedantic[m[K]
[0.987s]    94 | }[01;35m[K;[m[K
[0.987s]       |  [01;35m[K^[m[K
[0.987s] [01m[K/media/muayman17/New/Muhammad/BrightSkies Test/ROS2_BlocksRearrengments/src/CPPsub_BlocksRearrange/src/BFSAlgorithm.cpp:97:20:[m[K [01;31m[Kerror: [m[Kredefinition of ‘[01m[Kstd::vector<StateSpace> BFSAlgorithm::getNextStates(const StateSpace&) const[m[K’
[0.988s]    97 | vector<StateSpace> [01;31m[KBFSAlgorithm[m[K::getNextStates(const StateSpace &current) const
[0.988s]       |                    [01;31m[K^~~~~~~~~~~~[m[K
[0.988s] In file included from [01m[K/media/muayman17/New/Muhammad/BrightSkies Test/ROS2_BlocksRearrengments/src/CPPsub_BlocksRearrange/src/BFSAlgorithm.cpp:9[m[K:
[0.989s] [01m[K/media/muayman17/New/Muhammad/BrightSkies Test/ROS2_BlocksRearrengments/src/CPPsub_BlocksRearrange/src/../include/CPPsub_BlocksRearrange/BFSAlgorithm.h:38:25:[m[K [01;36m[Knote: [m[K‘[01m[Kstd::vector<StateSpace> BFSAlgorithm::getNextStates(const StateSpace&) const[m[K’ previously defined here
[0.989s]    38 |      vector<StateSpace> [01;36m[KgetNextStates[m[K(const StateSpace &current) const {}
[0.989s]       |                         [01;36m[K^~~~~~~~~~~~~[m[K
[0.989s] [01m[K/media/muayman17/New/Muhammad/BrightSkies Test/ROS2_BlocksRearrengments/src/CPPsub_BlocksRearrange/src/BFSAlgorithm.cpp:152:2:[m[K [01;35m[Kwarning: [m[Kextra ‘[01m[K;[m[K’ [[01;35m[K-Wpedantic[m[K]
[0.990s]   152 | }[01;35m[K;[m[K
[0.990s]       |  [01;35m[K^[m[K
[0.990s] [01m[K/media/muayman17/New/Muhammad/BrightSkies Test/ROS2_BlocksRearrengments/src/CPPsub_BlocksRearrange/src/BFSAlgorithm.cpp:155:6:[m[K [01;31m[Kerror: [m[Kredefinition of ‘[01m[Kvoid BFSAlgorithm::countMatches(StateSpace&)[m[K’
[0.990s]   155 | void [01;31m[KBFSAlgorithm[m[K::countMatches(StateSpace &current)
[0.991s]       |      [01;31m[K^~~~~~~~~~~~[m[K
[0.991s] In file included from [01m[K/media/muayman17/New/Muhammad/BrightSkies Test/ROS2_BlocksRearrengments/src/CPPsub_BlocksRearrange/src/BFSAlgorithm.cpp:9[m[K:
[0.991s] [01m[K/media/muayman17/New/Muhammad/BrightSkies Test/ROS2_BlocksRearrengments/src/CPPsub_BlocksRearrange/src/../include/CPPsub_BlocksRearrange/BFSAlgorithm.h:41:11:[m[K [01;36m[Knote: [m[K‘[01m[Kvoid BFSAlgorithm::countMatches(StateSpace&)[m[K’ previously defined here
[0.991s]    41 |      void [01;36m[KcountMatches[m[K(StateSpace &current) {}
[0.991s]       |           [01;36m[K^~~~~~~~~~~~[m[K
[0.991s] [01m[K/media/muayman17/New/Muhammad/BrightSkies Test/ROS2_BlocksRearrengments/src/CPPsub_BlocksRearrange/src/BFSAlgorithm.cpp:185:2:[m[K [01;35m[Kwarning: [m[Kextra ‘[01m[K;[m[K’ [[01;35m[K-Wpedantic[m[K]
[0.992s]   185 | }[01;35m[K;[m[K
[0.992s]       |  [01;35m[K^[m[K
[0.992s] [01m[K/media/muayman17/New/Muhammad/BrightSkies Test/ROS2_BlocksRearrengments/src/CPPsub_BlocksRearrange/src/BFSAlgorithm.cpp:188:7:[m[K [01;31m[Kerror: [m[Kredefinition of ‘[01m[KMoves BFSAlgorithm::BFS_Algorithm()[m[K’
[0.993s]   188 | Moves [01;31m[KBFSAlgorithm[m[K::BFS_Algorithm()
[0.993s]       |       [01;31m[K^~~~~~~~~~~~[m[K
[0.993s] In file included from [01m[K/media/muayman17/New/Muhammad/BrightSkies Test/ROS2_BlocksRearrengments/src/CPPsub_BlocksRearrange/src/BFSAlgorithm.cpp:9[m[K:
[0.993s] [01m[K/media/muayman17/New/Muhammad/BrightSkies Test/ROS2_BlocksRearrengments/src/CPPsub_BlocksRearrange/src/../include/CPPsub_BlocksRearrange/BFSAlgorithm.h:44:12:[m[K [01;36m[Knote: [m[K‘[01m[KMoves BFSAlgorithm::BFS_Algorithm()[m[K’ previously defined here
[0.994s]    44 |      Moves [01;36m[KBFS_Algorithm[m[K() {}
[0.994s]       |            [01;36m[K^~~~~~~~~~~~~[m[K
[0.994s] [01m[K/media/muayman17/New/Muhammad/BrightSkies Test/ROS2_BlocksRearrengments/src/CPPsub_BlocksRearrange/src/BFSAlgorithm.cpp:222:2:[m[K [01;35m[Kwarning: [m[Kextra ‘[01m[K;[m[K’ [[01;35m[K-Wpedantic[m[K]
[0.994s]   222 | }[01;35m[K;[m[K
[0.995s]       |  [01;35m[K^[m[K
[0.995s] [01m[K/media/muayman17/New/Muhammad/BrightSkies Test/ROS2_BlocksRearrengments/src/CPPsub_BlocksRearrange/src/BFSAlgorithm.cpp:225:6:[m[K [01;31m[Kerror: [m[Kredefinition of ‘[01m[Kvoid BFSAlgorithm::compare()[m[K’
[0.995s]   225 | void [01;31m[KBFSAlgorithm[m[K::compare()
[0.995s]       |      [01;31m[K^~~~~~~~~~~~[m[K
[0.996s] In file included from [01m[K/media/muayman17/New/Muhammad/BrightSkies Test/ROS2_BlocksRearrengments/src/CPPsub_BlocksRearrange/src/BFSAlgorithm.cpp:9[m[K:
[0.996s] [01m[K/media/muayman17/New/Muhammad/BrightSkies Test/ROS2_BlocksRearrengments/src/CPPsub_BlocksRearrange/src/../include/CPPsub_BlocksRearrange/BFSAlgorithm.h:47:11:[m[K [01;36m[Knote: [m[K‘[01m[Kvoid BFSAlgorithm::compare()[m[K’ previously defined here
[0.996s]    47 |      void [01;36m[Kcompare[m[K() {}
[0.996s]       |           [01;36m[K^~~~~~~[m[K
[0.998s] make[2]: *** [CMakeFiles/lis.dir/build.make:76: CMakeFiles/lis.dir/src/BFSAlgorithm.cpp.o] Error 1
[0.998s] make[2]: *** Waiting for unfinished jobs....
[0.999s] make[2]: *** [CMakeFiles/lis.dir/build.make:102: CMakeFiles/lis.dir/src/StateSpace.cpp.o] Error 1
[1.901s] In file included from [01m[K/media/muayman17/New/Muhammad/BrightSkies Test/ROS2_BlocksRearrengments/src/CPPsub_BlocksRearrange/src/../include/CPPsub_BlocksRearrange/blockArrangementSub.h:4[m[K,
[1.902s]                  from [01m[K/media/muayman17/New/Muhammad/BrightSkies Test/ROS2_BlocksRearrengments/src/CPPsub_BlocksRearrange/src/blockArrangementSub.cpp:5[m[K:
[1.902s] [01m[K/media/muayman17/New/Muhammad/BrightSkies Test/ROS2_BlocksRearrengments/src/CPPsub_BlocksRearrange/src/../include/CPPsub_BlocksRearrange/StateSpace.h:[m[K In constructor ‘[01m[KStateSpace::StateSpace(State)[m[K’:
[1.902s] [01m[K/media/muayman17/New/Muhammad/BrightSkies Test/ROS2_BlocksRearrengments/src/CPPsub_BlocksRearrange/src/../include/CPPsub_BlocksRearrange/StateSpace.h:33:23:[m[K [01;35m[Kwarning: [m[Kunused parameter ‘[01m[Ks[m[K’ [[01;35m[K-Wunused-parameter[m[K]
[1.903s]    33 |      StateSpace([01;35m[KState s[m[K) {}
[1.903s]       |                 [01;35m[K~~~~~~^[m[K
[1.903s] [01m[K/media/muayman17/New/Muhammad/BrightSkies Test/ROS2_BlocksRearrengments/src/CPPsub_BlocksRearrange/src/../include/CPPsub_BlocksRearrange/StateSpace.h:[m[K In constructor ‘[01m[KStateSpace::StateSpace(State, Moves)[m[K’:
[1.903s] [01m[K/media/muayman17/New/Muhammad/BrightSkies Test/ROS2_BlocksRearrengments/src/CPPsub_BlocksRearrange/src/../include/CPPsub_BlocksRearrange/StateSpace.h:34:23:[m[K [01;35m[Kwarning: [m[Kunused parameter ‘[01m[Ks[m[K’ [[01;35m[K-Wunused-parameter[m[K]
[1.904s]    34 |      StateSpace([01;35m[KState s[m[K, Moves m) {}
[1.904s]       |                 [01;35m[K~~~~~~^[m[K
[1.904s] [01m[K/media/muayman17/New/Muhammad/BrightSkies Test/ROS2_BlocksRearrengments/src/CPPsub_BlocksRearrange/src/../include/CPPsub_BlocksRearrange/StateSpace.h:34:32:[m[K [01;35m[Kwarning: [m[Kunused parameter ‘[01m[Km[m[K’ [[01;35m[K-Wunused-parameter[m[K]
[1.904s]    34 |      StateSpace(State s, [01;35m[KMoves m[m[K) {}
[1.905s]       |                          [01;35m[K~~~~~~^[m[K
[1.905s] [01m[K/media/muayman17/New/Muhammad/BrightSkies Test/ROS2_BlocksRearrengments/src/CPPsub_BlocksRearrange/src/../include/CPPsub_BlocksRearrange/StateSpace.h:[m[K In constructor ‘[01m[KStateSpace::StateSpace(State, Moves, int)[m[K’:
[1.905s] [01m[K/media/muayman17/New/Muhammad/BrightSkies Test/ROS2_BlocksRearrengments/src/CPPsub_BlocksRearrange/src/../include/CPPsub_BlocksRearrange/StateSpace.h:35:23:[m[K [01;35m[Kwarning: [m[Kunused parameter ‘[01m[Ks[m[K’ [[01;35m[K-Wunused-parameter[m[K]
[1.905s]    35 |      StateSpace([01;35m[KState s[m[K, Moves m, int f) {}
[1.906s]       |                 [01;35m[K~~~~~~^[m[K
[1.906s] [01m[K/media/muayman17/New/Muhammad/BrightSkies Test/ROS2_BlocksRearrengments/src/CPPsub_BlocksRearrange/src/../include/CPPsub_BlocksRearrange/StateSpace.h:35:32:[m[K [01;35m[Kwarning: [m[Kunused parameter ‘[01m[Km[m[K’ [[01;35m[K-Wunused-parameter[m[K]
[1.906s]    35 |      StateSpace(State s, [01;35m[KMoves m[m[K, int f) {}
[1.907s]       |                          [01;35m[K~~~~~~^[m[K
[1.907s] [01m[K/media/muayman17/New/Muhammad/BrightSkies Test/ROS2_BlocksRearrengments/src/CPPsub_BlocksRearrange/src/../include/CPPsub_BlocksRearrange/StateSpace.h:35:39:[m[K [01;35m[Kwarning: [m[Kunused parameter ‘[01m[Kf[m[K’ [[01;35m[K-Wunused-parameter[m[K]
[1.907s]    35 |      StateSpace(State s, Moves m, [01;35m[Kint f[m[K) {}
[1.908s]       |                                   [01;35m[K~~~~^[m[K
[1.908s] [01m[K/media/muayman17/New/Muhammad/BrightSkies Test/ROS2_BlocksRearrengments/src/CPPsub_BlocksRearrange/src/../include/CPPsub_BlocksRearrange/StateSpace.h:[m[K In member function ‘[01m[Kvoid StateSpace::setState(State)[m[K’:
[1.908s] [01m[K/media/muayman17/New/Muhammad/BrightSkies Test/ROS2_BlocksRearrengments/src/CPPsub_BlocksRearrange/src/../include/CPPsub_BlocksRearrange/StateSpace.h:38:26:[m[K [01;35m[Kwarning: [m[Kunused parameter ‘[01m[Ks[m[K’ [[01;35m[K-Wunused-parameter[m[K]
[1.908s]    38 |      void setState([01;35m[KState s[m[K) {};
[1.908s]       |                    [01;35m[K~~~~~~^[m[K
[1.909s] [01m[K/media/muayman17/New/Muhammad/BrightSkies Test/ROS2_BlocksRearrengments/src/CPPsub_BlocksRearrange/src/../include/CPPsub_BlocksRearrange/StateSpace.h:[m[K In member function ‘[01m[Kvoid StateSpace::setMoves(Moves)[m[K’:
[1.909s] [01m[K/media/muayman17/New/Muhammad/BrightSkies Test/ROS2_BlocksRearrengments/src/CPPsub_BlocksRearrange/src/../include/CPPsub_BlocksRearrange/StateSpace.h:39:26:[m[K [01;35m[Kwarning: [m[Kunused parameter ‘[01m[Km[m[K’ [[01;35m[K-Wunused-parameter[m[K]
[1.909s]    39 |      void setMoves([01;35m[KMoves m[m[K) {};
[1.909s]       |                    [01;35m[K~~~~~~^[m[K
[1.910s] [01m[K/media/muayman17/New/Muhammad/BrightSkies Test/ROS2_BlocksRearrengments/src/CPPsub_BlocksRearrange/src/../include/CPPsub_BlocksRearrange/StateSpace.h:[m[K In member function ‘[01m[Kvoid StateSpace::setFixedCount(int)[m[K’:
[1.910s] [01m[K/media/muayman17/New/Muhammad/BrightSkies Test/ROS2_BlocksRearrengments/src/CPPsub_BlocksRearrange/src/../include/CPPsub_BlocksRearrange/StateSpace.h:40:29:[m[K [01;35m[Kwarning: [m[Kunused parameter ‘[01m[Kf[m[K’ [[01;35m[K-Wunused-parameter[m[K]
[1.910s]    40 |      void setFixedCount([01;35m[Kint f[m[K) {};
[1.911s]       |                         [01;35m[K~~~~^[m[K
[1.911s] [01m[K/media/muayman17/New/Muhammad/BrightSkies Test/ROS2_BlocksRearrengments/src/CPPsub_BlocksRearrange/src/../include/CPPsub_BlocksRearrange/StateSpace.h:[m[K In member function ‘[01m[KState StateSpace::getState() const[m[K’:
[1.912s] [01m[K/media/muayman17/New/Muhammad/BrightSkies Test/ROS2_BlocksRearrengments/src/CPPsub_BlocksRearrange/src/../include/CPPsub_BlocksRearrange/StateSpace.h:43:30:[m[K [01;35m[Kwarning: [m[Kno return statement in function returning non-void [[01;35m[K-Wreturn-type[m[K]
[1.912s]    43 |      State getState() const {[01;35m[K}[m[K;
[1.912s]       |                              [01;35m[K^[m[K
[1.913s] [01m[K/media/muayman17/New/Muhammad/BrightSkies Test/ROS2_BlocksRearrengments/src/CPPsub_BlocksRearrange/src/../include/CPPsub_BlocksRearrange/StateSpace.h:[m[K In member function ‘[01m[KMoves StateSpace::getMoves() const[m[K’:
[1.913s] [01m[K/media/muayman17/New/Muhammad/BrightSkies Test/ROS2_BlocksRearrengments/src/CPPsub_BlocksRearrange/src/../include/CPPsub_BlocksRearrange/StateSpace.h:44:30:[m[K [01;35m[Kwarning: [m[Kno return statement in function returning non-void [[01;35m[K-Wreturn-type[m[K]
[1.913s]    44 |      Moves getMoves() const {[01;35m[K}[m[K;
[1.913s]       |                              [01;35m[K^[m[K
[1.914s] [01m[K/media/muayman17/New/Muhammad/BrightSkies Test/ROS2_BlocksRearrengments/src/CPPsub_BlocksRearrange/src/../include/CPPsub_BlocksRearrange/StateSpace.h:[m[K In member function ‘[01m[Kint StateSpace::getFixedCount() const[m[K’:
[1.914s] [01m[K/media/muayman17/New/Muhammad/BrightSkies Test/ROS2_BlocksRearrengments/src/CPPsub_BlocksRearrange/src/../include/CPPsub_BlocksRearrange/StateSpace.h:45:33:[m[K [01;35m[Kwarning: [m[Kno return statement in function returning non-void [[01;35m[K-Wreturn-type[m[K]
[1.914s]    45 |      int getFixedCount() const {[01;35m[K}[m[K;
[1.914s]       |                                 [01;35m[K^[m[K
[1.915s] [01m[K/media/muayman17/New/Muhammad/BrightSkies Test/ROS2_BlocksRearrengments/src/CPPsub_BlocksRearrange/src/../include/CPPsub_BlocksRearrange/StateSpace.h:[m[K In member function ‘[01m[Kbool StateSpace::operator<(const StateSpace&) const[m[K’:
[1.915s] [01m[K/media/muayman17/New/Muhammad/BrightSkies Test/ROS2_BlocksRearrengments/src/CPPsub_BlocksRearrange/src/../include/CPPsub_BlocksRearrange/StateSpace.h:48:53:[m[K [01;35m[Kwarning: [m[Kno return statement in function returning non-void [[01;35m[K-Wreturn-type[m[K]
[1.915s]    48 |      bool operator<(const StateSpace &other) const {[01;35m[K}[m[K;
[1.915s]       |                                                     [01;35m[K^[m[K
[1.916s] [01m[K/media/muayman17/New/Muhammad/BrightSkies Test/ROS2_BlocksRearrengments/src/CPPsub_BlocksRearrange/src/../include/CPPsub_BlocksRearrange/StateSpace.h:48:39:[m[K [01;35m[Kwarning: [m[Kunused parameter ‘[01m[Kother[m[K’ [[01;35m[K-Wunused-parameter[m[K]
[1.916s]    48 |      bool operator<([01;35m[Kconst StateSpace &other[m[K) const {};
[1.916s]       |                     [01;35m[K~~~~~~~~~~~~~~~~~~^~~~~[m[K
[1.916s] In file included from [01m[K/media/muayman17/New/Muhammad/BrightSkies Test/ROS2_BlocksRearrengments/src/CPPsub_BlocksRearrange/src/../include/CPPsub_BlocksRearrange/blockArrangementSub.h:5[m[K,
[1.916s]                  from [01m[K/media/muayman17/New/Muhammad/BrightSkies Test/ROS2_BlocksRearrengments/src/CPPsub_BlocksRearrange/src/blockArrangementSub.cpp:5[m[K:
[1.917s] [01m[K/media/muayman17/New/Muhammad/BrightSkies Test/ROS2_BlocksRearrengments/src/CPPsub_BlocksRearrange/src/../include/CPPsub_BlocksRearrange/BFSAlgorithm.h:[m[K In constructor ‘[01m[KBFSAlgorithm::BFSAlgorithm(std::string)[m[K’:
[1.917s] [01m[K/media/muayman17/New/Muhammad/BrightSkies Test/ROS2_BlocksRearrengments/src/CPPsub_BlocksRearrange/src/../include/CPPsub_BlocksRearrange/BFSAlgorithm.h:26:26:[m[K [01;35m[Kwarning: [m[Kunused parameter ‘[01m[Kpub_msg[m[K’ [[01;35m[K-Wunused-parameter[m[K]
[1.917s]    26 |      BFSAlgorithm([01;35m[Kstring pub_msg[m[K) {}
[1.917s]       |                   [01;35m[K~~~~~~~^~~~~~~[m[K
[1.917s] In file included from [01m[K/media/muayman17/New/Muhammad/BrightSkies Test/ROS2_BlocksRearrengments/src/CPPsub_BlocksRearrange/src/../include/CPPsub_BlocksRearrange/blockArrangementSub.h:5[m[K,
[1.918s]                  from [01m[K/media/muayman17/New/Muhammad/BrightSkies Test/ROS2_BlocksRearrengments/src/CPPsub_BlocksRearrange/src/blockArrangementSub.cpp:5[m[K:
[1.918s] [01m[K/media/muayman17/New/Muhammad/BrightSkies Test/ROS2_BlocksRearrengments/src/CPPsub_BlocksRearrange/src/../include/CPPsub_BlocksRearrange/BFSAlgorithm.h:[m[K In member function ‘[01m[Kstd::vector<std::__cxx11::basic_string<char> > BFSAlgorithm::StringToVector(std::string, char)[m[K’:
[1.918s] [01m[K/media/muayman17/New/Muhammad/BrightSkies Test/ROS2_BlocksRearrengments/src/CPPsub_BlocksRearrange/src/../include/CPPsub_BlocksRearrange/BFSAlgorithm.h:29:65:[m[K [01;35m[Kwarning: [m[Kno return statement in function returning non-void [[01;35m[K-Wreturn-type[m[K]
[1.918s]    29 |      vector<string> StringToVector(string pub_msg, char delim) {[01;35m[K}[m[K
[1.919s]       |                                                                 [01;35m[K^[m[K
[1.919s] [01m[K/media/muayman17/New/Muhammad/BrightSkies Test/ROS2_BlocksRearrengments/src/CPPsub_BlocksRearrange/src/../include/CPPsub_BlocksRearrange/BFSAlgorithm.h:29:43:[m[K [01;35m[Kwarning: [m[Kunused parameter ‘[01m[Kpub_msg[m[K’ [[01;35m[K-Wunused-parameter[m[K]
[1.919s]    29 |      vector<string> StringToVector([01;35m[Kstring pub_msg[m[K, char delim) {}
[1.919s]       |                                    [01;35m[K~~~~~~~^~~~~~~[m[K
[1.920s] [01m[K/media/muayman17/New/Muhammad/BrightSkies Test/ROS2_BlocksRearrengments/src/CPPsub_BlocksRearrange/src/../include/CPPsub_BlocksRearrange/BFSAlgorithm.h:29:57:[m[K [01;35m[Kwarning: [m[Kunused parameter ‘[01m[Kdelim[m[K’ [[01;35m[K-Wunused-parameter[m[K]
[1.920s]    29 |      vector<string> StringToVector(string pub_msg, [01;35m[Kchar delim[m[K) {}
[1.920s]       |                                                    [01;35m[K~~~~~^~~~~[m[K
[1.920s] [01m[K/media/muayman17/New/Muhammad/BrightSkies Test/ROS2_BlocksRearrengments/src/CPPsub_BlocksRearrange/src/../include/CPPsub_BlocksRearrange/BFSAlgorithm.h:[m[K In member function ‘[01m[Kstd::string BFSAlgorithm::VectorToString(const State&) const[m[K’:
[1.921s] [01m[K/media/muayman17/New/Muhammad/BrightSkies Test/ROS2_BlocksRearrengments/src/CPPsub_BlocksRearrange/src/../include/CPPsub_BlocksRearrange/BFSAlgorithm.h:32:55:[m[K [01;35m[Kwarning: [m[Kno return statement in function returning non-void [[01;35m[K-Wreturn-type[m[K]
[1.921s]    32 |      string VectorToString(const State &state) const {[01;35m[K}[m[K
[1.921s]       |                                                       [01;35m[K^[m[K
[1.921s] [01m[K/media/muayman17/New/Muhammad/BrightSkies Test/ROS2_BlocksRearrengments/src/CPPsub_BlocksRearrange/src/../include/CPPsub_BlocksRearrange/BFSAlgorithm.h:32:41:[m[K [01;35m[Kwarning: [m[Kunused parameter ‘[01m[Kstate[m[K’ [[01;35m[K-Wunused-parameter[m[K]
[1.922s]    32 |      string VectorToString([01;35m[Kconst State &state[m[K) const {}
[1.922s]       |                            [01;35m[K~~~~~~~~~~~~~^~~~~[m[K
[1.922s] [01m[K/media/muayman17/New/Muhammad/BrightSkies Test/ROS2_BlocksRearrengments/src/CPPsub_BlocksRearrange/src/../include/CPPsub_BlocksRearrange/BFSAlgorithm.h:[m[K In member function ‘[01m[Kbool BFSAlgorithm::IsGoal(const State&) const[m[K’:
[1.922s] [01m[K/media/muayman17/New/Muhammad/BrightSkies Test/ROS2_BlocksRearrengments/src/CPPsub_BlocksRearrange/src/../include/CPPsub_BlocksRearrange/BFSAlgorithm.h:35:47:[m[K [01;35m[Kwarning: [m[Kno return statement in function returning non-void [[01;35m[K-Wreturn-type[m[K]
[1.923s]    35 |      bool IsGoal(const State &current) const {[01;35m[K}[m[K
[1.923s]       |                                               [01;35m[K^[m[K
[1.923s] [01m[K/media/muayman17/New/Muhammad/BrightSkies Test/ROS2_BlocksRearrengments/src/CPPsub_BlocksRearrange/src/../include/CPPsub_BlocksRearrange/BFSAlgorithm.h:35:31:[m[K [01;35m[Kwarning: [m[Kunused parameter ‘[01m[Kcurrent[m[K’ [[01;35m[K-Wunused-parameter[m[K]
[1.924s]    35 |      bool IsGoal([01;35m[Kconst State &current[m[K) const {}
[1.924s]       |                  [01;35m[K~~~~~~~~~~~~~^~~~~~~[m[K
[1.924s] [01m[K/media/muayman17/New/Muhammad/BrightSkies Test/ROS2_BlocksRearrengments/src/CPPsub_BlocksRearrange/src/../include/CPPsub_BlocksRearrange/BFSAlgorithm.h:[m[K In member function ‘[01m[Kstd::vector<StateSpace> BFSAlgorithm::getNextStates(const StateSpace&) const[m[K’:
[1.924s] [01m[K/media/muayman17/New/Muhammad/BrightSkies Test/ROS2_BlocksRearrengments/src/CPPsub_BlocksRearrange/src/../include/CPPsub_BlocksRearrange/BFSAlgorithm.h:38:73:[m[K [01;35m[Kwarning: [m[Kno return statement in function returning non-void [[01;35m[K-Wreturn-type[m[K]
[1.925s]    38 |      vector<StateSpace> getNextStates(const StateSpace &current) const {[01;35m[K}[m[K
[1.925s]       |                                                                         [01;35m[K^[m[K
[1.925s] [01m[K/media/muayman17/New/Muhammad/BrightSkies Test/ROS2_BlocksRearrengments/src/CPPsub_BlocksRearrange/src/../include/CPPsub_BlocksRearrange/BFSAlgorithm.h:38:57:[m[K [01;35m[Kwarning: [m[Kunused parameter ‘[01m[Kcurrent[m[K’ [[01;35m[K-Wunused-parameter[m[K]
[1.926s]    38 |      vector<StateSpace> getNextStates([01;35m[Kconst StateSpace &current[m[K) const {}
[1.926s]       |                                       [01;35m[K~~~~~~~~~~~~~~~~~~^~~~~~~[m[K
[1.926s] [01m[K/media/muayman17/New/Muhammad/BrightSkies Test/ROS2_BlocksRearrengments/src/CPPsub_BlocksRearrange/src/../include/CPPsub_BlocksRearrange/BFSAlgorithm.h:[m[K In member function ‘[01m[Kvoid BFSAlgorithm::countMatches(StateSpace&)[m[K’:
[1.926s] [01m[K/media/muayman17/New/Muhammad/BrightSkies Test/ROS2_BlocksRearrengments/src/CPPsub_BlocksRearrange/src/../include/CPPsub_BlocksRearrange/BFSAlgorithm.h:41:36:[m[K [01;35m[Kwarning: [m[Kunused parameter ‘[01m[Kcurrent[m[K’ [[01;35m[K-Wunused-parameter[m[K]
[1.927s]    41 |      void countMatches([01;35m[KStateSpace &current[m[K) {}
[1.927s]       |                        [01;35m[K~~~~~~~~~~~~^~~~~~~[m[K
[1.927s] [01m[K/media/muayman17/New/Muhammad/BrightSkies Test/ROS2_BlocksRearrengments/src/CPPsub_BlocksRearrange/src/../include/CPPsub_BlocksRearrange/BFSAlgorithm.h:[m[K In member function ‘[01m[KMoves BFSAlgorithm::BFS_Algorithm()[m[K’:
[1.927s] [01m[K/media/muayman17/New/Muhammad/BrightSkies Test/ROS2_BlocksRearrengments/src/CPPsub_BlocksRearrange/src/../include/CPPsub_BlocksRearrange/BFSAlgorithm.h:44:29:[m[K [01;35m[Kwarning: [m[Kno return statement in function returning non-void [[01;35m[K-Wreturn-type[m[K]
[1.928s]    44 |      Moves BFS_Algorithm() {[01;35m[K}[m[K
[1.928s]       |                             [01;35m[K^[m[K
[1.938s] In file included from [01m[K/media/muayman17/New/Muhammad/BrightSkies Test/ROS2_BlocksRearrengments/src/CPPsub_BlocksRearrange/src/blockArrangementSub.cpp:5[m[K:
[1.939s] [01m[K/media/muayman17/New/Muhammad/BrightSkies Test/ROS2_BlocksRearrengments/src/CPPsub_BlocksRearrange/src/../include/CPPsub_BlocksRearrange/blockArrangementSub.h:[m[K In member function ‘[01m[Kvoid blockArrangementSub::topic_callback(std_msgs::msg::String_<std::allocator<void> >::SharedPtr) const[m[K’:
[1.939s] [01m[K/media/muayman17/New/Muhammad/BrightSkies Test/ROS2_BlocksRearrengments/src/CPPsub_BlocksRearrange/src/../include/CPPsub_BlocksRearrange/blockArrangementSub.h:19:62:[m[K [01;35m[Kwarning: [m[Kunused parameter ‘[01m[Kmsg[m[K’ [[01;35m[K-Wunused-parameter[m[K]
[1.939s]    19 |   void topic_callback([01;35m[Kconst std_msgs::msg::String::SharedPtr msg[m[K) const {}
[1.939s]       |                       [01;35m[K~~~~~~~~~~~~~~~~~~~~~~~~~~~~~~~~~~~~~~~^~~[m[K
[1.939s] [01m[K/media/muayman17/New/Muhammad/BrightSkies Test/ROS2_BlocksRearrengments/src/CPPsub_BlocksRearrange/src/blockArrangementSub.cpp:[m[K At global scope:
[1.940s] [01m[K/media/muayman17/New/Muhammad/BrightSkies Test/ROS2_BlocksRearrengments/src/CPPsub_BlocksRearrange/src/blockArrangementSub.cpp:13:6:[m[K [01;31m[Kerror: [m[Kredefinition of ‘[01m[Kvoid blockArrangementSub::topic_callback(std_msgs::msg::String_<std::allocator<void> >::SharedPtr) const[m[K’
[1.940s]    13 | void [01;31m[KblockArrangementSub[m[K::topic_callback(const std_msgs::msg::String::SharedPtr msg) const
[1.940s]       |      [01;31m[K^~~~~~~~~~~~~~~~~~~[m[K
[1.940s] In file included from [01m[K/media/muayman17/New/Muhammad/BrightSkies Test/ROS2_BlocksRearrengments/src/CPPsub_BlocksRearrange/src/blockArrangementSub.cpp:5[m[K:
[1.941s] [01m[K/media/muayman17/New/Muhammad/BrightSkies Test/ROS2_BlocksRearrengments/src/CPPsub_BlocksRearrange/src/../include/CPPsub_BlocksRearrange/blockArrangementSub.h:19:8:[m[K [01;36m[Knote: [m[K‘[01m[Kvoid blockArrangementSub::topic_callback(std_msgs::msg::String_<std::allocator<void> >::SharedPtr) const[m[K’ previously defined here
[1.941s]    19 |   void [01;36m[Ktopic_callback[m[K(const std_msgs::msg::String::SharedPtr msg) const {}
[1.941s]       |        [01;36m[K^~~~~~~~~~~~~~[m[K
[2.001s] In file included from [01m[K/media/muayman17/New/Muhammad/BrightSkies Test/ROS2_BlocksRearrengments/src/CPPsub_BlocksRearrange/src/../include/CPPsub_BlocksRearrange/blockArrangementSub.h:4[m[K,
[2.001s]                  from [01m[K/media/muayman17/New/Muhammad/BrightSkies Test/ROS2_BlocksRearrengments/src/CPPsub_BlocksRearrange/src/CPPsub_BlocksRearrange.cpp:2[m[K:
[2.002s] [01m[K/media/muayman17/New/Muhammad/BrightSkies Test/ROS2_BlocksRearrengments/src/CPPsub_BlocksRearrange/src/../include/CPPsub_BlocksRearrange/StateSpace.h:[m[K In constructor ‘[01m[KStateSpace::StateSpace(State)[m[K’:
[2.002s] [01m[K/media/muayman17/New/Muhammad/BrightSkies Test/ROS2_BlocksRearrengments/src/CPPsub_BlocksRearrange/src/../include/CPPsub_BlocksRearrange/StateSpace.h:33:23:[m[K [01;35m[Kwarning: [m[Kunused parameter ‘[01m[Ks[m[K’ [[01;35m[K-Wunused-parameter[m[K]
[2.002s]    33 |      StateSpace([01;35m[KState s[m[K) {}
[2.003s]       |                 [01;35m[K~~~~~~^[m[K
[2.003s] [01m[K/media/muayman17/New/Muhammad/BrightSkies Test/ROS2_BlocksRearrengments/src/CPPsub_BlocksRearrange/src/../include/CPPsub_BlocksRearrange/StateSpace.h:[m[K In constructor ‘[01m[KStateSpace::StateSpace(State, Moves)[m[K’:
[2.003s] [01m[K/media/muayman17/New/Muhammad/BrightSkies Test/ROS2_BlocksRearrengments/src/CPPsub_BlocksRearrange/src/../include/CPPsub_BlocksRearrange/StateSpace.h:34:23:[m[K [01;35m[Kwarning: [m[Kunused parameter ‘[01m[Ks[m[K’ [[01;35m[K-Wunused-parameter[m[K]
[2.003s]    34 |      StateSpace([01;35m[KState s[m[K, Moves m) {}
[2.004s]       |                 [01;35m[K~~~~~~^[m[K
[2.004s] [01m[K/media/muayman17/New/Muhammad/BrightSkies Test/ROS2_BlocksRearrengments/src/CPPsub_BlocksRearrange/src/../include/CPPsub_BlocksRearrange/StateSpace.h:34:32:[m[K [01;35m[Kwarning: [m[Kunused parameter ‘[01m[Km[m[K’ [[01;35m[K-Wunused-parameter[m[K]
[2.004s]    34 |      StateSpace(State s, [01;35m[KMoves m[m[K) {}
[2.005s]       |                          [01;35m[K~~~~~~^[m[K
[2.005s] [01m[K/media/muayman17/New/Muhammad/BrightSkies Test/ROS2_BlocksRearrengments/src/CPPsub_BlocksRearrange/src/../include/CPPsub_BlocksRearrange/StateSpace.h:[m[K In constructor ‘[01m[KStateSpace::StateSpace(State, Moves, int)[m[K’:
[2.005s] [01m[K/media/muayman17/New/Muhammad/BrightSkies Test/ROS2_BlocksRearrengments/src/CPPsub_BlocksRearrange/src/../include/CPPsub_BlocksRearrange/StateSpace.h:35:23:[m[K [01;35m[Kwarning: [m[Kunused parameter ‘[01m[Ks[m[K’ [[01;35m[K-Wunused-parameter[m[K]
[2.005s]    35 |      StateSpace([01;35m[KState s[m[K, Moves m, int f) {}
[2.005s]       |                 [01;35m[K~~~~~~^[m[K
[2.006s] [01m[K/media/muayman17/New/Muhammad/BrightSkies Test/ROS2_BlocksRearrengments/src/CPPsub_BlocksRearrange/src/../include/CPPsub_BlocksRearrange/StateSpace.h:35:32:[m[K [01;35m[Kwarning: [m[Kunused parameter ‘[01m[Km[m[K’ [[01;35m[K-Wunused-parameter[m[K]
[2.006s]    35 |      StateSpace(State s, [01;35m[KMoves m[m[K, int f) {}
[2.006s]       |                          [01;35m[K~~~~~~^[m[K
[2.006s] [01m[K/media/muayman17/New/Muhammad/BrightSkies Test/ROS2_BlocksRearrengments/src/CPPsub_BlocksRearrange/src/../include/CPPsub_BlocksRearrange/StateSpace.h:35:39:[m[K [01;35m[Kwarning: [m[Kunused parameter ‘[01m[Kf[m[K’ [[01;35m[K-Wunused-parameter[m[K]
[2.007s]    35 |      StateSpace(State s, Moves m, [01;35m[Kint f[m[K) {}
[2.007s]       |                                   [01;35m[K~~~~^[m[K
[2.007s] [01m[K/media/muayman17/New/Muhammad/BrightSkies Test/ROS2_BlocksRearrengments/src/CPPsub_BlocksRearrange/src/../include/CPPsub_BlocksRearrange/StateSpace.h:[m[K In member function ‘[01m[Kvoid StateSpace::setState(State)[m[K’:
[2.007s] [01m[K/media/muayman17/New/Muhammad/BrightSkies Test/ROS2_BlocksRearrengments/src/CPPsub_BlocksRearrange/src/../include/CPPsub_BlocksRearrange/StateSpace.h:38:26:[m[K [01;35m[Kwarning: [m[Kunused parameter ‘[01m[Ks[m[K’ [[01;35m[K-Wunused-parameter[m[K]
[2.008s]    38 |      void setState([01;35m[KState s[m[K) {};
[2.008s]       |                    [01;35m[K~~~~~~^[m[K
[2.008s] [01m[K/media/muayman17/New/Muhammad/BrightSkies Test/ROS2_BlocksRearrengments/src/CPPsub_BlocksRearrange/src/../include/CPPsub_BlocksRearrange/StateSpace.h:[m[K In member function ‘[01m[Kvoid StateSpace::setMoves(Moves)[m[K’:
[2.008s] [01m[K/media/muayman17/New/Muhammad/BrightSkies Test/ROS2_BlocksRearrengments/src/CPPsub_BlocksRearrange/src/../include/CPPsub_BlocksRearrange/StateSpace.h:39:26:[m[K [01;35m[Kwarning: [m[Kunused parameter ‘[01m[Km[m[K’ [[01;35m[K-Wunused-parameter[m[K]
[2.008s]    39 |      void setMoves([01;35m[KMoves m[m[K) {};
[2.008s]       |                    [01;35m[K~~~~~~^[m[K
[2.009s] [01m[K/media/muayman17/New/Muhammad/BrightSkies Test/ROS2_BlocksRearrengments/src/CPPsub_BlocksRearrange/src/../include/CPPsub_BlocksRearrange/StateSpace.h:[m[K In member function ‘[01m[Kvoid StateSpace::setFixedCount(int)[m[K’:
[2.009s] [01m[K/media/muayman17/New/Muhammad/BrightSkies Test/ROS2_BlocksRearrengments/src/CPPsub_BlocksRearrange/src/../include/CPPsub_BlocksRearrange/StateSpace.h:40:29:[m[K [01;35m[Kwarning: [m[Kunused parameter ‘[01m[Kf[m[K’ [[01;35m[K-Wunused-parameter[m[K]
[2.009s]    40 |      void setFixedCount([01;35m[Kint f[m[K) {};
[2.009s]       |                         [01;35m[K~~~~^[m[K
[2.009s] [01m[K/media/muayman17/New/Muhammad/BrightSkies Test/ROS2_BlocksRearrengments/src/CPPsub_BlocksRearrange/src/../include/CPPsub_BlocksRearrange/StateSpace.h:[m[K In member function ‘[01m[KState StateSpace::getState() const[m[K’:
[2.009s] [01m[K/media/muayman17/New/Muhammad/BrightSkies Test/ROS2_BlocksRearrengments/src/CPPsub_BlocksRearrange/src/../include/CPPsub_BlocksRearrange/StateSpace.h:43:30:[m[K [01;35m[Kwarning: [m[Kno return statement in function returning non-void [[01;35m[K-Wreturn-type[m[K]
[2.010s]    43 |      State getState() const {[01;35m[K}[m[K;
[2.010s]       |                              [01;35m[K^[m[K
[2.010s] [01m[K/media/muayman17/New/Muhammad/BrightSkies Test/ROS2_BlocksRearrengments/src/CPPsub_BlocksRearrange/src/../include/CPPsub_BlocksRearrange/StateSpace.h:[m[K In member function ‘[01m[KMoves StateSpace::getMoves() const[m[K’:
[2.010s] [01m[K/media/muayman17/New/Muhammad/BrightSkies Test/ROS2_BlocksRearrengments/src/CPPsub_BlocksRearrange/src/../include/CPPsub_BlocksRearrange/StateSpace.h:44:30:[m[K [01;35m[Kwarning: [m[Kno return statement in function returning non-void [[01;35m[K-Wreturn-type[m[K]
[2.010s]    44 |      Moves getMoves() const {[01;35m[K}[m[K;
[2.011s]       |                              [01;35m[K^[m[K
[2.011s] [01m[K/media/muayman17/New/Muhammad/BrightSkies Test/ROS2_BlocksRearrengments/src/CPPsub_BlocksRearrange/src/../include/CPPsub_BlocksRearrange/StateSpace.h:[m[K In member function ‘[01m[Kint StateSpace::getFixedCount() const[m[K’:
[2.011s] [01m[K/media/muayman17/New/Muhammad/BrightSkies Test/ROS2_BlocksRearrengments/src/CPPsub_BlocksRearrange/src/../include/CPPsub_BlocksRearrange/StateSpace.h:45:33:[m[K [01;35m[Kwarning: [m[Kno return statement in function returning non-void [[01;35m[K-Wreturn-type[m[K]
[2.012s]    45 |      int getFixedCount() const {[01;35m[K}[m[K;
[2.012s]       |                                 [01;35m[K^[m[K
[2.012s] [01m[K/media/muayman17/New/Muhammad/BrightSkies Test/ROS2_BlocksRearrengments/src/CPPsub_BlocksRearrange/src/../include/CPPsub_BlocksRearrange/StateSpace.h:[m[K In member function ‘[01m[Kbool StateSpace::operator<(const StateSpace&) const[m[K’:
[2.012s] [01m[K/media/muayman17/New/Muhammad/BrightSkies Test/ROS2_BlocksRearrengments/src/CPPsub_BlocksRearrange/src/../include/CPPsub_BlocksRearrange/StateSpace.h:48:53:[m[K [01;35m[Kwarning: [m[Kno return statement in function returning non-void [[01;35m[K-Wreturn-type[m[K]
[2.013s]    48 |      bool operator<(const StateSpace &other) const {[01;35m[K}[m[K;
[2.013s]       |                                                     [01;35m[K^[m[K
[2.013s] [01m[K/media/muayman17/New/Muhammad/BrightSkies Test/ROS2_BlocksRearrengments/src/CPPsub_BlocksRearrange/src/../include/CPPsub_BlocksRearrange/StateSpace.h:48:39:[m[K [01;35m[Kwarning: [m[Kunused parameter ‘[01m[Kother[m[K’ [[01;35m[K-Wunused-parameter[m[K]
[2.014s]    48 |      bool operator<([01;35m[Kconst StateSpace &other[m[K) const {};
[2.014s]       |                     [01;35m[K~~~~~~~~~~~~~~~~~~^~~~~[m[K
[2.014s] In file included from [01m[K/media/muayman17/New/Muhammad/BrightSkies Test/ROS2_BlocksRearrengments/src/CPPsub_BlocksRearrange/src/../include/CPPsub_BlocksRearrange/blockArrangementSub.h:5[m[K,
[2.014s]                  from [01m[K/media/muayman17/New/Muhammad/BrightSkies Test/ROS2_BlocksRearrengments/src/CPPsub_BlocksRearrange/src/CPPsub_BlocksRearrange.cpp:2[m[K:
[2.014s] [01m[K/media/muayman17/New/Muhammad/BrightSkies Test/ROS2_BlocksRearrengments/src/CPPsub_BlocksRearrange/src/../include/CPPsub_BlocksRearrange/BFSAlgorithm.h:[m[K In constructor ‘[01m[KBFSAlgorithm::BFSAlgorithm(std::string)[m[K’:
[2.015s] [01m[K/media/muayman17/New/Muhammad/BrightSkies Test/ROS2_BlocksRearrengments/src/CPPsub_BlocksRearrange/src/../include/CPPsub_BlocksRearrange/BFSAlgorithm.h:26:26:[m[K [01;35m[Kwarning: [m[Kunused parameter ‘[01m[Kpub_msg[m[K’ [[01;35m[K-Wunused-parameter[m[K]
[2.015s]    26 |      BFSAlgorithm([01;35m[Kstring pub_msg[m[K) {}
[2.015s]       |                   [01;35m[K~~~~~~~^~~~~~~[m[K
[2.015s] In file included from [01m[K/media/muayman17/New/Muhammad/BrightSkies Test/ROS2_BlocksRearrengments/src/CPPsub_BlocksRearrange/src/../include/CPPsub_BlocksRearrange/blockArrangementSub.h:5[m[K,
[2.016s]                  from [01m[K/media/muayman17/New/Muhammad/BrightSkies Test/ROS2_BlocksRearrengments/src/CPPsub_BlocksRearrange/src/CPPsub_BlocksRearrange.cpp:2[m[K:
[2.016s] [01m[K/media/muayman17/New/Muhammad/BrightSkies Test/ROS2_BlocksRearrengments/src/CPPsub_BlocksRearrange/src/../include/CPPsub_BlocksRearrange/BFSAlgorithm.h:[m[K In member function ‘[01m[Kstd::vector<std::__cxx11::basic_string<char> > BFSAlgorithm::StringToVector(std::string, char)[m[K’:
[2.016s] [01m[K/media/muayman17/New/Muhammad/BrightSkies Test/ROS2_BlocksRearrengments/src/CPPsub_BlocksRearrange/src/../include/CPPsub_BlocksRearrange/BFSAlgorithm.h:29:65:[m[K [01;35m[Kwarning: [m[Kno return statement in function returning non-void [[01;35m[K-Wreturn-type[m[K]
[2.016s]    29 |      vector<string> StringToVector(string pub_msg, char delim) {[01;35m[K}[m[K
[2.017s]       |                                                                 [01;35m[K^[m[K
[2.017s] [01m[K/media/muayman17/New/Muhammad/BrightSkies Test/ROS2_BlocksRearrengments/src/CPPsub_BlocksRearrange/src/../include/CPPsub_BlocksRearrange/BFSAlgorithm.h:29:43:[m[K [01;35m[Kwarning: [m[Kunused parameter ‘[01m[Kpub_msg[m[K’ [[01;35m[K-Wunused-parameter[m[K]
[2.017s]    29 |      vector<string> StringToVector([01;35m[Kstring pub_msg[m[K, char delim) {}
[2.017s]       |                                    [01;35m[K~~~~~~~^~~~~~~[m[K
[2.018s] [01m[K/media/muayman17/New/Muhammad/BrightSkies Test/ROS2_BlocksRearrengments/src/CPPsub_BlocksRearrange/src/../include/CPPsub_BlocksRearrange/BFSAlgorithm.h:29:57:[m[K [01;35m[Kwarning: [m[Kunused parameter ‘[01m[Kdelim[m[K’ [[01;35m[K-Wunused-parameter[m[K]
[2.018s]    29 |      vector<string> StringToVector(string pub_msg, [01;35m[Kchar delim[m[K) {}
[2.018s]       |                                                    [01;35m[K~~~~~^~~~~[m[K
[2.018s] [01m[K/media/muayman17/New/Muhammad/BrightSkies Test/ROS2_BlocksRearrengments/src/CPPsub_BlocksRearrange/src/../include/CPPsub_BlocksRearrange/BFSAlgorithm.h:[m[K In member function ‘[01m[Kstd::string BFSAlgorithm::VectorToString(const State&) const[m[K’:
[2.019s] [01m[K/media/muayman17/New/Muhammad/BrightSkies Test/ROS2_BlocksRearrengments/src/CPPsub_BlocksRearrange/src/../include/CPPsub_BlocksRearrange/BFSAlgorithm.h:32:55:[m[K [01;35m[Kwarning: [m[Kno return statement in function returning non-void [[01;35m[K-Wreturn-type[m[K]
[2.019s]    32 |      string VectorToString(const State &state) const {[01;35m[K}[m[K
[2.019s]       |                                                       [01;35m[K^[m[K
[2.019s] [01m[K/media/muayman17/New/Muhammad/BrightSkies Test/ROS2_BlocksRearrengments/src/CPPsub_BlocksRearrange/src/../include/CPPsub_BlocksRearrange/BFSAlgorithm.h:32:41:[m[K [01;35m[Kwarning: [m[Kunused parameter ‘[01m[Kstate[m[K’ [[01;35m[K-Wunused-parameter[m[K]
[2.020s]    32 |      string VectorToString([01;35m[Kconst State &state[m[K) const {}
[2.020s]       |                            [01;35m[K~~~~~~~~~~~~~^~~~~[m[K
[2.020s] [01m[K/media/muayman17/New/Muhammad/BrightSkies Test/ROS2_BlocksRearrengments/src/CPPsub_BlocksRearrange/src/../include/CPPsub_BlocksRearrange/BFSAlgorithm.h:[m[K In member function ‘[01m[Kbool BFSAlgorithm::IsGoal(const State&) const[m[K’:
[2.020s] [01m[K/media/muayman17/New/Muhammad/BrightSkies Test/ROS2_BlocksRearrengments/src/CPPsub_BlocksRearrange/src/../include/CPPsub_BlocksRearrange/BFSAlgorithm.h:35:47:[m[K [01;35m[Kwarning: [m[Kno return statement in function returning non-void [[01;35m[K-Wreturn-type[m[K]
[2.020s]    35 |      bool IsGoal(const State &current) const {[01;35m[K}[m[K
[2.021s]       |                                               [01;35m[K^[m[K
[2.021s] [01m[K/media/muayman17/New/Muhammad/BrightSkies Test/ROS2_BlocksRearrengments/src/CPPsub_BlocksRearrange/src/../include/CPPsub_BlocksRearrange/BFSAlgorithm.h:35:31:[m[K [01;35m[Kwarning: [m[Kunused parameter ‘[01m[Kcurrent[m[K’ [[01;35m[K-Wunused-parameter[m[K]
[2.021s]    35 |      bool IsGoal([01;35m[Kconst State &current[m[K) const {}
[2.021s]       |                  [01;35m[K~~~~~~~~~~~~~^~~~~~~[m[K
[2.022s] [01m[K/media/muayman17/New/Muhammad/BrightSkies Test/ROS2_BlocksRearrengments/src/CPPsub_BlocksRearrange/src/../include/CPPsub_BlocksRearrange/BFSAlgorithm.h:[m[K In member function ‘[01m[Kstd::vector<StateSpace> BFSAlgorithm::getNextStates(const StateSpace&) const[m[K’:
[2.022s] [01m[K/media/muayman17/New/Muhammad/BrightSkies Test/ROS2_BlocksRearrengments/src/CPPsub_BlocksRearrange/src/../include/CPPsub_BlocksRearrange/BFSAlgorithm.h:38:73:[m[K [01;35m[Kwarning: [m[Kno return statement in function returning non-void [[01;35m[K-Wreturn-type[m[K]
[2.022s]    38 |      vector<StateSpace> getNextStates(const StateSpace &current) const {[01;35m[K}[m[K
[2.022s]       |                                                                         [01;35m[K^[m[K
[2.023s] [01m[K/media/muayman17/New/Muhammad/BrightSkies Test/ROS2_BlocksRearrengments/src/CPPsub_BlocksRearrange/src/../include/CPPsub_BlocksRearrange/BFSAlgorithm.h:38:57:[m[K [01;35m[Kwarning: [m[Kunused parameter ‘[01m[Kcurrent[m[K’ [[01;35m[K-Wunused-parameter[m[K]
[2.023s]    38 |      vector<StateSpace> getNextStates([01;35m[Kconst StateSpace &current[m[K) const {}
[2.023s]       |                                       [01;35m[K~~~~~~~~~~~~~~~~~~^~~~~~~[m[K
[2.023s] [01m[K/media/muayman17/New/Muhammad/BrightSkies Test/ROS2_BlocksRearrengments/src/CPPsub_BlocksRearrange/src/../include/CPPsub_BlocksRearrange/BFSAlgorithm.h:[m[K In member function ‘[01m[Kvoid BFSAlgorithm::countMatches(StateSpace&)[m[K’:
[2.023s] [01m[K/media/muayman17/New/Muhammad/BrightSkies Test/ROS2_BlocksRearrengments/src/CPPsub_BlocksRearrange/src/../include/CPPsub_BlocksRearrange/BFSAlgorithm.h:41:36:[m[K [01;35m[Kwarning: [m[Kunused parameter ‘[01m[Kcurrent[m[K’ [[01;35m[K-Wunused-parameter[m[K]
[2.024s]    41 |      void countMatches([01;35m[KStateSpace &current[m[K) {}
[2.024s]       |                        [01;35m[K~~~~~~~~~~~~^~~~~~~[m[K
[2.024s] [01m[K/media/muayman17/New/Muhammad/BrightSkies Test/ROS2_BlocksRearrengments/src/CPPsub_BlocksRearrange/src/../include/CPPsub_BlocksRearrange/BFSAlgorithm.h:[m[K In member function ‘[01m[KMoves BFSAlgorithm::BFS_Algorithm()[m[K’:
[2.024s] [01m[K/media/muayman17/New/Muhammad/BrightSkies Test/ROS2_BlocksRearrengments/src/CPPsub_BlocksRearrange/src/../include/CPPsub_BlocksRearrange/BFSAlgorithm.h:44:29:[m[K [01;35m[Kwarning: [m[Kno return statement in function returning non-void [[01;35m[K-Wreturn-type[m[K]
[2.024s]    44 |      Moves BFS_Algorithm() {[01;35m[K}[m[K
[2.025s]       |                             [01;35m[K^[m[K
[2.037s] In file included from [01m[K/media/muayman17/New/Muhammad/BrightSkies Test/ROS2_BlocksRearrengments/src/CPPsub_BlocksRearrange/src/CPPsub_BlocksRearrange.cpp:2[m[K:
[2.037s] [01m[K/media/muayman17/New/Muhammad/BrightSkies Test/ROS2_BlocksRearrengments/src/CPPsub_BlocksRearrange/src/../include/CPPsub_BlocksRearrange/blockArrangementSub.h:[m[K In member function ‘[01m[Kvoid blockArrangementSub::topic_callback(std_msgs::msg::String_<std::allocator<void> >::SharedPtr) const[m[K’:
[2.037s] [01m[K/media/muayman17/New/Muhammad/BrightSkies Test/ROS2_BlocksRearrengments/src/CPPsub_BlocksRearrange/src/../include/CPPsub_BlocksRearrange/blockArrangementSub.h:19:62:[m[K [01;35m[Kwarning: [m[Kunused parameter ‘[01m[Kmsg[m[K’ [[01;35m[K-Wunused-parameter[m[K]
[2.038s]    19 |   void topic_callback([01;35m[Kconst std_msgs::msg::String::SharedPtr msg[m[K) const {}
[2.038s]       |                       [01;35m[K~~~~~~~~~~~~~~~~~~~~~~~~~~~~~~~~~~~~~~~^~~[m[K
[3.188s] make[2]: *** [CMakeFiles/lis.dir/build.make:89: CMakeFiles/lis.dir/src/blockArrangementSub.cpp.o] Error 1
[5.338s] make[1]: *** [CMakeFiles/Makefile2:78: CMakeFiles/lis.dir/all] Error 2
[5.338s] make: *** [Makefile:141: all] Error 2
[5.340s] Invoked command in '/media/muayman17/New/Muhammad/BrightSkies Test/ROS2_BlocksRearrengments/build/CPPsub_BlocksRearrange' returned '2': CMAKE_PREFIX_PATH=${CMAKE_PREFIX_PATH}:/media/muayman17/New/Muhammad/BrightSkies Test/ROS2_BlocksRearrengments/install/initialGoalpub_py:/opt/ros/foxy /usr/bin/cmake --build /media/muayman17/New/Muhammad/BrightSkies Test/ROS2_BlocksRearrengments/build/CPPsub_BlocksRearrange -- -j8 -l8
