[01m[K/media/muayman17/New/Muhammad/BrightSkies Test/ROS2_BlocksRearrengments/src/CPPsub_BlocksRearrange/src/StateSpace.cpp:22:50:[m[K [01;35m[Kwarning: [m[Kextra ‘[01m[K;[m[K’ [[01;35m[K-Wpedantic[m[K]
   22 | void StateSpace::setState(State s) { state = s; }[01;35m[K;[m[K
      |                                                  [01;35m[K^[m[K
[01m[K/media/muayman17/New/Muhammad/BrightSkies Test/ROS2_BlocksRearrengments/src/CPPsub_BlocksRearrange/src/StateSpace.cpp:23:49:[m[K [01;35m[Kwarning: [m[Kextra ‘[01m[K;[m[K’ [[01;35m[K-Wpedantic[m[K]
   23 | void StateSpace::setMoves(Moves m) { move = m; }[01;35m[K;[m[K
      |                                                 [01;35m[K^[m[K
[01m[K/media/muayman17/New/Muhammad/BrightSkies Test/ROS2_BlocksRearrengments/src/CPPsub_BlocksRearrange/src/StateSpace.cpp:24:58:[m[K [01;35m[Kwarning: [m[Kextra ‘[01m[K;[m[K’ [[01;35m[K-Wpedantic[m[K]
   24 | void StateSpace::setFixedCount(int f) { fixedCount = f; }[01;35m[K;[m[K
      |                                                          [01;35m[K^[m[K
[01m[K/media/muayman17/New/Muhammad/BrightSkies Test/ROS2_BlocksRearrengments/src/CPPsub_BlocksRearrange/src/StateSpace.cpp:27:53:[m[K [01;35m[Kwarning: [m[Kextra ‘[01m[K;[m[K’ [[01;35m[K-Wpedantic[m[K]
   27 | State StateSpace::getState() const { return state; }[01;35m[K;[m[K
      |                                                     [01;35m[K^[m[K
[01m[K/media/muayman17/New/Muhammad/BrightSkies Test/ROS2_BlocksRearrengments/src/CPPsub_BlocksRearrange/src/StateSpace.cpp:28:52:[m[K [01;35m[Kwarning: [m[Kextra ‘[01m[K;[m[K’ [[01;35m[K-Wpedantic[m[K]
   28 | Moves StateSpace::getMoves() const { return move; }[01;35m[K;[m[K
      |                                                    [01;35m[K^[m[K
[01m[K/media/muayman17/New/Muhammad/BrightSkies Test/ROS2_BlocksRearrengments/src/CPPsub_BlocksRearrange/src/StateSpace.cpp:29:61:[m[K [01;35m[Kwarning: [m[Kextra ‘[01m[K;[m[K’ [[01;35m[K-Wpedantic[m[K]
   29 | int StateSpace::getFixedCount() const { return fixedCount; }[01;35m[K;[m[K
      |                                                             [01;35m[K^[m[K
[01m[K/media/muayman17/New/Muhammad/BrightSkies Test/ROS2_BlocksRearrengments/src/CPPsub_BlocksRearrange/src/StateSpace.cpp:35:2:[m[K [01;35m[Kwarning: [m[Kextra ‘[01m[K;[m[K’ [[01;35m[K-Wpedantic[m[K]
   35 | }[01;35m[K;[m[K
      |  [01;35m[K^[m[K
[01m[K/media/muayman17/New/Muhammad/BrightSkies Test/ROS2_BlocksRearrengments/src/CPPsub_BlocksRearrange/src/BFSAlgorithm.cpp:20:7:[m[K [01;31m[Kerror: [m[Kconflicting declaration ‘[01m[KBlock s[m[K’
   20 | Block [01;31m[Ks[m[K;
      |       [01;31m[K^[m[K
[01m[K/media/muayman17/New/Muhammad/BrightSkies Test/ROS2_BlocksRearrengments/src/CPPsub_BlocksRearrange/src/BFSAlgorithm.cpp:19:8:[m[K [01;36m[Knote: [m[Kprevious declaration as ‘[01m[Kstd::string s[m[K’
   19 | string [01;36m[Ks[m[K = "dds";
      |        [01;36m[K^[m[K
[01m[K/media/muayman17/New/Muhammad/BrightSkies Test/ROS2_BlocksRearrengments/src/CPPsub_BlocksRearrange/src/BFSAlgorithm.cpp:66:2:[m[K [01;35m[Kwarning: [m[Kextra ‘[01m[K;[m[K’ [[01;35m[K-Wpedantic[m[K]
   66 | }[01;35m[K;[m[K
      |  [01;35m[K^[m[K
[01m[K/media/muayman17/New/Muhammad/BrightSkies Test/ROS2_BlocksRearrengments/src/CPPsub_BlocksRearrange/src/BFSAlgorithm.cpp:79:2:[m[K [01;35m[Kwarning: [m[Kextra ‘[01m[K;[m[K’ [[01;35m[K-Wpedantic[m[K]
   79 | }[01;35m[K;[m[K
      |  [01;35m[K^[m[K
[01m[K/media/muayman17/New/Muhammad/BrightSkies Test/ROS2_BlocksRearrengments/src/CPPsub_BlocksRearrange/src/BFSAlgorithm.cpp:97:2:[m[K [01;35m[Kwarning: [m[Kextra ‘[01m[K;[m[K’ [[01;35m[K-Wpedantic[m[K]
   97 | }[01;35m[K;[m[K
      |  [01;35m[K^[m[K
[01m[K/media/muayman17/New/Muhammad/BrightSkies Test/ROS2_BlocksRearrengments/src/CPPsub_BlocksRearrange/src/BFSAlgorithm.cpp:[m[K In member function ‘[01m[Kstd::vector<StateSpace> BFSAlgorithm::getNextStates(const StateSpace&) const[m[K’:
[01m[K/media/muayman17/New/Muhammad/BrightSkies Test/ROS2_BlocksRearrengments/src/CPPsub_BlocksRearrange/src/BFSAlgorithm.cpp:104:24:[m[K [01;35m[Kwarning: [m[Kcomparison of integer expressions of different signedness: ‘[01m[Kint[m[K’ and ‘[01m[Kstd::vector<std::vector<Block> >::size_type[m[K’ {aka ‘[01m[Klong unsigned int[m[K’} [[01;35m[K-Wsign-compare[m[K]
  104 |      for (int i = 0; [01;35m[Ki < current.getState().size()[m[K; ++i)
      |                      [01;35m[K~~^~~~~~~~~~~~~~~~~~~~~~~~~~~[m[K
[01m[K/media/muayman17/New/Muhammad/BrightSkies Test/ROS2_BlocksRearrengments/src/CPPsub_BlocksRearrange/src/BFSAlgorithm.cpp:111:34:[m[K [01;35m[Kwarning: [m[Kcomparison of integer expressions of different signedness: ‘[01m[Kint[m[K’ and ‘[01m[Kstd::vector<std::vector<Block> >::size_type[m[K’ {aka ‘[01m[Klong unsigned int[m[K’} [[01;35m[K-Wsign-compare[m[K]
  111 |                for (int j = 0; [01;35m[Kj < current.getState().size()[m[K; ++j)
      |                                [01;35m[K~~^~~~~~~~~~~~~~~~~~~~~~~~~~~[m[K
[01m[K/media/muayman17/New/Muhammad/BrightSkies Test/ROS2_BlocksRearrengments/src/CPPsub_BlocksRearrange/src/BFSAlgorithm.cpp:126:34:[m[K [01;35m[Kwarning: [m[Kcomparison of integer expressions of different signedness: ‘[01m[Kint[m[K’ and ‘[01m[Kstd::vector<std::vector<Block> >::size_type[m[K’ {aka ‘[01m[Klong unsigned int[m[K’} [[01;35m[K-Wsign-compare[m[K]
  126 |                for (int j = 0; [01;35m[Kj < current.getState().size()[m[K; ++j)
      |                                [01;35m[K~~^~~~~~~~~~~~~~~~~~~~~~~~~~~[m[K
[01m[K/media/muayman17/New/Muhammad/BrightSkies Test/ROS2_BlocksRearrengments/src/CPPsub_BlocksRearrange/src/BFSAlgorithm.cpp:[m[K At global scope:
[01m[K/media/muayman17/New/Muhammad/BrightSkies Test/ROS2_BlocksRearrengments/src/CPPsub_BlocksRearrange/src/BFSAlgorithm.cpp:155:2:[m[K [01;35m[Kwarning: [m[Kextra ‘[01m[K;[m[K’ [[01;35m[K-Wpedantic[m[K]
  155 | }[01;35m[K;[m[K
      |  [01;35m[K^[m[K
[01m[K/media/muayman17/New/Muhammad/BrightSkies Test/ROS2_BlocksRearrengments/src/CPPsub_BlocksRearrange/src/BFSAlgorithm.cpp:[m[K In member function ‘[01m[Kvoid BFSAlgorithm::countMatches(StateSpace&)[m[K’:
[01m[K/media/muayman17/New/Muhammad/BrightSkies Test/ROS2_BlocksRearrengments/src/CPPsub_BlocksRearrange/src/BFSAlgorithm.cpp:174:69:[m[K [01;35m[Kwarning: [m[Kcomparison of integer expressions of different signedness: ‘[01m[Kint[m[K’ and ‘[01m[Kstd::vector<Block>::size_type[m[K’ {aka ‘[01m[Klong unsigned int[m[K’} [[01;35m[K-Wsign-compare[m[K]
  174 |                          while (curStack[counter].isgoal && [01;35m[Kcounter < curStack.size() - 1[m[K && counter < goalStack.size() - 1) // extend the checking to the elements above
      |                                                             [01;35m[K~~~~~~~~^~~~~~~~~~~~~~~~~~~~~[m[K
[01m[K/media/muayman17/New/Muhammad/BrightSkies Test/ROS2_BlocksRearrengments/src/CPPsub_BlocksRearrange/src/BFSAlgorithm.cpp:174:102:[m[K [01;35m[Kwarning: [m[Kcomparison of integer expressions of different signedness: ‘[01m[Kint[m[K’ and ‘[01m[Kstd::vector<Block>::size_type[m[K’ {aka ‘[01m[Klong unsigned int[m[K’} [[01;35m[K-Wsign-compare[m[K]
  174 |                          while (curStack[counter].isgoal && counter < curStack.size() - 1 && [01;35m[Kcounter < goalStack.size() - 1[m[K) // extend the checking to the elements above
      |                                                                                              [01;35m[K~~~~~~~~^~~~~~~~~~~~~~~~~~~~~~[m[K
[01m[K/media/muayman17/New/Muhammad/BrightSkies Test/ROS2_BlocksRearrengments/src/CPPsub_BlocksRearrange/src/BFSAlgorithm.cpp:[m[K At global scope:
[01m[K/media/muayman17/New/Muhammad/BrightSkies Test/ROS2_BlocksRearrengments/src/CPPsub_BlocksRearrange/src/BFSAlgorithm.cpp:188:2:[m[K [01;35m[Kwarning: [m[Kextra ‘[01m[K;[m[K’ [[01;35m[K-Wpedantic[m[K]
  188 | }[01;35m[K;[m[K
      |  [01;35m[K^[m[K
[01m[K/media/muayman17/New/Muhammad/BrightSkies Test/ROS2_BlocksRearrengments/src/CPPsub_BlocksRearrange/src/BFSAlgorithm.cpp:225:2:[m[K [01;35m[Kwarning: [m[Kextra ‘[01m[K;[m[K’ [[01;35m[K-Wpedantic[m[K]
  225 | }[01;35m[K;[m[K
      |  [01;35m[K^[m[K
make[2]: *** [CMakeFiles/lis.dir/build.make:76: CMakeFiles/lis.dir/src/BFSAlgorithm.cpp.o] Error 1
make[2]: *** Waiting for unfinished jobs....
make[1]: *** [CMakeFiles/Makefile2:78: CMakeFiles/lis.dir/all] Error 2
make: *** [Makefile:141: all] Error 2
