[0.022s] Invoking command in '/media/muayman17/New/Muhammad/BrightSkies Test/ROS2_BlocksRearrengments/build/CPPsub_BlocksRearrange': CMAKE_PREFIX_PATH=/opt/ros/foxy /usr/bin/cmake /media/muayman17/New/Muhammad/BrightSkies Test/ROS2_BlocksRearrengments/src/CPPsub_BlocksRearrange -DCMAKE_INSTALL_PREFIX=/media/muayman17/New/Muhammad/BrightSkies Test/ROS2_BlocksRearrengments/install/CPPsub_BlocksRearrange
[0.039s] -- Found ament_cmake: 0.9.12 (/opt/ros/foxy/share/ament_cmake/cmake)
[0.060s] -- Using PYTHON_EXECUTABLE: /usr/bin/python3
[0.229s] -- Found rclcpp: 2.4.3 (/opt/ros/foxy/share/rclcpp/cmake)
[0.266s] -- Using all available rosidl_typesupport_c: rosidl_typesupport_fastrtps_c;rosidl_typesupport_introspection_c
[0.271s] -- Found rosidl_adapter: 1.3.1 (/opt/ros/foxy/share/rosidl_adapter/cmake)
[0.426s] -- Using all available rosidl_typesupport_cpp: rosidl_typesupport_fastrtps_cpp;rosidl_typesupport_introspection_cpp
[0.492s] -- Found rmw_implementation_cmake: 1.0.4 (/opt/ros/foxy/share/rmw_implementation_cmake/cmake)
[0.494s] -- Using RMW implementation 'rmw_fastrtps_cpp' as default
[0.645s] -- Found ament_lint_auto: 0.9.8 (/opt/ros/foxy/share/ament_lint_auto/cmake)
[0.694s] WARNING: Package name "CPPsub_BlocksRearrange" does not follow the naming conventions. It should start with a lower case letter and only contain lower case letters, digits, underscores, and dashes.
[0.721s] -- Added test 'copyright' to check source files copyright and LICENSE
[0.733s] -- Added test 'cppcheck' to perform static code analysis on C / C++ code
[0.733s] -- Configured cppcheck include dirs: /media/muayman17/New/Muhammad/BrightSkies Test/ROS2_BlocksRearrengments/src/CPPsub_BlocksRearrange/include
[0.734s] -- Configured cppcheck exclude dirs and/or files: 
[0.745s] -- Added test 'cpplint' to check C / C++ code against the Google style
[0.745s] -- Configured cpplint exclude dirs and/or files: 
[0.749s] -- Added test 'lint_cmake' to check CMake code style
[0.760s] -- Added test 'uncrustify' to check C / C++ code style
[0.761s] -- Configured uncrustify additional arguments: 
[0.762s] -- Added test 'xmllint' to check XML markup files
[0.770s] -- Configuring done
[0.800s] -- Generating done
[0.808s] -- Build files have been written to: /media/muayman17/New/Muhammad/BrightSkies Test/ROS2_BlocksRearrengments/build/CPPsub_BlocksRearrange
[0.816s] Invoked command in '/media/muayman17/New/Muhammad/BrightSkies Test/ROS2_BlocksRearrengments/build/CPPsub_BlocksRearrange' returned '0': CMAKE_PREFIX_PATH=/opt/ros/foxy /usr/bin/cmake /media/muayman17/New/Muhammad/BrightSkies Test/ROS2_BlocksRearrengments/src/CPPsub_BlocksRearrange -DCMAKE_INSTALL_PREFIX=/media/muayman17/New/Muhammad/BrightSkies Test/ROS2_BlocksRearrengments/install/CPPsub_BlocksRearrange
[0.820s] Invoking command in '/media/muayman17/New/Muhammad/BrightSkies Test/ROS2_BlocksRearrengments/build/CPPsub_BlocksRearrange': CMAKE_PREFIX_PATH=/opt/ros/foxy /usr/bin/cmake --build /media/muayman17/New/Muhammad/BrightSkies Test/ROS2_BlocksRearrengments/build/CPPsub_BlocksRearrange -- -j8 -l8
[0.869s] [35m[1mScanning dependencies of target listener[0m
[1.090s] [ 50%] [32mBuilding CXX object CMakeFiles/listener.dir/src/CPPsub_BlocksRearrange.cpp.o[0m
[2.392s] In file included from [01m[K/media/muayman17/New/Muhammad/BrightSkies Test/ROS2_BlocksRearrengments/src/CPPsub_BlocksRearrange/src/CPPsub_BlocksRearrange.cpp:6[m[K:
[2.392s] [01m[K/media/muayman17/New/Muhammad/BrightSkies Test/ROS2_BlocksRearrengments/src/CPPsub_BlocksRearrange/include/BlockArrangmentAlgorithm.hpp:[m[K In constructor ‘[01m[KStateSpace::StateSpace(State)[m[K’:
[2.393s] [01m[K/media/muayman17/New/Muhammad/BrightSkies Test/ROS2_BlocksRearrengments/src/CPPsub_BlocksRearrange/include/BlockArrangmentAlgorithm.hpp:33:23:[m[K [01;35m[Kwarning: [m[Kunused parameter ‘[01m[Ks[m[K’ [[01;35m[K-Wunused-parameter[m[K]
[2.393s]    33 |      StateSpace([01;35m[KState s[m[K) {}
[2.393s]       |                 [01;35m[K~~~~~~^[m[K
[2.393s] [01m[K/media/muayman17/New/Muhammad/BrightSkies Test/ROS2_BlocksRearrengments/src/CPPsub_BlocksRearrange/include/BlockArrangmentAlgorithm.hpp:[m[K In constructor ‘[01m[KStateSpace::StateSpace(State, Moves)[m[K’:
[2.394s] [01m[K/media/muayman17/New/Muhammad/BrightSkies Test/ROS2_BlocksRearrengments/src/CPPsub_BlocksRearrange/include/BlockArrangmentAlgorithm.hpp:34:23:[m[K [01;35m[Kwarning: [m[Kunused parameter ‘[01m[Ks[m[K’ [[01;35m[K-Wunused-parameter[m[K]
[2.394s]    34 |      StateSpace([01;35m[KState s[m[K, Moves m) {}
[2.394s]       |                 [01;35m[K~~~~~~^[m[K
[2.394s] [01m[K/media/muayman17/New/Muhammad/BrightSkies Test/ROS2_BlocksRearrengments/src/CPPsub_BlocksRearrange/include/BlockArrangmentAlgorithm.hpp:34:32:[m[K [01;35m[Kwarning: [m[Kunused parameter ‘[01m[Km[m[K’ [[01;35m[K-Wunused-parameter[m[K]
[2.395s]    34 |      StateSpace(State s, [01;35m[KMoves m[m[K) {}
[2.395s]       |                          [01;35m[K~~~~~~^[m[K
[2.395s] [01m[K/media/muayman17/New/Muhammad/BrightSkies Test/ROS2_BlocksRearrengments/src/CPPsub_BlocksRearrange/include/BlockArrangmentAlgorithm.hpp:[m[K In constructor ‘[01m[KStateSpace::StateSpace(State, Moves, int)[m[K’:
[2.395s] [01m[K/media/muayman17/New/Muhammad/BrightSkies Test/ROS2_BlocksRearrengments/src/CPPsub_BlocksRearrange/include/BlockArrangmentAlgorithm.hpp:35:23:[m[K [01;35m[Kwarning: [m[Kunused parameter ‘[01m[Ks[m[K’ [[01;35m[K-Wunused-parameter[m[K]
[2.395s]    35 |      StateSpace([01;35m[KState s[m[K, Moves m, int f) {}
[2.396s]       |                 [01;35m[K~~~~~~^[m[K
[2.396s] [01m[K/media/muayman17/New/Muhammad/BrightSkies Test/ROS2_BlocksRearrengments/src/CPPsub_BlocksRearrange/include/BlockArrangmentAlgorithm.hpp:35:32:[m[K [01;35m[Kwarning: [m[Kunused parameter ‘[01m[Km[m[K’ [[01;35m[K-Wunused-parameter[m[K]
[2.396s]    35 |      StateSpace(State s, [01;35m[KMoves m[m[K, int f) {}
[2.396s]       |                          [01;35m[K~~~~~~^[m[K
[2.397s] [01m[K/media/muayman17/New/Muhammad/BrightSkies Test/ROS2_BlocksRearrengments/src/CPPsub_BlocksRearrange/include/BlockArrangmentAlgorithm.hpp:35:39:[m[K [01;35m[Kwarning: [m[Kunused parameter ‘[01m[Kf[m[K’ [[01;35m[K-Wunused-parameter[m[K]
[2.397s]    35 |      StateSpace(State s, Moves m, [01;35m[Kint f[m[K) {}
[2.397s]       |                                   [01;35m[K~~~~^[m[K
[2.397s] [01m[K/media/muayman17/New/Muhammad/BrightSkies Test/ROS2_BlocksRearrengments/src/CPPsub_BlocksRearrange/include/BlockArrangmentAlgorithm.hpp:[m[K In member function ‘[01m[Kvoid StateSpace::setState(State)[m[K’:
[2.397s] [01m[K/media/muayman17/New/Muhammad/BrightSkies Test/ROS2_BlocksRearrengments/src/CPPsub_BlocksRearrange/include/BlockArrangmentAlgorithm.hpp:38:26:[m[K [01;35m[Kwarning: [m[Kunused parameter ‘[01m[Ks[m[K’ [[01;35m[K-Wunused-parameter[m[K]
[2.398s]    38 |      void setState([01;35m[KState s[m[K) {};
[2.398s]       |                    [01;35m[K~~~~~~^[m[K
[2.398s] [01m[K/media/muayman17/New/Muhammad/BrightSkies Test/ROS2_BlocksRearrengments/src/CPPsub_BlocksRearrange/include/BlockArrangmentAlgorithm.hpp:[m[K In member function ‘[01m[Kvoid StateSpace::setMoves(Moves)[m[K’:
[2.398s] [01m[K/media/muayman17/New/Muhammad/BrightSkies Test/ROS2_BlocksRearrengments/src/CPPsub_BlocksRearrange/include/BlockArrangmentAlgorithm.hpp:39:26:[m[K [01;35m[Kwarning: [m[Kunused parameter ‘[01m[Km[m[K’ [[01;35m[K-Wunused-parameter[m[K]
[2.398s]    39 |      void setMoves([01;35m[KMoves m[m[K) {};
[2.399s]       |                    [01;35m[K~~~~~~^[m[K
[2.399s] [01m[K/media/muayman17/New/Muhammad/BrightSkies Test/ROS2_BlocksRearrengments/src/CPPsub_BlocksRearrange/include/BlockArrangmentAlgorithm.hpp:[m[K In member function ‘[01m[Kvoid StateSpace::setFixedCount(int)[m[K’:
[2.399s] [01m[K/media/muayman17/New/Muhammad/BrightSkies Test/ROS2_BlocksRearrengments/src/CPPsub_BlocksRearrange/include/BlockArrangmentAlgorithm.hpp:40:29:[m[K [01;35m[Kwarning: [m[Kunused parameter ‘[01m[Kf[m[K’ [[01;35m[K-Wunused-parameter[m[K]
[2.399s]    40 |      void setFixedCount([01;35m[Kint f[m[K) {};
[2.399s]       |                         [01;35m[K~~~~^[m[K
[2.400s] [01m[K/media/muayman17/New/Muhammad/BrightSkies Test/ROS2_BlocksRearrengments/src/CPPsub_BlocksRearrange/include/BlockArrangmentAlgorithm.hpp:[m[K In member function ‘[01m[KState StateSpace::getState() const[m[K’:
[2.400s] [01m[K/media/muayman17/New/Muhammad/BrightSkies Test/ROS2_BlocksRearrengments/src/CPPsub_BlocksRearrange/include/BlockArrangmentAlgorithm.hpp:43:30:[m[K [01;35m[Kwarning: [m[Kno return statement in function returning non-void [[01;35m[K-Wreturn-type[m[K]
[2.400s]    43 |      State getState() const {[01;35m[K}[m[K;
[2.400s]       |                              [01;35m[K^[m[K
[2.400s] [01m[K/media/muayman17/New/Muhammad/BrightSkies Test/ROS2_BlocksRearrengments/src/CPPsub_BlocksRearrange/include/BlockArrangmentAlgorithm.hpp:[m[K In member function ‘[01m[KMoves StateSpace::getMoves() const[m[K’:
[2.401s] [01m[K/media/muayman17/New/Muhammad/BrightSkies Test/ROS2_BlocksRearrengments/src/CPPsub_BlocksRearrange/include/BlockArrangmentAlgorithm.hpp:44:30:[m[K [01;35m[Kwarning: [m[Kno return statement in function returning non-void [[01;35m[K-Wreturn-type[m[K]
[2.401s]    44 |      Moves getMoves() const {[01;35m[K}[m[K;
[2.401s]       |                              [01;35m[K^[m[K
[2.401s] [01m[K/media/muayman17/New/Muhammad/BrightSkies Test/ROS2_BlocksRearrengments/src/CPPsub_BlocksRearrange/include/BlockArrangmentAlgorithm.hpp:[m[K In member function ‘[01m[Kint StateSpace::getFixedCount() const[m[K’:
[2.401s] [01m[K/media/muayman17/New/Muhammad/BrightSkies Test/ROS2_BlocksRearrengments/src/CPPsub_BlocksRearrange/include/BlockArrangmentAlgorithm.hpp:45:33:[m[K [01;35m[Kwarning: [m[Kno return statement in function returning non-void [[01;35m[K-Wreturn-type[m[K]
[2.402s]    45 |      int getFixedCount() const {[01;35m[K}[m[K;
[2.402s]       |                                 [01;35m[K^[m[K
[2.402s] [01m[K/media/muayman17/New/Muhammad/BrightSkies Test/ROS2_BlocksRearrengments/src/CPPsub_BlocksRearrange/include/BlockArrangmentAlgorithm.hpp:[m[K In member function ‘[01m[Kbool StateSpace::operator<(const StateSpace&) const[m[K’:
[2.402s] [01m[K/media/muayman17/New/Muhammad/BrightSkies Test/ROS2_BlocksRearrengments/src/CPPsub_BlocksRearrange/include/BlockArrangmentAlgorithm.hpp:48:53:[m[K [01;35m[Kwarning: [m[Kno return statement in function returning non-void [[01;35m[K-Wreturn-type[m[K]
[2.402s]    48 |      bool operator<(const StateSpace &other) const {[01;35m[K}[m[K;
[2.403s]       |                                                     [01;35m[K^[m[K
[2.403s] [01m[K/media/muayman17/New/Muhammad/BrightSkies Test/ROS2_BlocksRearrengments/src/CPPsub_BlocksRearrange/include/BlockArrangmentAlgorithm.hpp:48:39:[m[K [01;35m[Kwarning: [m[Kunused parameter ‘[01m[Kother[m[K’ [[01;35m[K-Wunused-parameter[m[K]
[2.403s]    48 |      bool operator<([01;35m[Kconst StateSpace &other[m[K) const {};
[2.403s]       |                     [01;35m[K~~~~~~~~~~~~~~~~~~^~~~~[m[K
[2.404s] [01m[K/media/muayman17/New/Muhammad/BrightSkies Test/ROS2_BlocksRearrengments/src/CPPsub_BlocksRearrange/include/BlockArrangmentAlgorithm.hpp:[m[K In constructor ‘[01m[KBFSAlgorithm::BFSAlgorithm(std::string)[m[K’:
[2.404s] [01m[K/media/muayman17/New/Muhammad/BrightSkies Test/ROS2_BlocksRearrengments/src/CPPsub_BlocksRearrange/include/BlockArrangmentAlgorithm.hpp:66:26:[m[K [01;35m[Kwarning: [m[Kunused parameter ‘[01m[Kpub_msg[m[K’ [[01;35m[K-Wunused-parameter[m[K]
[2.404s]    66 |      BFSAlgorithm([01;35m[Kstring pub_msg[m[K) {}
[2.404s]       |                   [01;35m[K~~~~~~~^~~~~~~[m[K
[2.405s] In file included from [01m[K/media/muayman17/New/Muhammad/BrightSkies Test/ROS2_BlocksRearrengments/src/CPPsub_BlocksRearrange/src/CPPsub_BlocksRearrange.cpp:6[m[K:
[2.405s] [01m[K/media/muayman17/New/Muhammad/BrightSkies Test/ROS2_BlocksRearrengments/src/CPPsub_BlocksRearrange/include/BlockArrangmentAlgorithm.hpp:[m[K In member function ‘[01m[Kstd::vector<std::__cxx11::basic_string<char> > BFSAlgorithm::StringToVector(std::string, char)[m[K’:
[2.405s] [01m[K/media/muayman17/New/Muhammad/BrightSkies Test/ROS2_BlocksRearrengments/src/CPPsub_BlocksRearrange/include/BlockArrangmentAlgorithm.hpp:69:65:[m[K [01;35m[Kwarning: [m[Kno return statement in function returning non-void [[01;35m[K-Wreturn-type[m[K]
[2.405s]    69 |      vector<string> StringToVector(string pub_msg, char delim) {[01;35m[K}[m[K
[2.406s]       |                                                                 [01;35m[K^[m[K
[2.406s] [01m[K/media/muayman17/New/Muhammad/BrightSkies Test/ROS2_BlocksRearrengments/src/CPPsub_BlocksRearrange/include/BlockArrangmentAlgorithm.hpp:69:43:[m[K [01;35m[Kwarning: [m[Kunused parameter ‘[01m[Kpub_msg[m[K’ [[01;35m[K-Wunused-parameter[m[K]
[2.406s]    69 |      vector<string> StringToVector([01;35m[Kstring pub_msg[m[K, char delim) {}
[2.407s]       |                                    [01;35m[K~~~~~~~^~~~~~~[m[K
[2.407s] [01m[K/media/muayman17/New/Muhammad/BrightSkies Test/ROS2_BlocksRearrengments/src/CPPsub_BlocksRearrange/include/BlockArrangmentAlgorithm.hpp:69:57:[m[K [01;35m[Kwarning: [m[Kunused parameter ‘[01m[Kdelim[m[K’ [[01;35m[K-Wunused-parameter[m[K]
[2.407s]    69 |      vector<string> StringToVector(string pub_msg, [01;35m[Kchar delim[m[K) {}
[2.407s]       |                                                    [01;35m[K~~~~~^~~~~[m[K
[2.408s] [01m[K/media/muayman17/New/Muhammad/BrightSkies Test/ROS2_BlocksRearrengments/src/CPPsub_BlocksRearrange/include/BlockArrangmentAlgorithm.hpp:[m[K In member function ‘[01m[Kstd::string BFSAlgorithm::VectorToString(const State&) const[m[K’:
[2.408s] [01m[K/media/muayman17/New/Muhammad/BrightSkies Test/ROS2_BlocksRearrengments/src/CPPsub_BlocksRearrange/include/BlockArrangmentAlgorithm.hpp:72:55:[m[K [01;35m[Kwarning: [m[Kno return statement in function returning non-void [[01;35m[K-Wreturn-type[m[K]
[2.408s]    72 |      string VectorToString(const State &state) const {[01;35m[K}[m[K
[2.408s]       |                                                       [01;35m[K^[m[K
[2.409s] [01m[K/media/muayman17/New/Muhammad/BrightSkies Test/ROS2_BlocksRearrengments/src/CPPsub_BlocksRearrange/include/BlockArrangmentAlgorithm.hpp:72:41:[m[K [01;35m[Kwarning: [m[Kunused parameter ‘[01m[Kstate[m[K’ [[01;35m[K-Wunused-parameter[m[K]
[2.409s]    72 |      string VectorToString([01;35m[Kconst State &state[m[K) const {}
[2.409s]       |                            [01;35m[K~~~~~~~~~~~~~^~~~~[m[K
[2.410s] [01m[K/media/muayman17/New/Muhammad/BrightSkies Test/ROS2_BlocksRearrengments/src/CPPsub_BlocksRearrange/include/BlockArrangmentAlgorithm.hpp:[m[K In member function ‘[01m[Kbool BFSAlgorithm::IsGoal(const State&, const State&) const[m[K’:
[2.410s] [01m[K/media/muayman17/New/Muhammad/BrightSkies Test/ROS2_BlocksRearrengments/src/CPPsub_BlocksRearrange/include/BlockArrangmentAlgorithm.hpp:75:66:[m[K [01;35m[Kwarning: [m[Kno return statement in function returning non-void [[01;35m[K-Wreturn-type[m[K]
[2.410s]    75 |      bool IsGoal(const State &current, const State &goal) const {[01;35m[K}[m[K
[2.410s]       |                                                                  [01;35m[K^[m[K
[2.411s] [01m[K/media/muayman17/New/Muhammad/BrightSkies Test/ROS2_BlocksRearrengments/src/CPPsub_BlocksRearrange/include/BlockArrangmentAlgorithm.hpp:75:31:[m[K [01;35m[Kwarning: [m[Kunused parameter ‘[01m[Kcurrent[m[K’ [[01;35m[K-Wunused-parameter[m[K]
[2.411s]    75 |      bool IsGoal([01;35m[Kconst State &current[m[K, const State &goal) const {}
[2.411s]       |                  [01;35m[K~~~~~~~~~~~~~^~~~~~~[m[K
[2.411s] [01m[K/media/muayman17/New/Muhammad/BrightSkies Test/ROS2_BlocksRearrengments/src/CPPsub_BlocksRearrange/include/BlockArrangmentAlgorithm.hpp:75:53:[m[K [01;35m[Kwarning: [m[Kunused parameter ‘[01m[Kgoal[m[K’ [[01;35m[K-Wunused-parameter[m[K]
[2.412s]    75 |      bool IsGoal(const State &current, [01;35m[Kconst State &goal[m[K) const {}
[2.412s]       |                                        [01;35m[K~~~~~~~~~~~~~^~~~[m[K
[2.412s] [01m[K/media/muayman17/New/Muhammad/BrightSkies Test/ROS2_BlocksRearrengments/src/CPPsub_BlocksRearrange/include/BlockArrangmentAlgorithm.hpp:[m[K In member function ‘[01m[Kstd::vector<StateSpace> BFSAlgorithm::getNextStates(const StateSpace&) const[m[K’:
[2.413s] [01m[K/media/muayman17/New/Muhammad/BrightSkies Test/ROS2_BlocksRearrengments/src/CPPsub_BlocksRearrange/include/BlockArrangmentAlgorithm.hpp:78:73:[m[K [01;35m[Kwarning: [m[Kno return statement in function returning non-void [[01;35m[K-Wreturn-type[m[K]
[2.413s]    78 |      vector<StateSpace> getNextStates(const StateSpace &current) const {[01;35m[K}[m[K
[2.413s]       |                                                                         [01;35m[K^[m[K
[2.413s] [01m[K/media/muayman17/New/Muhammad/BrightSkies Test/ROS2_BlocksRearrengments/src/CPPsub_BlocksRearrange/include/BlockArrangmentAlgorithm.hpp:78:57:[m[K [01;35m[Kwarning: [m[Kunused parameter ‘[01m[Kcurrent[m[K’ [[01;35m[K-Wunused-parameter[m[K]
[2.414s]    78 |      vector<StateSpace> getNextStates([01;35m[Kconst StateSpace &current[m[K) const {}
[2.414s]       |                                       [01;35m[K~~~~~~~~~~~~~~~~~~^~~~~~~[m[K
[2.414s] [01m[K/media/muayman17/New/Muhammad/BrightSkies Test/ROS2_BlocksRearrengments/src/CPPsub_BlocksRearrange/include/BlockArrangmentAlgorithm.hpp:[m[K In member function ‘[01m[Kvoid BFSAlgorithm::countMatches(StateSpace&, const State&)[m[K’:
[2.414s] [01m[K/media/muayman17/New/Muhammad/BrightSkies Test/ROS2_BlocksRearrengments/src/CPPsub_BlocksRearrange/include/BlockArrangmentAlgorithm.hpp:81:36:[m[K [01;35m[Kwarning: [m[Kunused parameter ‘[01m[Kcurrent[m[K’ [[01;35m[K-Wunused-parameter[m[K]
[2.415s]    81 |      void countMatches([01;35m[KStateSpace &current[m[K, const State &goal) {}
[2.415s]       |                        [01;35m[K~~~~~~~~~~~~^~~~~~~[m[K
[2.415s] [01m[K/media/muayman17/New/Muhammad/BrightSkies Test/ROS2_BlocksRearrengments/src/CPPsub_BlocksRearrange/include/BlockArrangmentAlgorithm.hpp:81:58:[m[K [01;35m[Kwarning: [m[Kunused parameter ‘[01m[Kgoal[m[K’ [[01;35m[K-Wunused-parameter[m[K]
[2.415s]    81 |      void countMatches(StateSpace &current, [01;35m[Kconst State &goal[m[K) {}
[2.415s]       |                                             [01;35m[K~~~~~~~~~~~~~^~~~[m[K
[2.416s] [01m[K/media/muayman17/New/Muhammad/BrightSkies Test/ROS2_BlocksRearrengments/src/CPPsub_BlocksRearrange/include/BlockArrangmentAlgorithm.hpp:[m[K In member function ‘[01m[KMoves BFSAlgorithm::BFS_Algorithm(const State&, const State&)[m[K’:
[2.416s] [01m[K/media/muayman17/New/Muhammad/BrightSkies Test/ROS2_BlocksRearrengments/src/CPPsub_BlocksRearrange/include/BlockArrangmentAlgorithm.hpp:84:66:[m[K [01;35m[Kwarning: [m[Kno return statement in function returning non-void [[01;35m[K-Wreturn-type[m[K]
[2.416s]    84 |      Moves BFS_Algorithm(const State &start, const State &goal) {[01;35m[K}[m[K
[2.416s]       |                                                                  [01;35m[K^[m[K
[2.416s] [01m[K/media/muayman17/New/Muhammad/BrightSkies Test/ROS2_BlocksRearrengments/src/CPPsub_BlocksRearrange/include/BlockArrangmentAlgorithm.hpp:84:39:[m[K [01;35m[Kwarning: [m[Kunused parameter ‘[01m[Kstart[m[K’ [[01;35m[K-Wunused-parameter[m[K]
[2.417s]    84 |      Moves BFS_Algorithm([01;35m[Kconst State &start[m[K, const State &goal) {}
[2.417s]       |                          [01;35m[K~~~~~~~~~~~~~^~~~~[m[K
[2.417s] [01m[K/media/muayman17/New/Muhammad/BrightSkies Test/ROS2_BlocksRearrengments/src/CPPsub_BlocksRearrange/include/BlockArrangmentAlgorithm.hpp:84:59:[m[K [01;35m[Kwarning: [m[Kunused parameter ‘[01m[Kgoal[m[K’ [[01;35m[K-Wunused-parameter[m[K]
[2.417s]    84 |      Moves BFS_Algorithm(const State &start, [01;35m[Kconst State &goal[m[K) {}
[2.417s]       |                                              [01;35m[K~~~~~~~~~~~~~^~~~[m[K
[5.506s] [100%] [32m[1mLinking CXX executable listener[0m
[5.952s] [100%] Built target listener
[5.965s] Invoked command in '/media/muayman17/New/Muhammad/BrightSkies Test/ROS2_BlocksRearrengments/build/CPPsub_BlocksRearrange' returned '0': CMAKE_PREFIX_PATH=/opt/ros/foxy /usr/bin/cmake --build /media/muayman17/New/Muhammad/BrightSkies Test/ROS2_BlocksRearrengments/build/CPPsub_BlocksRearrange -- -j8 -l8
[6.004s] Invoking command in '/media/muayman17/New/Muhammad/BrightSkies Test/ROS2_BlocksRearrengments/build/CPPsub_BlocksRearrange': CMAKE_PREFIX_PATH=/opt/ros/foxy /usr/bin/cmake --install /media/muayman17/New/Muhammad/BrightSkies Test/ROS2_BlocksRearrengments/build/CPPsub_BlocksRearrange
[6.012s] -- Install configuration: ""
[6.013s] -- Installing: /media/muayman17/New/Muhammad/BrightSkies Test/ROS2_BlocksRearrengments/install/CPPsub_BlocksRearrange/lib/CPPsub_BlocksRearrange/listener
[6.028s] -- Set runtime path of "/media/muayman17/New/Muhammad/BrightSkies Test/ROS2_BlocksRearrengments/install/CPPsub_BlocksRearrange/lib/CPPsub_BlocksRearrange/listener" to ""
[6.030s] -- Installing: /media/muayman17/New/Muhammad/BrightSkies Test/ROS2_BlocksRearrengments/install/CPPsub_BlocksRearrange/share/ament_index/resource_index/package_run_dependencies/CPPsub_BlocksRearrange
[6.034s] -- Installing: /media/muayman17/New/Muhammad/BrightSkies Test/ROS2_BlocksRearrengments/install/CPPsub_BlocksRearrange/share/ament_index/resource_index/parent_prefix_path/CPPsub_BlocksRearrange
[6.036s] -- Installing: /media/muayman17/New/Muhammad/BrightSkies Test/ROS2_BlocksRearrengments/install/CPPsub_BlocksRearrange/share/CPPsub_BlocksRearrange/environment/ament_prefix_path.sh
[6.038s] -- Installing: /media/muayman17/New/Muhammad/BrightSkies Test/ROS2_BlocksRearrengments/install/CPPsub_BlocksRearrange/share/CPPsub_BlocksRearrange/environment/ament_prefix_path.dsv
[6.040s] -- Installing: /media/muayman17/New/Muhammad/BrightSkies Test/ROS2_BlocksRearrengments/install/CPPsub_BlocksRearrange/share/CPPsub_BlocksRearrange/environment/path.sh
[6.043s] -- Installing: /media/muayman17/New/Muhammad/BrightSkies Test/ROS2_BlocksRearrengments/install/CPPsub_BlocksRearrange/share/CPPsub_BlocksRearrange/environment/path.dsv
[6.045s] -- Installing: /media/muayman17/New/Muhammad/BrightSkies Test/ROS2_BlocksRearrengments/install/CPPsub_BlocksRearrange/share/CPPsub_BlocksRearrange/local_setup.bash
[6.048s] -- Installing: /media/muayman17/New/Muhammad/BrightSkies Test/ROS2_BlocksRearrengments/install/CPPsub_BlocksRearrange/share/CPPsub_BlocksRearrange/local_setup.sh
[6.050s] -- Installing: /media/muayman17/New/Muhammad/BrightSkies Test/ROS2_BlocksRearrengments/install/CPPsub_BlocksRearrange/share/CPPsub_BlocksRearrange/local_setup.zsh
[6.053s] -- Installing: /media/muayman17/New/Muhammad/BrightSkies Test/ROS2_BlocksRearrengments/install/CPPsub_BlocksRearrange/share/CPPsub_BlocksRearrange/local_setup.dsv
[6.055s] -- Installing: /media/muayman17/New/Muhammad/BrightSkies Test/ROS2_BlocksRearrengments/install/CPPsub_BlocksRearrange/share/CPPsub_BlocksRearrange/package.dsv
[6.059s] -- Installing: /media/muayman17/New/Muhammad/BrightSkies Test/ROS2_BlocksRearrengments/install/CPPsub_BlocksRearrange/share/ament_index/resource_index/packages/CPPsub_BlocksRearrange
[6.062s] -- Installing: /media/muayman17/New/Muhammad/BrightSkies Test/ROS2_BlocksRearrengments/install/CPPsub_BlocksRearrange/share/CPPsub_BlocksRearrange/cmake/CPPsub_BlocksRearrangeConfig.cmake
[6.064s] -- Installing: /media/muayman17/New/Muhammad/BrightSkies Test/ROS2_BlocksRearrengments/install/CPPsub_BlocksRearrange/share/CPPsub_BlocksRearrange/cmake/CPPsub_BlocksRearrangeConfig-version.cmake
[6.066s] -- Installing: /media/muayman17/New/Muhammad/BrightSkies Test/ROS2_BlocksRearrengments/install/CPPsub_BlocksRearrange/share/CPPsub_BlocksRearrange/package.xml
[6.070s] Invoked command in '/media/muayman17/New/Muhammad/BrightSkies Test/ROS2_BlocksRearrengments/build/CPPsub_BlocksRearrange' returned '0': CMAKE_PREFIX_PATH=/opt/ros/foxy /usr/bin/cmake --install /media/muayman17/New/Muhammad/BrightSkies Test/ROS2_BlocksRearrengments/build/CPPsub_BlocksRearrange
