[0.027s] Invoking command in '/media/muayman17/New/Muhammad/BrightSkies Test/ROS2_BlocksRearrengments/build/CPPsub_BlocksRearrange': CMAKE_PREFIX_PATH=${CMAKE_PREFIX_PATH}:/media/muayman17/New/Muhammad/BrightSkies Test/ROS2_BlocksRearrengments/install/initialGoalpub_py:/opt/ros/foxy /usr/bin/cmake --build /media/muayman17/New/Muhammad/BrightSkies Test/ROS2_BlocksRearrengments/build/CPPsub_BlocksRearrange -- -j8 -l8
[0.073s] [35m[1mScanning dependencies of target lis[0m
[0.111s] [ 25%] [32mBuilding CXX object CMakeFiles/lis.dir/src/BFSAlgorithm.cpp.o[0m
[0.459s] [01m[K/media/muayman17/New/Muhammad/BrightSkies Test/ROS2_BlocksRearrengments/src/CPPsub_BlocksRearrange/src/BFSAlgorithm.cpp:63:2:[m[K [01;35m[Kwarning: [m[Kextra ‘[01m[K;[m[K’ [[01;35m[K-Wpedantic[m[K]
[0.459s]    63 | }[01;35m[K;[m[K
[0.459s]       |  [01;35m[K^[m[K
[0.460s] [01m[K/media/muayman17/New/Muhammad/BrightSkies Test/ROS2_BlocksRearrengments/src/CPPsub_BlocksRearrange/src/BFSAlgorithm.cpp:76:2:[m[K [01;35m[Kwarning: [m[Kextra ‘[01m[K;[m[K’ [[01;35m[K-Wpedantic[m[K]
[0.460s]    76 | }[01;35m[K;[m[K
[0.460s]       |  [01;35m[K^[m[K
[0.461s] [01m[K/media/muayman17/New/Muhammad/BrightSkies Test/ROS2_BlocksRearrengments/src/CPPsub_BlocksRearrange/src/BFSAlgorithm.cpp:94:2:[m[K [01;35m[Kwarning: [m[Kextra ‘[01m[K;[m[K’ [[01;35m[K-Wpedantic[m[K]
[0.461s]    94 | }[01;35m[K;[m[K
[0.461s]       |  [01;35m[K^[m[K
[0.464s] [01m[K/media/muayman17/New/Muhammad/BrightSkies Test/ROS2_BlocksRearrengments/src/CPPsub_BlocksRearrange/src/BFSAlgorithm.cpp:[m[K In member function ‘[01m[Kstd::vector<StateSpace> BFSAlgorithm::getNextStates(const StateSpace&) const[m[K’:
[0.464s] [01m[K/media/muayman17/New/Muhammad/BrightSkies Test/ROS2_BlocksRearrengments/src/CPPsub_BlocksRearrange/src/BFSAlgorithm.cpp:101:20:[m[K [01;35m[Kwarning: [m[Kcomparison of integer expressions of different signedness: ‘[01m[Kint[m[K’ and ‘[01m[Kstd::vector<std::vector<Block> >::size_type[m[K’ {aka ‘[01m[Klong unsigned int[m[K’} [[01;35m[K-Wsign-compare[m[K]
[0.464s]   101 |  for (int i = 0; [01;35m[Ki < current.getState().size()[m[K; ++i)
[0.465s]       |                  [01;35m[K~~^~~~~~~~~~~~~~~~~~~~~~~~~~~[m[K
[0.465s] [01m[K/media/muayman17/New/Muhammad/BrightSkies Test/ROS2_BlocksRearrengments/src/CPPsub_BlocksRearrange/src/BFSAlgorithm.cpp:108:22:[m[K [01;35m[Kwarning: [m[Kcomparison of integer expressions of different signedness: ‘[01m[Kint[m[K’ and ‘[01m[Kstd::vector<std::vector<Block> >::size_type[m[K’ {aka ‘[01m[Klong unsigned int[m[K’} [[01;35m[K-Wsign-compare[m[K]
[0.465s]   108 |    for (int j = 0; [01;35m[Kj < current.getState().size()[m[K; ++j)
[0.465s]       |                    [01;35m[K~~^~~~~~~~~~~~~~~~~~~~~~~~~~~[m[K
[0.466s] [01m[K/media/muayman17/New/Muhammad/BrightSkies Test/ROS2_BlocksRearrengments/src/CPPsub_BlocksRearrange/src/BFSAlgorithm.cpp:123:22:[m[K [01;35m[Kwarning: [m[Kcomparison of integer expressions of different signedness: ‘[01m[Kint[m[K’ and ‘[01m[Kstd::vector<std::vector<Block> >::size_type[m[K’ {aka ‘[01m[Klong unsigned int[m[K’} [[01;35m[K-Wsign-compare[m[K]
[0.466s]   123 |    for (int j = 0; [01;35m[Kj < current.getState().size()[m[K; ++j)
[0.467s]       |                    [01;35m[K~~^~~~~~~~~~~~~~~~~~~~~~~~~~~[m[K
[0.474s] [01m[K/media/muayman17/New/Muhammad/BrightSkies Test/ROS2_BlocksRearrengments/src/CPPsub_BlocksRearrange/src/BFSAlgorithm.cpp:[m[K At global scope:
[0.474s] [01m[K/media/muayman17/New/Muhammad/BrightSkies Test/ROS2_BlocksRearrengments/src/CPPsub_BlocksRearrange/src/BFSAlgorithm.cpp:152:2:[m[K [01;35m[Kwarning: [m[Kextra ‘[01m[K;[m[K’ [[01;35m[K-Wpedantic[m[K]
[0.474s]   152 | }[01;35m[K;[m[K
[0.474s]       |  [01;35m[K^[m[K
[0.475s] [01m[K/media/muayman17/New/Muhammad/BrightSkies Test/ROS2_BlocksRearrengments/src/CPPsub_BlocksRearrange/src/BFSAlgorithm.cpp:[m[K In member function ‘[01m[Kvoid BFSAlgorithm::countMatches(StateSpace&)[m[K’:
[0.475s] [01m[K/media/muayman17/New/Muhammad/BrightSkies Test/ROS2_BlocksRearrengments/src/CPPsub_BlocksRearrange/src/BFSAlgorithm.cpp:173:62:[m[K [01;35m[Kwarning: [m[Kcomparison of integer expressions of different signedness: ‘[01m[Kint[m[K’ and ‘[01m[Kstd::vector<Block>::size_type[m[K’ {aka ‘[01m[Klong unsigned int[m[K’} [[01;35m[K-Wsign-compare[m[K]
[0.475s]   173 |      while (current.getState()[i][counter].isgoal && [01;35m[Kcounter < curStack.size() - 1[m[K && counter < goalStack.size() - 1) // extend the checking to the elements above
[0.475s]       |                                                      [01;35m[K~~~~~~~~^~~~~~~~~~~~~~~~~~~~~[m[K
[0.476s] [01m[K/media/muayman17/New/Muhammad/BrightSkies Test/ROS2_BlocksRearrengments/src/CPPsub_BlocksRearrange/src/BFSAlgorithm.cpp:173:95:[m[K [01;35m[Kwarning: [m[Kcomparison of integer expressions of different signedness: ‘[01m[Kint[m[K’ and ‘[01m[Kstd::vector<Block>::size_type[m[K’ {aka ‘[01m[Klong unsigned int[m[K’} [[01;35m[K-Wsign-compare[m[K]
[0.476s]   173 | current.getState()[i][counter].isgoal && counter < curStack.size() - 1 && [01;35m[Kcounter < goalStack.size() - 1[m[K) // extend the checking to the elements above
[0.476s]       |                                                                           [01;35m[K~~~~~~~~^~~~~~~~~~~~~~~~~~~~~~[m[K
[0.476s] 
[0.476s] [01m[K/media/muayman17/New/Muhammad/BrightSkies Test/ROS2_BlocksRearrengments/src/CPPsub_BlocksRearrange/src/BFSAlgorithm.cpp:[m[K At global scope:
[0.476s] [01m[K/media/muayman17/New/Muhammad/BrightSkies Test/ROS2_BlocksRearrengments/src/CPPsub_BlocksRearrange/src/BFSAlgorithm.cpp:189:2:[m[K [01;35m[Kwarning: [m[Kextra ‘[01m[K;[m[K’ [[01;35m[K-Wpedantic[m[K]
[0.476s]   189 | }[01;35m[K;[m[K
[0.477s]       |  [01;35m[K^[m[K
[0.491s] [01m[K/media/muayman17/New/Muhammad/BrightSkies Test/ROS2_BlocksRearrengments/src/CPPsub_BlocksRearrange/src/BFSAlgorithm.cpp:224:2:[m[K [01;35m[Kwarning: [m[Kextra ‘[01m[K;[m[K’ [[01;35m[K-Wpedantic[m[K]
[0.491s]   224 | }[01;35m[K;[m[K
[0.491s]       |  [01;35m[K^[m[K
[1.023s] [ 50%] [32m[1mLinking CXX executable lis[0m
[1.602s] [100%] Built target lis
[1.616s] Invoked command in '/media/muayman17/New/Muhammad/BrightSkies Test/ROS2_BlocksRearrengments/build/CPPsub_BlocksRearrange' returned '0': CMAKE_PREFIX_PATH=${CMAKE_PREFIX_PATH}:/media/muayman17/New/Muhammad/BrightSkies Test/ROS2_BlocksRearrengments/install/initialGoalpub_py:/opt/ros/foxy /usr/bin/cmake --build /media/muayman17/New/Muhammad/BrightSkies Test/ROS2_BlocksRearrengments/build/CPPsub_BlocksRearrange -- -j8 -l8
[1.658s] Invoking command in '/media/muayman17/New/Muhammad/BrightSkies Test/ROS2_BlocksRearrengments/build/CPPsub_BlocksRearrange': CMAKE_PREFIX_PATH=${CMAKE_PREFIX_PATH}:/media/muayman17/New/Muhammad/BrightSkies Test/ROS2_BlocksRearrengments/install/initialGoalpub_py:/opt/ros/foxy /usr/bin/cmake --install /media/muayman17/New/Muhammad/BrightSkies Test/ROS2_BlocksRearrengments/build/CPPsub_BlocksRearrange
[1.666s] -- Install configuration: ""
[1.668s] -- Installing: /media/muayman17/New/Muhammad/BrightSkies Test/ROS2_BlocksRearrengments/install/CPPsub_BlocksRearrange/lib/CPPsub_BlocksRearrange/lis
[1.692s] -- Set runtime path of "/media/muayman17/New/Muhammad/BrightSkies Test/ROS2_BlocksRearrengments/install/CPPsub_BlocksRearrange/lib/CPPsub_BlocksRearrange/lis" to ""
[1.694s] -- Up-to-date: /media/muayman17/New/Muhammad/BrightSkies Test/ROS2_BlocksRearrengments/install/CPPsub_BlocksRearrange/share/ament_index/resource_index/package_run_dependencies/CPPsub_BlocksRearrange
[1.695s] -- Up-to-date: /media/muayman17/New/Muhammad/BrightSkies Test/ROS2_BlocksRearrengments/install/CPPsub_BlocksRearrange/share/ament_index/resource_index/parent_prefix_path/CPPsub_BlocksRearrange
[1.696s] -- Up-to-date: /media/muayman17/New/Muhammad/BrightSkies Test/ROS2_BlocksRearrengments/install/CPPsub_BlocksRearrange/share/CPPsub_BlocksRearrange/environment/ament_prefix_path.sh
[1.697s] -- Up-to-date: /media/muayman17/New/Muhammad/BrightSkies Test/ROS2_BlocksRearrengments/install/CPPsub_BlocksRearrange/share/CPPsub_BlocksRearrange/environment/ament_prefix_path.dsv
[1.698s] -- Up-to-date: /media/muayman17/New/Muhammad/BrightSkies Test/ROS2_BlocksRearrengments/install/CPPsub_BlocksRearrange/share/CPPsub_BlocksRearrange/environment/path.sh
[1.699s] -- Up-to-date: /media/muayman17/New/Muhammad/BrightSkies Test/ROS2_BlocksRearrengments/install/CPPsub_BlocksRearrange/share/CPPsub_BlocksRearrange/environment/path.dsv
[1.700s] -- Up-to-date: /media/muayman17/New/Muhammad/BrightSkies Test/ROS2_BlocksRearrengments/install/CPPsub_BlocksRearrange/share/CPPsub_BlocksRearrange/local_setup.bash
[1.701s] -- Up-to-date: /media/muayman17/New/Muhammad/BrightSkies Test/ROS2_BlocksRearrengments/install/CPPsub_BlocksRearrange/share/CPPsub_BlocksRearrange/local_setup.sh
[1.701s] -- Up-to-date: /media/muayman17/New/Muhammad/BrightSkies Test/ROS2_BlocksRearrengments/install/CPPsub_BlocksRearrange/share/CPPsub_BlocksRearrange/local_setup.zsh
[1.702s] -- Up-to-date: /media/muayman17/New/Muhammad/BrightSkies Test/ROS2_BlocksRearrengments/install/CPPsub_BlocksRearrange/share/CPPsub_BlocksRearrange/local_setup.dsv
[1.703s] -- Installing: /media/muayman17/New/Muhammad/BrightSkies Test/ROS2_BlocksRearrengments/install/CPPsub_BlocksRearrange/share/CPPsub_BlocksRearrange/package.dsv
[1.706s] -- Up-to-date: /media/muayman17/New/Muhammad/BrightSkies Test/ROS2_BlocksRearrengments/install/CPPsub_BlocksRearrange/share/ament_index/resource_index/packages/CPPsub_BlocksRearrange
[1.707s] -- Up-to-date: /media/muayman17/New/Muhammad/BrightSkies Test/ROS2_BlocksRearrengments/install/CPPsub_BlocksRearrange/share/CPPsub_BlocksRearrange/cmake/CPPsub_BlocksRearrangeConfig.cmake
[1.708s] -- Up-to-date: /media/muayman17/New/Muhammad/BrightSkies Test/ROS2_BlocksRearrengments/install/CPPsub_BlocksRearrange/share/CPPsub_BlocksRearrange/cmake/CPPsub_BlocksRearrangeConfig-version.cmake
[1.709s] -- Up-to-date: /media/muayman17/New/Muhammad/BrightSkies Test/ROS2_BlocksRearrengments/install/CPPsub_BlocksRearrange/share/CPPsub_BlocksRearrange/package.xml
[1.712s] Invoked command in '/media/muayman17/New/Muhammad/BrightSkies Test/ROS2_BlocksRearrengments/build/CPPsub_BlocksRearrange' returned '0': CMAKE_PREFIX_PATH=${CMAKE_PREFIX_PATH}:/media/muayman17/New/Muhammad/BrightSkies Test/ROS2_BlocksRearrengments/install/initialGoalpub_py:/opt/ros/foxy /usr/bin/cmake --install /media/muayman17/New/Muhammad/BrightSkies Test/ROS2_BlocksRearrengments/build/CPPsub_BlocksRearrange
