[35m[1mScanning dependencies of target lis[0m
[ 20%] [32mBuilding CXX object CMakeFiles/lis.dir/src/CPPsub_BlocksRearrange.cpp.o[0m
[ 40%] [32mBuilding CXX object CMakeFiles/lis.dir/src/blockArrangementSub.cpp.o[0m
[ 60%] [32mBuilding CXX object CMakeFiles/lis.dir/src/BFSAlgorithm.cpp.o[0m
[ 80%] [32mBuilding CXX object CMakeFiles/lis.dir/src/StateSpace.cpp.o[0m
In file included from [01m[K/media/muayman17/New/Muhammad/BrightSkies Test/ROS2_BlocksRearrengments/src/CPPsub_BlocksRearrange/src/../include/CPPsub_BlocksRearrange/BFSAlgorithm.h:8[m[K,
                 from [01m[K/media/muayman17/New/Muhammad/BrightSkies Test/ROS2_BlocksRearrengments/src/CPPsub_BlocksRearrange/src/BFSAlgorithm.cpp:9[m[K:
[01m[K/media/muayman17/New/Muhammad/BrightSkies Test/ROS2_BlocksRearrengments/src/CPPsub_BlocksRearrange/src/../include/CPPsub_BlocksRearrange/StateSpace.h:[m[K In constructor ‘[01m[KStateSpace::StateSpace(State)[m[K’:
[01m[K/media/muayman17/New/Muhammad/BrightSkies Test/ROS2_BlocksRearrengments/src/CPPsub_BlocksRearrange/src/../include/CPPsub_BlocksRearrange/StateSpace.h:33:23:[m[K [01;35m[Kwarning: [m[Kunused parameter ‘[01m[Ks[m[K’ [[01;35m[K-Wunused-parameter[m[K]
   33 |      StateSpace([01;35m[KState s[m[K) {}
      |                 [01;35m[K~~~~~~^[m[K
[01m[K/media/muayman17/New/Muhammad/BrightSkies Test/ROS2_BlocksRearrengments/src/CPPsub_BlocksRearrange/src/../include/CPPsub_BlocksRearrange/StateSpace.h:[m[K In constructor ‘[01m[KStateSpace::StateSpace(State, Moves)[m[K’:
[01m[K/media/muayman17/New/Muhammad/BrightSkies Test/ROS2_BlocksRearrengments/src/CPPsub_BlocksRearrange/src/../include/CPPsub_BlocksRearrange/StateSpace.h:34:23:[m[K [01;35m[Kwarning: [m[Kunused parameter ‘[01m[Ks[m[K’ [[01;35m[K-Wunused-parameter[m[K]
   34 |      StateSpace([01;35m[KState s[m[K, Moves m) {}
      |                 [01;35m[K~~~~~~^[m[K
[01m[K/media/muayman17/New/Muhammad/BrightSkies Test/ROS2_BlocksRearrengments/src/CPPsub_BlocksRearrange/src/../include/CPPsub_BlocksRearrange/StateSpace.h:34:32:[m[K [01;35m[Kwarning: [m[Kunused parameter ‘[01m[Km[m[K’ [[01;35m[K-Wunused-parameter[m[K]
   34 |      StateSpace(State s, [01;35m[KMoves m[m[K) {}
      |                          [01;35m[K~~~~~~^[m[K
[01m[K/media/muayman17/New/Muhammad/BrightSkies Test/ROS2_BlocksRearrengments/src/CPPsub_BlocksRearrange/src/../include/CPPsub_BlocksRearrange/StateSpace.h:[m[K In constructor ‘[01m[KStateSpace::StateSpace(State, Moves, int)[m[K’:
[01m[K/media/muayman17/New/Muhammad/BrightSkies Test/ROS2_BlocksRearrengments/src/CPPsub_BlocksRearrange/src/../include/CPPsub_BlocksRearrange/StateSpace.h:35:23:[m[K [01;35m[Kwarning: [m[Kunused parameter ‘[01m[Ks[m[K’ [[01;35m[K-Wunused-parameter[m[K]
   35 |      StateSpace([01;35m[KState s[m[K, Moves m, int f) {}
      |                 [01;35m[K~~~~~~^[m[K
[01m[K/media/muayman17/New/Muhammad/BrightSkies Test/ROS2_BlocksRearrengments/src/CPPsub_BlocksRearrange/src/../include/CPPsub_BlocksRearrange/StateSpace.h:35:32:[m[K [01;35m[Kwarning: [m[Kunused parameter ‘[01m[Km[m[K’ [[01;35m[K-Wunused-parameter[m[K]
   35 |      StateSpace(State s, [01;35m[KMoves m[m[K, int f) {}
      |                          [01;35m[K~~~~~~^[m[K
[01m[K/media/muayman17/New/Muhammad/BrightSkies Test/ROS2_BlocksRearrengments/src/CPPsub_BlocksRearrange/src/../include/CPPsub_BlocksRearrange/StateSpace.h:35:39:[m[K [01;35m[Kwarning: [m[Kunused parameter ‘[01m[Kf[m[K’ [[01;35m[K-Wunused-parameter[m[K]
   35 |      StateSpace(State s, Moves m, [01;35m[Kint f[m[K) {}
      |                                   [01;35m[K~~~~^[m[K
[01m[K/media/muayman17/New/Muhammad/BrightSkies Test/ROS2_BlocksRearrengments/src/CPPsub_BlocksRearrange/src/../include/CPPsub_BlocksRearrange/StateSpace.h:[m[K In member function ‘[01m[Kvoid StateSpace::setState(State)[m[K’:
[01m[K/media/muayman17/New/Muhammad/BrightSkies Test/ROS2_BlocksRearrengments/src/CPPsub_BlocksRearrange/src/../include/CPPsub_BlocksRearrange/StateSpace.h:38:26:[m[K [01;35m[Kwarning: [m[Kunused parameter ‘[01m[Ks[m[K’ [[01;35m[K-Wunused-parameter[m[K]
   38 |      void setState([01;35m[KState s[m[K) {};
      |                    [01;35m[K~~~~~~^[m[K
[01m[K/media/muayman17/New/Muhammad/BrightSkies Test/ROS2_BlocksRearrengments/src/CPPsub_BlocksRearrange/src/../include/CPPsub_BlocksRearrange/StateSpace.h:[m[K In member function ‘[01m[Kvoid StateSpace::setMoves(Moves)[m[K’:
[01m[K/media/muayman17/New/Muhammad/BrightSkies Test/ROS2_BlocksRearrengments/src/CPPsub_BlocksRearrange/src/../include/CPPsub_BlocksRearrange/StateSpace.h:39:26:[m[K [01;35m[Kwarning: [m[Kunused parameter ‘[01m[Km[m[K’ [[01;35m[K-Wunused-parameter[m[K]
   39 |      void setMoves([01;35m[KMoves m[m[K) {};
      |                    [01;35m[K~~~~~~^[m[K
[01m[K/media/muayman17/New/Muhammad/BrightSkies Test/ROS2_BlocksRearrengments/src/CPPsub_BlocksRearrange/src/../include/CPPsub_BlocksRearrange/StateSpace.h:[m[K In member function ‘[01m[Kvoid StateSpace::setFixedCount(int)[m[K’:
[01m[K/media/muayman17/New/Muhammad/BrightSkies Test/ROS2_BlocksRearrengments/src/CPPsub_BlocksRearrange/src/../include/CPPsub_BlocksRearrange/StateSpace.h:40:29:[m[K [01;35m[Kwarning: [m[Kunused parameter ‘[01m[Kf[m[K’ [[01;35m[K-Wunused-parameter[m[K]
   40 |      void setFixedCount([01;35m[Kint f[m[K) {};
      |                         [01;35m[K~~~~^[m[K
[01m[K/media/muayman17/New/Muhammad/BrightSkies Test/ROS2_BlocksRearrengments/src/CPPsub_BlocksRearrange/src/../include/CPPsub_BlocksRearrange/StateSpace.h:[m[K In member function ‘[01m[KState StateSpace::getState() const[m[K’:
[01m[K/media/muayman17/New/Muhammad/BrightSkies Test/ROS2_BlocksRearrengments/src/CPPsub_BlocksRearrange/src/../include/CPPsub_BlocksRearrange/StateSpace.h:43:30:[m[K [01;35m[Kwarning: [m[Kno return statement in function returning non-void [[01;35m[K-Wreturn-type[m[K]
   43 |      State getState() const {[01;35m[K}[m[K;
      |                              [01;35m[K^[m[K
[01m[K/media/muayman17/New/Muhammad/BrightSkies Test/ROS2_BlocksRearrengments/src/CPPsub_BlocksRearrange/src/../include/CPPsub_BlocksRearrange/StateSpace.h:[m[K In member function ‘[01m[KMoves StateSpace::getMoves() const[m[K’:
[01m[K/media/muayman17/New/Muhammad/BrightSkies Test/ROS2_BlocksRearrengments/src/CPPsub_BlocksRearrange/src/../include/CPPsub_BlocksRearrange/StateSpace.h:44:30:[m[K [01;35m[Kwarning: [m[Kno return statement in function returning non-void [[01;35m[K-Wreturn-type[m[K]
   44 |      Moves getMoves() const {[01;35m[K}[m[K;
      |                              [01;35m[K^[m[K
[01m[K/media/muayman17/New/Muhammad/BrightSkies Test/ROS2_BlocksRearrengments/src/CPPsub_BlocksRearrange/src/../include/CPPsub_BlocksRearrange/StateSpace.h:[m[K In member function ‘[01m[Kint StateSpace::getFixedCount() const[m[K’:
[01m[K/media/muayman17/New/Muhammad/BrightSkies Test/ROS2_BlocksRearrengments/src/CPPsub_BlocksRearrange/src/../include/CPPsub_BlocksRearrange/StateSpace.h:45:33:[m[K [01;35m[Kwarning: [m[Kno return statement in function returning non-void [[01;35m[K-Wreturn-type[m[K]
   45 |      int getFixedCount() const {[01;35m[K}[m[K;
      |                                 [01;35m[K^[m[K
[01m[K/media/muayman17/New/Muhammad/BrightSkies Test/ROS2_BlocksRearrengments/src/CPPsub_BlocksRearrange/src/../include/CPPsub_BlocksRearrange/StateSpace.h:[m[K In member function ‘[01m[Kbool StateSpace::operator<(const StateSpace&) const[m[K’:
[01m[K/media/muayman17/New/Muhammad/BrightSkies Test/ROS2_BlocksRearrengments/src/CPPsub_BlocksRearrange/src/../include/CPPsub_BlocksRearrange/StateSpace.h:48:53:[m[K [01;35m[Kwarning: [m[Kno return statement in function returning non-void [[01;35m[K-Wreturn-type[m[K]
   48 |      bool operator<(const StateSpace &other) const {[01;35m[K}[m[K;
      |                                                     [01;35m[K^[m[K
[01m[K/media/muayman17/New/Muhammad/BrightSkies Test/ROS2_BlocksRearrengments/src/CPPsub_BlocksRearrange/src/../include/CPPsub_BlocksRearrange/StateSpace.h:48:39:[m[K [01;35m[Kwarning: [m[Kunused parameter ‘[01m[Kother[m[K’ [[01;35m[K-Wunused-parameter[m[K]
   48 |      bool operator<([01;35m[Kconst StateSpace &other[m[K) const {};
      |                     [01;35m[K~~~~~~~~~~~~~~~~~~^~~~~[m[K
In file included from [01m[K/media/muayman17/New/Muhammad/BrightSkies Test/ROS2_BlocksRearrengments/src/CPPsub_BlocksRearrange/src/BFSAlgorithm.cpp:9[m[K:
[01m[K/media/muayman17/New/Muhammad/BrightSkies Test/ROS2_BlocksRearrengments/src/CPPsub_BlocksRearrange/src/../include/CPPsub_BlocksRearrange/BFSAlgorithm.h:[m[K In constructor ‘[01m[KBFSAlgorithm::BFSAlgorithm(std::string)[m[K’:
[01m[K/media/muayman17/New/Muhammad/BrightSkies Test/ROS2_BlocksRearrengments/src/CPPsub_BlocksRearrange/src/../include/CPPsub_BlocksRearrange/BFSAlgorithm.h:26:26:[m[K [01;35m[Kwarning: [m[Kunused parameter ‘[01m[Kpub_msg[m[K’ [[01;35m[K-Wunused-parameter[m[K]
   26 |      BFSAlgorithm([01;35m[Kstring pub_msg[m[K) {}
      |                   [01;35m[K~~~~~~~^~~~~~~[m[K
In file included from [01m[K/media/muayman17/New/Muhammad/BrightSkies Test/ROS2_BlocksRearrengments/src/CPPsub_BlocksRearrange/src/BFSAlgorithm.cpp:9[m[K:
[01m[K/media/muayman17/New/Muhammad/BrightSkies Test/ROS2_BlocksRearrengments/src/CPPsub_BlocksRearrange/src/../include/CPPsub_BlocksRearrange/BFSAlgorithm.h:[m[K In member function ‘[01m[Kstd::vector<std::__cxx11::basic_string<char> > BFSAlgorithm::StringToVector(std::string, char)[m[K’:
[01m[K/media/muayman17/New/Muhammad/BrightSkies Test/ROS2_BlocksRearrengments/src/CPPsub_BlocksRearrange/src/../include/CPPsub_BlocksRearrange/BFSAlgorithm.h:29:65:[m[K [01;35m[Kwarning: [m[Kno return statement in function returning non-void [[01;35m[K-Wreturn-type[m[K]
   29 |      vector<string> StringToVector(string pub_msg, char delim) {[01;35m[K}[m[K
      |                                                                 [01;35m[K^[m[K
[01m[K/media/muayman17/New/Muhammad/BrightSkies Test/ROS2_BlocksRearrengments/src/CPPsub_BlocksRearrange/src/../include/CPPsub_BlocksRearrange/BFSAlgorithm.h:29:43:[m[K [01;35m[Kwarning: [m[Kunused parameter ‘[01m[Kpub_msg[m[K’ [[01;35m[K-Wunused-parameter[m[K]
   29 |      vector<string> StringToVector([01;35m[Kstring pub_msg[m[K, char delim) {}
      |                                    [01;35m[K~~~~~~~^~~~~~~[m[K
[01m[K/media/muayman17/New/Muhammad/BrightSkies Test/ROS2_BlocksRearrengments/src/CPPsub_BlocksRearrange/src/../include/CPPsub_BlocksRearrange/BFSAlgorithm.h:29:57:[m[K [01;35m[Kwarning: [m[Kunused parameter ‘[01m[Kdelim[m[K’ [[01;35m[K-Wunused-parameter[m[K]
   29 |      vector<string> StringToVector(string pub_msg, [01;35m[Kchar delim[m[K) {}
      |                                                    [01;35m[K~~~~~^~~~~[m[K
[01m[K/media/muayman17/New/Muhammad/BrightSkies Test/ROS2_BlocksRearrengments/src/CPPsub_BlocksRearrange/src/../include/CPPsub_BlocksRearrange/BFSAlgorithm.h:[m[K In member function ‘[01m[Kstd::string BFSAlgorithm::VectorToString(const State&) const[m[K’:
[01m[K/media/muayman17/New/Muhammad/BrightSkies Test/ROS2_BlocksRearrengments/src/CPPsub_BlocksRearrange/src/../include/CPPsub_BlocksRearrange/BFSAlgorithm.h:32:55:[m[K [01;35m[Kwarning: [m[Kno return statement in function returning non-void [[01;35m[K-Wreturn-type[m[K]
   32 |      string VectorToString(const State &state) const {[01;35m[K}[m[K
      |                                                       [01;35m[K^[m[K
[01m[K/media/muayman17/New/Muhammad/BrightSkies Test/ROS2_BlocksRearrengments/src/CPPsub_BlocksRearrange/src/../include/CPPsub_BlocksRearrange/BFSAlgorithm.h:32:41:[m[K [01;35m[Kwarning: [m[Kunused parameter ‘[01m[Kstate[m[K’ [[01;35m[K-Wunused-parameter[m[K]
   32 |      string VectorToString([01;35m[Kconst State &state[m[K) const {}
      |                            [01;35m[K~~~~~~~~~~~~~^~~~~[m[K
[01m[K/media/muayman17/New/Muhammad/BrightSkies Test/ROS2_BlocksRearrengments/src/CPPsub_BlocksRearrange/src/../include/CPPsub_BlocksRearrange/BFSAlgorithm.h:[m[K In member function ‘[01m[Kbool BFSAlgorithm::IsGoal(const State&) const[m[K’:
[01m[K/media/muayman17/New/Muhammad/BrightSkies Test/ROS2_BlocksRearrengments/src/CPPsub_BlocksRearrange/src/../include/CPPsub_BlocksRearrange/BFSAlgorithm.h:35:47:[m[K [01;35m[Kwarning: [m[Kno return statement in function returning non-void [[01;35m[K-Wreturn-type[m[K]
   35 |      bool IsGoal(const State &current) const {[01;35m[K}[m[K
      |                                               [01;35m[K^[m[K
[01m[K/media/muayman17/New/Muhammad/BrightSkies Test/ROS2_BlocksRearrengments/src/CPPsub_BlocksRearrange/src/../include/CPPsub_BlocksRearrange/BFSAlgorithm.h:35:31:[m[K [01;35m[Kwarning: [m[Kunused parameter ‘[01m[Kcurrent[m[K’ [[01;35m[K-Wunused-parameter[m[K]
   35 |      bool IsGoal([01;35m[Kconst State &current[m[K) const {}
      |                  [01;35m[K~~~~~~~~~~~~~^~~~~~~[m[K
[01m[K/media/muayman17/New/Muhammad/BrightSkies Test/ROS2_BlocksRearrengments/src/CPPsub_BlocksRearrange/src/../include/CPPsub_BlocksRearrange/BFSAlgorithm.h:[m[K In member function ‘[01m[Kstd::vector<StateSpace> BFSAlgorithm::getNextStates(const StateSpace&) const[m[K’:
[01m[K/media/muayman17/New/Muhammad/BrightSkies Test/ROS2_BlocksRearrengments/src/CPPsub_BlocksRearrange/src/../include/CPPsub_BlocksRearrange/BFSAlgorithm.h:38:73:[m[K [01;35m[Kwarning: [m[Kno return statement in function returning non-void [[01;35m[K-Wreturn-type[m[K]
   38 |      vector<StateSpace> getNextStates(const StateSpace &current) const {[01;35m[K}[m[K
      |                                                                         [01;35m[K^[m[K
[01m[K/media/muayman17/New/Muhammad/BrightSkies Test/ROS2_BlocksRearrengments/src/CPPsub_BlocksRearrange/src/../include/CPPsub_BlocksRearrange/BFSAlgorithm.h:38:57:[m[K [01;35m[Kwarning: [m[Kunused parameter ‘[01m[Kcurrent[m[K’ [[01;35m[K-Wunused-parameter[m[K]
   38 |      vector<StateSpace> getNextStates([01;35m[Kconst StateSpace &current[m[K) const {}
      |                                       [01;35m[K~~~~~~~~~~~~~~~~~~^~~~~~~[m[K
[01m[K/media/muayman17/New/Muhammad/BrightSkies Test/ROS2_BlocksRearrengments/src/CPPsub_BlocksRearrange/src/../include/CPPsub_BlocksRearrange/BFSAlgorithm.h:[m[K In member function ‘[01m[Kvoid BFSAlgorithm::countMatches(StateSpace&)[m[K’:
[01m[K/media/muayman17/New/Muhammad/BrightSkies Test/ROS2_BlocksRearrengments/src/CPPsub_BlocksRearrange/src/../include/CPPsub_BlocksRearrange/BFSAlgorithm.h:41:36:[m[K [01;35m[Kwarning: [m[Kunused parameter ‘[01m[Kcurrent[m[K’ [[01;35m[K-Wunused-parameter[m[K]
   41 |      void countMatches([01;35m[KStateSpace &current[m[K) {}
      |                        [01;35m[K~~~~~~~~~~~~^~~~~~~[m[K
[01m[K/media/muayman17/New/Muhammad/BrightSkies Test/ROS2_BlocksRearrengments/src/CPPsub_BlocksRearrange/src/../include/CPPsub_BlocksRearrange/BFSAlgorithm.h:[m[K In member function ‘[01m[KMoves BFSAlgorithm::BFS_Algorithm()[m[K’:
[01m[K/media/muayman17/New/Muhammad/BrightSkies Test/ROS2_BlocksRearrengments/src/CPPsub_BlocksRearrange/src/../include/CPPsub_BlocksRearrange/BFSAlgorithm.h:44:29:[m[K [01;35m[Kwarning: [m[Kno return statement in function returning non-void [[01;35m[K-Wreturn-type[m[K]
   44 |      Moves BFS_Algorithm() {[01;35m[K}[m[K
      |                             [01;35m[K^[m[K
[01m[K/media/muayman17/New/Muhammad/BrightSkies Test/ROS2_BlocksRearrengments/src/CPPsub_BlocksRearrange/src/BFSAlgorithm.cpp:[m[K At global scope:
[01m[K/media/muayman17/New/Muhammad/BrightSkies Test/ROS2_BlocksRearrengments/src/CPPsub_BlocksRearrange/src/BFSAlgorithm.cpp:21:1:[m[K [01;31m[Kerror: [m[Kredefinition of ‘[01m[KBFSAlgorithm::BFSAlgorithm(std::string)[m[K’
   21 | [01;31m[KBFSAlgorithm[m[K::BFSAlgorithm(string pub_msg)
      | [01;31m[K^~~~~~~~~~~~[m[K
In file included from [01m[K/media/muayman17/New/Muhammad/BrightSkies Test/ROS2_BlocksRearrengments/src/CPPsub_BlocksRearrange/src/BFSAlgorithm.cpp:9[m[K:
[01m[K/media/muayman17/New/Muhammad/BrightSkies Test/ROS2_BlocksRearrengments/src/CPPsub_BlocksRearrange/src/../include/CPPsub_BlocksRearrange/BFSAlgorithm.h:26:6:[m[K [01;36m[Knote: [m[K‘[01m[KBFSAlgorithm::BFSAlgorithm(std::string)[m[K’ previously defined here
   26 |      [01;36m[KBFSAlgorithm[m[K(string pub_msg) {}
      |      [01;36m[K^~~~~~~~~~~~[m[K
[01m[K/media/muayman17/New/Muhammad/BrightSkies Test/ROS2_BlocksRearrengments/src/CPPsub_BlocksRearrange/src/BFSAlgorithm.cpp:55:16:[m[K [01;31m[Kerror: [m[Kredefinition of ‘[01m[Kstd::vector<std::__cxx11::basic_string<char> > BFSAlgorithm::StringToVector(std::string, char)[m[K’
   55 | vector<string> [01;31m[KBFSAlgorithm[m[K::StringToVector(string pub_msg, char delim)
      |                [01;31m[K^~~~~~~~~~~~[m[K
In file included from [01m[K/media/muayman17/New/Muhammad/BrightSkies Test/ROS2_BlocksRearrengments/src/CPPsub_BlocksRearrange/src/BFSAlgorithm.cpp:9[m[K:
[01m[K/media/muayman17/New/Muhammad/BrightSkies Test/ROS2_BlocksRearrengments/src/CPPsub_BlocksRearrange/src/../include/CPPsub_BlocksRearrange/BFSAlgorithm.h:29:21:[m[K [01;36m[Knote: [m[K‘[01m[Kstd::vector<std::__cxx11::basic_string<char> > BFSAlgorithm::StringToVector(std::string, char)[m[K’ previously defined here
   29 |      vector<string> [01;36m[KStringToVector[m[K(string pub_msg, char delim) {}
      |                     [01;36m[K^~~~~~~~~~~~~~[m[K
[01m[K/media/muayman17/New/Muhammad/BrightSkies Test/ROS2_BlocksRearrengments/src/CPPsub_BlocksRearrange/src/BFSAlgorithm.cpp:63:2:[m[K [01;35m[Kwarning: [m[Kextra ‘[01m[K;[m[K’ [[01;35m[K-Wpedantic[m[K]
   63 | }[01;35m[K;[m[K
      |  [01;35m[K^[m[K
[01m[K/media/muayman17/New/Muhammad/BrightSkies Test/ROS2_BlocksRearrengments/src/CPPsub_BlocksRearrange/src/BFSAlgorithm.cpp:66:8:[m[K [01;31m[Kerror: [m[Kredefinition of ‘[01m[Kstd::string BFSAlgorithm::VectorToString(const State&) const[m[K’
   66 | string [01;31m[KBFSAlgorithm[m[K::VectorToString(const State &state) const
      |        [01;31m[K^~~~~~~~~~~~[m[K
In file included from [01m[K/media/muayman17/New/Muhammad/BrightSkies Test/ROS2_BlocksRearrengments/src/CPPsub_BlocksRearrange/src/BFSAlgorithm.cpp:9[m[K:
[01m[K/media/muayman17/New/Muhammad/BrightSkies Test/ROS2_BlocksRearrengments/src/CPPsub_BlocksRearrange/src/../include/CPPsub_BlocksRearrange/BFSAlgorithm.h:32:13:[m[K [01;36m[Knote: [m[K‘[01m[Kstd::string BFSAlgorithm::VectorToString(const State&) const[m[K’ previously defined here
   32 |      string [01;36m[KVectorToString[m[K(const State &state) const {}
      |             [01;36m[K^~~~~~~~~~~~~~[m[K
[01m[K/media/muayman17/New/Muhammad/BrightSkies Test/ROS2_BlocksRearrengments/src/CPPsub_BlocksRearrange/src/BFSAlgorithm.cpp:76:2:[m[K [01;35m[Kwarning: [m[Kextra ‘[01m[K;[m[K’ [[01;35m[K-Wpedantic[m[K]
   76 | }[01;35m[K;[m[K
      |  [01;35m[K^[m[K
[01m[K/media/muayman17/New/Muhammad/BrightSkies Test/ROS2_BlocksRearrengments/src/CPPsub_BlocksRearrange/src/BFSAlgorithm.cpp:79:6:[m[K [01;31m[Kerror: [m[Kredefinition of ‘[01m[Kbool BFSAlgorithm::IsGoal(const State&) const[m[K’
   79 | bool [01;31m[KBFSAlgorithm[m[K::IsGoal(const State &current) const
      |      [01;31m[K^~~~~~~~~~~~[m[K
In file included from [01m[K/media/muayman17/New/Muhammad/BrightSkies Test/ROS2_BlocksRearrengments/src/CPPsub_BlocksRearrange/src/BFSAlgorithm.cpp:9[m[K:
[01m[K/media/muayman17/New/Muhammad/BrightSkies Test/ROS2_BlocksRearrengments/src/CPPsub_BlocksRearrange/src/../include/CPPsub_BlocksRearrange/BFSAlgorithm.h:35:11:[m[K [01;36m[Knote: [m[K‘[01m[Kbool BFSAlgorithm::IsGoal(const State&) const[m[K’ previously defined here
   35 |      bool [01;36m[KIsGoal[m[K(const State &current) const {}
      |           [01;36m[K^~~~~~[m[K
[01m[K/media/muayman17/New/Muhammad/BrightSkies Test/ROS2_BlocksRearrengments/src/CPPsub_BlocksRearrange/src/BFSAlgorithm.cpp:94:2:[m[K [01;35m[Kwarning: [m[Kextra ‘[01m[K;[m[K’ [[01;35m[K-Wpedantic[m[K]
   94 | }[01;35m[K;[m[K
      |  [01;35m[K^[m[K
[01m[K/media/muayman17/New/Muhammad/BrightSkies Test/ROS2_BlocksRearrengments/src/CPPsub_BlocksRearrange/src/BFSAlgorithm.cpp:97:20:[m[K [01;31m[Kerror: [m[Kredefinition of ‘[01m[Kstd::vector<StateSpace> BFSAlgorithm::getNextStates(const StateSpace&) const[m[K’
   97 | vector<StateSpace> [01;31m[KBFSAlgorithm[m[K::getNextStates(const StateSpace &current) const
      |                    [01;31m[K^~~~~~~~~~~~[m[K
In file included from [01m[K/media/muayman17/New/Muhammad/BrightSkies Test/ROS2_BlocksRearrengments/src/CPPsub_BlocksRearrange/src/BFSAlgorithm.cpp:9[m[K:
[01m[K/media/muayman17/New/Muhammad/BrightSkies Test/ROS2_BlocksRearrengments/src/CPPsub_BlocksRearrange/src/../include/CPPsub_BlocksRearrange/BFSAlgorithm.h:38:25:[m[K [01;36m[Knote: [m[K‘[01m[Kstd::vector<StateSpace> BFSAlgorithm::getNextStates(const StateSpace&) const[m[K’ previously defined here
   38 |      vector<StateSpace> [01;36m[KgetNextStates[m[K(const StateSpace &current) const {}
      |                         [01;36m[K^~~~~~~~~~~~~[m[K
[01m[K/media/muayman17/New/Muhammad/BrightSkies Test/ROS2_BlocksRearrengments/src/CPPsub_BlocksRearrange/src/BFSAlgorithm.cpp:152:2:[m[K [01;35m[Kwarning: [m[Kextra ‘[01m[K;[m[K’ [[01;35m[K-Wpedantic[m[K]
  152 | }[01;35m[K;[m[K
      |  [01;35m[K^[m[K
[01m[K/media/muayman17/New/Muhammad/BrightSkies Test/ROS2_BlocksRearrengments/src/CPPsub_BlocksRearrange/src/BFSAlgorithm.cpp:155:6:[m[K [01;31m[Kerror: [m[Kredefinition of ‘[01m[Kvoid BFSAlgorithm::countMatches(StateSpace&)[m[K’
  155 | void [01;31m[KBFSAlgorithm[m[K::countMatches(StateSpace &current)
      |      [01;31m[K^~~~~~~~~~~~[m[K
In file included from [01m[K/media/muayman17/New/Muhammad/BrightSkies Test/ROS2_BlocksRearrengments/src/CPPsub_BlocksRearrange/src/BFSAlgorithm.cpp:9[m[K:
[01m[K/media/muayman17/New/Muhammad/BrightSkies Test/ROS2_BlocksRearrengments/src/CPPsub_BlocksRearrange/src/../include/CPPsub_BlocksRearrange/BFSAlgorithm.h:41:11:[m[K [01;36m[Knote: [m[K‘[01m[Kvoid BFSAlgorithm::countMatches(StateSpace&)[m[K’ previously defined here
   41 |      void [01;36m[KcountMatches[m[K(StateSpace &current) {}
      |           [01;36m[K^~~~~~~~~~~~[m[K
[01m[K/media/muayman17/New/Muhammad/BrightSkies Test/ROS2_BlocksRearrengments/src/CPPsub_BlocksRearrange/src/BFSAlgorithm.cpp:185:2:[m[K [01;35m[Kwarning: [m[Kextra ‘[01m[K;[m[K’ [[01;35m[K-Wpedantic[m[K]
  185 | }[01;35m[K;[m[K
      |  [01;35m[K^[m[K
[01m[K/media/muayman17/New/Muhammad/BrightSkies Test/ROS2_BlocksRearrengments/src/CPPsub_BlocksRearrange/src/BFSAlgorithm.cpp:188:7:[m[K [01;31m[Kerror: [m[Kredefinition of ‘[01m[KMoves BFSAlgorithm::BFS_Algorithm()[m[K’
  188 | Moves [01;31m[KBFSAlgorithm[m[K::BFS_Algorithm()
      |       [01;31m[K^~~~~~~~~~~~[m[K
In file included from [01m[K/media/muayman17/New/Muhammad/BrightSkies Test/ROS2_BlocksRearrengments/src/CPPsub_BlocksRearrange/src/BFSAlgorithm.cpp:9[m[K:
[01m[K/media/muayman17/New/Muhammad/BrightSkies Test/ROS2_BlocksRearrengments/src/CPPsub_BlocksRearrange/src/../include/CPPsub_BlocksRearrange/BFSAlgorithm.h:44:12:[m[K [01;36m[Knote: [m[K‘[01m[KMoves BFSAlgorithm::BFS_Algorithm()[m[K’ previously defined here
   44 |      Moves [01;36m[KBFS_Algorithm[m[K() {}
      |            [01;36m[K^~~~~~~~~~~~~[m[K
[01m[K/media/muayman17/New/Muhammad/BrightSkies Test/ROS2_BlocksRearrengments/src/CPPsub_BlocksRearrange/src/BFSAlgorithm.cpp:222:2:[m[K [01;35m[Kwarning: [m[Kextra ‘[01m[K;[m[K’ [[01;35m[K-Wpedantic[m[K]
  222 | }[01;35m[K;[m[K
      |  [01;35m[K^[m[K
[01m[K/media/muayman17/New/Muhammad/BrightSkies Test/ROS2_BlocksRearrengments/src/CPPsub_BlocksRearrange/src/BFSAlgorithm.cpp:225:6:[m[K [01;31m[Kerror: [m[Kredefinition of ‘[01m[Kvoid BFSAlgorithm::compare()[m[K’
  225 | void [01;31m[KBFSAlgorithm[m[K::compare()
      |      [01;31m[K^~~~~~~~~~~~[m[K
In file included from [01m[K/media/muayman17/New/Muhammad/BrightSkies Test/ROS2_BlocksRearrengments/src/CPPsub_BlocksRearrange/src/BFSAlgorithm.cpp:9[m[K:
[01m[K/media/muayman17/New/Muhammad/BrightSkies Test/ROS2_BlocksRearrengments/src/CPPsub_BlocksRearrange/src/../include/CPPsub_BlocksRearrange/BFSAlgorithm.h:47:11:[m[K [01;36m[Knote: [m[K‘[01m[Kvoid BFSAlgorithm::compare()[m[K’ previously defined here
   47 |      void [01;36m[Kcompare[m[K() {}
      |           [01;36m[K^~~~~~~[m[K
In file included from [01m[K/media/muayman17/New/Muhammad/BrightSkies Test/ROS2_BlocksRearrengments/src/CPPsub_BlocksRearrange/src/StateSpace.cpp:10[m[K:
[01m[K/media/muayman17/New/Muhammad/BrightSkies Test/ROS2_BlocksRearrengments/src/CPPsub_BlocksRearrange/src/../include/CPPsub_BlocksRearrange/StateSpace.h:[m[K In constructor ‘[01m[KStateSpace::StateSpace(State)[m[K’:
[01m[K/media/muayman17/New/Muhammad/BrightSkies Test/ROS2_BlocksRearrengments/src/CPPsub_BlocksRearrange/src/../include/CPPsub_BlocksRearrange/StateSpace.h:33:23:[m[K [01;35m[Kwarning: [m[Kunused parameter ‘[01m[Ks[m[K’ [[01;35m[K-Wunused-parameter[m[K]
   33 |      StateSpace([01;35m[KState s[m[K) {}
      |                 [01;35m[K~~~~~~^[m[K
[01m[K/media/muayman17/New/Muhammad/BrightSkies Test/ROS2_BlocksRearrengments/src/CPPsub_BlocksRearrange/src/../include/CPPsub_BlocksRearrange/StateSpace.h:[m[K In constructor ‘[01m[KStateSpace::StateSpace(State, Moves)[m[K’:
[01m[K/media/muayman17/New/Muhammad/BrightSkies Test/ROS2_BlocksRearrengments/src/CPPsub_BlocksRearrange/src/../include/CPPsub_BlocksRearrange/StateSpace.h:34:23:[m[K [01;35m[Kwarning: [m[Kunused parameter ‘[01m[Ks[m[K’ [[01;35m[K-Wunused-parameter[m[K]
   34 |      StateSpace([01;35m[KState s[m[K, Moves m) {}
      |                 [01;35m[K~~~~~~^[m[K
[01m[K/media/muayman17/New/Muhammad/BrightSkies Test/ROS2_BlocksRearrengments/src/CPPsub_BlocksRearrange/src/../include/CPPsub_BlocksRearrange/StateSpace.h:34:32:[m[K [01;35m[Kwarning: [m[Kunused parameter ‘[01m[Km[m[K’ [[01;35m[K-Wunused-parameter[m[K]
   34 |      StateSpace(State s, [01;35m[KMoves m[m[K) {}
      |                          [01;35m[K~~~~~~^[m[K
[01m[K/media/muayman17/New/Muhammad/BrightSkies Test/ROS2_BlocksRearrengments/src/CPPsub_BlocksRearrange/src/../include/CPPsub_BlocksRearrange/StateSpace.h:[m[K In constructor ‘[01m[KStateSpace::StateSpace(State, Moves, int)[m[K’:
[01m[K/media/muayman17/New/Muhammad/BrightSkies Test/ROS2_BlocksRearrengments/src/CPPsub_BlocksRearrange/src/../include/CPPsub_BlocksRearrange/StateSpace.h:35:23:[m[K [01;35m[Kwarning: [m[Kunused parameter ‘[01m[Ks[m[K’ [[01;35m[K-Wunused-parameter[m[K]
   35 |      StateSpace([01;35m[KState s[m[K, Moves m, int f) {}
      |                 [01;35m[K~~~~~~^[m[K
[01m[K/media/muayman17/New/Muhammad/BrightSkies Test/ROS2_BlocksRearrengments/src/CPPsub_BlocksRearrange/src/../include/CPPsub_BlocksRearrange/StateSpace.h:35:32:[m[K [01;35m[Kwarning: [m[Kunused parameter ‘[01m[Km[m[K’ [[01;35m[K-Wunused-parameter[m[K]
   35 |      StateSpace(State s, [01;35m[KMoves m[m[K, int f) {}
      |                          [01;35m[K~~~~~~^[m[K
[01m[K/media/muayman17/New/Muhammad/BrightSkies Test/ROS2_BlocksRearrengments/src/CPPsub_BlocksRearrange/src/../include/CPPsub_BlocksRearrange/StateSpace.h:35:39:[m[K [01;35m[Kwarning: [m[Kunused parameter ‘[01m[Kf[m[K’ [[01;35m[K-Wunused-parameter[m[K]
   35 |      StateSpace(State s, Moves m, [01;35m[Kint f[m[K) {}
      |                                   [01;35m[K~~~~^[m[K
[01m[K/media/muayman17/New/Muhammad/BrightSkies Test/ROS2_BlocksRearrengments/src/CPPsub_BlocksRearrange/src/../include/CPPsub_BlocksRearrange/StateSpace.h:[m[K In member function ‘[01m[Kvoid StateSpace::setState(State)[m[K’:
[01m[K/media/muayman17/New/Muhammad/BrightSkies Test/ROS2_BlocksRearrengments/src/CPPsub_BlocksRearrange/src/../include/CPPsub_BlocksRearrange/StateSpace.h:38:26:[m[K [01;35m[Kwarning: [m[Kunused parameter ‘[01m[Ks[m[K’ [[01;35m[K-Wunused-parameter[m[K]
   38 |      void setState([01;35m[KState s[m[K) {};
      |                    [01;35m[K~~~~~~^[m[K
[01m[K/media/muayman17/New/Muhammad/BrightSkies Test/ROS2_BlocksRearrengments/src/CPPsub_BlocksRearrange/src/../include/CPPsub_BlocksRearrange/StateSpace.h:[m[K In member function ‘[01m[Kvoid StateSpace::setMoves(Moves)[m[K’:
[01m[K/media/muayman17/New/Muhammad/BrightSkies Test/ROS2_BlocksRearrengments/src/CPPsub_BlocksRearrange/src/../include/CPPsub_BlocksRearrange/StateSpace.h:39:26:[m[K [01;35m[Kwarning: [m[Kunused parameter ‘[01m[Km[m[K’ [[01;35m[K-Wunused-parameter[m[K]
   39 |      void setMoves([01;35m[KMoves m[m[K) {};
      |                    [01;35m[K~~~~~~^[m[K
[01m[K/media/muayman17/New/Muhammad/BrightSkies Test/ROS2_BlocksRearrengments/src/CPPsub_BlocksRearrange/src/../include/CPPsub_BlocksRearrange/StateSpace.h:[m[K In member function ‘[01m[Kvoid StateSpace::setFixedCount(int)[m[K’:
[01m[K/media/muayman17/New/Muhammad/BrightSkies Test/ROS2_BlocksRearrengments/src/CPPsub_BlocksRearrange/src/../include/CPPsub_BlocksRearrange/StateSpace.h:40:29:[m[K [01;35m[Kwarning: [m[Kunused parameter ‘[01m[Kf[m[K’ [[01;35m[K-Wunused-parameter[m[K]
   40 |      void setFixedCount([01;35m[Kint f[m[K) {};
      |                         [01;35m[K~~~~^[m[K
[01m[K/media/muayman17/New/Muhammad/BrightSkies Test/ROS2_BlocksRearrengments/src/CPPsub_BlocksRearrange/src/../include/CPPsub_BlocksRearrange/StateSpace.h:[m[K In member function ‘[01m[KState StateSpace::getState() const[m[K’:
[01m[K/media/muayman17/New/Muhammad/BrightSkies Test/ROS2_BlocksRearrengments/src/CPPsub_BlocksRearrange/src/../include/CPPsub_BlocksRearrange/StateSpace.h:43:30:[m[K [01;35m[Kwarning: [m[Kno return statement in function returning non-void [[01;35m[K-Wreturn-type[m[K]
   43 |      State getState() const {[01;35m[K}[m[K;
      |                              [01;35m[K^[m[K
[01m[K/media/muayman17/New/Muhammad/BrightSkies Test/ROS2_BlocksRearrengments/src/CPPsub_BlocksRearrange/src/../include/CPPsub_BlocksRearrange/StateSpace.h:[m[K In member function ‘[01m[KMoves StateSpace::getMoves() const[m[K’:
[01m[K/media/muayman17/New/Muhammad/BrightSkies Test/ROS2_BlocksRearrengments/src/CPPsub_BlocksRearrange/src/../include/CPPsub_BlocksRearrange/StateSpace.h:44:30:[m[K [01;35m[Kwarning: [m[Kno return statement in function returning non-void [[01;35m[K-Wreturn-type[m[K]
   44 |      Moves getMoves() const {[01;35m[K}[m[K;
      |                              [01;35m[K^[m[K
[01m[K/media/muayman17/New/Muhammad/BrightSkies Test/ROS2_BlocksRearrengments/src/CPPsub_BlocksRearrange/src/../include/CPPsub_BlocksRearrange/StateSpace.h:[m[K In member function ‘[01m[Kint StateSpace::getFixedCount() const[m[K’:
[01m[K/media/muayman17/New/Muhammad/BrightSkies Test/ROS2_BlocksRearrengments/src/CPPsub_BlocksRearrange/src/../include/CPPsub_BlocksRearrange/StateSpace.h:45:33:[m[K [01;35m[Kwarning: [m[Kno return statement in function returning non-void [[01;35m[K-Wreturn-type[m[K]
   45 |      int getFixedCount() const {[01;35m[K}[m[K;
      |                                 [01;35m[K^[m[K
[01m[K/media/muayman17/New/Muhammad/BrightSkies Test/ROS2_BlocksRearrengments/src/CPPsub_BlocksRearrange/src/../include/CPPsub_BlocksRearrange/StateSpace.h:[m[K In member function ‘[01m[Kbool StateSpace::operator<(const StateSpace&) const[m[K’:
[01m[K/media/muayman17/New/Muhammad/BrightSkies Test/ROS2_BlocksRearrengments/src/CPPsub_BlocksRearrange/src/../include/CPPsub_BlocksRearrange/StateSpace.h:48:53:[m[K [01;35m[Kwarning: [m[Kno return statement in function returning non-void [[01;35m[K-Wreturn-type[m[K]
   48 |      bool operator<(const StateSpace &other) const {[01;35m[K}[m[K;
      |                                                     [01;35m[K^[m[K
[01m[K/media/muayman17/New/Muhammad/BrightSkies Test/ROS2_BlocksRearrengments/src/CPPsub_BlocksRearrange/src/../include/CPPsub_BlocksRearrange/StateSpace.h:48:39:[m[K [01;35m[Kwarning: [m[Kunused parameter ‘[01m[Kother[m[K’ [[01;35m[K-Wunused-parameter[m[K]
   48 |      bool operator<([01;35m[Kconst StateSpace &other[m[K) const {};
      |                     [01;35m[K~~~~~~~~~~~~~~~~~~^~~~~[m[K
[01m[K/media/muayman17/New/Muhammad/BrightSkies Test/ROS2_BlocksRearrengments/src/CPPsub_BlocksRearrange/src/StateSpace.cpp:[m[K At global scope:
[01m[K/media/muayman17/New/Muhammad/BrightSkies Test/ROS2_BlocksRearrengments/src/CPPsub_BlocksRearrange/src/StateSpace.cpp:16:1:[m[K [01;31m[Kerror: [m[Kredefinition of ‘[01m[KStateSpace::StateSpace()[m[K’
   16 | [01;31m[KStateSpace[m[K::StateSpace() : state({}), move({}), fixedCount(0) {}
      | [01;31m[K^~~~~~~~~~[m[K
In file included from [01m[K/media/muayman17/New/Muhammad/BrightSkies Test/ROS2_BlocksRearrengments/src/CPPsub_BlocksRearrange/src/StateSpace.cpp:10[m[K:
[01m[K/media/muayman17/New/Muhammad/BrightSkies Test/ROS2_BlocksRearrengments/src/CPPsub_BlocksRearrange/src/../include/CPPsub_BlocksRearrange/StateSpace.h:32:6:[m[K [01;36m[Knote: [m[K‘[01m[KStateSpace::StateSpace()[m[K’ previously defined here
   32 |      [01;36m[KStateSpace[m[K() {}
      |      [01;36m[K^~~~~~~~~~[m[K
[01m[K/media/muayman17/New/Muhammad/BrightSkies Test/ROS2_BlocksRearrengments/src/CPPsub_BlocksRearrange/src/StateSpace.cpp:16:36:[m[K [01;31m[Kerror: [m[Kexpected unqualified-id before ‘[01m[K)[m[K’ token
   16 | StateSpace::StateSpace() : state({}[01;31m[K)[m[K, move({}), fixedCount(0) {}
      |                                    [01;31m[K^[m[K
[01m[K/media/muayman17/New/Muhammad/BrightSkies Test/ROS2_BlocksRearrengments/src/CPPsub_BlocksRearrange/src/StateSpace.cpp:16:46:[m[K [01;31m[Kerror: [m[Kexpected unqualified-id before ‘[01m[K)[m[K’ token
   16 | StateSpace::StateSpace() : state({}), move({}[01;31m[K)[m[K, fixedCount(0) {}
      |                                              [01;31m[K^[m[K
[01m[K/media/muayman17/New/Muhammad/BrightSkies Test/ROS2_BlocksRearrengments/src/CPPsub_BlocksRearrange/src/StateSpace.cpp:17:1:[m[K [01;31m[Kerror: [m[Kredefinition of ‘[01m[KStateSpace::StateSpace(State)[m[K’
   17 | [01;31m[KStateSpace[m[K::StateSpace(State s) : state(s), move({}), fixedCount(0) {}
      | [01;31m[K^~~~~~~~~~[m[K
In file included from [01m[K/media/muayman17/New/Muhammad/BrightSkies Test/ROS2_BlocksRearrengments/src/CPPsub_BlocksRearrange/src/StateSpace.cpp:10[m[K:
[01m[K/media/muayman17/New/Muhammad/BrightSkies Test/ROS2_BlocksRearrengments/src/CPPsub_BlocksRearrange/src/../include/CPPsub_BlocksRearrange/StateSpace.h:33:6:[m[K [01;36m[Knote: [m[K‘[01m[KStateSpace::StateSpace(State)[m[K’ previously defined here
   33 |      [01;36m[KStateSpace[m[K(State s) {}
      |      [01;36m[K^~~~~~~~~~[m[K
[01m[K/media/muayman17/New/Muhammad/BrightSkies Test/ROS2_BlocksRearrengments/src/CPPsub_BlocksRearrange/src/StateSpace.cpp:17:52:[m[K [01;31m[Kerror: [m[Kexpected unqualified-id before ‘[01m[K)[m[K’ token
   17 | StateSpace::StateSpace(State s) : state(s), move({}[01;31m[K)[m[K, fixedCount(0) {}
      |                                                    [01;31m[K^[m[K
[01m[K/media/muayman17/New/Muhammad/BrightSkies Test/ROS2_BlocksRearrengments/src/CPPsub_BlocksRearrange/src/StateSpace.cpp:18:1:[m[K [01;31m[Kerror: [m[Kredefinition of ‘[01m[KStateSpace::StateSpace(State, Moves)[m[K’
   18 | [01;31m[KStateSpace[m[K::StateSpace(State s, Moves m) : state(s), move(m), fixedCount(0) {}
      | [01;31m[K^~~~~~~~~~[m[K
In file included from [01m[K/media/muayman17/New/Muhammad/BrightSkies Test/ROS2_BlocksRearrengments/src/CPPsub_BlocksRearrange/src/StateSpace.cpp:10[m[K:
[01m[K/media/muayman17/New/Muhammad/BrightSkies Test/ROS2_BlocksRearrengments/src/CPPsub_BlocksRearrange/src/../include/CPPsub_BlocksRearrange/StateSpace.h:34:6:[m[K [01;36m[Knote: [m[K‘[01m[KStateSpace::StateSpace(State, Moves)[m[K’ previously defined here
   34 |      [01;36m[KStateSpace[m[K(State s, Moves m) {}
      |      [01;36m[K^~~~~~~~~~[m[K
[01m[K/media/muayman17/New/Muhammad/BrightSkies Test/ROS2_BlocksRearrengments/src/CPPsub_BlocksRearrange/src/StateSpace.cpp:19:1:[m[K [01;31m[Kerror: [m[Kredefinition of ‘[01m[KStateSpace::StateSpace(State, Moves, int)[m[K’
   19 | [01;31m[KStateSpace[m[K::StateSpace(State s, Moves m, int f) : state(s), move(m), fixedCount(f) {}
      | [01;31m[K^~~~~~~~~~[m[K
In file included from [01m[K/media/muayman17/New/Muhammad/BrightSkies Test/ROS2_BlocksRearrengments/src/CPPsub_BlocksRearrange/src/StateSpace.cpp:10[m[K:
[01m[K/media/muayman17/New/Muhammad/BrightSkies Test/ROS2_BlocksRearrengments/src/CPPsub_BlocksRearrange/src/../include/CPPsub_BlocksRearrange/StateSpace.h:35:6:[m[K [01;36m[Knote: [m[K‘[01m[KStateSpace::StateSpace(State, Moves, int)[m[K’ previously defined here
   35 |      [01;36m[KStateSpace[m[K(State s, Moves m, int f) {}
      |      [01;36m[K^~~~~~~~~~[m[K
[01m[K/media/muayman17/New/Muhammad/BrightSkies Test/ROS2_BlocksRearrengments/src/CPPsub_BlocksRearrange/src/StateSpace.cpp:22:6:[m[K [01;31m[Kerror: [m[Kredefinition of ‘[01m[Kvoid StateSpace::setState(State)[m[K’
   22 | void [01;31m[KStateSpace[m[K::setState(State s) { state = s; };
      |      [01;31m[K^~~~~~~~~~[m[K
In file included from [01m[K/media/muayman17/New/Muhammad/BrightSkies Test/ROS2_BlocksRearrengments/src/CPPsub_BlocksRearrange/src/StateSpace.cpp:10[m[K:
[01m[K/media/muayman17/New/Muhammad/BrightSkies Test/ROS2_BlocksRearrengments/src/CPPsub_BlocksRearrange/src/../include/CPPsub_BlocksRearrange/StateSpace.h:38:11:[m[K [01;36m[Knote: [m[K‘[01m[Kvoid StateSpace::setState(State)[m[K’ previously defined here
   38 |      void [01;36m[KsetState[m[K(State s) {};
      |           [01;36m[K^~~~~~~~[m[K
[01m[K/media/muayman17/New/Muhammad/BrightSkies Test/ROS2_BlocksRearrengments/src/CPPsub_BlocksRearrange/src/StateSpace.cpp:22:50:[m[K [01;35m[Kwarning: [m[Kextra ‘[01m[K;[m[K’ [[01;35m[K-Wpedantic[m[K]
   22 | void StateSpace::setState(State s) { state = s; }[01;35m[K;[m[K
      |                                                  [01;35m[K^[m[K
[01m[K/media/muayman17/New/Muhammad/BrightSkies Test/ROS2_BlocksRearrengments/src/CPPsub_BlocksRearrange/src/StateSpace.cpp:23:6:[m[K [01;31m[Kerror: [m[Kredefinition of ‘[01m[Kvoid StateSpace::setMoves(Moves)[m[K’
   23 | void [01;31m[KStateSpace[m[K::setMoves(Moves m) { move = m; };
      |      [01;31m[K^~~~~~~~~~[m[K
In file included from [01m[K/media/muayman17/New/Muhammad/BrightSkies Test/ROS2_BlocksRearrengments/src/CPPsub_BlocksRearrange/src/StateSpace.cpp:10[m[K:
[01m[K/media/muayman17/New/Muhammad/BrightSkies Test/ROS2_BlocksRearrengments/src/CPPsub_BlocksRearrange/src/../include/CPPsub_BlocksRearrange/StateSpace.h:39:11:[m[K [01;36m[Knote: [m[K‘[01m[Kvoid StateSpace::setMoves(Moves)[m[K’ previously defined here
   39 |      void [01;36m[KsetMoves[m[K(Moves m) {};
      |           [01;36m[K^~~~~~~~[m[K
[01m[K/media/muayman17/New/Muhammad/BrightSkies Test/ROS2_BlocksRearrengments/src/CPPsub_BlocksRearrange/src/StateSpace.cpp:23:49:[m[K [01;35m[Kwarning: [m[Kextra ‘[01m[K;[m[K’ [[01;35m[K-Wpedantic[m[K]
   23 | void StateSpace::setMoves(Moves m) { move = m; }[01;35m[K;[m[K
      |                                                 [01;35m[K^[m[K
[01m[K/media/muayman17/New/Muhammad/BrightSkies Test/ROS2_BlocksRearrengments/src/CPPsub_BlocksRearrange/src/StateSpace.cpp:24:6:[m[K [01;31m[Kerror: [m[Kredefinition of ‘[01m[Kvoid StateSpace::setFixedCount(int)[m[K’
   24 | void [01;31m[KStateSpace[m[K::setFixedCount(int f) { fixedCount = f; };
      |      [01;31m[K^~~~~~~~~~[m[K
In file included from [01m[K/media/muayman17/New/Muhammad/BrightSkies Test/ROS2_BlocksRearrengments/src/CPPsub_BlocksRearrange/src/StateSpace.cpp:10[m[K:
[01m[K/media/muayman17/New/Muhammad/BrightSkies Test/ROS2_BlocksRearrengments/src/CPPsub_BlocksRearrange/src/../include/CPPsub_BlocksRearrange/StateSpace.h:40:11:[m[K [01;36m[Knote: [m[K‘[01m[Kvoid StateSpace::setFixedCount(int)[m[K’ previously defined here
   40 |      void [01;36m[KsetFixedCount[m[K(int f) {};
      |           [01;36m[K^~~~~~~~~~~~~[m[K
[01m[K/media/muayman17/New/Muhammad/BrightSkies Test/ROS2_BlocksRearrengments/src/CPPsub_BlocksRearrange/src/StateSpace.cpp:24:58:[m[K [01;35m[Kwarning: [m[Kextra ‘[01m[K;[m[K’ [[01;35m[K-Wpedantic[m[K]
   24 | void StateSpace::setFixedCount(int f) { fixedCount = f; }[01;35m[K;[m[K
      |                                                          [01;35m[K^[m[K
[01m[K/media/muayman17/New/Muhammad/BrightSkies Test/ROS2_BlocksRearrengments/src/CPPsub_BlocksRearrange/src/StateSpace.cpp:27:7:[m[K [01;31m[Kerror: [m[Kredefinition of ‘[01m[KState StateSpace::getState() const[m[K’
   27 | State [01;31m[KStateSpace[m[K::getState() const { return state; };
      |       [01;31m[K^~~~~~~~~~[m[K
In file included from [01m[K/media/muayman17/New/Muhammad/BrightSkies Test/ROS2_BlocksRearrengments/src/CPPsub_BlocksRearrange/src/StateSpace.cpp:10[m[K:
[01m[K/media/muayman17/New/Muhammad/BrightSkies Test/ROS2_BlocksRearrengments/src/CPPsub_BlocksRearrange/src/../include/CPPsub_BlocksRearrange/StateSpace.h:43:12:[m[K [01;36m[Knote: [m[K‘[01m[KState StateSpace::getState() const[m[K’ previously defined here
   43 |      State [01;36m[KgetState[m[K() const {};
      |            [01;36m[K^~~~~~~~[m[K
[01m[K/media/muayman17/New/Muhammad/BrightSkies Test/ROS2_BlocksRearrengments/src/CPPsub_BlocksRearrange/src/StateSpace.cpp:27:53:[m[K [01;35m[Kwarning: [m[Kextra ‘[01m[K;[m[K’ [[01;35m[K-Wpedantic[m[K]
   27 | State StateSpace::getState() const { return state; }[01;35m[K;[m[K
      |                                                     [01;35m[K^[m[K
[01m[K/media/muayman17/New/Muhammad/BrightSkies Test/ROS2_BlocksRearrengments/src/CPPsub_BlocksRearrange/src/StateSpace.cpp:28:7:[m[K [01;31m[Kerror: [m[Kredefinition of ‘[01m[KMoves StateSpace::getMoves() const[m[K’
   28 | Moves [01;31m[KStateSpace[m[K::getMoves() const { return move; };
      |       [01;31m[K^~~~~~~~~~[m[K
In file included from [01m[K/media/muayman17/New/Muhammad/BrightSkies Test/ROS2_BlocksRearrengments/src/CPPsub_BlocksRearrange/src/StateSpace.cpp:10[m[K:
[01m[K/media/muayman17/New/Muhammad/BrightSkies Test/ROS2_BlocksRearrengments/src/CPPsub_BlocksRearrange/src/../include/CPPsub_BlocksRearrange/StateSpace.h:44:12:[m[K [01;36m[Knote: [m[K‘[01m[KMoves StateSpace::getMoves() const[m[K’ previously defined here
   44 |      Moves [01;36m[KgetMoves[m[K() const {};
      |            [01;36m[K^~~~~~~~[m[K
[01m[K/media/muayman17/New/Muhammad/BrightSkies Test/ROS2_BlocksRearrengments/src/CPPsub_BlocksRearrange/src/StateSpace.cpp:28:52:[m[K [01;35m[Kwarning: [m[Kextra ‘[01m[K;[m[K’ [[01;35m[K-Wpedantic[m[K]
   28 | Moves StateSpace::getMoves() const { return move; }[01;35m[K;[m[K
      |                                                    [01;35m[K^[m[K
[01m[K/media/muayman17/New/Muhammad/BrightSkies Test/ROS2_BlocksRearrengments/src/CPPsub_BlocksRearrange/src/StateSpace.cpp:29:5:[m[K [01;31m[Kerror: [m[Kredefinition of ‘[01m[Kint StateSpace::getFixedCount() const[m[K’
   29 | int [01;31m[KStateSpace[m[K::getFixedCount() const { return fixedCount; };
      |     [01;31m[K^~~~~~~~~~[m[K
In file included from [01m[K/media/muayman17/New/Muhammad/BrightSkies Test/ROS2_BlocksRearrengments/src/CPPsub_BlocksRearrange/src/StateSpace.cpp:10[m[K:
[01m[K/media/muayman17/New/Muhammad/BrightSkies Test/ROS2_BlocksRearrengments/src/CPPsub_BlocksRearrange/src/../include/CPPsub_BlocksRearrange/StateSpace.h:45:10:[m[K [01;36m[Knote: [m[K‘[01m[Kint StateSpace::getFixedCount() const[m[K’ previously defined here
   45 |      int [01;36m[KgetFixedCount[m[K() const {};
      |          [01;36m[K^~~~~~~~~~~~~[m[K
[01m[K/media/muayman17/New/Muhammad/BrightSkies Test/ROS2_BlocksRearrengments/src/CPPsub_BlocksRearrange/src/StateSpace.cpp:29:61:[m[K [01;35m[Kwarning: [m[Kextra ‘[01m[K;[m[K’ [[01;35m[K-Wpedantic[m[K]
   29 | int StateSpace::getFixedCount() const { return fixedCount; }[01;35m[K;[m[K
      |                                                             [01;35m[K^[m[K
[01m[K/media/muayman17/New/Muhammad/BrightSkies Test/ROS2_BlocksRearrengments/src/CPPsub_BlocksRearrange/src/StateSpace.cpp:32:6:[m[K [01;31m[Kerror: [m[Kredefinition of ‘[01m[Kbool StateSpace::operator<(const StateSpace&) const[m[K’
   32 | bool [01;31m[KStateSpace[m[K::operator<(const StateSpace &other) const
      |      [01;31m[K^~~~~~~~~~[m[K
In file included from [01m[K/media/muayman17/New/Muhammad/BrightSkies Test/ROS2_BlocksRearrengments/src/CPPsub_BlocksRearrange/src/StateSpace.cpp:10[m[K:
[01m[K/media/muayman17/New/Muhammad/BrightSkies Test/ROS2_BlocksRearrengments/src/CPPsub_BlocksRearrange/src/../include/CPPsub_BlocksRearrange/StateSpace.h:48:11:[m[K [01;36m[Knote: [m[K‘[01m[Kbool StateSpace::operator<(const StateSpace&) const[m[K’ previously defined here
   48 |      bool [01;36m[Koperator[m[K<(const StateSpace &other) const {};
      |           [01;36m[K^~~~~~~~[m[K
[01m[K/media/muayman17/New/Muhammad/BrightSkies Test/ROS2_BlocksRearrengments/src/CPPsub_BlocksRearrange/src/StateSpace.cpp:35:2:[m[K [01;35m[Kwarning: [m[Kextra ‘[01m[K;[m[K’ [[01;35m[K-Wpedantic[m[K]
   35 | }[01;35m[K;[m[K
      |  [01;35m[K^[m[K
make[2]: *** [CMakeFiles/lis.dir/build.make:76: CMakeFiles/lis.dir/src/BFSAlgorithm.cpp.o] Error 1
make[2]: *** Waiting for unfinished jobs....
make[2]: *** [CMakeFiles/lis.dir/build.make:102: CMakeFiles/lis.dir/src/StateSpace.cpp.o] Error 1
In file included from [01m[K/media/muayman17/New/Muhammad/BrightSkies Test/ROS2_BlocksRearrengments/src/CPPsub_BlocksRearrange/src/../include/CPPsub_BlocksRearrange/blockArrangementSub.h:4[m[K,
                 from [01m[K/media/muayman17/New/Muhammad/BrightSkies Test/ROS2_BlocksRearrengments/src/CPPsub_BlocksRearrange/src/CPPsub_BlocksRearrange.cpp:2[m[K:
[01m[K/media/muayman17/New/Muhammad/BrightSkies Test/ROS2_BlocksRearrengments/src/CPPsub_BlocksRearrange/src/../include/CPPsub_BlocksRearrange/StateSpace.h:[m[K In constructor ‘[01m[KStateSpace::StateSpace(State)[m[K’:
[01m[K/media/muayman17/New/Muhammad/BrightSkies Test/ROS2_BlocksRearrengments/src/CPPsub_BlocksRearrange/src/../include/CPPsub_BlocksRearrange/StateSpace.h:33:23:[m[K [01;35m[Kwarning: [m[Kunused parameter ‘[01m[Ks[m[K’ [[01;35m[K-Wunused-parameter[m[K]
   33 |      StateSpace([01;35m[KState s[m[K) {}
      |                 [01;35m[K~~~~~~^[m[K
[01m[K/media/muayman17/New/Muhammad/BrightSkies Test/ROS2_BlocksRearrengments/src/CPPsub_BlocksRearrange/src/../include/CPPsub_BlocksRearrange/StateSpace.h:[m[K In constructor ‘[01m[KStateSpace::StateSpace(State, Moves)[m[K’:
[01m[K/media/muayman17/New/Muhammad/BrightSkies Test/ROS2_BlocksRearrengments/src/CPPsub_BlocksRearrange/src/../include/CPPsub_BlocksRearrange/StateSpace.h:34:23:[m[K [01;35m[Kwarning: [m[Kunused parameter ‘[01m[Ks[m[K’ [[01;35m[K-Wunused-parameter[m[K]
   34 |      StateSpace([01;35m[KState s[m[K, Moves m) {}
      |                 [01;35m[K~~~~~~^[m[K
[01m[K/media/muayman17/New/Muhammad/BrightSkies Test/ROS2_BlocksRearrengments/src/CPPsub_BlocksRearrange/src/../include/CPPsub_BlocksRearrange/StateSpace.h:34:32:[m[K [01;35m[Kwarning: [m[Kunused parameter ‘[01m[Km[m[K’ [[01;35m[K-Wunused-parameter[m[K]
   34 |      StateSpace(State s, [01;35m[KMoves m[m[K) {}
      |                          [01;35m[K~~~~~~^[m[K
[01m[K/media/muayman17/New/Muhammad/BrightSkies Test/ROS2_BlocksRearrengments/src/CPPsub_BlocksRearrange/src/../include/CPPsub_BlocksRearrange/StateSpace.h:[m[K In constructor ‘[01m[KStateSpace::StateSpace(State, Moves, int)[m[K’:
[01m[K/media/muayman17/New/Muhammad/BrightSkies Test/ROS2_BlocksRearrengments/src/CPPsub_BlocksRearrange/src/../include/CPPsub_BlocksRearrange/StateSpace.h:35:23:[m[K [01;35m[Kwarning: [m[Kunused parameter ‘[01m[Ks[m[K’ [[01;35m[K-Wunused-parameter[m[K]
   35 |      StateSpace([01;35m[KState s[m[K, Moves m, int f) {}
      |                 [01;35m[K~~~~~~^[m[K
[01m[K/media/muayman17/New/Muhammad/BrightSkies Test/ROS2_BlocksRearrengments/src/CPPsub_BlocksRearrange/src/../include/CPPsub_BlocksRearrange/StateSpace.h:35:32:[m[K [01;35m[Kwarning: [m[Kunused parameter ‘[01m[Km[m[K’ [[01;35m[K-Wunused-parameter[m[K]
   35 |      StateSpace(State s, [01;35m[KMoves m[m[K, int f) {}
      |                          [01;35m[K~~~~~~^[m[K
[01m[K/media/muayman17/New/Muhammad/BrightSkies Test/ROS2_BlocksRearrengments/src/CPPsub_BlocksRearrange/src/../include/CPPsub_BlocksRearrange/StateSpace.h:35:39:[m[K [01;35m[Kwarning: [m[Kunused parameter ‘[01m[Kf[m[K’ [[01;35m[K-Wunused-parameter[m[K]
   35 |      StateSpace(State s, Moves m, [01;35m[Kint f[m[K) {}
      |                                   [01;35m[K~~~~^[m[K
[01m[K/media/muayman17/New/Muhammad/BrightSkies Test/ROS2_BlocksRearrengments/src/CPPsub_BlocksRearrange/src/../include/CPPsub_BlocksRearrange/StateSpace.h:[m[K In member function ‘[01m[Kvoid StateSpace::setState(State)[m[K’:
[01m[K/media/muayman17/New/Muhammad/BrightSkies Test/ROS2_BlocksRearrengments/src/CPPsub_BlocksRearrange/src/../include/CPPsub_BlocksRearrange/StateSpace.h:38:26:[m[K [01;35m[Kwarning: [m[Kunused parameter ‘[01m[Ks[m[K’ [[01;35m[K-Wunused-parameter[m[K]
   38 |      void setState([01;35m[KState s[m[K) {};
      |                    [01;35m[K~~~~~~^[m[K
[01m[K/media/muayman17/New/Muhammad/BrightSkies Test/ROS2_BlocksRearrengments/src/CPPsub_BlocksRearrange/src/../include/CPPsub_BlocksRearrange/StateSpace.h:[m[K In member function ‘[01m[Kvoid StateSpace::setMoves(Moves)[m[K’:
[01m[K/media/muayman17/New/Muhammad/BrightSkies Test/ROS2_BlocksRearrengments/src/CPPsub_BlocksRearrange/src/../include/CPPsub_BlocksRearrange/StateSpace.h:39:26:[m[K [01;35m[Kwarning: [m[Kunused parameter ‘[01m[Km[m[K’ [[01;35m[K-Wunused-parameter[m[K]
   39 |      void setMoves([01;35m[KMoves m[m[K) {};
      |                    [01;35m[K~~~~~~^[m[K
[01m[K/media/muayman17/New/Muhammad/BrightSkies Test/ROS2_BlocksRearrengments/src/CPPsub_BlocksRearrange/src/../include/CPPsub_BlocksRearrange/StateSpace.h:[m[K In member function ‘[01m[Kvoid StateSpace::setFixedCount(int)[m[K’:
[01m[K/media/muayman17/New/Muhammad/BrightSkies Test/ROS2_BlocksRearrengments/src/CPPsub_BlocksRearrange/src/../include/CPPsub_BlocksRearrange/StateSpace.h:40:29:[m[K [01;35m[Kwarning: [m[Kunused parameter ‘[01m[Kf[m[K’ [[01;35m[K-Wunused-parameter[m[K]
   40 |      void setFixedCount([01;35m[Kint f[m[K) {};
      |                         [01;35m[K~~~~^[m[K
[01m[K/media/muayman17/New/Muhammad/BrightSkies Test/ROS2_BlocksRearrengments/src/CPPsub_BlocksRearrange/src/../include/CPPsub_BlocksRearrange/StateSpace.h:[m[K In member function ‘[01m[KState StateSpace::getState() const[m[K’:
[01m[K/media/muayman17/New/Muhammad/BrightSkies Test/ROS2_BlocksRearrengments/src/CPPsub_BlocksRearrange/src/../include/CPPsub_BlocksRearrange/StateSpace.h:43:30:[m[K [01;35m[Kwarning: [m[Kno return statement in function returning non-void [[01;35m[K-Wreturn-type[m[K]
   43 |      State getState() const {[01;35m[K}[m[K;
      |                              [01;35m[K^[m[K
[01m[K/media/muayman17/New/Muhammad/BrightSkies Test/ROS2_BlocksRearrengments/src/CPPsub_BlocksRearrange/src/../include/CPPsub_BlocksRearrange/StateSpace.h:[m[K In member function ‘[01m[KMoves StateSpace::getMoves() const[m[K’:
[01m[K/media/muayman17/New/Muhammad/BrightSkies Test/ROS2_BlocksRearrengments/src/CPPsub_BlocksRearrange/src/../include/CPPsub_BlocksRearrange/StateSpace.h:44:30:[m[K [01;35m[Kwarning: [m[Kno return statement in function returning non-void [[01;35m[K-Wreturn-type[m[K]
   44 |      Moves getMoves() const {[01;35m[K}[m[K;
      |                              [01;35m[K^[m[K
[01m[K/media/muayman17/New/Muhammad/BrightSkies Test/ROS2_BlocksRearrengments/src/CPPsub_BlocksRearrange/src/../include/CPPsub_BlocksRearrange/StateSpace.h:[m[K In member function ‘[01m[Kint StateSpace::getFixedCount() const[m[K’:
[01m[K/media/muayman17/New/Muhammad/BrightSkies Test/ROS2_BlocksRearrengments/src/CPPsub_BlocksRearrange/src/../include/CPPsub_BlocksRearrange/StateSpace.h:45:33:[m[K [01;35m[Kwarning: [m[Kno return statement in function returning non-void [[01;35m[K-Wreturn-type[m[K]
   45 |      int getFixedCount() const {[01;35m[K}[m[K;
      |                                 [01;35m[K^[m[K
[01m[K/media/muayman17/New/Muhammad/BrightSkies Test/ROS2_BlocksRearrengments/src/CPPsub_BlocksRearrange/src/../include/CPPsub_BlocksRearrange/StateSpace.h:[m[K In member function ‘[01m[Kbool StateSpace::operator<(const StateSpace&) const[m[K’:
[01m[K/media/muayman17/New/Muhammad/BrightSkies Test/ROS2_BlocksRearrengments/src/CPPsub_BlocksRearrange/src/../include/CPPsub_BlocksRearrange/StateSpace.h:48:53:[m[K [01;35m[Kwarning: [m[Kno return statement in function returning non-void [[01;35m[K-Wreturn-type[m[K]
   48 |      bool operator<(const StateSpace &other) const {[01;35m[K}[m[K;
      |                                                     [01;35m[K^[m[K
[01m[K/media/muayman17/New/Muhammad/BrightSkies Test/ROS2_BlocksRearrengments/src/CPPsub_BlocksRearrange/src/../include/CPPsub_BlocksRearrange/StateSpace.h:48:39:[m[K [01;35m[Kwarning: [m[Kunused parameter ‘[01m[Kother[m[K’ [[01;35m[K-Wunused-parameter[m[K]
   48 |      bool operator<([01;35m[Kconst StateSpace &other[m[K) const {};
      |                     [01;35m[K~~~~~~~~~~~~~~~~~~^~~~~[m[K
In file included from [01m[K/media/muayman17/New/Muhammad/BrightSkies Test/ROS2_BlocksRearrengments/src/CPPsub_BlocksRearrange/src/../include/CPPsub_BlocksRearrange/blockArrangementSub.h:5[m[K,
                 from [01m[K/media/muayman17/New/Muhammad/BrightSkies Test/ROS2_BlocksRearrengments/src/CPPsub_BlocksRearrange/src/CPPsub_BlocksRearrange.cpp:2[m[K:
[01m[K/media/muayman17/New/Muhammad/BrightSkies Test/ROS2_BlocksRearrengments/src/CPPsub_BlocksRearrange/src/../include/CPPsub_BlocksRearrange/BFSAlgorithm.h:[m[K In constructor ‘[01m[KBFSAlgorithm::BFSAlgorithm(std::string)[m[K’:
[01m[K/media/muayman17/New/Muhammad/BrightSkies Test/ROS2_BlocksRearrengments/src/CPPsub_BlocksRearrange/src/../include/CPPsub_BlocksRearrange/BFSAlgorithm.h:26:26:[m[K [01;35m[Kwarning: [m[Kunused parameter ‘[01m[Kpub_msg[m[K’ [[01;35m[K-Wunused-parameter[m[K]
   26 |      BFSAlgorithm([01;35m[Kstring pub_msg[m[K) {}
      |                   [01;35m[K~~~~~~~^~~~~~~[m[K
In file included from [01m[K/media/muayman17/New/Muhammad/BrightSkies Test/ROS2_BlocksRearrengments/src/CPPsub_BlocksRearrange/src/../include/CPPsub_BlocksRearrange/blockArrangementSub.h:5[m[K,
                 from [01m[K/media/muayman17/New/Muhammad/BrightSkies Test/ROS2_BlocksRearrengments/src/CPPsub_BlocksRearrange/src/CPPsub_BlocksRearrange.cpp:2[m[K:
[01m[K/media/muayman17/New/Muhammad/BrightSkies Test/ROS2_BlocksRearrengments/src/CPPsub_BlocksRearrange/src/../include/CPPsub_BlocksRearrange/BFSAlgorithm.h:[m[K In member function ‘[01m[Kstd::vector<std::__cxx11::basic_string<char> > BFSAlgorithm::StringToVector(std::string, char)[m[K’:
[01m[K/media/muayman17/New/Muhammad/BrightSkies Test/ROS2_BlocksRearrengments/src/CPPsub_BlocksRearrange/src/../include/CPPsub_BlocksRearrange/BFSAlgorithm.h:29:65:[m[K [01;35m[Kwarning: [m[Kno return statement in function returning non-void [[01;35m[K-Wreturn-type[m[K]
   29 |      vector<string> StringToVector(string pub_msg, char delim) {[01;35m[K}[m[K
      |                                                                 [01;35m[K^[m[K
[01m[K/media/muayman17/New/Muhammad/BrightSkies Test/ROS2_BlocksRearrengments/src/CPPsub_BlocksRearrange/src/../include/CPPsub_BlocksRearrange/BFSAlgorithm.h:29:43:[m[K [01;35m[Kwarning: [m[Kunused parameter ‘[01m[Kpub_msg[m[K’ [[01;35m[K-Wunused-parameter[m[K]
   29 |      vector<string> StringToVector([01;35m[Kstring pub_msg[m[K, char delim) {}
      |                                    [01;35m[K~~~~~~~^~~~~~~[m[K
[01m[K/media/muayman17/New/Muhammad/BrightSkies Test/ROS2_BlocksRearrengments/src/CPPsub_BlocksRearrange/src/../include/CPPsub_BlocksRearrange/BFSAlgorithm.h:29:57:[m[K [01;35m[Kwarning: [m[Kunused parameter ‘[01m[Kdelim[m[K’ [[01;35m[K-Wunused-parameter[m[K]
   29 |      vector<string> StringToVector(string pub_msg, [01;35m[Kchar delim[m[K) {}
      |                                                    [01;35m[K~~~~~^~~~~[m[K
[01m[K/media/muayman17/New/Muhammad/BrightSkies Test/ROS2_BlocksRearrengments/src/CPPsub_BlocksRearrange/src/../include/CPPsub_BlocksRearrange/BFSAlgorithm.h:[m[K In member function ‘[01m[Kstd::string BFSAlgorithm::VectorToString(const State&) const[m[K’:
[01m[K/media/muayman17/New/Muhammad/BrightSkies Test/ROS2_BlocksRearrengments/src/CPPsub_BlocksRearrange/src/../include/CPPsub_BlocksRearrange/BFSAlgorithm.h:32:55:[m[K [01;35m[Kwarning: [m[Kno return statement in function returning non-void [[01;35m[K-Wreturn-type[m[K]
   32 |      string VectorToString(const State &state) const {[01;35m[K}[m[K
      |                                                       [01;35m[K^[m[K
[01m[K/media/muayman17/New/Muhammad/BrightSkies Test/ROS2_BlocksRearrengments/src/CPPsub_BlocksRearrange/src/../include/CPPsub_BlocksRearrange/BFSAlgorithm.h:32:41:[m[K [01;35m[Kwarning: [m[Kunused parameter ‘[01m[Kstate[m[K’ [[01;35m[K-Wunused-parameter[m[K]
   32 |      string VectorToString([01;35m[Kconst State &state[m[K) const {}
      |                            [01;35m[K~~~~~~~~~~~~~^~~~~[m[K
[01m[K/media/muayman17/New/Muhammad/BrightSkies Test/ROS2_BlocksRearrengments/src/CPPsub_BlocksRearrange/src/../include/CPPsub_BlocksRearrange/BFSAlgorithm.h:[m[K In member function ‘[01m[Kbool BFSAlgorithm::IsGoal(const State&) const[m[K’:
[01m[K/media/muayman17/New/Muhammad/BrightSkies Test/ROS2_BlocksRearrengments/src/CPPsub_BlocksRearrange/src/../include/CPPsub_BlocksRearrange/BFSAlgorithm.h:35:47:[m[K [01;35m[Kwarning: [m[Kno return statement in function returning non-void [[01;35m[K-Wreturn-type[m[K]
   35 |      bool IsGoal(const State &current) const {[01;35m[K}[m[K
      |                                               [01;35m[K^[m[K
[01m[K/media/muayman17/New/Muhammad/BrightSkies Test/ROS2_BlocksRearrengments/src/CPPsub_BlocksRearrange/src/../include/CPPsub_BlocksRearrange/BFSAlgorithm.h:35:31:[m[K [01;35m[Kwarning: [m[Kunused parameter ‘[01m[Kcurrent[m[K’ [[01;35m[K-Wunused-parameter[m[K]
   35 |      bool IsGoal([01;35m[Kconst State &current[m[K) const {}
      |                  [01;35m[K~~~~~~~~~~~~~^~~~~~~[m[K
[01m[K/media/muayman17/New/Muhammad/BrightSkies Test/ROS2_BlocksRearrengments/src/CPPsub_BlocksRearrange/src/../include/CPPsub_BlocksRearrange/BFSAlgorithm.h:[m[K In member function ‘[01m[Kstd::vector<StateSpace> BFSAlgorithm::getNextStates(const StateSpace&) const[m[K’:
[01m[K/media/muayman17/New/Muhammad/BrightSkies Test/ROS2_BlocksRearrengments/src/CPPsub_BlocksRearrange/src/../include/CPPsub_BlocksRearrange/BFSAlgorithm.h:38:73:[m[K [01;35m[Kwarning: [m[Kno return statement in function returning non-void [[01;35m[K-Wreturn-type[m[K]
   38 |      vector<StateSpace> getNextStates(const StateSpace &current) const {[01;35m[K}[m[K
      |                                                                         [01;35m[K^[m[K
[01m[K/media/muayman17/New/Muhammad/BrightSkies Test/ROS2_BlocksRearrengments/src/CPPsub_BlocksRearrange/src/../include/CPPsub_BlocksRearrange/BFSAlgorithm.h:38:57:[m[K [01;35m[Kwarning: [m[Kunused parameter ‘[01m[Kcurrent[m[K’ [[01;35m[K-Wunused-parameter[m[K]
   38 |      vector<StateSpace> getNextStates([01;35m[Kconst StateSpace &current[m[K) const {}
      |                                       [01;35m[K~~~~~~~~~~~~~~~~~~^~~~~~~[m[K
[01m[K/media/muayman17/New/Muhammad/BrightSkies Test/ROS2_BlocksRearrengments/src/CPPsub_BlocksRearrange/src/../include/CPPsub_BlocksRearrange/BFSAlgorithm.h:[m[K In member function ‘[01m[Kvoid BFSAlgorithm::countMatches(StateSpace&)[m[K’:
[01m[K/media/muayman17/New/Muhammad/BrightSkies Test/ROS2_BlocksRearrengments/src/CPPsub_BlocksRearrange/src/../include/CPPsub_BlocksRearrange/BFSAlgorithm.h:41:36:[m[K [01;35m[Kwarning: [m[Kunused parameter ‘[01m[Kcurrent[m[K’ [[01;35m[K-Wunused-parameter[m[K]
   41 |      void countMatches([01;35m[KStateSpace &current[m[K) {}
      |                        [01;35m[K~~~~~~~~~~~~^~~~~~~[m[K
[01m[K/media/muayman17/New/Muhammad/BrightSkies Test/ROS2_BlocksRearrengments/src/CPPsub_BlocksRearrange/src/../include/CPPsub_BlocksRearrange/BFSAlgorithm.h:[m[K In member function ‘[01m[KMoves BFSAlgorithm::BFS_Algorithm()[m[K’:
[01m[K/media/muayman17/New/Muhammad/BrightSkies Test/ROS2_BlocksRearrengments/src/CPPsub_BlocksRearrange/src/../include/CPPsub_BlocksRearrange/BFSAlgorithm.h:44:29:[m[K [01;35m[Kwarning: [m[Kno return statement in function returning non-void [[01;35m[K-Wreturn-type[m[K]
   44 |      Moves BFS_Algorithm() {[01;35m[K}[m[K
      |                             [01;35m[K^[m[K
In file included from [01m[K/media/muayman17/New/Muhammad/BrightSkies Test/ROS2_BlocksRearrengments/src/CPPsub_BlocksRearrange/src/CPPsub_BlocksRearrange.cpp:2[m[K:
[01m[K/media/muayman17/New/Muhammad/BrightSkies Test/ROS2_BlocksRearrengments/src/CPPsub_BlocksRearrange/src/../include/CPPsub_BlocksRearrange/blockArrangementSub.h:[m[K In member function ‘[01m[Kvoid blockArrangementSub::topic_callback(std_msgs::msg::String_<std::allocator<void> >::SharedPtr) const[m[K’:
[01m[K/media/muayman17/New/Muhammad/BrightSkies Test/ROS2_BlocksRearrengments/src/CPPsub_BlocksRearrange/src/../include/CPPsub_BlocksRearrange/blockArrangementSub.h:15:62:[m[K [01;35m[Kwarning: [m[Kunused parameter ‘[01m[Kmsg[m[K’ [[01;35m[K-Wunused-parameter[m[K]
   15 |   void topic_callback([01;35m[Kconst std_msgs::msg::String::SharedPtr msg[m[K) const {}
      |                       [01;35m[K~~~~~~~~~~~~~~~~~~~~~~~~~~~~~~~~~~~~~~~^~~[m[K
In file included from [01m[K/media/muayman17/New/Muhammad/BrightSkies Test/ROS2_BlocksRearrengments/src/CPPsub_BlocksRearrange/src/../include/CPPsub_BlocksRearrange/blockArrangementSub.h:4[m[K,
                 from [01m[K/media/muayman17/New/Muhammad/BrightSkies Test/ROS2_BlocksRearrengments/src/CPPsub_BlocksRearrange/src/blockArrangementSub.cpp:5[m[K:
[01m[K/media/muayman17/New/Muhammad/BrightSkies Test/ROS2_BlocksRearrengments/src/CPPsub_BlocksRearrange/src/../include/CPPsub_BlocksRearrange/StateSpace.h:[m[K In constructor ‘[01m[KStateSpace::StateSpace(State)[m[K’:
[01m[K/media/muayman17/New/Muhammad/BrightSkies Test/ROS2_BlocksRearrengments/src/CPPsub_BlocksRearrange/src/../include/CPPsub_BlocksRearrange/StateSpace.h:33:23:[m[K [01;35m[Kwarning: [m[Kunused parameter ‘[01m[Ks[m[K’ [[01;35m[K-Wunused-parameter[m[K]
   33 |      StateSpace([01;35m[KState s[m[K) {}
      |                 [01;35m[K~~~~~~^[m[K
[01m[K/media/muayman17/New/Muhammad/BrightSkies Test/ROS2_BlocksRearrengments/src/CPPsub_BlocksRearrange/src/../include/CPPsub_BlocksRearrange/StateSpace.h:[m[K In constructor ‘[01m[KStateSpace::StateSpace(State, Moves)[m[K’:
[01m[K/media/muayman17/New/Muhammad/BrightSkies Test/ROS2_BlocksRearrengments/src/CPPsub_BlocksRearrange/src/../include/CPPsub_BlocksRearrange/StateSpace.h:34:23:[m[K [01;35m[Kwarning: [m[Kunused parameter ‘[01m[Ks[m[K’ [[01;35m[K-Wunused-parameter[m[K]
   34 |      StateSpace([01;35m[KState s[m[K, Moves m) {}
      |                 [01;35m[K~~~~~~^[m[K
[01m[K/media/muayman17/New/Muhammad/BrightSkies Test/ROS2_BlocksRearrengments/src/CPPsub_BlocksRearrange/src/../include/CPPsub_BlocksRearrange/StateSpace.h:34:32:[m[K [01;35m[Kwarning: [m[Kunused parameter ‘[01m[Km[m[K’ [[01;35m[K-Wunused-parameter[m[K]
   34 |      StateSpace(State s, [01;35m[KMoves m[m[K) {}
      |                          [01;35m[K~~~~~~^[m[K
[01m[K/media/muayman17/New/Muhammad/BrightSkies Test/ROS2_BlocksRearrengments/src/CPPsub_BlocksRearrange/src/../include/CPPsub_BlocksRearrange/StateSpace.h:[m[K In constructor ‘[01m[KStateSpace::StateSpace(State, Moves, int)[m[K’:
[01m[K/media/muayman17/New/Muhammad/BrightSkies Test/ROS2_BlocksRearrengments/src/CPPsub_BlocksRearrange/src/../include/CPPsub_BlocksRearrange/StateSpace.h:35:23:[m[K [01;35m[Kwarning: [m[Kunused parameter ‘[01m[Ks[m[K’ [[01;35m[K-Wunused-parameter[m[K]
   35 |      StateSpace([01;35m[KState s[m[K, Moves m, int f) {}
      |                 [01;35m[K~~~~~~^[m[K
[01m[K/media/muayman17/New/Muhammad/BrightSkies Test/ROS2_BlocksRearrengments/src/CPPsub_BlocksRearrange/src/../include/CPPsub_BlocksRearrange/StateSpace.h:35:32:[m[K [01;35m[Kwarning: [m[Kunused parameter ‘[01m[Km[m[K’ [[01;35m[K-Wunused-parameter[m[K]
   35 |      StateSpace(State s, [01;35m[KMoves m[m[K, int f) {}
      |                          [01;35m[K~~~~~~^[m[K
[01m[K/media/muayman17/New/Muhammad/BrightSkies Test/ROS2_BlocksRearrengments/src/CPPsub_BlocksRearrange/src/../include/CPPsub_BlocksRearrange/StateSpace.h:35:39:[m[K [01;35m[Kwarning: [m[Kunused parameter ‘[01m[Kf[m[K’ [[01;35m[K-Wunused-parameter[m[K]
   35 |      StateSpace(State s, Moves m, [01;35m[Kint f[m[K) {}
      |                                   [01;35m[K~~~~^[m[K
[01m[K/media/muayman17/New/Muhammad/BrightSkies Test/ROS2_BlocksRearrengments/src/CPPsub_BlocksRearrange/src/../include/CPPsub_BlocksRearrange/StateSpace.h:[m[K In member function ‘[01m[Kvoid StateSpace::setState(State)[m[K’:
[01m[K/media/muayman17/New/Muhammad/BrightSkies Test/ROS2_BlocksRearrengments/src/CPPsub_BlocksRearrange/src/../include/CPPsub_BlocksRearrange/StateSpace.h:38:26:[m[K [01;35m[Kwarning: [m[Kunused parameter ‘[01m[Ks[m[K’ [[01;35m[K-Wunused-parameter[m[K]
   38 |      void setState([01;35m[KState s[m[K) {};
      |                    [01;35m[K~~~~~~^[m[K
[01m[K/media/muayman17/New/Muhammad/BrightSkies Test/ROS2_BlocksRearrengments/src/CPPsub_BlocksRearrange/src/../include/CPPsub_BlocksRearrange/StateSpace.h:[m[K In member function ‘[01m[Kvoid StateSpace::setMoves(Moves)[m[K’:
[01m[K/media/muayman17/New/Muhammad/BrightSkies Test/ROS2_BlocksRearrengments/src/CPPsub_BlocksRearrange/src/../include/CPPsub_BlocksRearrange/StateSpace.h:39:26:[m[K [01;35m[Kwarning: [m[Kunused parameter ‘[01m[Km[m[K’ [[01;35m[K-Wunused-parameter[m[K]
   39 |      void setMoves([01;35m[KMoves m[m[K) {};
      |                    [01;35m[K~~~~~~^[m[K
[01m[K/media/muayman17/New/Muhammad/BrightSkies Test/ROS2_BlocksRearrengments/src/CPPsub_BlocksRearrange/src/../include/CPPsub_BlocksRearrange/StateSpace.h:[m[K In member function ‘[01m[Kvoid StateSpace::setFixedCount(int)[m[K’:
[01m[K/media/muayman17/New/Muhammad/BrightSkies Test/ROS2_BlocksRearrengments/src/CPPsub_BlocksRearrange/src/../include/CPPsub_BlocksRearrange/StateSpace.h:40:29:[m[K [01;35m[Kwarning: [m[Kunused parameter ‘[01m[Kf[m[K’ [[01;35m[K-Wunused-parameter[m[K]
   40 |      void setFixedCount([01;35m[Kint f[m[K) {};
      |                         [01;35m[K~~~~^[m[K
[01m[K/media/muayman17/New/Muhammad/BrightSkies Test/ROS2_BlocksRearrengments/src/CPPsub_BlocksRearrange/src/../include/CPPsub_BlocksRearrange/StateSpace.h:[m[K In member function ‘[01m[KState StateSpace::getState() const[m[K’:
[01m[K/media/muayman17/New/Muhammad/BrightSkies Test/ROS2_BlocksRearrengments/src/CPPsub_BlocksRearrange/src/../include/CPPsub_BlocksRearrange/StateSpace.h:43:30:[m[K [01;35m[Kwarning: [m[Kno return statement in function returning non-void [[01;35m[K-Wreturn-type[m[K]
   43 |      State getState() const {[01;35m[K}[m[K;
      |                              [01;35m[K^[m[K
[01m[K/media/muayman17/New/Muhammad/BrightSkies Test/ROS2_BlocksRearrengments/src/CPPsub_BlocksRearrange/src/../include/CPPsub_BlocksRearrange/StateSpace.h:[m[K In member function ‘[01m[KMoves StateSpace::getMoves() const[m[K’:
[01m[K/media/muayman17/New/Muhammad/BrightSkies Test/ROS2_BlocksRearrengments/src/CPPsub_BlocksRearrange/src/../include/CPPsub_BlocksRearrange/StateSpace.h:44:30:[m[K [01;35m[Kwarning: [m[Kno return statement in function returning non-void [[01;35m[K-Wreturn-type[m[K]
   44 |      Moves getMoves() const {[01;35m[K}[m[K;
      |                              [01;35m[K^[m[K
[01m[K/media/muayman17/New/Muhammad/BrightSkies Test/ROS2_BlocksRearrengments/src/CPPsub_BlocksRearrange/src/../include/CPPsub_BlocksRearrange/StateSpace.h:[m[K In member function ‘[01m[Kint StateSpace::getFixedCount() const[m[K’:
[01m[K/media/muayman17/New/Muhammad/BrightSkies Test/ROS2_BlocksRearrengments/src/CPPsub_BlocksRearrange/src/../include/CPPsub_BlocksRearrange/StateSpace.h:45:33:[m[K [01;35m[Kwarning: [m[Kno return statement in function returning non-void [[01;35m[K-Wreturn-type[m[K]
   45 |      int getFixedCount() const {[01;35m[K}[m[K;
      |                                 [01;35m[K^[m[K
[01m[K/media/muayman17/New/Muhammad/BrightSkies Test/ROS2_BlocksRearrengments/src/CPPsub_BlocksRearrange/src/../include/CPPsub_BlocksRearrange/StateSpace.h:[m[K In member function ‘[01m[Kbool StateSpace::operator<(const StateSpace&) const[m[K’:
[01m[K/media/muayman17/New/Muhammad/BrightSkies Test/ROS2_BlocksRearrengments/src/CPPsub_BlocksRearrange/src/../include/CPPsub_BlocksRearrange/StateSpace.h:48:53:[m[K [01;35m[Kwarning: [m[Kno return statement in function returning non-void [[01;35m[K-Wreturn-type[m[K]
   48 |      bool operator<(const StateSpace &other) const {[01;35m[K}[m[K;
      |                                                     [01;35m[K^[m[K
[01m[K/media/muayman17/New/Muhammad/BrightSkies Test/ROS2_BlocksRearrengments/src/CPPsub_BlocksRearrange/src/../include/CPPsub_BlocksRearrange/StateSpace.h:48:39:[m[K [01;35m[Kwarning: [m[Kunused parameter ‘[01m[Kother[m[K’ [[01;35m[K-Wunused-parameter[m[K]
   48 |      bool operator<([01;35m[Kconst StateSpace &other[m[K) const {};
      |                     [01;35m[K~~~~~~~~~~~~~~~~~~^~~~~[m[K
In file included from [01m[K/media/muayman17/New/Muhammad/BrightSkies Test/ROS2_BlocksRearrengments/src/CPPsub_BlocksRearrange/src/../include/CPPsub_BlocksRearrange/blockArrangementSub.h:5[m[K,
                 from [01m[K/media/muayman17/New/Muhammad/BrightSkies Test/ROS2_BlocksRearrengments/src/CPPsub_BlocksRearrange/src/blockArrangementSub.cpp:5[m[K:
[01m[K/media/muayman17/New/Muhammad/BrightSkies Test/ROS2_BlocksRearrengments/src/CPPsub_BlocksRearrange/src/../include/CPPsub_BlocksRearrange/BFSAlgorithm.h:[m[K In constructor ‘[01m[KBFSAlgorithm::BFSAlgorithm(std::string)[m[K’:
[01m[K/media/muayman17/New/Muhammad/BrightSkies Test/ROS2_BlocksRearrengments/src/CPPsub_BlocksRearrange/src/../include/CPPsub_BlocksRearrange/BFSAlgorithm.h:26:26:[m[K [01;35m[Kwarning: [m[Kunused parameter ‘[01m[Kpub_msg[m[K’ [[01;35m[K-Wunused-parameter[m[K]
   26 |      BFSAlgorithm([01;35m[Kstring pub_msg[m[K) {}
      |                   [01;35m[K~~~~~~~^~~~~~~[m[K
In file included from [01m[K/media/muayman17/New/Muhammad/BrightSkies Test/ROS2_BlocksRearrengments/src/CPPsub_BlocksRearrange/src/../include/CPPsub_BlocksRearrange/blockArrangementSub.h:5[m[K,
                 from [01m[K/media/muayman17/New/Muhammad/BrightSkies Test/ROS2_BlocksRearrengments/src/CPPsub_BlocksRearrange/src/blockArrangementSub.cpp:5[m[K:
[01m[K/media/muayman17/New/Muhammad/BrightSkies Test/ROS2_BlocksRearrengments/src/CPPsub_BlocksRearrange/src/../include/CPPsub_BlocksRearrange/BFSAlgorithm.h:[m[K In member function ‘[01m[Kstd::vector<std::__cxx11::basic_string<char> > BFSAlgorithm::StringToVector(std::string, char)[m[K’:
[01m[K/media/muayman17/New/Muhammad/BrightSkies Test/ROS2_BlocksRearrengments/src/CPPsub_BlocksRearrange/src/../include/CPPsub_BlocksRearrange/BFSAlgorithm.h:29:65:[m[K [01;35m[Kwarning: [m[Kno return statement in function returning non-void [[01;35m[K-Wreturn-type[m[K]
   29 |      vector<string> StringToVector(string pub_msg, char delim) {[01;35m[K}[m[K
      |                                                                 [01;35m[K^[m[K
[01m[K/media/muayman17/New/Muhammad/BrightSkies Test/ROS2_BlocksRearrengments/src/CPPsub_BlocksRearrange/src/../include/CPPsub_BlocksRearrange/BFSAlgorithm.h:29:43:[m[K [01;35m[Kwarning: [m[Kunused parameter ‘[01m[Kpub_msg[m[K’ [[01;35m[K-Wunused-parameter[m[K]
   29 |      vector<string> StringToVector([01;35m[Kstring pub_msg[m[K, char delim) {}
      |                                    [01;35m[K~~~~~~~^~~~~~~[m[K
[01m[K/media/muayman17/New/Muhammad/BrightSkies Test/ROS2_BlocksRearrengments/src/CPPsub_BlocksRearrange/src/../include/CPPsub_BlocksRearrange/BFSAlgorithm.h:29:57:[m[K [01;35m[Kwarning: [m[Kunused parameter ‘[01m[Kdelim[m[K’ [[01;35m[K-Wunused-parameter[m[K]
   29 |      vector<string> StringToVector(string pub_msg, [01;35m[Kchar delim[m[K) {}
      |                                                    [01;35m[K~~~~~^~~~~[m[K
[01m[K/media/muayman17/New/Muhammad/BrightSkies Test/ROS2_BlocksRearrengments/src/CPPsub_BlocksRearrange/src/../include/CPPsub_BlocksRearrange/BFSAlgorithm.h:[m[K In member function ‘[01m[Kstd::string BFSAlgorithm::VectorToString(const State&) const[m[K’:
[01m[K/media/muayman17/New/Muhammad/BrightSkies Test/ROS2_BlocksRearrengments/src/CPPsub_BlocksRearrange/src/../include/CPPsub_BlocksRearrange/BFSAlgorithm.h:32:55:[m[K [01;35m[Kwarning: [m[Kno return statement in function returning non-void [[01;35m[K-Wreturn-type[m[K]
   32 |      string VectorToString(const State &state) const {[01;35m[K}[m[K
      |                                                       [01;35m[K^[m[K
[01m[K/media/muayman17/New/Muhammad/BrightSkies Test/ROS2_BlocksRearrengments/src/CPPsub_BlocksRearrange/src/../include/CPPsub_BlocksRearrange/BFSAlgorithm.h:32:41:[m[K [01;35m[Kwarning: [m[Kunused parameter ‘[01m[Kstate[m[K’ [[01;35m[K-Wunused-parameter[m[K]
   32 |      string VectorToString([01;35m[Kconst State &state[m[K) const {}
      |                            [01;35m[K~~~~~~~~~~~~~^~~~~[m[K
[01m[K/media/muayman17/New/Muhammad/BrightSkies Test/ROS2_BlocksRearrengments/src/CPPsub_BlocksRearrange/src/../include/CPPsub_BlocksRearrange/BFSAlgorithm.h:[m[K In member function ‘[01m[Kbool BFSAlgorithm::IsGoal(const State&) const[m[K’:
[01m[K/media/muayman17/New/Muhammad/BrightSkies Test/ROS2_BlocksRearrengments/src/CPPsub_BlocksRearrange/src/../include/CPPsub_BlocksRearrange/BFSAlgorithm.h:35:47:[m[K [01;35m[Kwarning: [m[Kno return statement in function returning non-void [[01;35m[K-Wreturn-type[m[K]
   35 |      bool IsGoal(const State &current) const {[01;35m[K}[m[K
      |                                               [01;35m[K^[m[K
[01m[K/media/muayman17/New/Muhammad/BrightSkies Test/ROS2_BlocksRearrengments/src/CPPsub_BlocksRearrange/src/../include/CPPsub_BlocksRearrange/BFSAlgorithm.h:35:31:[m[K [01;35m[Kwarning: [m[Kunused parameter ‘[01m[Kcurrent[m[K’ [[01;35m[K-Wunused-parameter[m[K]
   35 |      bool IsGoal([01;35m[Kconst State &current[m[K) const {}
      |                  [01;35m[K~~~~~~~~~~~~~^~~~~~~[m[K
[01m[K/media/muayman17/New/Muhammad/BrightSkies Test/ROS2_BlocksRearrengments/src/CPPsub_BlocksRearrange/src/../include/CPPsub_BlocksRearrange/BFSAlgorithm.h:[m[K In member function ‘[01m[Kstd::vector<StateSpace> BFSAlgorithm::getNextStates(const StateSpace&) const[m[K’:
[01m[K/media/muayman17/New/Muhammad/BrightSkies Test/ROS2_BlocksRearrengments/src/CPPsub_BlocksRearrange/src/../include/CPPsub_BlocksRearrange/BFSAlgorithm.h:38:73:[m[K [01;35m[Kwarning: [m[Kno return statement in function returning non-void [[01;35m[K-Wreturn-type[m[K]
   38 |      vector<StateSpace> getNextStates(const StateSpace &current) const {[01;35m[K}[m[K
      |                                                                         [01;35m[K^[m[K
[01m[K/media/muayman17/New/Muhammad/BrightSkies Test/ROS2_BlocksRearrengments/src/CPPsub_BlocksRearrange/src/../include/CPPsub_BlocksRearrange/BFSAlgorithm.h:38:57:[m[K [01;35m[Kwarning: [m[Kunused parameter ‘[01m[Kcurrent[m[K’ [[01;35m[K-Wunused-parameter[m[K]
   38 |      vector<StateSpace> getNextStates([01;35m[Kconst StateSpace &current[m[K) const {}
      |                                       [01;35m[K~~~~~~~~~~~~~~~~~~^~~~~~~[m[K
[01m[K/media/muayman17/New/Muhammad/BrightSkies Test/ROS2_BlocksRearrengments/src/CPPsub_BlocksRearrange/src/../include/CPPsub_BlocksRearrange/BFSAlgorithm.h:[m[K In member function ‘[01m[Kvoid BFSAlgorithm::countMatches(StateSpace&)[m[K’:
[01m[K/media/muayman17/New/Muhammad/BrightSkies Test/ROS2_BlocksRearrengments/src/CPPsub_BlocksRearrange/src/../include/CPPsub_BlocksRearrange/BFSAlgorithm.h:41:36:[m[K [01;35m[Kwarning: [m[Kunused parameter ‘[01m[Kcurrent[m[K’ [[01;35m[K-Wunused-parameter[m[K]
   41 |      void countMatches([01;35m[KStateSpace &current[m[K) {}
      |                        [01;35m[K~~~~~~~~~~~~^~~~~~~[m[K
[01m[K/media/muayman17/New/Muhammad/BrightSkies Test/ROS2_BlocksRearrengments/src/CPPsub_BlocksRearrange/src/../include/CPPsub_BlocksRearrange/BFSAlgorithm.h:[m[K In member function ‘[01m[KMoves BFSAlgorithm::BFS_Algorithm()[m[K’:
[01m[K/media/muayman17/New/Muhammad/BrightSkies Test/ROS2_BlocksRearrengments/src/CPPsub_BlocksRearrange/src/../include/CPPsub_BlocksRearrange/BFSAlgorithm.h:44:29:[m[K [01;35m[Kwarning: [m[Kno return statement in function returning non-void [[01;35m[K-Wreturn-type[m[K]
   44 |      Moves BFS_Algorithm() {[01;35m[K}[m[K
      |                             [01;35m[K^[m[K
In file included from [01m[K/media/muayman17/New/Muhammad/BrightSkies Test/ROS2_BlocksRearrengments/src/CPPsub_BlocksRearrange/src/blockArrangementSub.cpp:5[m[K:
[01m[K/media/muayman17/New/Muhammad/BrightSkies Test/ROS2_BlocksRearrengments/src/CPPsub_BlocksRearrange/src/../include/CPPsub_BlocksRearrange/blockArrangementSub.h:[m[K In member function ‘[01m[Kvoid blockArrangementSub::topic_callback(std_msgs::msg::String_<std::allocator<void> >::SharedPtr) const[m[K’:
[01m[K/media/muayman17/New/Muhammad/BrightSkies Test/ROS2_BlocksRearrengments/src/CPPsub_BlocksRearrange/src/../include/CPPsub_BlocksRearrange/blockArrangementSub.h:15:62:[m[K [01;35m[Kwarning: [m[Kunused parameter ‘[01m[Kmsg[m[K’ [[01;35m[K-Wunused-parameter[m[K]
   15 |   void topic_callback([01;35m[Kconst std_msgs::msg::String::SharedPtr msg[m[K) const {}
      |                       [01;35m[K~~~~~~~~~~~~~~~~~~~~~~~~~~~~~~~~~~~~~~~^~~[m[K
[01m[K/media/muayman17/New/Muhammad/BrightSkies Test/ROS2_BlocksRearrengments/src/CPPsub_BlocksRearrange/src/blockArrangementSub.cpp:[m[K At global scope:
[01m[K/media/muayman17/New/Muhammad/BrightSkies Test/ROS2_BlocksRearrengments/src/CPPsub_BlocksRearrange/src/blockArrangementSub.cpp:11:1:[m[K [01;31m[Kerror: [m[Kredefinition of ‘[01m[KblockArrangementSub::blockArrangementSub()[m[K’
   11 | [01;31m[KblockArrangementSub[m[K::blockArrangementSub() : Node("BlockArrange_subscriber")
      | [01;31m[K^~~~~~~~~~~~~~~~~~~[m[K
In file included from [01m[K/media/muayman17/New/Muhammad/BrightSkies Test/ROS2_BlocksRearrengments/src/CPPsub_BlocksRearrange/src/blockArrangementSub.cpp:5[m[K:
[01m[K/media/muayman17/New/Muhammad/BrightSkies Test/ROS2_BlocksRearrengments/src/CPPsub_BlocksRearrange/src/../include/CPPsub_BlocksRearrange/blockArrangementSub.h:12:3:[m[K [01;36m[Knote: [m[K‘[01m[KblockArrangementSub::blockArrangementSub()[m[K’ previously defined here
   12 |   [01;36m[KblockArrangementSub[m[K() : Node("BlockArrange_subscriber") {}
      |   [01;36m[K^~~~~~~~~~~~~~~~~~~[m[K
[01m[K/media/muayman17/New/Muhammad/BrightSkies Test/ROS2_BlocksRearrengments/src/CPPsub_BlocksRearrange/src/blockArrangementSub.cpp:15:2:[m[K [01;35m[Kwarning: [m[Kextra ‘[01m[K;[m[K’ [[01;35m[K-Wpedantic[m[K]
   15 | }[01;35m[K;[m[K
      |  [01;35m[K^[m[K
[01m[K/media/muayman17/New/Muhammad/BrightSkies Test/ROS2_BlocksRearrengments/src/CPPsub_BlocksRearrange/src/blockArrangementSub.cpp:17:6:[m[K [01;31m[Kerror: [m[Kredefinition of ‘[01m[Kvoid blockArrangementSub::topic_callback(std_msgs::msg::String_<std::allocator<void> >::SharedPtr) const[m[K’
   17 | void [01;31m[KblockArrangementSub[m[K::topic_callback(const std_msgs::msg::String::SharedPtr msg) const
      |      [01;31m[K^~~~~~~~~~~~~~~~~~~[m[K
In file included from [01m[K/media/muayman17/New/Muhammad/BrightSkies Test/ROS2_BlocksRearrengments/src/CPPsub_BlocksRearrange/src/blockArrangementSub.cpp:5[m[K:
[01m[K/media/muayman17/New/Muhammad/BrightSkies Test/ROS2_BlocksRearrengments/src/CPPsub_BlocksRearrange/src/../include/CPPsub_BlocksRearrange/blockArrangementSub.h:15:8:[m[K [01;36m[Knote: [m[K‘[01m[Kvoid blockArrangementSub::topic_callback(std_msgs::msg::String_<std::allocator<void> >::SharedPtr) const[m[K’ previously defined here
   15 |   void [01;36m[Ktopic_callback[m[K(const std_msgs::msg::String::SharedPtr msg) const {}
      |        [01;36m[K^~~~~~~~~~~~~~[m[K
make[2]: *** [CMakeFiles/lis.dir/build.make:89: CMakeFiles/lis.dir/src/blockArrangementSub.cpp.o] Error 1
make[1]: *** [CMakeFiles/Makefile2:78: CMakeFiles/lis.dir/all] Error 2
make: *** [Makefile:141: all] Error 2
