[01m[K/media/muayman17/New/Muhammad/BrightSkies Test/ROS2_BlocksRearrengments/src/CPPsub_BlocksRearrange/src/CPPsub_BlocksRearrange.cpp:[m[K In constructor ‘[01m[KStateSpace::StateSpace(State)[m[K’:
[01m[K/media/muayman17/New/Muhammad/BrightSkies Test/ROS2_BlocksRearrengments/src/CPPsub_BlocksRearrange/src/CPPsub_BlocksRearrange.cpp:54:23:[m[K [01;35m[Kwarning: [m[Kunused parameter ‘[01m[Ks[m[K’ [[01;35m[K-Wunused-parameter[m[K]
   54 |      StateSpace([01;35m[KState s[m[K) {}
      |                 [01;35m[K~~~~~~^[m[K
[01m[K/media/muayman17/New/Muhammad/BrightSkies Test/ROS2_BlocksRearrengments/src/CPPsub_BlocksRearrange/src/CPPsub_BlocksRearrange.cpp:[m[K In constructor ‘[01m[KStateSpace::StateSpace(State, Moves)[m[K’:
[01m[K/media/muayman17/New/Muhammad/BrightSkies Test/ROS2_BlocksRearrengments/src/CPPsub_BlocksRearrange/src/CPPsub_BlocksRearrange.cpp:55:23:[m[K [01;35m[Kwarning: [m[Kunused parameter ‘[01m[Ks[m[K’ [[01;35m[K-Wunused-parameter[m[K]
   55 |      StateSpace([01;35m[KState s[m[K, Moves m) {}
      |                 [01;35m[K~~~~~~^[m[K
[01m[K/media/muayman17/New/Muhammad/BrightSkies Test/ROS2_BlocksRearrengments/src/CPPsub_BlocksRearrange/src/CPPsub_BlocksRearrange.cpp:55:32:[m[K [01;35m[Kwarning: [m[Kunused parameter ‘[01m[Km[m[K’ [[01;35m[K-Wunused-parameter[m[K]
   55 |      StateSpace(State s, [01;35m[KMoves m[m[K) {}
      |                          [01;35m[K~~~~~~^[m[K
[01m[K/media/muayman17/New/Muhammad/BrightSkies Test/ROS2_BlocksRearrengments/src/CPPsub_BlocksRearrange/src/CPPsub_BlocksRearrange.cpp:[m[K In constructor ‘[01m[KStateSpace::StateSpace(State, Moves, int)[m[K’:
[01m[K/media/muayman17/New/Muhammad/BrightSkies Test/ROS2_BlocksRearrengments/src/CPPsub_BlocksRearrange/src/CPPsub_BlocksRearrange.cpp:56:23:[m[K [01;35m[Kwarning: [m[Kunused parameter ‘[01m[Ks[m[K’ [[01;35m[K-Wunused-parameter[m[K]
   56 |      StateSpace([01;35m[KState s[m[K, Moves m, int f) {}
      |                 [01;35m[K~~~~~~^[m[K
[01m[K/media/muayman17/New/Muhammad/BrightSkies Test/ROS2_BlocksRearrengments/src/CPPsub_BlocksRearrange/src/CPPsub_BlocksRearrange.cpp:56:32:[m[K [01;35m[Kwarning: [m[Kunused parameter ‘[01m[Km[m[K’ [[01;35m[K-Wunused-parameter[m[K]
   56 |      StateSpace(State s, [01;35m[KMoves m[m[K, int f) {}
      |                          [01;35m[K~~~~~~^[m[K
[01m[K/media/muayman17/New/Muhammad/BrightSkies Test/ROS2_BlocksRearrengments/src/CPPsub_BlocksRearrange/src/CPPsub_BlocksRearrange.cpp:56:39:[m[K [01;35m[Kwarning: [m[Kunused parameter ‘[01m[Kf[m[K’ [[01;35m[K-Wunused-parameter[m[K]
   56 |      StateSpace(State s, Moves m, [01;35m[Kint f[m[K) {}
      |                                   [01;35m[K~~~~^[m[K
[01m[K/media/muayman17/New/Muhammad/BrightSkies Test/ROS2_BlocksRearrengments/src/CPPsub_BlocksRearrange/src/CPPsub_BlocksRearrange.cpp:[m[K In member function ‘[01m[Kvoid StateSpace::setState(State)[m[K’:
[01m[K/media/muayman17/New/Muhammad/BrightSkies Test/ROS2_BlocksRearrengments/src/CPPsub_BlocksRearrange/src/CPPsub_BlocksRearrange.cpp:59:26:[m[K [01;35m[Kwarning: [m[Kunused parameter ‘[01m[Ks[m[K’ [[01;35m[K-Wunused-parameter[m[K]
   59 |      void setState([01;35m[KState s[m[K) {};
      |                    [01;35m[K~~~~~~^[m[K
[01m[K/media/muayman17/New/Muhammad/BrightSkies Test/ROS2_BlocksRearrengments/src/CPPsub_BlocksRearrange/src/CPPsub_BlocksRearrange.cpp:[m[K In member function ‘[01m[Kvoid StateSpace::setMoves(Moves)[m[K’:
[01m[K/media/muayman17/New/Muhammad/BrightSkies Test/ROS2_BlocksRearrengments/src/CPPsub_BlocksRearrange/src/CPPsub_BlocksRearrange.cpp:60:26:[m[K [01;35m[Kwarning: [m[Kunused parameter ‘[01m[Km[m[K’ [[01;35m[K-Wunused-parameter[m[K]
   60 |      void setMoves([01;35m[KMoves m[m[K) {};
      |                    [01;35m[K~~~~~~^[m[K
[01m[K/media/muayman17/New/Muhammad/BrightSkies Test/ROS2_BlocksRearrengments/src/CPPsub_BlocksRearrange/src/CPPsub_BlocksRearrange.cpp:[m[K In member function ‘[01m[Kvoid StateSpace::setFixedCount(int)[m[K’:
[01m[K/media/muayman17/New/Muhammad/BrightSkies Test/ROS2_BlocksRearrengments/src/CPPsub_BlocksRearrange/src/CPPsub_BlocksRearrange.cpp:61:29:[m[K [01;35m[Kwarning: [m[Kunused parameter ‘[01m[Kf[m[K’ [[01;35m[K-Wunused-parameter[m[K]
   61 |      void setFixedCount([01;35m[Kint f[m[K) {};
      |                         [01;35m[K~~~~^[m[K
[01m[K/media/muayman17/New/Muhammad/BrightSkies Test/ROS2_BlocksRearrengments/src/CPPsub_BlocksRearrange/src/CPPsub_BlocksRearrange.cpp:[m[K In member function ‘[01m[KState StateSpace::getState() const[m[K’:
[01m[K/media/muayman17/New/Muhammad/BrightSkies Test/ROS2_BlocksRearrengments/src/CPPsub_BlocksRearrange/src/CPPsub_BlocksRearrange.cpp:64:30:[m[K [01;35m[Kwarning: [m[Kno return statement in function returning non-void [[01;35m[K-Wreturn-type[m[K]
   64 |      State getState() const {[01;35m[K}[m[K;
      |                              [01;35m[K^[m[K
[01m[K/media/muayman17/New/Muhammad/BrightSkies Test/ROS2_BlocksRearrengments/src/CPPsub_BlocksRearrange/src/CPPsub_BlocksRearrange.cpp:[m[K In member function ‘[01m[KMoves StateSpace::getMoves() const[m[K’:
[01m[K/media/muayman17/New/Muhammad/BrightSkies Test/ROS2_BlocksRearrengments/src/CPPsub_BlocksRearrange/src/CPPsub_BlocksRearrange.cpp:65:30:[m[K [01;35m[Kwarning: [m[Kno return statement in function returning non-void [[01;35m[K-Wreturn-type[m[K]
   65 |      Moves getMoves() const {[01;35m[K}[m[K;
      |                              [01;35m[K^[m[K
[01m[K/media/muayman17/New/Muhammad/BrightSkies Test/ROS2_BlocksRearrengments/src/CPPsub_BlocksRearrange/src/CPPsub_BlocksRearrange.cpp:[m[K In member function ‘[01m[Kint StateSpace::getFixedCount() const[m[K’:
[01m[K/media/muayman17/New/Muhammad/BrightSkies Test/ROS2_BlocksRearrengments/src/CPPsub_BlocksRearrange/src/CPPsub_BlocksRearrange.cpp:66:33:[m[K [01;35m[Kwarning: [m[Kno return statement in function returning non-void [[01;35m[K-Wreturn-type[m[K]
   66 |      int getFixedCount() const {[01;35m[K}[m[K;
      |                                 [01;35m[K^[m[K
[01m[K/media/muayman17/New/Muhammad/BrightSkies Test/ROS2_BlocksRearrengments/src/CPPsub_BlocksRearrange/src/CPPsub_BlocksRearrange.cpp:[m[K In member function ‘[01m[Kbool StateSpace::operator<(const StateSpace&) const[m[K’:
[01m[K/media/muayman17/New/Muhammad/BrightSkies Test/ROS2_BlocksRearrengments/src/CPPsub_BlocksRearrange/src/CPPsub_BlocksRearrange.cpp:69:53:[m[K [01;35m[Kwarning: [m[Kno return statement in function returning non-void [[01;35m[K-Wreturn-type[m[K]
   69 |      bool operator<(const StateSpace &other) const {[01;35m[K}[m[K;
      |                                                     [01;35m[K^[m[K
[01m[K/media/muayman17/New/Muhammad/BrightSkies Test/ROS2_BlocksRearrengments/src/CPPsub_BlocksRearrange/src/CPPsub_BlocksRearrange.cpp:69:39:[m[K [01;35m[Kwarning: [m[Kunused parameter ‘[01m[Kother[m[K’ [[01;35m[K-Wunused-parameter[m[K]
   69 |      bool operator<([01;35m[Kconst StateSpace &other[m[K) const {};
      |                     [01;35m[K~~~~~~~~~~~~~~~~~~^~~~~[m[K
[01m[K/media/muayman17/New/Muhammad/BrightSkies Test/ROS2_BlocksRearrengments/src/CPPsub_BlocksRearrange/src/CPPsub_BlocksRearrange.cpp:[m[K In constructor ‘[01m[KBFSAlgorithm::BFSAlgorithm(std::string)[m[K’:
[01m[K/media/muayman17/New/Muhammad/BrightSkies Test/ROS2_BlocksRearrengments/src/CPPsub_BlocksRearrange/src/CPPsub_BlocksRearrange.cpp:87:26:[m[K [01;35m[Kwarning: [m[Kunused parameter ‘[01m[Kpub_msg[m[K’ [[01;35m[K-Wunused-parameter[m[K]
   87 |      BFSAlgorithm([01;35m[Kstring pub_msg[m[K) {}
      |                   [01;35m[K~~~~~~~^~~~~~~[m[K
[01m[K/media/muayman17/New/Muhammad/BrightSkies Test/ROS2_BlocksRearrengments/src/CPPsub_BlocksRearrange/src/CPPsub_BlocksRearrange.cpp:[m[K In member function ‘[01m[Kstd::vector<std::__cxx11::basic_string<char> > BFSAlgorithm::StringToVector(std::string, char)[m[K’:
[01m[K/media/muayman17/New/Muhammad/BrightSkies Test/ROS2_BlocksRearrengments/src/CPPsub_BlocksRearrange/src/CPPsub_BlocksRearrange.cpp:90:65:[m[K [01;35m[Kwarning: [m[Kno return statement in function returning non-void [[01;35m[K-Wreturn-type[m[K]
   90 |      vector<string> StringToVector(string pub_msg, char delim) {[01;35m[K}[m[K
      |                                                                 [01;35m[K^[m[K
[01m[K/media/muayman17/New/Muhammad/BrightSkies Test/ROS2_BlocksRearrengments/src/CPPsub_BlocksRearrange/src/CPPsub_BlocksRearrange.cpp:90:43:[m[K [01;35m[Kwarning: [m[Kunused parameter ‘[01m[Kpub_msg[m[K’ [[01;35m[K-Wunused-parameter[m[K]
   90 |      vector<string> StringToVector([01;35m[Kstring pub_msg[m[K, char delim) {}
      |                                    [01;35m[K~~~~~~~^~~~~~~[m[K
[01m[K/media/muayman17/New/Muhammad/BrightSkies Test/ROS2_BlocksRearrengments/src/CPPsub_BlocksRearrange/src/CPPsub_BlocksRearrange.cpp:90:57:[m[K [01;35m[Kwarning: [m[Kunused parameter ‘[01m[Kdelim[m[K’ [[01;35m[K-Wunused-parameter[m[K]
   90 |      vector<string> StringToVector(string pub_msg, [01;35m[Kchar delim[m[K) {}
      |                                                    [01;35m[K~~~~~^~~~~[m[K
[01m[K/media/muayman17/New/Muhammad/BrightSkies Test/ROS2_BlocksRearrengments/src/CPPsub_BlocksRearrange/src/CPPsub_BlocksRearrange.cpp:[m[K In member function ‘[01m[Kstd::string BFSAlgorithm::VectorToString(const State&) const[m[K’:
[01m[K/media/muayman17/New/Muhammad/BrightSkies Test/ROS2_BlocksRearrengments/src/CPPsub_BlocksRearrange/src/CPPsub_BlocksRearrange.cpp:93:55:[m[K [01;35m[Kwarning: [m[Kno return statement in function returning non-void [[01;35m[K-Wreturn-type[m[K]
   93 |      string VectorToString(const State &state) const {[01;35m[K}[m[K
      |                                                       [01;35m[K^[m[K
[01m[K/media/muayman17/New/Muhammad/BrightSkies Test/ROS2_BlocksRearrengments/src/CPPsub_BlocksRearrange/src/CPPsub_BlocksRearrange.cpp:93:41:[m[K [01;35m[Kwarning: [m[Kunused parameter ‘[01m[Kstate[m[K’ [[01;35m[K-Wunused-parameter[m[K]
   93 |      string VectorToString([01;35m[Kconst State &state[m[K) const {}
      |                            [01;35m[K~~~~~~~~~~~~~^~~~~[m[K
[01m[K/media/muayman17/New/Muhammad/BrightSkies Test/ROS2_BlocksRearrengments/src/CPPsub_BlocksRearrange/src/CPPsub_BlocksRearrange.cpp:[m[K In member function ‘[01m[Kbool BFSAlgorithm::IsGoal(const State&) const[m[K’:
[01m[K/media/muayman17/New/Muhammad/BrightSkies Test/ROS2_BlocksRearrengments/src/CPPsub_BlocksRearrange/src/CPPsub_BlocksRearrange.cpp:96:47:[m[K [01;35m[Kwarning: [m[Kno return statement in function returning non-void [[01;35m[K-Wreturn-type[m[K]
   96 |      bool IsGoal(const State &current) const {[01;35m[K}[m[K
      |                                               [01;35m[K^[m[K
[01m[K/media/muayman17/New/Muhammad/BrightSkies Test/ROS2_BlocksRearrengments/src/CPPsub_BlocksRearrange/src/CPPsub_BlocksRearrange.cpp:96:31:[m[K [01;35m[Kwarning: [m[Kunused parameter ‘[01m[Kcurrent[m[K’ [[01;35m[K-Wunused-parameter[m[K]
   96 |      bool IsGoal([01;35m[Kconst State &current[m[K) const {}
      |                  [01;35m[K~~~~~~~~~~~~~^~~~~~~[m[K
[01m[K/media/muayman17/New/Muhammad/BrightSkies Test/ROS2_BlocksRearrengments/src/CPPsub_BlocksRearrange/src/CPPsub_BlocksRearrange.cpp:[m[K In member function ‘[01m[Kstd::vector<StateSpace> BFSAlgorithm::getNextStates(const StateSpace&) const[m[K’:
[01m[K/media/muayman17/New/Muhammad/BrightSkies Test/ROS2_BlocksRearrengments/src/CPPsub_BlocksRearrange/src/CPPsub_BlocksRearrange.cpp:99:73:[m[K [01;35m[Kwarning: [m[Kno return statement in function returning non-void [[01;35m[K-Wreturn-type[m[K]
   99 |      vector<StateSpace> getNextStates(const StateSpace &current) const {[01;35m[K}[m[K
      |                                                                         [01;35m[K^[m[K
[01m[K/media/muayman17/New/Muhammad/BrightSkies Test/ROS2_BlocksRearrengments/src/CPPsub_BlocksRearrange/src/CPPsub_BlocksRearrange.cpp:99:57:[m[K [01;35m[Kwarning: [m[Kunused parameter ‘[01m[Kcurrent[m[K’ [[01;35m[K-Wunused-parameter[m[K]
   99 |      vector<StateSpace> getNextStates([01;35m[Kconst StateSpace &current[m[K) const {}
      |                                       [01;35m[K~~~~~~~~~~~~~~~~~~^~~~~~~[m[K
[01m[K/media/muayman17/New/Muhammad/BrightSkies Test/ROS2_BlocksRearrengments/src/CPPsub_BlocksRearrange/src/CPPsub_BlocksRearrange.cpp:[m[K In member function ‘[01m[Kvoid BFSAlgorithm::countMatches(StateSpace&)[m[K’:
[01m[K/media/muayman17/New/Muhammad/BrightSkies Test/ROS2_BlocksRearrengments/src/CPPsub_BlocksRearrange/src/CPPsub_BlocksRearrange.cpp:102:36:[m[K [01;35m[Kwarning: [m[Kunused parameter ‘[01m[Kcurrent[m[K’ [[01;35m[K-Wunused-parameter[m[K]
  102 |      void countMatches([01;35m[KStateSpace &current[m[K) {}
      |                        [01;35m[K~~~~~~~~~~~~^~~~~~~[m[K
[01m[K/media/muayman17/New/Muhammad/BrightSkies Test/ROS2_BlocksRearrengments/src/CPPsub_BlocksRearrange/src/CPPsub_BlocksRearrange.cpp:[m[K In member function ‘[01m[KMoves BFSAlgorithm::BFS_Algorithm()[m[K’:
[01m[K/media/muayman17/New/Muhammad/BrightSkies Test/ROS2_BlocksRearrengments/src/CPPsub_BlocksRearrange/src/CPPsub_BlocksRearrange.cpp:105:29:[m[K [01;35m[Kwarning: [m[Kno return statement in function returning non-void [[01;35m[K-Wreturn-type[m[K]
  105 |      Moves BFS_Algorithm() {[01;35m[K}[m[K
      |                             [01;35m[K^[m[K
[01m[K/media/muayman17/New/Muhammad/BrightSkies Test/ROS2_BlocksRearrengments/src/CPPsub_BlocksRearrange/src/CPPsub_BlocksRearrange.cpp:[m[K At global scope:
[01m[K/media/muayman17/New/Muhammad/BrightSkies Test/ROS2_BlocksRearrengments/src/CPPsub_BlocksRearrange/src/CPPsub_BlocksRearrange.cpp:130:1:[m[K [01;31m[Kerror: [m[Kredefinition of ‘[01m[KStateSpace::StateSpace()[m[K’
  130 | [01;31m[KStateSpace[m[K::StateSpace() : state({}), move({}), fixedCount(0) {}
      | [01;31m[K^~~~~~~~~~[m[K
[01m[K/media/muayman17/New/Muhammad/BrightSkies Test/ROS2_BlocksRearrengments/src/CPPsub_BlocksRearrange/src/CPPsub_BlocksRearrange.cpp:53:6:[m[K [01;36m[Knote: [m[K‘[01m[KStateSpace::StateSpace()[m[K’ previously defined here
   53 |      [01;36m[KStateSpace[m[K() {}
      |      [01;36m[K^~~~~~~~~~[m[K
[01m[K/media/muayman17/New/Muhammad/BrightSkies Test/ROS2_BlocksRearrengments/src/CPPsub_BlocksRearrange/src/CPPsub_BlocksRearrange.cpp:130:36:[m[K [01;31m[Kerror: [m[Kexpected unqualified-id before ‘[01m[K)[m[K’ token
  130 | StateSpace::StateSpace() : state({}[01;31m[K)[m[K, move({}), fixedCount(0) {}
      |                                    [01;31m[K^[m[K
[01m[K/media/muayman17/New/Muhammad/BrightSkies Test/ROS2_BlocksRearrengments/src/CPPsub_BlocksRearrange/src/CPPsub_BlocksRearrange.cpp:130:46:[m[K [01;31m[Kerror: [m[Kexpected unqualified-id before ‘[01m[K)[m[K’ token
  130 | StateSpace::StateSpace() : state({}), move({}[01;31m[K)[m[K, fixedCount(0) {}
      |                                              [01;31m[K^[m[K
[01m[K/media/muayman17/New/Muhammad/BrightSkies Test/ROS2_BlocksRearrengments/src/CPPsub_BlocksRearrange/src/CPPsub_BlocksRearrange.cpp:131:1:[m[K [01;31m[Kerror: [m[Kredefinition of ‘[01m[KStateSpace::StateSpace(State)[m[K’
  131 | [01;31m[KStateSpace[m[K::StateSpace(State s) : state(s), move({}), fixedCount(0) {}
      | [01;31m[K^~~~~~~~~~[m[K
[01m[K/media/muayman17/New/Muhammad/BrightSkies Test/ROS2_BlocksRearrengments/src/CPPsub_BlocksRearrange/src/CPPsub_BlocksRearrange.cpp:54:6:[m[K [01;36m[Knote: [m[K‘[01m[KStateSpace::StateSpace(State)[m[K’ previously defined here
   54 |      [01;36m[KStateSpace[m[K(State s) {}
      |      [01;36m[K^~~~~~~~~~[m[K
[01m[K/media/muayman17/New/Muhammad/BrightSkies Test/ROS2_BlocksRearrengments/src/CPPsub_BlocksRearrange/src/CPPsub_BlocksRearrange.cpp:131:52:[m[K [01;31m[Kerror: [m[Kexpected unqualified-id before ‘[01m[K)[m[K’ token
  131 | StateSpace::StateSpace(State s) : state(s), move({}[01;31m[K)[m[K, fixedCount(0) {}
      |                                                    [01;31m[K^[m[K
[01m[K/media/muayman17/New/Muhammad/BrightSkies Test/ROS2_BlocksRearrengments/src/CPPsub_BlocksRearrange/src/CPPsub_BlocksRearrange.cpp:132:1:[m[K [01;31m[Kerror: [m[Kredefinition of ‘[01m[KStateSpace::StateSpace(State, Moves)[m[K’
  132 | [01;31m[KStateSpace[m[K::StateSpace(State s, Moves m) : state(s), move(m), fixedCount(0) {}
      | [01;31m[K^~~~~~~~~~[m[K
[01m[K/media/muayman17/New/Muhammad/BrightSkies Test/ROS2_BlocksRearrengments/src/CPPsub_BlocksRearrange/src/CPPsub_BlocksRearrange.cpp:55:6:[m[K [01;36m[Knote: [m[K‘[01m[KStateSpace::StateSpace(State, Moves)[m[K’ previously defined here
   55 |      [01;36m[KStateSpace[m[K(State s, Moves m) {}
      |      [01;36m[K^~~~~~~~~~[m[K
[01m[K/media/muayman17/New/Muhammad/BrightSkies Test/ROS2_BlocksRearrengments/src/CPPsub_BlocksRearrange/src/CPPsub_BlocksRearrange.cpp:133:1:[m[K [01;31m[Kerror: [m[Kredefinition of ‘[01m[KStateSpace::StateSpace(State, Moves, int)[m[K’
  133 | [01;31m[KStateSpace[m[K::StateSpace(State s, Moves m, int f) : state(s), move(m), fixedCount(f) {}
      | [01;31m[K^~~~~~~~~~[m[K
[01m[K/media/muayman17/New/Muhammad/BrightSkies Test/ROS2_BlocksRearrengments/src/CPPsub_BlocksRearrange/src/CPPsub_BlocksRearrange.cpp:56:6:[m[K [01;36m[Knote: [m[K‘[01m[KStateSpace::StateSpace(State, Moves, int)[m[K’ previously defined here
   56 |      [01;36m[KStateSpace[m[K(State s, Moves m, int f) {}
      |      [01;36m[K^~~~~~~~~~[m[K
[01m[K/media/muayman17/New/Muhammad/BrightSkies Test/ROS2_BlocksRearrengments/src/CPPsub_BlocksRearrange/src/CPPsub_BlocksRearrange.cpp:136:6:[m[K [01;31m[Kerror: [m[Kredefinition of ‘[01m[Kvoid StateSpace::setState(State)[m[K’
  136 | void [01;31m[KStateSpace[m[K::setState(State s) { state = s; };
      |      [01;31m[K^~~~~~~~~~[m[K
[01m[K/media/muayman17/New/Muhammad/BrightSkies Test/ROS2_BlocksRearrengments/src/CPPsub_BlocksRearrange/src/CPPsub_BlocksRearrange.cpp:59:11:[m[K [01;36m[Knote: [m[K‘[01m[Kvoid StateSpace::setState(State)[m[K’ previously defined here
   59 |      void [01;36m[KsetState[m[K(State s) {};
      |           [01;36m[K^~~~~~~~[m[K
[01m[K/media/muayman17/New/Muhammad/BrightSkies Test/ROS2_BlocksRearrengments/src/CPPsub_BlocksRearrange/src/CPPsub_BlocksRearrange.cpp:136:50:[m[K [01;35m[Kwarning: [m[Kextra ‘[01m[K;[m[K’ [[01;35m[K-Wpedantic[m[K]
  136 | void StateSpace::setState(State s) { state = s; }[01;35m[K;[m[K
      |                                                  [01;35m[K^[m[K
[01m[K/media/muayman17/New/Muhammad/BrightSkies Test/ROS2_BlocksRearrengments/src/CPPsub_BlocksRearrange/src/CPPsub_BlocksRearrange.cpp:137:6:[m[K [01;31m[Kerror: [m[Kredefinition of ‘[01m[Kvoid StateSpace::setMoves(Moves)[m[K’
  137 | void [01;31m[KStateSpace[m[K::setMoves(Moves m) { move = m; };
      |      [01;31m[K^~~~~~~~~~[m[K
[01m[K/media/muayman17/New/Muhammad/BrightSkies Test/ROS2_BlocksRearrengments/src/CPPsub_BlocksRearrange/src/CPPsub_BlocksRearrange.cpp:60:11:[m[K [01;36m[Knote: [m[K‘[01m[Kvoid StateSpace::setMoves(Moves)[m[K’ previously defined here
   60 |      void [01;36m[KsetMoves[m[K(Moves m) {};
      |           [01;36m[K^~~~~~~~[m[K
[01m[K/media/muayman17/New/Muhammad/BrightSkies Test/ROS2_BlocksRearrengments/src/CPPsub_BlocksRearrange/src/CPPsub_BlocksRearrange.cpp:137:49:[m[K [01;35m[Kwarning: [m[Kextra ‘[01m[K;[m[K’ [[01;35m[K-Wpedantic[m[K]
  137 | void StateSpace::setMoves(Moves m) { move = m; }[01;35m[K;[m[K
      |                                                 [01;35m[K^[m[K
[01m[K/media/muayman17/New/Muhammad/BrightSkies Test/ROS2_BlocksRearrengments/src/CPPsub_BlocksRearrange/src/CPPsub_BlocksRearrange.cpp:138:6:[m[K [01;31m[Kerror: [m[Kredefinition of ‘[01m[Kvoid StateSpace::setFixedCount(int)[m[K’
  138 | void [01;31m[KStateSpace[m[K::setFixedCount(int f) { fixedCount = f; };
      |      [01;31m[K^~~~~~~~~~[m[K
[01m[K/media/muayman17/New/Muhammad/BrightSkies Test/ROS2_BlocksRearrengments/src/CPPsub_BlocksRearrange/src/CPPsub_BlocksRearrange.cpp:61:11:[m[K [01;36m[Knote: [m[K‘[01m[Kvoid StateSpace::setFixedCount(int)[m[K’ previously defined here
   61 |      void [01;36m[KsetFixedCount[m[K(int f) {};
      |           [01;36m[K^~~~~~~~~~~~~[m[K
[01m[K/media/muayman17/New/Muhammad/BrightSkies Test/ROS2_BlocksRearrengments/src/CPPsub_BlocksRearrange/src/CPPsub_BlocksRearrange.cpp:138:58:[m[K [01;35m[Kwarning: [m[Kextra ‘[01m[K;[m[K’ [[01;35m[K-Wpedantic[m[K]
  138 | void StateSpace::setFixedCount(int f) { fixedCount = f; }[01;35m[K;[m[K
      |                                                          [01;35m[K^[m[K
[01m[K/media/muayman17/New/Muhammad/BrightSkies Test/ROS2_BlocksRearrengments/src/CPPsub_BlocksRearrange/src/CPPsub_BlocksRearrange.cpp:141:7:[m[K [01;31m[Kerror: [m[Kredefinition of ‘[01m[KState StateSpace::getState() const[m[K’
  141 | State [01;31m[KStateSpace[m[K::getState() const { return state; };
      |       [01;31m[K^~~~~~~~~~[m[K
[01m[K/media/muayman17/New/Muhammad/BrightSkies Test/ROS2_BlocksRearrengments/src/CPPsub_BlocksRearrange/src/CPPsub_BlocksRearrange.cpp:64:12:[m[K [01;36m[Knote: [m[K‘[01m[KState StateSpace::getState() const[m[K’ previously defined here
   64 |      State [01;36m[KgetState[m[K() const {};
      |            [01;36m[K^~~~~~~~[m[K
[01m[K/media/muayman17/New/Muhammad/BrightSkies Test/ROS2_BlocksRearrengments/src/CPPsub_BlocksRearrange/src/CPPsub_BlocksRearrange.cpp:141:53:[m[K [01;35m[Kwarning: [m[Kextra ‘[01m[K;[m[K’ [[01;35m[K-Wpedantic[m[K]
  141 | State StateSpace::getState() const { return state; }[01;35m[K;[m[K
      |                                                     [01;35m[K^[m[K
[01m[K/media/muayman17/New/Muhammad/BrightSkies Test/ROS2_BlocksRearrengments/src/CPPsub_BlocksRearrange/src/CPPsub_BlocksRearrange.cpp:142:7:[m[K [01;31m[Kerror: [m[Kredefinition of ‘[01m[KMoves StateSpace::getMoves() const[m[K’
  142 | Moves [01;31m[KStateSpace[m[K::getMoves() const { return move; };
      |       [01;31m[K^~~~~~~~~~[m[K
[01m[K/media/muayman17/New/Muhammad/BrightSkies Test/ROS2_BlocksRearrengments/src/CPPsub_BlocksRearrange/src/CPPsub_BlocksRearrange.cpp:65:12:[m[K [01;36m[Knote: [m[K‘[01m[KMoves StateSpace::getMoves() const[m[K’ previously defined here
   65 |      Moves [01;36m[KgetMoves[m[K() const {};
      |            [01;36m[K^~~~~~~~[m[K
[01m[K/media/muayman17/New/Muhammad/BrightSkies Test/ROS2_BlocksRearrengments/src/CPPsub_BlocksRearrange/src/CPPsub_BlocksRearrange.cpp:142:52:[m[K [01;35m[Kwarning: [m[Kextra ‘[01m[K;[m[K’ [[01;35m[K-Wpedantic[m[K]
  142 | Moves StateSpace::getMoves() const { return move; }[01;35m[K;[m[K
      |                                                    [01;35m[K^[m[K
[01m[K/media/muayman17/New/Muhammad/BrightSkies Test/ROS2_BlocksRearrengments/src/CPPsub_BlocksRearrange/src/CPPsub_BlocksRearrange.cpp:143:5:[m[K [01;31m[Kerror: [m[Kredefinition of ‘[01m[Kint StateSpace::getFixedCount() const[m[K’
  143 | int [01;31m[KStateSpace[m[K::getFixedCount() const { return fixedCount; };
      |     [01;31m[K^~~~~~~~~~[m[K
[01m[K/media/muayman17/New/Muhammad/BrightSkies Test/ROS2_BlocksRearrengments/src/CPPsub_BlocksRearrange/src/CPPsub_BlocksRearrange.cpp:66:10:[m[K [01;36m[Knote: [m[K‘[01m[Kint StateSpace::getFixedCount() const[m[K’ previously defined here
   66 |      int [01;36m[KgetFixedCount[m[K() const {};
      |          [01;36m[K^~~~~~~~~~~~~[m[K
[01m[K/media/muayman17/New/Muhammad/BrightSkies Test/ROS2_BlocksRearrengments/src/CPPsub_BlocksRearrange/src/CPPsub_BlocksRearrange.cpp:143:61:[m[K [01;35m[Kwarning: [m[Kextra ‘[01m[K;[m[K’ [[01;35m[K-Wpedantic[m[K]
  143 | int StateSpace::getFixedCount() const { return fixedCount; }[01;35m[K;[m[K
      |                                                             [01;35m[K^[m[K
[01m[K/media/muayman17/New/Muhammad/BrightSkies Test/ROS2_BlocksRearrengments/src/CPPsub_BlocksRearrange/src/CPPsub_BlocksRearrange.cpp:146:6:[m[K [01;31m[Kerror: [m[Kredefinition of ‘[01m[Kbool StateSpace::operator<(const StateSpace&) const[m[K’
  146 | bool [01;31m[KStateSpace[m[K::operator<(const StateSpace &other) const
      |      [01;31m[K^~~~~~~~~~[m[K
[01m[K/media/muayman17/New/Muhammad/BrightSkies Test/ROS2_BlocksRearrengments/src/CPPsub_BlocksRearrange/src/CPPsub_BlocksRearrange.cpp:69:11:[m[K [01;36m[Knote: [m[K‘[01m[Kbool StateSpace::operator<(const StateSpace&) const[m[K’ previously defined here
   69 |      bool [01;36m[Koperator[m[K<(const StateSpace &other) const {};
      |           [01;36m[K^~~~~~~~[m[K
[01m[K/media/muayman17/New/Muhammad/BrightSkies Test/ROS2_BlocksRearrengments/src/CPPsub_BlocksRearrange/src/CPPsub_BlocksRearrange.cpp:149:2:[m[K [01;35m[Kwarning: [m[Kextra ‘[01m[K;[m[K’ [[01;35m[K-Wpedantic[m[K]
  149 | }[01;35m[K;[m[K
      |  [01;35m[K^[m[K
[01m[K/media/muayman17/New/Muhammad/BrightSkies Test/ROS2_BlocksRearrengments/src/CPPsub_BlocksRearrange/src/CPPsub_BlocksRearrange.cpp:160:1:[m[K [01;31m[Kerror: [m[Kredefinition of ‘[01m[KBFSAlgorithm::BFSAlgorithm(std::string)[m[K’
  160 | [01;31m[KBFSAlgorithm[m[K::BFSAlgorithm(string pub_msg)
      | [01;31m[K^~~~~~~~~~~~[m[K
[01m[K/media/muayman17/New/Muhammad/BrightSkies Test/ROS2_BlocksRearrengments/src/CPPsub_BlocksRearrange/src/CPPsub_BlocksRearrange.cpp:87:6:[m[K [01;36m[Knote: [m[K‘[01m[KBFSAlgorithm::BFSAlgorithm(std::string)[m[K’ previously defined here
   87 |      [01;36m[KBFSAlgorithm[m[K(string pub_msg) {}
      |      [01;36m[K^~~~~~~~~~~~[m[K
[01m[K/media/muayman17/New/Muhammad/BrightSkies Test/ROS2_BlocksRearrengments/src/CPPsub_BlocksRearrange/src/CPPsub_BlocksRearrange.cpp:194:16:[m[K [01;31m[Kerror: [m[Kredefinition of ‘[01m[Kstd::vector<std::__cxx11::basic_string<char> > BFSAlgorithm::StringToVector(std::string, char)[m[K’
  194 | vector<string> [01;31m[KBFSAlgorithm[m[K::StringToVector(string pub_msg, char delim)
      |                [01;31m[K^~~~~~~~~~~~[m[K
[01m[K/media/muayman17/New/Muhammad/BrightSkies Test/ROS2_BlocksRearrengments/src/CPPsub_BlocksRearrange/src/CPPsub_BlocksRearrange.cpp:90:21:[m[K [01;36m[Knote: [m[K‘[01m[Kstd::vector<std::__cxx11::basic_string<char> > BFSAlgorithm::StringToVector(std::string, char)[m[K’ previously defined here
   90 |      vector<string> [01;36m[KStringToVector[m[K(string pub_msg, char delim) {}
      |                     [01;36m[K^~~~~~~~~~~~~~[m[K
[01m[K/media/muayman17/New/Muhammad/BrightSkies Test/ROS2_BlocksRearrengments/src/CPPsub_BlocksRearrange/src/CPPsub_BlocksRearrange.cpp:202:2:[m[K [01;35m[Kwarning: [m[Kextra ‘[01m[K;[m[K’ [[01;35m[K-Wpedantic[m[K]
  202 | }[01;35m[K;[m[K
      |  [01;35m[K^[m[K
[01m[K/media/muayman17/New/Muhammad/BrightSkies Test/ROS2_BlocksRearrengments/src/CPPsub_BlocksRearrange/src/CPPsub_BlocksRearrange.cpp:205:8:[m[K [01;31m[Kerror: [m[Kredefinition of ‘[01m[Kstd::string BFSAlgorithm::VectorToString(const State&) const[m[K’
  205 | string [01;31m[KBFSAlgorithm[m[K::VectorToString(const State &state) const
      |        [01;31m[K^~~~~~~~~~~~[m[K
[01m[K/media/muayman17/New/Muhammad/BrightSkies Test/ROS2_BlocksRearrengments/src/CPPsub_BlocksRearrange/src/CPPsub_BlocksRearrange.cpp:93:13:[m[K [01;36m[Knote: [m[K‘[01m[Kstd::string BFSAlgorithm::VectorToString(const State&) const[m[K’ previously defined here
   93 |      string [01;36m[KVectorToString[m[K(const State &state) const {}
      |             [01;36m[K^~~~~~~~~~~~~~[m[K
[01m[K/media/muayman17/New/Muhammad/BrightSkies Test/ROS2_BlocksRearrengments/src/CPPsub_BlocksRearrange/src/CPPsub_BlocksRearrange.cpp:215:2:[m[K [01;35m[Kwarning: [m[Kextra ‘[01m[K;[m[K’ [[01;35m[K-Wpedantic[m[K]
  215 | }[01;35m[K;[m[K
      |  [01;35m[K^[m[K
[01m[K/media/muayman17/New/Muhammad/BrightSkies Test/ROS2_BlocksRearrengments/src/CPPsub_BlocksRearrange/src/CPPsub_BlocksRearrange.cpp:218:6:[m[K [01;31m[Kerror: [m[Kredefinition of ‘[01m[Kbool BFSAlgorithm::IsGoal(const State&) const[m[K’
  218 | bool [01;31m[KBFSAlgorithm[m[K::IsGoal(const State &current) const
      |      [01;31m[K^~~~~~~~~~~~[m[K
[01m[K/media/muayman17/New/Muhammad/BrightSkies Test/ROS2_BlocksRearrengments/src/CPPsub_BlocksRearrange/src/CPPsub_BlocksRearrange.cpp:96:11:[m[K [01;36m[Knote: [m[K‘[01m[Kbool BFSAlgorithm::IsGoal(const State&) const[m[K’ previously defined here
   96 |      bool [01;36m[KIsGoal[m[K(const State &current) const {}
      |           [01;36m[K^~~~~~[m[K
[01m[K/media/muayman17/New/Muhammad/BrightSkies Test/ROS2_BlocksRearrengments/src/CPPsub_BlocksRearrange/src/CPPsub_BlocksRearrange.cpp:233:2:[m[K [01;35m[Kwarning: [m[Kextra ‘[01m[K;[m[K’ [[01;35m[K-Wpedantic[m[K]
  233 | }[01;35m[K;[m[K
      |  [01;35m[K^[m[K
[01m[K/media/muayman17/New/Muhammad/BrightSkies Test/ROS2_BlocksRearrengments/src/CPPsub_BlocksRearrange/src/CPPsub_BlocksRearrange.cpp:236:20:[m[K [01;31m[Kerror: [m[Kredefinition of ‘[01m[Kstd::vector<StateSpace> BFSAlgorithm::getNextStates(const StateSpace&) const[m[K’
  236 | vector<StateSpace> [01;31m[KBFSAlgorithm[m[K::getNextStates(const StateSpace &current) const
      |                    [01;31m[K^~~~~~~~~~~~[m[K
[01m[K/media/muayman17/New/Muhammad/BrightSkies Test/ROS2_BlocksRearrengments/src/CPPsub_BlocksRearrange/src/CPPsub_BlocksRearrange.cpp:99:25:[m[K [01;36m[Knote: [m[K‘[01m[Kstd::vector<StateSpace> BFSAlgorithm::getNextStates(const StateSpace&) const[m[K’ previously defined here
   99 |      vector<StateSpace> [01;36m[KgetNextStates[m[K(const StateSpace &current) const {}
      |                         [01;36m[K^~~~~~~~~~~~~[m[K
[01m[K/media/muayman17/New/Muhammad/BrightSkies Test/ROS2_BlocksRearrengments/src/CPPsub_BlocksRearrange/src/CPPsub_BlocksRearrange.cpp:291:2:[m[K [01;35m[Kwarning: [m[Kextra ‘[01m[K;[m[K’ [[01;35m[K-Wpedantic[m[K]
  291 | }[01;35m[K;[m[K
      |  [01;35m[K^[m[K
[01m[K/media/muayman17/New/Muhammad/BrightSkies Test/ROS2_BlocksRearrengments/src/CPPsub_BlocksRearrange/src/CPPsub_BlocksRearrange.cpp:294:6:[m[K [01;31m[Kerror: [m[Kredefinition of ‘[01m[Kvoid BFSAlgorithm::countMatches(StateSpace&)[m[K’
  294 | void [01;31m[KBFSAlgorithm[m[K::countMatches(StateSpace &current)
      |      [01;31m[K^~~~~~~~~~~~[m[K
[01m[K/media/muayman17/New/Muhammad/BrightSkies Test/ROS2_BlocksRearrengments/src/CPPsub_BlocksRearrange/src/CPPsub_BlocksRearrange.cpp:102:11:[m[K [01;36m[Knote: [m[K‘[01m[Kvoid BFSAlgorithm::countMatches(StateSpace&)[m[K’ previously defined here
  102 |      void [01;36m[KcountMatches[m[K(StateSpace &current) {}
      |           [01;36m[K^~~~~~~~~~~~[m[K
[01m[K/media/muayman17/New/Muhammad/BrightSkies Test/ROS2_BlocksRearrengments/src/CPPsub_BlocksRearrange/src/CPPsub_BlocksRearrange.cpp:324:2:[m[K [01;35m[Kwarning: [m[Kextra ‘[01m[K;[m[K’ [[01;35m[K-Wpedantic[m[K]
  324 | }[01;35m[K;[m[K
      |  [01;35m[K^[m[K
[01m[K/media/muayman17/New/Muhammad/BrightSkies Test/ROS2_BlocksRearrengments/src/CPPsub_BlocksRearrange/src/CPPsub_BlocksRearrange.cpp:327:7:[m[K [01;31m[Kerror: [m[Kredefinition of ‘[01m[KMoves BFSAlgorithm::BFS_Algorithm()[m[K’
  327 | Moves [01;31m[KBFSAlgorithm[m[K::BFS_Algorithm()
      |       [01;31m[K^~~~~~~~~~~~[m[K
[01m[K/media/muayman17/New/Muhammad/BrightSkies Test/ROS2_BlocksRearrengments/src/CPPsub_BlocksRearrange/src/CPPsub_BlocksRearrange.cpp:105:12:[m[K [01;36m[Knote: [m[K‘[01m[KMoves BFSAlgorithm::BFS_Algorithm()[m[K’ previously defined here
  105 |      Moves [01;36m[KBFS_Algorithm[m[K() {}
      |            [01;36m[K^~~~~~~~~~~~~[m[K
[01m[K/media/muayman17/New/Muhammad/BrightSkies Test/ROS2_BlocksRearrengments/src/CPPsub_BlocksRearrange/src/CPPsub_BlocksRearrange.cpp:361:2:[m[K [01;35m[Kwarning: [m[Kextra ‘[01m[K;[m[K’ [[01;35m[K-Wpedantic[m[K]
  361 | }[01;35m[K;[m[K
      |  [01;35m[K^[m[K
[01m[K/media/muayman17/New/Muhammad/BrightSkies Test/ROS2_BlocksRearrengments/src/CPPsub_BlocksRearrange/src/CPPsub_BlocksRearrange.cpp:381:1:[m[K [01;31m[Kerror: [m[Kexpected initializer before ‘[01m[Kclass[m[K’
  381 | [01;31m[Kclass[m[K blockArrangementSub : public rclcpp::Node
      | [01;31m[K^~~~~[m[K
[01m[K/media/muayman17/New/Muhammad/BrightSkies Test/ROS2_BlocksRearrengments/src/CPPsub_BlocksRearrange/src/CPPsub_BlocksRearrange.cpp:[m[K In function ‘[01m[Kint main(int, char**)[m[K’:
[01m[K/media/muayman17/New/Muhammad/BrightSkies Test/ROS2_BlocksRearrengments/src/CPPsub_BlocksRearrange/src/CPPsub_BlocksRearrange.cpp:420:33:[m[K [01;31m[Kerror: [m[K‘[01m[KblockArrangementSub[m[K’ was not declared in this scope
  420 |   rclcpp::spin(std::make_shared<[01;31m[KblockArrangementSub[m[K>());
      |                                 [01;31m[K^~~~~~~~~~~~~~~~~~~[m[K
[01m[K/media/muayman17/New/Muhammad/BrightSkies Test/ROS2_BlocksRearrengments/src/CPPsub_BlocksRearrange/src/CPPsub_BlocksRearrange.cpp:420:54:[m[K [01;31m[Kerror: [m[Kno matching function for call to ‘[01m[Kmake_shared<<expression error> >()[m[K’
  420 |   rclcpp::spin(std::make_shared<blockArrangementSub>([01;31m[K)[m[K);
      |                                                      [01;31m[K^[m[K
In file included from [01m[K/usr/include/c++/9/memory:81[m[K,
                 from [01m[K/media/muayman17/New/Muhammad/BrightSkies Test/ROS2_BlocksRearrengments/src/CPPsub_BlocksRearrange/src/CPPsub_BlocksRearrange.cpp:1[m[K:
[01m[K/usr/include/c++/9/bits/shared_ptr.h:714:5:[m[K [01;36m[Knote: [m[Kcandidate: ‘[01m[Ktemplate<class _Tp, class ... _Args> std::shared_ptr<_Tp> std::make_shared(_Args&& ...)[m[K’
  714 |     [01;36m[Kmake_shared[m[K(_Args&&... __args)
      |     [01;36m[K^~~~~~~~~~~[m[K
[01m[K/usr/include/c++/9/bits/shared_ptr.h:714:5:[m[K [01;36m[Knote: [m[K  template argument deduction/substitution failed:
[01m[K/media/muayman17/New/Muhammad/BrightSkies Test/ROS2_BlocksRearrengments/src/CPPsub_BlocksRearrange/src/CPPsub_BlocksRearrange.cpp:420:54:[m[K [01;31m[Kerror: [m[Ktemplate argument 1 is invalid
  420 |   rclcpp::spin(std::make_shared<blockArrangementSub>([01;31m[K)[m[K);
      |                                                      [01;31m[K^[m[K
make[2]: *** [CMakeFiles/lis.dir/build.make:63: CMakeFiles/lis.dir/src/CPPsub_BlocksRearrange.cpp.o] Error 1
make[1]: *** [CMakeFiles/Makefile2:78: CMakeFiles/lis.dir/all] Error 2
make: *** [Makefile:141: all] Error 2
