[0.751s] Invoking command in '/media/muayman17/New/Muhammad/BrightSkies Test/ROS2_BlocksRearrengments/src/initialGoalpub_py': PYTHONPATH=/media/muayman17/New/Muhammad/BrightSkies Test/ROS2_BlocksRearrengments/src/build/initialGoalpub_py/prefix_override:/usr/lib/python3/dist-packages/colcon_core/task/python/colcon_distutils_commands:/media/muayman17/New/Muhammad/BrightSkies Test/ROS2_BlocksRearrengments/src/install/initialGoalpub_py/lib/python3.8/site-packages:${PYTHONPATH} /usr/bin/python3 -W ignore:setup.py install is deprecated setup.py egg_info --egg-base ../build/initialGoalpub_py build --build-base /media/muayman17/New/Muhammad/BrightSkies Test/ROS2_BlocksRearrengments/src/build/initialGoalpub_py/build install --record /media/muayman17/New/Muhammad/BrightSkies Test/ROS2_BlocksRearrengments/src/build/initialGoalpub_py/install.log --install-scripts $base/lib/initialGoalpub_py --single-version-externally-managed install_data
[1.014s] running egg_info
[1.015s] writing ../build/initialGoalpub_py/initialGoalpub_py.egg-info/PKG-INFO
[1.015s] writing dependency_links to ../build/initialGoalpub_py/initialGoalpub_py.egg-info/dependency_links.txt
[1.016s] writing entry points to ../build/initialGoalpub_py/initialGoalpub_py.egg-info/entry_points.txt
[1.016s] writing requirements to ../build/initialGoalpub_py/initialGoalpub_py.egg-info/requires.txt
[1.016s] writing top-level names to ../build/initialGoalpub_py/initialGoalpub_py.egg-info/top_level.txt
[1.056s] reading manifest file '../build/initialGoalpub_py/initialGoalpub_py.egg-info/SOURCES.txt'
[1.059s] writing manifest file '../build/initialGoalpub_py/initialGoalpub_py.egg-info/SOURCES.txt'
[1.059s] running build
[1.059s] running build_py
[1.061s] running install
[1.062s] running install_lib
[1.068s] running install_data
[1.069s] running install_egg_info
[1.072s] removing '/media/muayman17/New/Muhammad/BrightSkies Test/ROS2_BlocksRearrengments/src/install/initialGoalpub_py/lib/python3.8/site-packages/initialGoalpub_py-0.0.0-py3.8.egg-info' (and everything under it)
[1.074s] Copying ../build/initialGoalpub_py/initialGoalpub_py.egg-info to /media/muayman17/New/Muhammad/BrightSkies Test/ROS2_BlocksRearrengments/src/install/initialGoalpub_py/lib/python3.8/site-packages/initialGoalpub_py-0.0.0-py3.8.egg-info
[1.083s] running install_scripts
[1.109s] Installing initialGoalpub script to /media/muayman17/New/Muhammad/BrightSkies Test/ROS2_BlocksRearrengments/src/install/initialGoalpub_py/lib/initialGoalpub_py
[1.110s] writing list of installed files to '/media/muayman17/New/Muhammad/BrightSkies Test/ROS2_BlocksRearrengments/src/build/initialGoalpub_py/install.log'
