[0.025s] Invoking command in '/media/muayman17/New/Muhammad/BrightSkies Test/ROS2_BlocksRearrengments/build/CPPsub_BlocksRearrange': CMAKE_PREFIX_PATH=/opt/ros/foxy /usr/bin/cmake --build /media/muayman17/New/Muhammad/BrightSkies Test/ROS2_BlocksRearrengments/build/CPPsub_BlocksRearrange -- -j8 -l8
[0.074s] [35m[1mScanning dependencies of target lis[0m
[0.114s] [ 75%] [32mBuilding CXX object CMakeFiles/lis.dir/src/BFSAlgorithm.cpp.o[0m
[0.114s] [ 75%] [32mBuilding CXX object CMakeFiles/lis.dir/src/StateSpace.cpp.o[0m
[0.114s] [ 75%] [32mBuilding CXX object CMakeFiles/lis.dir/src/CPPsub_BlocksRearrange.cpp.o[0m
[0.572s] In file included from [01m[K/media/muayman17/New/Muhammad/BrightSkies Test/ROS2_BlocksRearrengments/src/CPPsub_BlocksRearrange/src/../include/CPPsub_BlocksRearrange/BFSAlgorithm.h:8[m[K,
[0.572s]                  from [01m[K/media/muayman17/New/Muhammad/BrightSkies Test/ROS2_BlocksRearrengments/src/CPPsub_BlocksRearrange/src/BFSAlgorithm.cpp:9[m[K:
[0.573s] [01m[K/media/muayman17/New/Muhammad/BrightSkies Test/ROS2_BlocksRearrengments/src/CPPsub_BlocksRearrange/src/../include/CPPsub_BlocksRearrange/StateSpace.h:40:11:[m[K [01;31m[Kerror: [m[Kextra qualification ‘[01m[KStateSpace::[m[K’ on member ‘[01m[KsetBlockGoal[m[K’ [[01;31m[K-fpermissive[m[K]
[0.573s]    40 |      void [01;31m[KStateSpace[m[K::setBlockGoal(int x, int y);
[0.573s]       |           [01;31m[K^~~~~~~~~~[m[K
[0.574s] In file included from [01m[K/media/muayman17/New/Muhammad/BrightSkies Test/ROS2_BlocksRearrengments/src/CPPsub_BlocksRearrange/src/StateSpace.cpp:11[m[K:
[0.574s] [01m[K/media/muayman17/New/Muhammad/BrightSkies Test/ROS2_BlocksRearrengments/src/CPPsub_BlocksRearrange/src/../include/CPPsub_BlocksRearrange/StateSpace.h:40:11:[m[K [01;31m[Kerror: [m[Kextra qualification ‘[01m[KStateSpace::[m[K’ on member ‘[01m[KsetBlockGoal[m[K’ [[01;31m[K-fpermissive[m[K]
[0.574s]    40 |      void [01;31m[KStateSpace[m[K::setBlockGoal(int x, int y);
[0.575s]       |           [01;31m[K^~~~~~~~~~[m[K
[0.575s] [01m[K/media/muayman17/New/Muhammad/BrightSkies Test/ROS2_BlocksRearrengments/src/CPPsub_BlocksRearrange/src/StateSpace.cpp:23:50:[m[K [01;35m[Kwarning: [m[Kextra ‘[01m[K;[m[K’ [[01;35m[K-Wpedantic[m[K]
[0.575s]    23 | void StateSpace::setState(State s) { state = s; }[01;35m[K;[m[K
[0.576s]       |                                                  [01;35m[K^[m[K
[0.576s] [01m[K/media/muayman17/New/Muhammad/BrightSkies Test/ROS2_BlocksRearrengments/src/CPPsub_BlocksRearrange/src/StateSpace.cpp:24:49:[m[K [01;35m[Kwarning: [m[Kextra ‘[01m[K;[m[K’ [[01;35m[K-Wpedantic[m[K]
[0.576s]    24 | void StateSpace::setMoves(Moves m) { move = m; }[01;35m[K;[m[K
[0.576s]       |                                                 [01;35m[K^[m[K
[0.577s] [01m[K/media/muayman17/New/Muhammad/BrightSkies Test/ROS2_BlocksRearrengments/src/CPPsub_BlocksRearrange/src/StateSpace.cpp:25:58:[m[K [01;35m[Kwarning: [m[Kextra ‘[01m[K;[m[K’ [[01;35m[K-Wpedantic[m[K]
[0.577s]    25 | void StateSpace::setFixedCount(int f) { fixedCount = f; }[01;35m[K;[m[K
[0.577s]       |                                                          [01;35m[K^[m[K
[0.578s] [01m[K/media/muayman17/New/Muhammad/BrightSkies Test/ROS2_BlocksRearrengments/src/CPPsub_BlocksRearrange/src/StateSpace.cpp:26:75:[m[K [01;35m[Kwarning: [m[Kextra ‘[01m[K;[m[K’ [[01;35m[K-Wpedantic[m[K]
[0.579s]    26 | void StateSpace::setBlockGoal(int x, int y) { state[x][y].isgoal = true; }[01;35m[K;[m[K
[0.579s]       |                                                                           [01;35m[K^[m[K
[0.580s] [01m[K/media/muayman17/New/Muhammad/BrightSkies Test/ROS2_BlocksRearrengments/src/CPPsub_BlocksRearrange/src/StateSpace.cpp:29:53:[m[K [01;35m[Kwarning: [m[Kextra ‘[01m[K;[m[K’ [[01;35m[K-Wpedantic[m[K]
[0.580s]    29 | State StateSpace::getState() const { return state; }[01;35m[K;[m[K
[0.580s]       |                                                     [01;35m[K^[m[K
[0.581s] [01m[K/media/muayman17/New/Muhammad/BrightSkies Test/ROS2_BlocksRearrengments/src/CPPsub_BlocksRearrange/src/StateSpace.cpp:30:52:[m[K [01;35m[Kwarning: [m[Kextra ‘[01m[K;[m[K’ [[01;35m[K-Wpedantic[m[K]
[0.581s]    30 | Moves StateSpace::getMoves() const { return move; }[01;35m[K;[m[K
[0.581s]       |                                                    [01;35m[K^[m[K
[0.582s] [01m[K/media/muayman17/New/Muhammad/BrightSkies Test/ROS2_BlocksRearrengments/src/CPPsub_BlocksRearrange/src/StateSpace.cpp:31:61:[m[K [01;35m[Kwarning: [m[Kextra ‘[01m[K;[m[K’ [[01;35m[K-Wpedantic[m[K]
[0.582s]    31 | int StateSpace::getFixedCount() const { return fixedCount; }[01;35m[K;[m[K
[0.582s]       |                                                             [01;35m[K^[m[K
[0.582s] [01m[K/media/muayman17/New/Muhammad/BrightSkies Test/ROS2_BlocksRearrengments/src/CPPsub_BlocksRearrange/src/StateSpace.cpp:37:2:[m[K [01;35m[Kwarning: [m[Kextra ‘[01m[K;[m[K’ [[01;35m[K-Wpedantic[m[K]
[0.583s]    37 | }[01;35m[K;[m[K
[0.583s]       |  [01;35m[K^[m[K
[0.593s] [01m[K/media/muayman17/New/Muhammad/BrightSkies Test/ROS2_BlocksRearrengments/src/CPPsub_BlocksRearrange/src/BFSAlgorithm.cpp:63:2:[m[K [01;35m[Kwarning: [m[Kextra ‘[01m[K;[m[K’ [[01;35m[K-Wpedantic[m[K]
[0.593s]    63 | }[01;35m[K;[m[K
[0.593s]       |  [01;35m[K^[m[K
[0.595s] [01m[K/media/muayman17/New/Muhammad/BrightSkies Test/ROS2_BlocksRearrengments/src/CPPsub_BlocksRearrange/src/BFSAlgorithm.cpp:76:2:[m[K [01;35m[Kwarning: [m[Kextra ‘[01m[K;[m[K’ [[01;35m[K-Wpedantic[m[K]
[0.595s]    76 | }[01;35m[K;[m[K
[0.596s]       |  [01;35m[K^[m[K
[0.596s] [01m[K/media/muayman17/New/Muhammad/BrightSkies Test/ROS2_BlocksRearrengments/src/CPPsub_BlocksRearrange/src/BFSAlgorithm.cpp:94:2:[m[K [01;35m[Kwarning: [m[Kextra ‘[01m[K;[m[K’ [[01;35m[K-Wpedantic[m[K]
[0.596s]    94 | }[01;35m[K;[m[K
[0.597s]       |  [01;35m[K^[m[K
[0.600s] [01m[K/media/muayman17/New/Muhammad/BrightSkies Test/ROS2_BlocksRearrengments/src/CPPsub_BlocksRearrange/src/BFSAlgorithm.cpp:[m[K In member function ‘[01m[Kstd::vector<StateSpace> BFSAlgorithm::getNextStates(const StateSpace&) const[m[K’:
[0.601s] [01m[K/media/muayman17/New/Muhammad/BrightSkies Test/ROS2_BlocksRearrengments/src/CPPsub_BlocksRearrange/src/BFSAlgorithm.cpp:101:20:[m[K [01;35m[Kwarning: [m[Kcomparison of integer expressions of different signedness: ‘[01m[Kint[m[K’ and ‘[01m[Kstd::vector<std::vector<Block> >::size_type[m[K’ {aka ‘[01m[Klong unsigned int[m[K’} [[01;35m[K-Wsign-compare[m[K]
[0.601s]   101 |  for (int i = 0; [01;35m[Ki < current.getState().size()[m[K; ++i)
[0.602s]       |                  [01;35m[K~~^~~~~~~~~~~~~~~~~~~~~~~~~~~[m[K
[0.602s] [01m[K/media/muayman17/New/Muhammad/BrightSkies Test/ROS2_BlocksRearrengments/src/CPPsub_BlocksRearrange/src/BFSAlgorithm.cpp:108:22:[m[K [01;35m[Kwarning: [m[Kcomparison of integer expressions of different signedness: ‘[01m[Kint[m[K’ and ‘[01m[Kstd::vector<std::vector<Block> >::size_type[m[K’ {aka ‘[01m[Klong unsigned int[m[K’} [[01;35m[K-Wsign-compare[m[K]
[0.602s]   108 |    for (int j = 0; [01;35m[Kj < current.getState().size()[m[K; ++j)
[0.603s]       |                    [01;35m[K~~^~~~~~~~~~~~~~~~~~~~~~~~~~~[m[K
[0.603s] [01m[K/media/muayman17/New/Muhammad/BrightSkies Test/ROS2_BlocksRearrengments/src/CPPsub_BlocksRearrange/src/BFSAlgorithm.cpp:123:22:[m[K [01;35m[Kwarning: [m[Kcomparison of integer expressions of different signedness: ‘[01m[Kint[m[K’ and ‘[01m[Kstd::vector<std::vector<Block> >::size_type[m[K’ {aka ‘[01m[Klong unsigned int[m[K’} [[01;35m[K-Wsign-compare[m[K]
[0.603s]   123 |    for (int j = 0; [01;35m[Kj < current.getState().size()[m[K; ++j)
[0.603s]       |                    [01;35m[K~~^~~~~~~~~~~~~~~~~~~~~~~~~~~[m[K
[0.612s] [01m[K/media/muayman17/New/Muhammad/BrightSkies Test/ROS2_BlocksRearrengments/src/CPPsub_BlocksRearrange/src/BFSAlgorithm.cpp:[m[K At global scope:
[0.613s] [01m[K/media/muayman17/New/Muhammad/BrightSkies Test/ROS2_BlocksRearrengments/src/CPPsub_BlocksRearrange/src/BFSAlgorithm.cpp:152:2:[m[K [01;35m[Kwarning: [m[Kextra ‘[01m[K;[m[K’ [[01;35m[K-Wpedantic[m[K]
[0.613s]   152 | }[01;35m[K;[m[K
[0.614s]       |  [01;35m[K^[m[K
[0.614s] [01m[K/media/muayman17/New/Muhammad/BrightSkies Test/ROS2_BlocksRearrengments/src/CPPsub_BlocksRearrange/src/BFSAlgorithm.cpp:[m[K In member function ‘[01m[Kvoid BFSAlgorithm::countMatches(StateSpace&)[m[K’:
[0.614s] [01m[K/media/muayman17/New/Muhammad/BrightSkies Test/ROS2_BlocksRearrengments/src/CPPsub_BlocksRearrange/src/BFSAlgorithm.cpp:173:62:[m[K [01;35m[Kwarning: [m[Kcomparison of integer expressions of different signedness: ‘[01m[Kint[m[K’ and ‘[01m[Kstd::vector<Block>::size_type[m[K’ {aka ‘[01m[Klong unsigned int[m[K’} [[01;35m[K-Wsign-compare[m[K]
[0.615s]   173 |      while (current.getState()[i][counter].isgoal && [01;35m[Kcounter < curStack.size() - 1[m[K && counter < goalStack.size() - 1) // extend the checking to the elements above
[0.615s]       |                                                      [01;35m[K~~~~~~~~^~~~~~~~~~~~~~~~~~~~~[m[K
[0.615s] [01m[K/media/muayman17/New/Muhammad/BrightSkies Test/ROS2_BlocksRearrengments/src/CPPsub_BlocksRearrange/src/BFSAlgorithm.cpp:173:95:[m[K [01;35m[Kwarning: [m[Kcomparison of integer expressions of different signedness: ‘[01m[Kint[m[K’ and ‘[01m[Kstd::vector<Block>::size_type[m[K’ {aka ‘[01m[Klong unsigned int[m[K’} [[01;35m[K-Wsign-compare[m[K]
[0.616s]   173 |      while (current.getState()[i][counter].isgoal && counter < curStack.size() - 1 && [01;35m[Kcounter < goalStack.size() - 1[m[K) // extend the checking to the elements above
[0.616s]       |                                                                                       [01;35m[K~~~~~~~~^~~~~~~~~~~~~~~~~~~~~~[m[K
[0.616s] [01m[K/media/muayman17/New/Muhammad/BrightSkies Test/ROS2_BlocksRearrengments/src/CPPsub_BlocksRearrange/src/BFSAlgorithm.cpp:[m[K At global scope:
[0.616s] [01m[K/media/muayman17/New/Muhammad/BrightSkies Test/ROS2_BlocksRearrengments/src/CPPsub_BlocksRearrange/src/BFSAlgorithm.cpp:189:2:[m[K [01;35m[Kwarning: [m[Kextra ‘[01m[K;[m[K’ [[01;35m[K-Wpedantic[m[K]
[0.617s]   189 | }[01;35m[K;[m[K
[0.617s]       |  [01;35m[K^[m[K
[0.636s] [01m[K/media/muayman17/New/Muhammad/BrightSkies Test/ROS2_BlocksRearrengments/src/CPPsub_BlocksRearrange/src/BFSAlgorithm.cpp:229:2:[m[K [01;35m[Kwarning: [m[Kextra ‘[01m[K;[m[K’ [[01;35m[K-Wpedantic[m[K]
[0.636s]   229 | }[01;35m[K;[m[K
[0.636s]       |  [01;35m[K^[m[K
[0.724s] make[2]: *** [CMakeFiles/lis.dir/build.make:89: CMakeFiles/lis.dir/src/StateSpace.cpp.o] Error 1
[0.725s] make[2]: *** Waiting for unfinished jobs....
[0.843s] make[2]: *** [CMakeFiles/lis.dir/build.make:76: CMakeFiles/lis.dir/src/BFSAlgorithm.cpp.o] Error 1
[1.613s] In file included from [01m[K/media/muayman17/New/Muhammad/BrightSkies Test/ROS2_BlocksRearrengments/src/CPPsub_BlocksRearrange/src/../include/CPPsub_BlocksRearrange/BFSAlgorithm.h:8[m[K,
[1.613s]                  from [01m[K/media/muayman17/New/Muhammad/BrightSkies Test/ROS2_BlocksRearrengments/src/CPPsub_BlocksRearrange/src/CPPsub_BlocksRearrange.cpp:6[m[K:
[1.613s] [01m[K/media/muayman17/New/Muhammad/BrightSkies Test/ROS2_BlocksRearrengments/src/CPPsub_BlocksRearrange/src/../include/CPPsub_BlocksRearrange/StateSpace.h:40:11:[m[K [01;31m[Kerror: [m[Kextra qualification ‘[01m[KStateSpace::[m[K’ on member ‘[01m[KsetBlockGoal[m[K’ [[01;31m[K-fpermissive[m[K]
[1.614s]    40 |      void [01;31m[KStateSpace[m[K::setBlockGoal(int x, int y);
[1.614s]       |           [01;31m[K^~~~~~~~~~[m[K
[2.909s] make[2]: *** [CMakeFiles/lis.dir/build.make:63: CMakeFiles/lis.dir/src/CPPsub_BlocksRearrange.cpp.o] Error 1
[2.909s] make[1]: *** [CMakeFiles/Makefile2:78: CMakeFiles/lis.dir/all] Error 2
[2.909s] make: *** [Makefile:141: all] Error 2
[2.912s] Invoked command in '/media/muayman17/New/Muhammad/BrightSkies Test/ROS2_BlocksRearrengments/build/CPPsub_BlocksRearrange' returned '2': CMAKE_PREFIX_PATH=/opt/ros/foxy /usr/bin/cmake --build /media/muayman17/New/Muhammad/BrightSkies Test/ROS2_BlocksRearrengments/build/CPPsub_BlocksRearrange -- -j8 -l8
