[0.030s] Invoking command in '/media/muayman17/New/Muhammad/BrightSkies Test/ROS2_BlocksRearrengments/build/CPPsub_BlocksRearrange': CMAKE_PREFIX_PATH=${CMAKE_PREFIX_PATH}:/media/muayman17/New/Muhammad/BrightSkies Test/ROS2_BlocksRearrengments/install/initialGoalpub_py:/opt/ros/foxy /usr/bin/cmake --build /media/muayman17/New/Muhammad/BrightSkies Test/ROS2_BlocksRearrengments/build/CPPsub_BlocksRearrange -- -j8 -l8
[0.077s] [35m[1mScanning dependencies of target lis[0m
[0.205s] [ 50%] [32mBuilding CXX object CMakeFiles/lis.dir/src/CPPsub_BlocksRearrange.cpp.o[0m
[1.639s] In file included from [01m[K/media/muayman17/New/Muhammad/BrightSkies Test/ROS2_BlocksRearrengments/src/CPPsub_BlocksRearrange/src/CPPsub_BlocksRearrange.cpp:7[m[K:
[1.639s] [01m[K/media/muayman17/New/Muhammad/BrightSkies Test/ROS2_BlocksRearrengments/src/CPPsub_BlocksRearrange/src/../include/CPPsub_BlocksRearrange/BlockArrangmentAlgorithm.hpp:[m[K In constructor ‘[01m[KStateSpace::StateSpace(State)[m[K’:
[1.640s] [01m[K/media/muayman17/New/Muhammad/BrightSkies Test/ROS2_BlocksRearrengments/src/CPPsub_BlocksRearrange/src/../include/CPPsub_BlocksRearrange/BlockArrangmentAlgorithm.hpp:33:23:[m[K [01;35m[Kwarning: [m[Kunused parameter ‘[01m[Ks[m[K’ [[01;35m[K-Wunused-parameter[m[K]
[1.640s]    33 |      StateSpace([01;35m[KState s[m[K) {}
[1.640s]       |                 [01;35m[K~~~~~~^[m[K
[1.641s] [01m[K/media/muayman17/New/Muhammad/BrightSkies Test/ROS2_BlocksRearrengments/src/CPPsub_BlocksRearrange/src/../include/CPPsub_BlocksRearrange/BlockArrangmentAlgorithm.hpp:[m[K In constructor ‘[01m[KStateSpace::StateSpace(State, Moves)[m[K’:
[1.641s] [01m[K/media/muayman17/New/Muhammad/BrightSkies Test/ROS2_BlocksRearrengments/src/CPPsub_BlocksRearrange/src/../include/CPPsub_BlocksRearrange/BlockArrangmentAlgorithm.hpp:34:23:[m[K [01;35m[Kwarning: [m[Kunused parameter ‘[01m[Ks[m[K’ [[01;35m[K-Wunused-parameter[m[K]
[1.641s]    34 |      StateSpace([01;35m[KState s[m[K, Moves m) {}
[1.641s]       |                 [01;35m[K~~~~~~^[m[K
[1.642s] [01m[K/media/muayman17/New/Muhammad/BrightSkies Test/ROS2_BlocksRearrengments/src/CPPsub_BlocksRearrange/src/../include/CPPsub_BlocksRearrange/BlockArrangmentAlgorithm.hpp:34:32:[m[K [01;35m[Kwarning: [m[Kunused parameter ‘[01m[Km[m[K’ [[01;35m[K-Wunused-parameter[m[K]
[1.642s]    34 |      StateSpace(State s, [01;35m[KMoves m[m[K) {}
[1.642s]       |                          [01;35m[K~~~~~~^[m[K
[1.642s] [01m[K/media/muayman17/New/Muhammad/BrightSkies Test/ROS2_BlocksRearrengments/src/CPPsub_BlocksRearrange/src/../include/CPPsub_BlocksRearrange/BlockArrangmentAlgorithm.hpp:[m[K In constructor ‘[01m[KStateSpace::StateSpace(State, Moves, int)[m[K’:
[1.643s] [01m[K/media/muayman17/New/Muhammad/BrightSkies Test/ROS2_BlocksRearrengments/src/CPPsub_BlocksRearrange/src/../include/CPPsub_BlocksRearrange/BlockArrangmentAlgorithm.hpp:35:23:[m[K [01;35m[Kwarning: [m[Kunused parameter ‘[01m[Ks[m[K’ [[01;35m[K-Wunused-parameter[m[K]
[1.643s]    35 |      StateSpace([01;35m[KState s[m[K, Moves m, int f) {}
[1.643s]       |                 [01;35m[K~~~~~~^[m[K
[1.643s] [01m[K/media/muayman17/New/Muhammad/BrightSkies Test/ROS2_BlocksRearrengments/src/CPPsub_BlocksRearrange/src/../include/CPPsub_BlocksRearrange/BlockArrangmentAlgorithm.hpp:35:32:[m[K [01;35m[Kwarning: [m[Kunused parameter ‘[01m[Km[m[K’ [[01;35m[K-Wunused-parameter[m[K]
[1.643s]    35 |      StateSpace(State s, [01;35m[KMoves m[m[K, int f) {}
[1.644s]       |                          [01;35m[K~~~~~~^[m[K
[1.644s] [01m[K/media/muayman17/New/Muhammad/BrightSkies Test/ROS2_BlocksRearrengments/src/CPPsub_BlocksRearrange/src/../include/CPPsub_BlocksRearrange/BlockArrangmentAlgorithm.hpp:35:39:[m[K [01;35m[Kwarning: [m[Kunused parameter ‘[01m[Kf[m[K’ [[01;35m[K-Wunused-parameter[m[K]
[1.644s]    35 |      StateSpace(State s, Moves m, [01;35m[Kint f[m[K) {}
[1.644s]       |                                   [01;35m[K~~~~^[m[K
[1.645s] [01m[K/media/muayman17/New/Muhammad/BrightSkies Test/ROS2_BlocksRearrengments/src/CPPsub_BlocksRearrange/src/../include/CPPsub_BlocksRearrange/BlockArrangmentAlgorithm.hpp:[m[K In member function ‘[01m[Kvoid StateSpace::setState(State)[m[K’:
[1.645s] [01m[K/media/muayman17/New/Muhammad/BrightSkies Test/ROS2_BlocksRearrengments/src/CPPsub_BlocksRearrange/src/../include/CPPsub_BlocksRearrange/BlockArrangmentAlgorithm.hpp:38:26:[m[K [01;35m[Kwarning: [m[Kunused parameter ‘[01m[Ks[m[K’ [[01;35m[K-Wunused-parameter[m[K]
[1.645s]    38 |      void setState([01;35m[KState s[m[K) {};
[1.645s]       |                    [01;35m[K~~~~~~^[m[K
[1.646s] [01m[K/media/muayman17/New/Muhammad/BrightSkies Test/ROS2_BlocksRearrengments/src/CPPsub_BlocksRearrange/src/../include/CPPsub_BlocksRearrange/BlockArrangmentAlgorithm.hpp:[m[K In member function ‘[01m[Kvoid StateSpace::setMoves(Moves)[m[K’:
[1.646s] [01m[K/media/muayman17/New/Muhammad/BrightSkies Test/ROS2_BlocksRearrengments/src/CPPsub_BlocksRearrange/src/../include/CPPsub_BlocksRearrange/BlockArrangmentAlgorithm.hpp:39:26:[m[K [01;35m[Kwarning: [m[Kunused parameter ‘[01m[Km[m[K’ [[01;35m[K-Wunused-parameter[m[K]
[1.646s]    39 |      void setMoves([01;35m[KMoves m[m[K) {};
[1.646s]       |                    [01;35m[K~~~~~~^[m[K
[1.646s] [01m[K/media/muayman17/New/Muhammad/BrightSkies Test/ROS2_BlocksRearrengments/src/CPPsub_BlocksRearrange/src/../include/CPPsub_BlocksRearrange/BlockArrangmentAlgorithm.hpp:[m[K In member function ‘[01m[Kvoid StateSpace::setFixedCount(int)[m[K’:
[1.647s] [01m[K/media/muayman17/New/Muhammad/BrightSkies Test/ROS2_BlocksRearrengments/src/CPPsub_BlocksRearrange/src/../include/CPPsub_BlocksRearrange/BlockArrangmentAlgorithm.hpp:40:29:[m[K [01;35m[Kwarning: [m[Kunused parameter ‘[01m[Kf[m[K’ [[01;35m[K-Wunused-parameter[m[K]
[1.647s]    40 |      void setFixedCount([01;35m[Kint f[m[K) {};
[1.647s]       |                         [01;35m[K~~~~^[m[K
[1.647s] [01m[K/media/muayman17/New/Muhammad/BrightSkies Test/ROS2_BlocksRearrengments/src/CPPsub_BlocksRearrange/src/../include/CPPsub_BlocksRearrange/BlockArrangmentAlgorithm.hpp:[m[K In member function ‘[01m[KState StateSpace::getState() const[m[K’:
[1.648s] [01m[K/media/muayman17/New/Muhammad/BrightSkies Test/ROS2_BlocksRearrengments/src/CPPsub_BlocksRearrange/src/../include/CPPsub_BlocksRearrange/BlockArrangmentAlgorithm.hpp:43:30:[m[K [01;35m[Kwarning: [m[Kno return statement in function returning non-void [[01;35m[K-Wreturn-type[m[K]
[1.648s]    43 |      State getState() const {[01;35m[K}[m[K;
[1.648s]       |                              [01;35m[K^[m[K
[1.648s] [01m[K/media/muayman17/New/Muhammad/BrightSkies Test/ROS2_BlocksRearrengments/src/CPPsub_BlocksRearrange/src/../include/CPPsub_BlocksRearrange/BlockArrangmentAlgorithm.hpp:[m[K In member function ‘[01m[KMoves StateSpace::getMoves() const[m[K’:
[1.649s] [01m[K/media/muayman17/New/Muhammad/BrightSkies Test/ROS2_BlocksRearrengments/src/CPPsub_BlocksRearrange/src/../include/CPPsub_BlocksRearrange/BlockArrangmentAlgorithm.hpp:44:30:[m[K [01;35m[Kwarning: [m[Kno return statement in function returning non-void [[01;35m[K-Wreturn-type[m[K]
[1.649s]    44 |      Moves getMoves() const {[01;35m[K}[m[K;
[1.649s]       |                              [01;35m[K^[m[K
[1.649s] [01m[K/media/muayman17/New/Muhammad/BrightSkies Test/ROS2_BlocksRearrengments/src/CPPsub_BlocksRearrange/src/../include/CPPsub_BlocksRearrange/BlockArrangmentAlgorithm.hpp:[m[K In member function ‘[01m[Kint StateSpace::getFixedCount() const[m[K’:
[1.649s] [01m[K/media/muayman17/New/Muhammad/BrightSkies Test/ROS2_BlocksRearrengments/src/CPPsub_BlocksRearrange/src/../include/CPPsub_BlocksRearrange/BlockArrangmentAlgorithm.hpp:45:33:[m[K [01;35m[Kwarning: [m[Kno return statement in function returning non-void [[01;35m[K-Wreturn-type[m[K]
[1.649s]    45 |      int getFixedCount() const {[01;35m[K}[m[K;
[1.650s]       |                                 [01;35m[K^[m[K
[1.650s] [01m[K/media/muayman17/New/Muhammad/BrightSkies Test/ROS2_BlocksRearrengments/src/CPPsub_BlocksRearrange/src/../include/CPPsub_BlocksRearrange/BlockArrangmentAlgorithm.hpp:[m[K In member function ‘[01m[Kbool StateSpace::operator<(const StateSpace&) const[m[K’:
[1.650s] [01m[K/media/muayman17/New/Muhammad/BrightSkies Test/ROS2_BlocksRearrengments/src/CPPsub_BlocksRearrange/src/../include/CPPsub_BlocksRearrange/BlockArrangmentAlgorithm.hpp:48:53:[m[K [01;35m[Kwarning: [m[Kno return statement in function returning non-void [[01;35m[K-Wreturn-type[m[K]
[1.650s]    48 |      bool operator<(const StateSpace &other) const {[01;35m[K}[m[K;
[1.651s]       |                                                     [01;35m[K^[m[K
[1.651s] [01m[K/media/muayman17/New/Muhammad/BrightSkies Test/ROS2_BlocksRearrengments/src/CPPsub_BlocksRearrange/src/../include/CPPsub_BlocksRearrange/BlockArrangmentAlgorithm.hpp:48:39:[m[K [01;35m[Kwarning: [m[Kunused parameter ‘[01m[Kother[m[K’ [[01;35m[K-Wunused-parameter[m[K]
[1.651s]    48 |      bool operator<([01;35m[Kconst StateSpace &other[m[K) const {};
[1.651s]       |                     [01;35m[K~~~~~~~~~~~~~~~~~~^~~~~[m[K
[1.651s] [01m[K/media/muayman17/New/Muhammad/BrightSkies Test/ROS2_BlocksRearrengments/src/CPPsub_BlocksRearrange/src/../include/CPPsub_BlocksRearrange/BlockArrangmentAlgorithm.hpp:[m[K In constructor ‘[01m[KBFSAlgorithm::BFSAlgorithm(std::string)[m[K’:
[1.652s] [01m[K/media/muayman17/New/Muhammad/BrightSkies Test/ROS2_BlocksRearrengments/src/CPPsub_BlocksRearrange/src/../include/CPPsub_BlocksRearrange/BlockArrangmentAlgorithm.hpp:66:26:[m[K [01;35m[Kwarning: [m[Kunused parameter ‘[01m[Kpub_msg[m[K’ [[01;35m[K-Wunused-parameter[m[K]
[1.652s]    66 |      BFSAlgorithm([01;35m[Kstring pub_msg[m[K) {}
[1.652s]       |                   [01;35m[K~~~~~~~^~~~~~~[m[K
[1.652s] In file included from [01m[K/media/muayman17/New/Muhammad/BrightSkies Test/ROS2_BlocksRearrengments/src/CPPsub_BlocksRearrange/src/CPPsub_BlocksRearrange.cpp:7[m[K:
[1.652s] [01m[K/media/muayman17/New/Muhammad/BrightSkies Test/ROS2_BlocksRearrengments/src/CPPsub_BlocksRearrange/src/../include/CPPsub_BlocksRearrange/BlockArrangmentAlgorithm.hpp:[m[K In member function ‘[01m[Kstd::vector<std::__cxx11::basic_string<char> > BFSAlgorithm::StringToVector(std::string, char)[m[K’:
[1.652s] [01m[K/media/muayman17/New/Muhammad/BrightSkies Test/ROS2_BlocksRearrengments/src/CPPsub_BlocksRearrange/src/../include/CPPsub_BlocksRearrange/BlockArrangmentAlgorithm.hpp:69:65:[m[K [01;35m[Kwarning: [m[Kno return statement in function returning non-void [[01;35m[K-Wreturn-type[m[K]
[1.653s]    69 |      vector<string> StringToVector(string pub_msg, char delim) {[01;35m[K}[m[K
[1.653s]       |                                                                 [01;35m[K^[m[K
[1.653s] [01m[K/media/muayman17/New/Muhammad/BrightSkies Test/ROS2_BlocksRearrengments/src/CPPsub_BlocksRearrange/src/../include/CPPsub_BlocksRearrange/BlockArrangmentAlgorithm.hpp:69:43:[m[K [01;35m[Kwarning: [m[Kunused parameter ‘[01m[Kpub_msg[m[K’ [[01;35m[K-Wunused-parameter[m[K]
[1.653s]    69 |      vector<string> StringToVector([01;35m[Kstring pub_msg[m[K, char delim) {}
[1.653s]       |                                    [01;35m[K~~~~~~~^~~~~~~[m[K
[1.654s] [01m[K/media/muayman17/New/Muhammad/BrightSkies Test/ROS2_BlocksRearrengments/src/CPPsub_BlocksRearrange/src/../include/CPPsub_BlocksRearrange/BlockArrangmentAlgorithm.hpp:69:57:[m[K [01;35m[Kwarning: [m[Kunused parameter ‘[01m[Kdelim[m[K’ [[01;35m[K-Wunused-parameter[m[K]
[1.654s]    69 |      vector<string> StringToVector(string pub_msg, [01;35m[Kchar delim[m[K) {}
[1.654s]       |                                                    [01;35m[K~~~~~^~~~~[m[K
[1.654s] [01m[K/media/muayman17/New/Muhammad/BrightSkies Test/ROS2_BlocksRearrengments/src/CPPsub_BlocksRearrange/src/../include/CPPsub_BlocksRearrange/BlockArrangmentAlgorithm.hpp:[m[K In member function ‘[01m[Kstd::string BFSAlgorithm::VectorToString(const State&) const[m[K’:
[1.655s] [01m[K/media/muayman17/New/Muhammad/BrightSkies Test/ROS2_BlocksRearrengments/src/CPPsub_BlocksRearrange/src/../include/CPPsub_BlocksRearrange/BlockArrangmentAlgorithm.hpp:72:55:[m[K [01;35m[Kwarning: [m[Kno return statement in function returning non-void [[01;35m[K-Wreturn-type[m[K]
[1.655s]    72 |      string VectorToString(const State &state) const {[01;35m[K}[m[K
[1.655s]       |                                                       [01;35m[K^[m[K
[1.655s] [01m[K/media/muayman17/New/Muhammad/BrightSkies Test/ROS2_BlocksRearrengments/src/CPPsub_BlocksRearrange/src/../include/CPPsub_BlocksRearrange/BlockArrangmentAlgorithm.hpp:72:41:[m[K [01;35m[Kwarning: [m[Kunused parameter ‘[01m[Kstate[m[K’ [[01;35m[K-Wunused-parameter[m[K]
[1.655s]    72 |      string VectorToString([01;35m[Kconst State &state[m[K) const {}
[1.656s]       |                            [01;35m[K~~~~~~~~~~~~~^~~~~[m[K
[1.656s] [01m[K/media/muayman17/New/Muhammad/BrightSkies Test/ROS2_BlocksRearrengments/src/CPPsub_BlocksRearrange/src/../include/CPPsub_BlocksRearrange/BlockArrangmentAlgorithm.hpp:[m[K In member function ‘[01m[Kbool BFSAlgorithm::IsGoal(const State&, const State&) const[m[K’:
[1.656s] [01m[K/media/muayman17/New/Muhammad/BrightSkies Test/ROS2_BlocksRearrengments/src/CPPsub_BlocksRearrange/src/../include/CPPsub_BlocksRearrange/BlockArrangmentAlgorithm.hpp:75:66:[m[K [01;35m[Kwarning: [m[Kno return statement in function returning non-void [[01;35m[K-Wreturn-type[m[K]
[1.656s]    75 |      bool IsGoal(const State &current, const State &goal) const {[01;35m[K}[m[K
[1.656s]       |                                                                  [01;35m[K^[m[K
[1.657s] [01m[K/media/muayman17/New/Muhammad/BrightSkies Test/ROS2_BlocksRearrengments/src/CPPsub_BlocksRearrange/src/../include/CPPsub_BlocksRearrange/BlockArrangmentAlgorithm.hpp:75:31:[m[K [01;35m[Kwarning: [m[Kunused parameter ‘[01m[Kcurrent[m[K’ [[01;35m[K-Wunused-parameter[m[K]
[1.657s]    75 |      bool IsGoal([01;35m[Kconst State &current[m[K, const State &goal) const {}
[1.657s]       |                  [01;35m[K~~~~~~~~~~~~~^~~~~~~[m[K
[1.657s] [01m[K/media/muayman17/New/Muhammad/BrightSkies Test/ROS2_BlocksRearrengments/src/CPPsub_BlocksRearrange/src/../include/CPPsub_BlocksRearrange/BlockArrangmentAlgorithm.hpp:75:53:[m[K [01;35m[Kwarning: [m[Kunused parameter ‘[01m[Kgoal[m[K’ [[01;35m[K-Wunused-parameter[m[K]
[1.657s]    75 |      bool IsGoal(const State &current, [01;35m[Kconst State &goal[m[K) const {}
[1.657s]       |                                        [01;35m[K~~~~~~~~~~~~~^~~~[m[K
[1.658s] [01m[K/media/muayman17/New/Muhammad/BrightSkies Test/ROS2_BlocksRearrengments/src/CPPsub_BlocksRearrange/src/../include/CPPsub_BlocksRearrange/BlockArrangmentAlgorithm.hpp:[m[K In member function ‘[01m[Kstd::vector<StateSpace> BFSAlgorithm::getNextStates(const StateSpace&) const[m[K’:
[1.658s] [01m[K/media/muayman17/New/Muhammad/BrightSkies Test/ROS2_BlocksRearrengments/src/CPPsub_BlocksRearrange/src/../include/CPPsub_BlocksRearrange/BlockArrangmentAlgorithm.hpp:78:73:[m[K [01;35m[Kwarning: [m[Kno return statement in function returning non-void [[01;35m[K-Wreturn-type[m[K]
[1.658s]    78 |      vector<StateSpace> getNextStates(const StateSpace &current) const {[01;35m[K}[m[K
[1.658s]       |                                                                         [01;35m[K^[m[K
[1.658s] [01m[K/media/muayman17/New/Muhammad/BrightSkies Test/ROS2_BlocksRearrengments/src/CPPsub_BlocksRearrange/src/../include/CPPsub_BlocksRearrange/BlockArrangmentAlgorithm.hpp:78:57:[m[K [01;35m[Kwarning: [m[Kunused parameter ‘[01m[Kcurrent[m[K’ [[01;35m[K-Wunused-parameter[m[K]
[1.658s]    78 |      vector<StateSpace> getNextStates([01;35m[Kconst StateSpace &current[m[K) const {}
[1.659s]       |                                       [01;35m[K~~~~~~~~~~~~~~~~~~^~~~~~~[m[K
[1.659s] [01m[K/media/muayman17/New/Muhammad/BrightSkies Test/ROS2_BlocksRearrengments/src/CPPsub_BlocksRearrange/src/../include/CPPsub_BlocksRearrange/BlockArrangmentAlgorithm.hpp:[m[K In member function ‘[01m[Kvoid BFSAlgorithm::countMatches(StateSpace&, const State&)[m[K’:
[1.659s] [01m[K/media/muayman17/New/Muhammad/BrightSkies Test/ROS2_BlocksRearrengments/src/CPPsub_BlocksRearrange/src/../include/CPPsub_BlocksRearrange/BlockArrangmentAlgorithm.hpp:81:36:[m[K [01;35m[Kwarning: [m[Kunused parameter ‘[01m[Kcurrent[m[K’ [[01;35m[K-Wunused-parameter[m[K]
[1.659s]    81 |      void countMatches([01;35m[KStateSpace &current[m[K, const State &goal) {}
[1.659s]       |                        [01;35m[K~~~~~~~~~~~~^~~~~~~[m[K
[1.659s] [01m[K/media/muayman17/New/Muhammad/BrightSkies Test/ROS2_BlocksRearrengments/src/CPPsub_BlocksRearrange/src/../include/CPPsub_BlocksRearrange/BlockArrangmentAlgorithm.hpp:81:58:[m[K [01;35m[Kwarning: [m[Kunused parameter ‘[01m[Kgoal[m[K’ [[01;35m[K-Wunused-parameter[m[K]
[1.660s]    81 |      void countMatches(StateSpace &current, [01;35m[Kconst State &goal[m[K) {}
[1.660s]       |                                             [01;35m[K~~~~~~~~~~~~~^~~~[m[K
[1.660s] [01m[K/media/muayman17/New/Muhammad/BrightSkies Test/ROS2_BlocksRearrengments/src/CPPsub_BlocksRearrange/src/../include/CPPsub_BlocksRearrange/BlockArrangmentAlgorithm.hpp:[m[K In member function ‘[01m[KMoves BFSAlgorithm::BFS_Algorithm(const State&, const State&)[m[K’:
[1.660s] [01m[K/media/muayman17/New/Muhammad/BrightSkies Test/ROS2_BlocksRearrengments/src/CPPsub_BlocksRearrange/src/../include/CPPsub_BlocksRearrange/BlockArrangmentAlgorithm.hpp:84:66:[m[K [01;35m[Kwarning: [m[Kno return statement in function returning non-void [[01;35m[K-Wreturn-type[m[K]
[1.660s]    84 |      Moves BFS_Algorithm(const State &start, const State &goal) {[01;35m[K}[m[K
[1.660s]       |                                                                  [01;35m[K^[m[K
[1.660s] [01m[K/media/muayman17/New/Muhammad/BrightSkies Test/ROS2_BlocksRearrengments/src/CPPsub_BlocksRearrange/src/../include/CPPsub_BlocksRearrange/BlockArrangmentAlgorithm.hpp:84:39:[m[K [01;35m[Kwarning: [m[Kunused parameter ‘[01m[Kstart[m[K’ [[01;35m[K-Wunused-parameter[m[K]
[1.661s]    84 |      Moves BFS_Algorithm([01;35m[Kconst State &start[m[K, const State &goal) {}
[1.661s]       |                          [01;35m[K~~~~~~~~~~~~~^~~~~[m[K
[1.661s] [01m[K/media/muayman17/New/Muhammad/BrightSkies Test/ROS2_BlocksRearrengments/src/CPPsub_BlocksRearrange/src/../include/CPPsub_BlocksRearrange/BlockArrangmentAlgorithm.hpp:84:59:[m[K [01;35m[Kwarning: [m[Kunused parameter ‘[01m[Kgoal[m[K’ [[01;35m[K-Wunused-parameter[m[K]
[1.661s]    84 |      Moves BFS_Algorithm(const State &start, [01;35m[Kconst State &goal[m[K) {}
[1.661s]       |                                              [01;35m[K~~~~~~~~~~~~~^~~~[m[K
[4.783s] [100%] [32m[1mLinking CXX executable lis[0m
[5.204s] [100%] Built target lis
[5.216s] Invoked command in '/media/muayman17/New/Muhammad/BrightSkies Test/ROS2_BlocksRearrengments/build/CPPsub_BlocksRearrange' returned '0': CMAKE_PREFIX_PATH=${CMAKE_PREFIX_PATH}:/media/muayman17/New/Muhammad/BrightSkies Test/ROS2_BlocksRearrengments/install/initialGoalpub_py:/opt/ros/foxy /usr/bin/cmake --build /media/muayman17/New/Muhammad/BrightSkies Test/ROS2_BlocksRearrengments/build/CPPsub_BlocksRearrange -- -j8 -l8
[5.255s] Invoking command in '/media/muayman17/New/Muhammad/BrightSkies Test/ROS2_BlocksRearrengments/build/CPPsub_BlocksRearrange': CMAKE_PREFIX_PATH=${CMAKE_PREFIX_PATH}:/media/muayman17/New/Muhammad/BrightSkies Test/ROS2_BlocksRearrengments/install/initialGoalpub_py:/opt/ros/foxy /usr/bin/cmake --install /media/muayman17/New/Muhammad/BrightSkies Test/ROS2_BlocksRearrengments/build/CPPsub_BlocksRearrange
[5.263s] -- Install configuration: ""
[5.265s] -- Installing: /media/muayman17/New/Muhammad/BrightSkies Test/ROS2_BlocksRearrengments/install/CPPsub_BlocksRearrange/lib/CPPsub_BlocksRearrange/lis
[5.283s] -- Set runtime path of "/media/muayman17/New/Muhammad/BrightSkies Test/ROS2_BlocksRearrengments/install/CPPsub_BlocksRearrange/lib/CPPsub_BlocksRearrange/lis" to ""
[5.284s] -- Up-to-date: /media/muayman17/New/Muhammad/BrightSkies Test/ROS2_BlocksRearrengments/install/CPPsub_BlocksRearrange/share/ament_index/resource_index/package_run_dependencies/CPPsub_BlocksRearrange
[5.286s] -- Up-to-date: /media/muayman17/New/Muhammad/BrightSkies Test/ROS2_BlocksRearrengments/install/CPPsub_BlocksRearrange/share/ament_index/resource_index/parent_prefix_path/CPPsub_BlocksRearrange
[5.286s] -- Up-to-date: /media/muayman17/New/Muhammad/BrightSkies Test/ROS2_BlocksRearrengments/install/CPPsub_BlocksRearrange/share/CPPsub_BlocksRearrange/environment/ament_prefix_path.sh
[5.287s] -- Up-to-date: /media/muayman17/New/Muhammad/BrightSkies Test/ROS2_BlocksRearrengments/install/CPPsub_BlocksRearrange/share/CPPsub_BlocksRearrange/environment/ament_prefix_path.dsv
[5.287s] -- Up-to-date: /media/muayman17/New/Muhammad/BrightSkies Test/ROS2_BlocksRearrengments/install/CPPsub_BlocksRearrange/share/CPPsub_BlocksRearrange/environment/path.sh
[5.290s] -- Up-to-date: /media/muayman17/New/Muhammad/BrightSkies Test/ROS2_BlocksRearrengments/install/CPPsub_BlocksRearrange/share/CPPsub_BlocksRearrange/environment/path.dsv
[5.292s] -- Up-to-date: /media/muayman17/New/Muhammad/BrightSkies Test/ROS2_BlocksRearrengments/install/CPPsub_BlocksRearrange/share/CPPsub_BlocksRearrange/local_setup.bash
[5.294s] -- Up-to-date: /media/muayman17/New/Muhammad/BrightSkies Test/ROS2_BlocksRearrengments/install/CPPsub_BlocksRearrange/share/CPPsub_BlocksRearrange/local_setup.sh
[5.295s] -- Up-to-date: /media/muayman17/New/Muhammad/BrightSkies Test/ROS2_BlocksRearrengments/install/CPPsub_BlocksRearrange/share/CPPsub_BlocksRearrange/local_setup.zsh
[5.296s] -- Up-to-date: /media/muayman17/New/Muhammad/BrightSkies Test/ROS2_BlocksRearrengments/install/CPPsub_BlocksRearrange/share/CPPsub_BlocksRearrange/local_setup.dsv
[5.297s] -- Installing: /media/muayman17/New/Muhammad/BrightSkies Test/ROS2_BlocksRearrengments/install/CPPsub_BlocksRearrange/share/CPPsub_BlocksRearrange/package.dsv
[5.300s] -- Up-to-date: /media/muayman17/New/Muhammad/BrightSkies Test/ROS2_BlocksRearrengments/install/CPPsub_BlocksRearrange/share/ament_index/resource_index/packages/CPPsub_BlocksRearrange
[5.302s] -- Up-to-date: /media/muayman17/New/Muhammad/BrightSkies Test/ROS2_BlocksRearrengments/install/CPPsub_BlocksRearrange/share/CPPsub_BlocksRearrange/cmake/CPPsub_BlocksRearrangeConfig.cmake
[5.302s] -- Up-to-date: /media/muayman17/New/Muhammad/BrightSkies Test/ROS2_BlocksRearrengments/install/CPPsub_BlocksRearrange/share/CPPsub_BlocksRearrange/cmake/CPPsub_BlocksRearrangeConfig-version.cmake
[5.303s] -- Up-to-date: /media/muayman17/New/Muhammad/BrightSkies Test/ROS2_BlocksRearrengments/install/CPPsub_BlocksRearrange/share/CPPsub_BlocksRearrange/package.xml
[5.307s] Invoked command in '/media/muayman17/New/Muhammad/BrightSkies Test/ROS2_BlocksRearrengments/build/CPPsub_BlocksRearrange' returned '0': CMAKE_PREFIX_PATH=${CMAKE_PREFIX_PATH}:/media/muayman17/New/Muhammad/BrightSkies Test/ROS2_BlocksRearrengments/install/initialGoalpub_py:/opt/ros/foxy /usr/bin/cmake --install /media/muayman17/New/Muhammad/BrightSkies Test/ROS2_BlocksRearrengments/build/CPPsub_BlocksRearrange
