[0.025s] Invoking command in '/media/muayman17/New/Muhammad/BrightSkies Test/ROS2_BlocksRearrengments/build/CPPsub_BlocksRearrange': CMAKE_PREFIX_PATH=/opt/ros/foxy /usr/bin/cmake /media/muayman17/New/Muhammad/BrightSkies Test/ROS2_BlocksRearrengments/src/CPPsub_BlocksRearrange -DCMAKE_INSTALL_PREFIX=/media/muayman17/New/Muhammad/BrightSkies Test/ROS2_BlocksRearrengments/install/CPPsub_BlocksRearrange
[0.117s] -- The C compiler identification is GNU 9.4.0
[0.179s] -- The CXX compiler identification is GNU 9.4.0
[0.189s] -- Check for working C compiler: /usr/bin/cc
[0.287s] -- Check for working C compiler: /usr/bin/cc -- works
[0.289s] -- Detecting C compiler ABI info
[0.391s] -- Detecting C compiler ABI info - done
[0.411s] -- Detecting C compile features
[0.412s] -- Detecting C compile features - done
[0.419s] -- Check for working CXX compiler: /usr/bin/c++
[0.528s] -- Check for working CXX compiler: /usr/bin/c++ -- works
[0.530s] -- Detecting CXX compiler ABI info
[0.648s] -- Detecting CXX compiler ABI info - done
[0.673s] -- Detecting CXX compile features
[0.673s] -- Detecting CXX compile features - done
[0.680s] -- Found ament_cmake: 0.9.12 (/opt/ros/foxy/share/ament_cmake/cmake)
[0.709s] -- Found PythonInterp: /usr/bin/python3 (found suitable version "3.8.10", minimum required is "3") 
[0.709s] -- Using PYTHON_EXECUTABLE: /usr/bin/python3
[0.937s] -- Found rclcpp: 2.4.3 (/opt/ros/foxy/share/rclcpp/cmake)
[1.001s] -- Using all available rosidl_typesupport_c: rosidl_typesupport_fastrtps_c;rosidl_typesupport_introspection_c
[1.010s] -- Found rosidl_adapter: 1.3.1 (/opt/ros/foxy/share/rosidl_adapter/cmake)
[1.105s] -- Found OpenSSL: /usr/lib/x86_64-linux-gnu/libcrypto.so (found version "1.1.1f")  
[1.134s] -- Found FastRTPS: /opt/ros/foxy/include  
[1.211s] -- Using all available rosidl_typesupport_cpp: rosidl_typesupport_fastrtps_cpp;rosidl_typesupport_introspection_cpp
[1.284s] -- Found rmw_implementation_cmake: 1.0.4 (/opt/ros/foxy/share/rmw_implementation_cmake/cmake)
[1.287s] -- Using RMW implementation 'rmw_fastrtps_cpp' as default
[1.290s] -- Looking for pthread.h
[1.381s] -- Looking for pthread.h - found
[1.382s] -- Performing Test CMAKE_HAVE_LIBC_PTHREAD
[1.483s] -- Performing Test CMAKE_HAVE_LIBC_PTHREAD - Failed
[1.483s] -- Looking for pthread_create in pthreads
[1.557s] -- Looking for pthread_create in pthreads - not found
[1.557s] -- Looking for pthread_create in pthread
[1.659s] -- Looking for pthread_create in pthread - found
[1.661s] -- Found Threads: TRUE  
[1.822s] -- Found ament_lint_auto: 0.9.8 (/opt/ros/foxy/share/ament_lint_auto/cmake)
[1.876s] WARNING: Package name "CPPsub_BlocksRearrange" does not follow the naming conventions. It should start with a lower case letter and only contain lower case letters, digits, underscores, and dashes.
[1.917s] -- Added test 'copyright' to check source files copyright and LICENSE
[1.927s] -- Added test 'cppcheck' to perform static code analysis on C / C++ code
[1.927s] -- Configured cppcheck include dirs: /media/muayman17/New/Muhammad/BrightSkies Test/ROS2_BlocksRearrengments/src/CPPsub_BlocksRearrange/include
[1.928s] -- Configured cppcheck exclude dirs and/or files: 
[1.938s] -- Added test 'cpplint' to check C / C++ code against the Google style
[1.938s] -- Configured cpplint exclude dirs and/or files: 
[1.942s] -- Added test 'lint_cmake' to check CMake code style
[1.955s] -- Added test 'uncrustify' to check C / C++ code style
[1.955s] -- Configured uncrustify additional arguments: 
[1.957s] -- Added test 'xmllint' to check XML markup files
[1.969s] -- Configuring done
[1.973s] CMake Error at CMakeLists.txt:30 (add_executable):
[1.974s]   Cannot find source file:
[1.974s] 
[1.974s]     src/main.cpp
[1.974s] 
[1.974s]   Tried extensions .c .C .c++ .cc .cpp .cxx .cu .m .M .mm .h .hh .h++ .hm
[1.975s]   .hpp .hxx .in .txx
[1.975s] 
[1.975s] 
[1.975s] CMake Error at CMakeLists.txt:30 (add_executable):
[1.976s]   No SOURCES given to target: BlockArrangmentAlgorithm
[1.976s] 
[1.976s] 
[1.976s] CMake Generate step failed.  Build files cannot be regenerated correctly.
[1.981s] Invoked command in '/media/muayman17/New/Muhammad/BrightSkies Test/ROS2_BlocksRearrengments/build/CPPsub_BlocksRearrange' returned '1': CMAKE_PREFIX_PATH=/opt/ros/foxy /usr/bin/cmake /media/muayman17/New/Muhammad/BrightSkies Test/ROS2_BlocksRearrengments/src/CPPsub_BlocksRearrange -DCMAKE_INSTALL_PREFIX=/media/muayman17/New/Muhammad/BrightSkies Test/ROS2_BlocksRearrengments/install/CPPsub_BlocksRearrange
