[0.037s] Invoking command in '/media/muayman17/New/Muhammad/BrightSkies Test/ROS2_BlocksRearrengments/build/CPPsub_BlocksRearrange': CMAKE_PREFIX_PATH=${CMAKE_PREFIX_PATH}:/media/muayman17/New/Muhammad/BrightSkies Test/ROS2_BlocksRearrengments/install/initialGoalpub_py:/opt/ros/foxy /usr/bin/cmake --build /media/muayman17/New/Muhammad/BrightSkies Test/ROS2_BlocksRearrengments/build/CPPsub_BlocksRearrange -- -j8 -l8
[0.400s] [35m[1mScanning dependencies of target lis[0m
[0.402s] [ 50%] [32mBuilding CXX object CMakeFiles/lis.dir/src/CPPsub_BlocksRearrange.cpp.o[0m
[1.727s] In file included from [01m[K/media/muayman17/New/Muhammad/BrightSkies Test/ROS2_BlocksRearrengments/src/CPPsub_BlocksRearrange/src/CPPsub_BlocksRearrange.cpp:7[m[K:
[1.727s] [01m[K/media/muayman17/New/Muhammad/BrightSkies Test/ROS2_BlocksRearrengments/src/CPPsub_BlocksRearrange/src/../include/CPPsub_BlocksRearrange/BlockArrangmentAlgorithm.hpp:[m[K In constructor ‘[01m[KStateSpace::StateSpace(State)[m[K’:
[1.727s] [01m[K/media/muayman17/New/Muhammad/BrightSkies Test/ROS2_BlocksRearrengments/src/CPPsub_BlocksRearrange/src/../include/CPPsub_BlocksRearrange/BlockArrangmentAlgorithm.hpp:32:23:[m[K [01;35m[Kwarning: [m[Kunused parameter ‘[01m[Ks[m[K’ [[01;35m[K-Wunused-parameter[m[K]
[1.728s]    32 |      StateSpace([01;35m[KState s[m[K) {}
[1.728s]       |                 [01;35m[K~~~~~~^[m[K
[1.728s] [01m[K/media/muayman17/New/Muhammad/BrightSkies Test/ROS2_BlocksRearrengments/src/CPPsub_BlocksRearrange/src/../include/CPPsub_BlocksRearrange/BlockArrangmentAlgorithm.hpp:[m[K In constructor ‘[01m[KStateSpace::StateSpace(State, Moves)[m[K’:
[1.728s] [01m[K/media/muayman17/New/Muhammad/BrightSkies Test/ROS2_BlocksRearrengments/src/CPPsub_BlocksRearrange/src/../include/CPPsub_BlocksRearrange/BlockArrangmentAlgorithm.hpp:33:23:[m[K [01;35m[Kwarning: [m[Kunused parameter ‘[01m[Ks[m[K’ [[01;35m[K-Wunused-parameter[m[K]
[1.729s]    33 |      StateSpace([01;35m[KState s[m[K, Moves m) {}
[1.729s]       |                 [01;35m[K~~~~~~^[m[K
[1.729s] [01m[K/media/muayman17/New/Muhammad/BrightSkies Test/ROS2_BlocksRearrengments/src/CPPsub_BlocksRearrange/src/../include/CPPsub_BlocksRearrange/BlockArrangmentAlgorithm.hpp:33:32:[m[K [01;35m[Kwarning: [m[Kunused parameter ‘[01m[Km[m[K’ [[01;35m[K-Wunused-parameter[m[K]
[1.729s]    33 |      StateSpace(State s, [01;35m[KMoves m[m[K) {}
[1.730s]       |                          [01;35m[K~~~~~~^[m[K
[1.730s] [01m[K/media/muayman17/New/Muhammad/BrightSkies Test/ROS2_BlocksRearrengments/src/CPPsub_BlocksRearrange/src/../include/CPPsub_BlocksRearrange/BlockArrangmentAlgorithm.hpp:[m[K In constructor ‘[01m[KStateSpace::StateSpace(State, Moves, int)[m[K’:
[1.731s] [01m[K/media/muayman17/New/Muhammad/BrightSkies Test/ROS2_BlocksRearrengments/src/CPPsub_BlocksRearrange/src/../include/CPPsub_BlocksRearrange/BlockArrangmentAlgorithm.hpp:34:23:[m[K [01;35m[Kwarning: [m[Kunused parameter ‘[01m[Ks[m[K’ [[01;35m[K-Wunused-parameter[m[K]
[1.731s]    34 |      StateSpace([01;35m[KState s[m[K, Moves m, int f) {}
[1.731s]       |                 [01;35m[K~~~~~~^[m[K
[1.731s] [01m[K/media/muayman17/New/Muhammad/BrightSkies Test/ROS2_BlocksRearrengments/src/CPPsub_BlocksRearrange/src/../include/CPPsub_BlocksRearrange/BlockArrangmentAlgorithm.hpp:34:32:[m[K [01;35m[Kwarning: [m[Kunused parameter ‘[01m[Km[m[K’ [[01;35m[K-Wunused-parameter[m[K]
[1.732s]    34 |      StateSpace(State s, [01;35m[KMoves m[m[K, int f) {}
[1.732s]       |                          [01;35m[K~~~~~~^[m[K
[1.732s] [01m[K/media/muayman17/New/Muhammad/BrightSkies Test/ROS2_BlocksRearrengments/src/CPPsub_BlocksRearrange/src/../include/CPPsub_BlocksRearrange/BlockArrangmentAlgorithm.hpp:34:39:[m[K [01;35m[Kwarning: [m[Kunused parameter ‘[01m[Kf[m[K’ [[01;35m[K-Wunused-parameter[m[K]
[1.733s]    34 |      StateSpace(State s, Moves m, [01;35m[Kint f[m[K) {}
[1.733s]       |                                   [01;35m[K~~~~^[m[K
[1.733s] [01m[K/media/muayman17/New/Muhammad/BrightSkies Test/ROS2_BlocksRearrengments/src/CPPsub_BlocksRearrange/src/../include/CPPsub_BlocksRearrange/BlockArrangmentAlgorithm.hpp:[m[K In member function ‘[01m[Kvoid StateSpace::setState(State)[m[K’:
[1.733s] [01m[K/media/muayman17/New/Muhammad/BrightSkies Test/ROS2_BlocksRearrengments/src/CPPsub_BlocksRearrange/src/../include/CPPsub_BlocksRearrange/BlockArrangmentAlgorithm.hpp:37:26:[m[K [01;35m[Kwarning: [m[Kunused parameter ‘[01m[Ks[m[K’ [[01;35m[K-Wunused-parameter[m[K]
[1.734s]    37 |      void setState([01;35m[KState s[m[K) {};
[1.734s]       |                    [01;35m[K~~~~~~^[m[K
[1.734s] [01m[K/media/muayman17/New/Muhammad/BrightSkies Test/ROS2_BlocksRearrengments/src/CPPsub_BlocksRearrange/src/../include/CPPsub_BlocksRearrange/BlockArrangmentAlgorithm.hpp:[m[K In member function ‘[01m[Kvoid StateSpace::setMoves(Moves)[m[K’:
[1.734s] [01m[K/media/muayman17/New/Muhammad/BrightSkies Test/ROS2_BlocksRearrengments/src/CPPsub_BlocksRearrange/src/../include/CPPsub_BlocksRearrange/BlockArrangmentAlgorithm.hpp:38:26:[m[K [01;35m[Kwarning: [m[Kunused parameter ‘[01m[Km[m[K’ [[01;35m[K-Wunused-parameter[m[K]
[1.735s]    38 |      void setMoves([01;35m[KMoves m[m[K) {};
[1.735s]       |                    [01;35m[K~~~~~~^[m[K
[1.735s] [01m[K/media/muayman17/New/Muhammad/BrightSkies Test/ROS2_BlocksRearrengments/src/CPPsub_BlocksRearrange/src/../include/CPPsub_BlocksRearrange/BlockArrangmentAlgorithm.hpp:[m[K In member function ‘[01m[Kvoid StateSpace::setFixedCount(int)[m[K’:
[1.735s] [01m[K/media/muayman17/New/Muhammad/BrightSkies Test/ROS2_BlocksRearrengments/src/CPPsub_BlocksRearrange/src/../include/CPPsub_BlocksRearrange/BlockArrangmentAlgorithm.hpp:39:29:[m[K [01;35m[Kwarning: [m[Kunused parameter ‘[01m[Kf[m[K’ [[01;35m[K-Wunused-parameter[m[K]
[1.736s]    39 |      void setFixedCount([01;35m[Kint f[m[K) {};
[1.736s]       |                         [01;35m[K~~~~^[m[K
[1.736s] [01m[K/media/muayman17/New/Muhammad/BrightSkies Test/ROS2_BlocksRearrengments/src/CPPsub_BlocksRearrange/src/../include/CPPsub_BlocksRearrange/BlockArrangmentAlgorithm.hpp:[m[K In member function ‘[01m[KState StateSpace::getState() const[m[K’:
[1.737s] [01m[K/media/muayman17/New/Muhammad/BrightSkies Test/ROS2_BlocksRearrengments/src/CPPsub_BlocksRearrange/src/../include/CPPsub_BlocksRearrange/BlockArrangmentAlgorithm.hpp:42:30:[m[K [01;35m[Kwarning: [m[Kno return statement in function returning non-void [[01;35m[K-Wreturn-type[m[K]
[1.737s]    42 |      State getState() const {[01;35m[K}[m[K;
[1.737s]       |                              [01;35m[K^[m[K
[1.740s] [01m[K/media/muayman17/New/Muhammad/BrightSkies Test/ROS2_BlocksRearrengments/src/CPPsub_BlocksRearrange/src/../include/CPPsub_BlocksRearrange/BlockArrangmentAlgorithm.hpp:[m[K In member function ‘[01m[KMoves StateSpace::getMoves() const[m[K’:
[1.740s] [01m[K/media/muayman17/New/Muhammad/BrightSkies Test/ROS2_BlocksRearrengments/src/CPPsub_BlocksRearrange/src/../include/CPPsub_BlocksRearrange/BlockArrangmentAlgorithm.hpp:43:30:[m[K [01;35m[Kwarning: [m[Kno return statement in function returning non-void [[01;35m[K-Wreturn-type[m[K]
[1.740s]    43 |      Moves getMoves() const {[01;35m[K}[m[K;
[1.741s]       |                              [01;35m[K^[m[K
[1.741s] [01m[K/media/muayman17/New/Muhammad/BrightSkies Test/ROS2_BlocksRearrengments/src/CPPsub_BlocksRearrange/src/../include/CPPsub_BlocksRearrange/BlockArrangmentAlgorithm.hpp:[m[K In member function ‘[01m[Kint StateSpace::getFixedCount() const[m[K’:
[1.742s] [01m[K/media/muayman17/New/Muhammad/BrightSkies Test/ROS2_BlocksRearrengments/src/CPPsub_BlocksRearrange/src/../include/CPPsub_BlocksRearrange/BlockArrangmentAlgorithm.hpp:44:33:[m[K [01;35m[Kwarning: [m[Kno return statement in function returning non-void [[01;35m[K-Wreturn-type[m[K]
[1.742s]    44 |      int getFixedCount() const {[01;35m[K}[m[K;
[1.742s]       |                                 [01;35m[K^[m[K
[1.743s] [01m[K/media/muayman17/New/Muhammad/BrightSkies Test/ROS2_BlocksRearrengments/src/CPPsub_BlocksRearrange/src/../include/CPPsub_BlocksRearrange/BlockArrangmentAlgorithm.hpp:[m[K In member function ‘[01m[Kbool StateSpace::operator<(const StateSpace&) const[m[K’:
[1.743s] [01m[K/media/muayman17/New/Muhammad/BrightSkies Test/ROS2_BlocksRearrengments/src/CPPsub_BlocksRearrange/src/../include/CPPsub_BlocksRearrange/BlockArrangmentAlgorithm.hpp:47:53:[m[K [01;35m[Kwarning: [m[Kno return statement in function returning non-void [[01;35m[K-Wreturn-type[m[K]
[1.743s]    47 |      bool operator<(const StateSpace &other) const {[01;35m[K}[m[K;
[1.743s]       |                                                     [01;35m[K^[m[K
[1.744s] [01m[K/media/muayman17/New/Muhammad/BrightSkies Test/ROS2_BlocksRearrengments/src/CPPsub_BlocksRearrange/src/../include/CPPsub_BlocksRearrange/BlockArrangmentAlgorithm.hpp:47:39:[m[K [01;35m[Kwarning: [m[Kunused parameter ‘[01m[Kother[m[K’ [[01;35m[K-Wunused-parameter[m[K]
[1.744s]    47 |      bool operator<([01;35m[Kconst StateSpace &other[m[K) const {};
[1.744s]       |                     [01;35m[K~~~~~~~~~~~~~~~~~~^~~~~[m[K
[1.744s] [01m[K/media/muayman17/New/Muhammad/BrightSkies Test/ROS2_BlocksRearrengments/src/CPPsub_BlocksRearrange/src/../include/CPPsub_BlocksRearrange/BlockArrangmentAlgorithm.hpp:[m[K In constructor ‘[01m[KBFSAlgorithm::BFSAlgorithm(std::string)[m[K’:
[1.745s] [01m[K/media/muayman17/New/Muhammad/BrightSkies Test/ROS2_BlocksRearrengments/src/CPPsub_BlocksRearrange/src/../include/CPPsub_BlocksRearrange/BlockArrangmentAlgorithm.hpp:65:26:[m[K [01;35m[Kwarning: [m[Kunused parameter ‘[01m[Kpub_msg[m[K’ [[01;35m[K-Wunused-parameter[m[K]
[1.745s]    65 |      BFSAlgorithm([01;35m[Kstring pub_msg[m[K) {}
[1.745s]       |                   [01;35m[K~~~~~~~^~~~~~~[m[K
[1.745s] In file included from [01m[K/media/muayman17/New/Muhammad/BrightSkies Test/ROS2_BlocksRearrengments/src/CPPsub_BlocksRearrange/src/CPPsub_BlocksRearrange.cpp:7[m[K:
[1.746s] [01m[K/media/muayman17/New/Muhammad/BrightSkies Test/ROS2_BlocksRearrengments/src/CPPsub_BlocksRearrange/src/../include/CPPsub_BlocksRearrange/BlockArrangmentAlgorithm.hpp:[m[K In member function ‘[01m[Kstd::vector<std::__cxx11::basic_string<char> > BFSAlgorithm::StringToVector(std::string, char)[m[K’:
[1.746s] [01m[K/media/muayman17/New/Muhammad/BrightSkies Test/ROS2_BlocksRearrengments/src/CPPsub_BlocksRearrange/src/../include/CPPsub_BlocksRearrange/BlockArrangmentAlgorithm.hpp:68:65:[m[K [01;35m[Kwarning: [m[Kno return statement in function returning non-void [[01;35m[K-Wreturn-type[m[K]
[1.746s]    68 |      vector<string> StringToVector(string pub_msg, char delim) {[01;35m[K}[m[K
[1.747s]       |                                                                 [01;35m[K^[m[K
[1.747s] [01m[K/media/muayman17/New/Muhammad/BrightSkies Test/ROS2_BlocksRearrengments/src/CPPsub_BlocksRearrange/src/../include/CPPsub_BlocksRearrange/BlockArrangmentAlgorithm.hpp:68:43:[m[K [01;35m[Kwarning: [m[Kunused parameter ‘[01m[Kpub_msg[m[K’ [[01;35m[K-Wunused-parameter[m[K]
[1.747s]    68 |      vector<string> StringToVector([01;35m[Kstring pub_msg[m[K, char delim) {}
[1.747s]       |                                    [01;35m[K~~~~~~~^~~~~~~[m[K
[1.748s] [01m[K/media/muayman17/New/Muhammad/BrightSkies Test/ROS2_BlocksRearrengments/src/CPPsub_BlocksRearrange/src/../include/CPPsub_BlocksRearrange/BlockArrangmentAlgorithm.hpp:68:57:[m[K [01;35m[Kwarning: [m[Kunused parameter ‘[01m[Kdelim[m[K’ [[01;35m[K-Wunused-parameter[m[K]
[1.748s]    68 |      vector<string> StringToVector(string pub_msg, [01;35m[Kchar delim[m[K) {}
[1.748s]       |                                                    [01;35m[K~~~~~^~~~~[m[K
[1.748s] [01m[K/media/muayman17/New/Muhammad/BrightSkies Test/ROS2_BlocksRearrengments/src/CPPsub_BlocksRearrange/src/../include/CPPsub_BlocksRearrange/BlockArrangmentAlgorithm.hpp:[m[K In member function ‘[01m[Kstd::string BFSAlgorithm::VectorToString(const State&) const[m[K’:
[1.749s] [01m[K/media/muayman17/New/Muhammad/BrightSkies Test/ROS2_BlocksRearrengments/src/CPPsub_BlocksRearrange/src/../include/CPPsub_BlocksRearrange/BlockArrangmentAlgorithm.hpp:71:55:[m[K [01;35m[Kwarning: [m[Kno return statement in function returning non-void [[01;35m[K-Wreturn-type[m[K]
[1.749s]    71 |      string VectorToString(const State &state) const {[01;35m[K}[m[K
[1.749s]       |                                                       [01;35m[K^[m[K
[1.749s] [01m[K/media/muayman17/New/Muhammad/BrightSkies Test/ROS2_BlocksRearrengments/src/CPPsub_BlocksRearrange/src/../include/CPPsub_BlocksRearrange/BlockArrangmentAlgorithm.hpp:71:41:[m[K [01;35m[Kwarning: [m[Kunused parameter ‘[01m[Kstate[m[K’ [[01;35m[K-Wunused-parameter[m[K]
[1.750s]    71 |      string VectorToString([01;35m[Kconst State &state[m[K) const {}
[1.750s]       |                            [01;35m[K~~~~~~~~~~~~~^~~~~[m[K
[1.750s] [01m[K/media/muayman17/New/Muhammad/BrightSkies Test/ROS2_BlocksRearrengments/src/CPPsub_BlocksRearrange/src/../include/CPPsub_BlocksRearrange/BlockArrangmentAlgorithm.hpp:[m[K In member function ‘[01m[Kbool BFSAlgorithm::IsGoal(const State&) const[m[K’:
[1.750s] [01m[K/media/muayman17/New/Muhammad/BrightSkies Test/ROS2_BlocksRearrengments/src/CPPsub_BlocksRearrange/src/../include/CPPsub_BlocksRearrange/BlockArrangmentAlgorithm.hpp:74:47:[m[K [01;35m[Kwarning: [m[Kno return statement in function returning non-void [[01;35m[K-Wreturn-type[m[K]
[1.751s]    74 |      bool IsGoal(const State &current) const {[01;35m[K}[m[K
[1.751s]       |                                               [01;35m[K^[m[K
[1.751s] [01m[K/media/muayman17/New/Muhammad/BrightSkies Test/ROS2_BlocksRearrengments/src/CPPsub_BlocksRearrange/src/../include/CPPsub_BlocksRearrange/BlockArrangmentAlgorithm.hpp:74:31:[m[K [01;35m[Kwarning: [m[Kunused parameter ‘[01m[Kcurrent[m[K’ [[01;35m[K-Wunused-parameter[m[K]
[1.751s]    74 |      bool IsGoal([01;35m[Kconst State &current[m[K) const {}
[1.752s]       |                  [01;35m[K~~~~~~~~~~~~~^~~~~~~[m[K
[1.752s] [01m[K/media/muayman17/New/Muhammad/BrightSkies Test/ROS2_BlocksRearrengments/src/CPPsub_BlocksRearrange/src/../include/CPPsub_BlocksRearrange/BlockArrangmentAlgorithm.hpp:[m[K In member function ‘[01m[Kstd::vector<StateSpace> BFSAlgorithm::getNextStates(const StateSpace&) const[m[K’:
[1.752s] [01m[K/media/muayman17/New/Muhammad/BrightSkies Test/ROS2_BlocksRearrengments/src/CPPsub_BlocksRearrange/src/../include/CPPsub_BlocksRearrange/BlockArrangmentAlgorithm.hpp:77:73:[m[K [01;35m[Kwarning: [m[Kno return statement in function returning non-void [[01;35m[K-Wreturn-type[m[K]
[1.753s]    77 |      vector<StateSpace> getNextStates(const StateSpace &current) const {[01;35m[K}[m[K
[1.753s]       |                                                                         [01;35m[K^[m[K
[1.753s] [01m[K/media/muayman17/New/Muhammad/BrightSkies Test/ROS2_BlocksRearrengments/src/CPPsub_BlocksRearrange/src/../include/CPPsub_BlocksRearrange/BlockArrangmentAlgorithm.hpp:77:57:[m[K [01;35m[Kwarning: [m[Kunused parameter ‘[01m[Kcurrent[m[K’ [[01;35m[K-Wunused-parameter[m[K]
[1.753s]    77 |      vector<StateSpace> getNextStates([01;35m[Kconst StateSpace &current[m[K) const {}
[1.754s]       |                                       [01;35m[K~~~~~~~~~~~~~~~~~~^~~~~~~[m[K
[1.754s] [01m[K/media/muayman17/New/Muhammad/BrightSkies Test/ROS2_BlocksRearrengments/src/CPPsub_BlocksRearrange/src/../include/CPPsub_BlocksRearrange/BlockArrangmentAlgorithm.hpp:[m[K In member function ‘[01m[Kvoid BFSAlgorithm::countMatches(StateSpace&)[m[K’:
[1.755s] [01m[K/media/muayman17/New/Muhammad/BrightSkies Test/ROS2_BlocksRearrengments/src/CPPsub_BlocksRearrange/src/../include/CPPsub_BlocksRearrange/BlockArrangmentAlgorithm.hpp:80:36:[m[K [01;35m[Kwarning: [m[Kunused parameter ‘[01m[Kcurrent[m[K’ [[01;35m[K-Wunused-parameter[m[K]
[1.755s]    80 |      void countMatches([01;35m[KStateSpace &current[m[K) {}
[1.755s]       |                        [01;35m[K~~~~~~~~~~~~^~~~~~~[m[K
[1.756s] [01m[K/media/muayman17/New/Muhammad/BrightSkies Test/ROS2_BlocksRearrengments/src/CPPsub_BlocksRearrange/src/../include/CPPsub_BlocksRearrange/BlockArrangmentAlgorithm.hpp:[m[K In member function ‘[01m[KMoves BFSAlgorithm::BFS_Algorithm()[m[K’:
[1.756s] [01m[K/media/muayman17/New/Muhammad/BrightSkies Test/ROS2_BlocksRearrengments/src/CPPsub_BlocksRearrange/src/../include/CPPsub_BlocksRearrange/BlockArrangmentAlgorithm.hpp:83:29:[m[K [01;35m[Kwarning: [m[Kno return statement in function returning non-void [[01;35m[K-Wreturn-type[m[K]
[1.757s]    83 |      Moves BFS_Algorithm() {[01;35m[K}[m[K
[1.757s]       |                             [01;35m[K^[m[K
[6.300s] [100%] [32m[1mLinking CXX executable lis[0m
[7.431s] [100%] Built target lis
[7.460s] Invoked command in '/media/muayman17/New/Muhammad/BrightSkies Test/ROS2_BlocksRearrengments/build/CPPsub_BlocksRearrange' returned '0': CMAKE_PREFIX_PATH=${CMAKE_PREFIX_PATH}:/media/muayman17/New/Muhammad/BrightSkies Test/ROS2_BlocksRearrengments/install/initialGoalpub_py:/opt/ros/foxy /usr/bin/cmake --build /media/muayman17/New/Muhammad/BrightSkies Test/ROS2_BlocksRearrengments/build/CPPsub_BlocksRearrange -- -j8 -l8
[7.543s] Invoking command in '/media/muayman17/New/Muhammad/BrightSkies Test/ROS2_BlocksRearrengments/build/CPPsub_BlocksRearrange': CMAKE_PREFIX_PATH=${CMAKE_PREFIX_PATH}:/media/muayman17/New/Muhammad/BrightSkies Test/ROS2_BlocksRearrengments/install/initialGoalpub_py:/opt/ros/foxy /usr/bin/cmake --install /media/muayman17/New/Muhammad/BrightSkies Test/ROS2_BlocksRearrengments/build/CPPsub_BlocksRearrange
[7.561s] -- Install configuration: ""
[7.564s] -- Installing: /media/muayman17/New/Muhammad/BrightSkies Test/ROS2_BlocksRearrengments/install/CPPsub_BlocksRearrange/lib/CPPsub_BlocksRearrange/lis
[7.601s] -- Set runtime path of "/media/muayman17/New/Muhammad/BrightSkies Test/ROS2_BlocksRearrengments/install/CPPsub_BlocksRearrange/lib/CPPsub_BlocksRearrange/lis" to ""
[7.604s] -- Up-to-date: /media/muayman17/New/Muhammad/BrightSkies Test/ROS2_BlocksRearrengments/install/CPPsub_BlocksRearrange/share/ament_index/resource_index/package_run_dependencies/CPPsub_BlocksRearrange
[7.607s] -- Up-to-date: /media/muayman17/New/Muhammad/BrightSkies Test/ROS2_BlocksRearrengments/install/CPPsub_BlocksRearrange/share/ament_index/resource_index/parent_prefix_path/CPPsub_BlocksRearrange
[7.608s] -- Up-to-date: /media/muayman17/New/Muhammad/BrightSkies Test/ROS2_BlocksRearrengments/install/CPPsub_BlocksRearrange/share/CPPsub_BlocksRearrange/environment/ament_prefix_path.sh
[7.611s] -- Up-to-date: /media/muayman17/New/Muhammad/BrightSkies Test/ROS2_BlocksRearrengments/install/CPPsub_BlocksRearrange/share/CPPsub_BlocksRearrange/environment/ament_prefix_path.dsv
[7.612s] -- Up-to-date: /media/muayman17/New/Muhammad/BrightSkies Test/ROS2_BlocksRearrengments/install/CPPsub_BlocksRearrange/share/CPPsub_BlocksRearrange/environment/path.sh
[7.614s] -- Up-to-date: /media/muayman17/New/Muhammad/BrightSkies Test/ROS2_BlocksRearrengments/install/CPPsub_BlocksRearrange/share/CPPsub_BlocksRearrange/environment/path.dsv
[7.616s] -- Up-to-date: /media/muayman17/New/Muhammad/BrightSkies Test/ROS2_BlocksRearrengments/install/CPPsub_BlocksRearrange/share/CPPsub_BlocksRearrange/local_setup.bash
[7.618s] -- Up-to-date: /media/muayman17/New/Muhammad/BrightSkies Test/ROS2_BlocksRearrengments/install/CPPsub_BlocksRearrange/share/CPPsub_BlocksRearrange/local_setup.sh
[7.619s] -- Up-to-date: /media/muayman17/New/Muhammad/BrightSkies Test/ROS2_BlocksRearrengments/install/CPPsub_BlocksRearrange/share/CPPsub_BlocksRearrange/local_setup.zsh
[7.622s] -- Up-to-date: /media/muayman17/New/Muhammad/BrightSkies Test/ROS2_BlocksRearrengments/install/CPPsub_BlocksRearrange/share/CPPsub_BlocksRearrange/local_setup.dsv
[7.624s] -- Installing: /media/muayman17/New/Muhammad/BrightSkies Test/ROS2_BlocksRearrengments/install/CPPsub_BlocksRearrange/share/CPPsub_BlocksRearrange/package.dsv
[7.632s] -- Up-to-date: /media/muayman17/New/Muhammad/BrightSkies Test/ROS2_BlocksRearrengments/install/CPPsub_BlocksRearrange/share/ament_index/resource_index/packages/CPPsub_BlocksRearrange
[7.634s] -- Up-to-date: /media/muayman17/New/Muhammad/BrightSkies Test/ROS2_BlocksRearrengments/install/CPPsub_BlocksRearrange/share/CPPsub_BlocksRearrange/cmake/CPPsub_BlocksRearrangeConfig.cmake
[7.636s] -- Up-to-date: /media/muayman17/New/Muhammad/BrightSkies Test/ROS2_BlocksRearrengments/install/CPPsub_BlocksRearrange/share/CPPsub_BlocksRearrange/cmake/CPPsub_BlocksRearrangeConfig-version.cmake
[7.638s] -- Up-to-date: /media/muayman17/New/Muhammad/BrightSkies Test/ROS2_BlocksRearrengments/install/CPPsub_BlocksRearrange/share/CPPsub_BlocksRearrange/package.xml
[7.645s] Invoked command in '/media/muayman17/New/Muhammad/BrightSkies Test/ROS2_BlocksRearrengments/build/CPPsub_BlocksRearrange' returned '0': CMAKE_PREFIX_PATH=${CMAKE_PREFIX_PATH}:/media/muayman17/New/Muhammad/BrightSkies Test/ROS2_BlocksRearrengments/install/initialGoalpub_py:/opt/ros/foxy /usr/bin/cmake --install /media/muayman17/New/Muhammad/BrightSkies Test/ROS2_BlocksRearrengments/build/CPPsub_BlocksRearrange
