[0.022s] Invoking command in '/media/muayman17/New/Muhammad/BrightSkies Test/ROS2_BlocksRearrengments/src/build/CPPsub_BlocksRearrange': CMAKE_PREFIX_PATH=/opt/ros/foxy /usr/bin/cmake /media/muayman17/New/Muhammad/BrightSkies Test/ROS2_BlocksRearrengments/src/CPPsub_BlocksRearrange -DCMAKE_INSTALL_PREFIX=/media/muayman17/New/Muhammad/BrightSkies Test/ROS2_BlocksRearrengments/src/install/CPPsub_BlocksRearrange
[0.038s] -- Found ament_cmake: 0.9.12 (/opt/ros/foxy/share/ament_cmake/cmake)
[0.058s] -- Using PYTHON_EXECUTABLE: /usr/bin/python3
[0.237s] -- Found rclcpp: 2.4.3 (/opt/ros/foxy/share/rclcpp/cmake)
[0.275s] -- Using all available rosidl_typesupport_c: rosidl_typesupport_fastrtps_c;rosidl_typesupport_introspection_c
[0.278s] -- Found rosidl_adapter: 1.3.1 (/opt/ros/foxy/share/rosidl_adapter/cmake)
[0.415s] -- Using all available rosidl_typesupport_cpp: rosidl_typesupport_fastrtps_cpp;rosidl_typesupport_introspection_cpp
[0.476s] -- Found rmw_implementation_cmake: 1.0.4 (/opt/ros/foxy/share/rmw_implementation_cmake/cmake)
[0.477s] -- Using RMW implementation 'rmw_fastrtps_cpp' as default
[0.627s] CMake Error at CMakeLists.txt:34 (install):
[0.628s]   install TARGETS given target "talker" which does not exist.
[0.628s] 
[0.628s] 
[0.628s] -- Found ament_lint_auto: 0.9.8 (/opt/ros/foxy/share/ament_lint_auto/cmake)
[0.677s] WARNING: Package name "CPPsub_BlocksRearrange" does not follow the naming conventions. It should start with a lower case letter and only contain lower case letters, digits, underscores, and dashes.
[0.705s] -- Added test 'copyright' to check source files copyright and LICENSE
[0.715s] -- Added test 'cppcheck' to perform static code analysis on C / C++ code
[0.715s] -- Configured cppcheck include dirs: /media/muayman17/New/Muhammad/BrightSkies Test/ROS2_BlocksRearrengments/src/CPPsub_BlocksRearrange/include
[0.715s] -- Configured cppcheck exclude dirs and/or files: 
[0.727s] -- Added test 'cpplint' to check C / C++ code against the Google style
[0.727s] -- Configured cpplint exclude dirs and/or files: 
[0.731s] -- Added test 'lint_cmake' to check CMake code style
[0.743s] -- Added test 'uncrustify' to check C / C++ code style
[0.743s] -- Configured uncrustify additional arguments: 
[0.744s] -- Added test 'xmllint' to check XML markup files
[0.751s] -- Configuring incomplete, errors occurred!
[0.752s] See also "/media/muayman17/New/Muhammad/BrightSkies Test/ROS2_BlocksRearrengments/src/build/CPPsub_BlocksRearrange/CMakeFiles/CMakeOutput.log".
[0.752s] See also "/media/muayman17/New/Muhammad/BrightSkies Test/ROS2_BlocksRearrengments/src/build/CPPsub_BlocksRearrange/CMakeFiles/CMakeError.log".
[0.759s] Invoked command in '/media/muayman17/New/Muhammad/BrightSkies Test/ROS2_BlocksRearrengments/src/build/CPPsub_BlocksRearrange' returned '1': CMAKE_PREFIX_PATH=/opt/ros/foxy /usr/bin/cmake /media/muayman17/New/Muhammad/BrightSkies Test/ROS2_BlocksRearrengments/src/CPPsub_BlocksRearrange -DCMAKE_INSTALL_PREFIX=/media/muayman17/New/Muhammad/BrightSkies Test/ROS2_BlocksRearrengments/src/install/CPPsub_BlocksRearrange
