[0.029s] Invoking command in '/media/muayman17/New/Muhammad/BrightSkies Test/ROS2_BlocksRearrengments/build/CPPsub_BlocksRearrange': CMAKE_PREFIX_PATH=${CMAKE_PREFIX_PATH}:/media/muayman17/New/Muhammad/BrightSkies Test/ROS2_BlocksRearrengments/install/initialGoalpub_py:/opt/ros/foxy /usr/bin/cmake --build /media/muayman17/New/Muhammad/BrightSkies Test/ROS2_BlocksRearrengments/build/CPPsub_BlocksRearrange -- -j8 -l8
[0.077s] [35m[1mScanning dependencies of target lis[0m
[0.260s] [ 20%] [32mBuilding CXX object CMakeFiles/lis.dir/src/BFSAlgorithm.cpp.o[0m
[0.261s] [ 40%] [32mBuilding CXX object CMakeFiles/lis.dir/src/CPPsub_BlocksRearrange.cpp.o[0m
[0.262s] [ 60%] [32mBuilding CXX object CMakeFiles/lis.dir/src/StateSpace.cpp.o[0m
[0.266s] [ 80%] [32mBuilding CXX object CMakeFiles/lis.dir/src/blockArrangementSub.cpp.o[0m
[0.784s] In file included from [01m[K/media/muayman17/New/Muhammad/BrightSkies Test/ROS2_BlocksRearrengments/src/CPPsub_BlocksRearrange/src/StateSpace.cpp:10[m[K:
[0.785s] [01m[K/media/muayman17/New/Muhammad/BrightSkies Test/ROS2_BlocksRearrengments/src/CPPsub_BlocksRearrange/src/../include/CPPsub_BlocksRearrange/StateSpace.h:[m[K In constructor ‘[01m[KStateSpace::StateSpace(State)[m[K’:
[0.786s] [01m[K/media/muayman17/New/Muhammad/BrightSkies Test/ROS2_BlocksRearrengments/src/CPPsub_BlocksRearrange/src/../include/CPPsub_BlocksRearrange/StateSpace.h:33:23:[m[K [01;35m[Kwarning: [m[Kunused parameter ‘[01m[Ks[m[K’ [[01;35m[K-Wunused-parameter[m[K]
[0.786s]    33 |      StateSpace([01;35m[KState s[m[K) {}
[0.787s]       |                 [01;35m[K~~~~~~^[m[K
[0.787s] [01m[K/media/muayman17/New/Muhammad/BrightSkies Test/ROS2_BlocksRearrengments/src/CPPsub_BlocksRearrange/src/../include/CPPsub_BlocksRearrange/StateSpace.h:[m[K In constructor ‘[01m[KStateSpace::StateSpace(State, Moves)[m[K’:
[0.787s] [01m[K/media/muayman17/New/Muhammad/BrightSkies Test/ROS2_BlocksRearrengments/src/CPPsub_BlocksRearrange/src/../include/CPPsub_BlocksRearrange/StateSpace.h:34:23:[m[K [01;35m[Kwarning: [m[Kunused parameter ‘[01m[Ks[m[K’ [[01;35m[K-Wunused-parameter[m[K]
[0.788s]    34 |      StateSpace([01;35m[KState s[m[K, Moves m) {}
[0.788s]       |                 [01;35m[K~~~~~~^[m[K
[0.788s] [01m[K/media/muayman17/New/Muhammad/BrightSkies Test/ROS2_BlocksRearrengments/src/CPPsub_BlocksRearrange/src/../include/CPPsub_BlocksRearrange/StateSpace.h:34:32:[m[K [01;35m[Kwarning: [m[Kunused parameter ‘[01m[Km[m[K’ [[01;35m[K-Wunused-parameter[m[K]
[0.788s]    34 |      StateSpace(State s, [01;35m[KMoves m[m[K) {}
[0.789s]       |                          [01;35m[K~~~~~~^[m[K
[0.789s] [01m[K/media/muayman17/New/Muhammad/BrightSkies Test/ROS2_BlocksRearrengments/src/CPPsub_BlocksRearrange/src/../include/CPPsub_BlocksRearrange/StateSpace.h:[m[K In constructor ‘[01m[KStateSpace::StateSpace(State, Moves, int)[m[K’:
[0.790s] [01m[K/media/muayman17/New/Muhammad/BrightSkies Test/ROS2_BlocksRearrengments/src/CPPsub_BlocksRearrange/src/../include/CPPsub_BlocksRearrange/StateSpace.h:35:23:[m[K [01;35m[Kwarning: [m[Kunused parameter ‘[01m[Ks[m[K’ [[01;35m[K-Wunused-parameter[m[K]
[0.790s]    35 |      StateSpace([01;35m[KState s[m[K, Moves m, int f) {}
[0.790s]       |                 [01;35m[K~~~~~~^[m[K
[0.791s] [01m[K/media/muayman17/New/Muhammad/BrightSkies Test/ROS2_BlocksRearrengments/src/CPPsub_BlocksRearrange/src/../include/CPPsub_BlocksRearrange/StateSpace.h:35:32:[m[K [01;35m[Kwarning: [m[Kunused parameter ‘[01m[Km[m[K’ [[01;35m[K-Wunused-parameter[m[K]
[0.791s]    35 |      StateSpace(State s, [01;35m[KMoves m[m[K, int f) {}
[0.791s]       |                          [01;35m[K~~~~~~^[m[K
[0.792s] [01m[K/media/muayman17/New/Muhammad/BrightSkies Test/ROS2_BlocksRearrengments/src/CPPsub_BlocksRearrange/src/../include/CPPsub_BlocksRearrange/StateSpace.h:35:39:[m[K [01;35m[Kwarning: [m[Kunused parameter ‘[01m[Kf[m[K’ [[01;35m[K-Wunused-parameter[m[K]
[0.793s]    35 |      StateSpace(State s, Moves m, [01;35m[Kint f[m[K) {}
[0.793s]       |                                   [01;35m[K~~~~^[m[K
[0.793s] [01m[K/media/muayman17/New/Muhammad/BrightSkies Test/ROS2_BlocksRearrengments/src/CPPsub_BlocksRearrange/src/../include/CPPsub_BlocksRearrange/StateSpace.h:[m[K In member function ‘[01m[Kvoid StateSpace::setState(State)[m[K’:
[0.794s] [01m[K/media/muayman17/New/Muhammad/BrightSkies Test/ROS2_BlocksRearrengments/src/CPPsub_BlocksRearrange/src/../include/CPPsub_BlocksRearrange/StateSpace.h:38:26:[m[K [01;35m[Kwarning: [m[Kunused parameter ‘[01m[Ks[m[K’ [[01;35m[K-Wunused-parameter[m[K]
[0.794s]    38 |      void setState([01;35m[KState s[m[K) {};
[0.794s]       |                    [01;35m[K~~~~~~^[m[K
[0.795s] [01m[K/media/muayman17/New/Muhammad/BrightSkies Test/ROS2_BlocksRearrengments/src/CPPsub_BlocksRearrange/src/../include/CPPsub_BlocksRearrange/StateSpace.h:[m[K In member function ‘[01m[Kvoid StateSpace::setMoves(Moves)[m[K’:
[0.795s] [01m[K/media/muayman17/New/Muhammad/BrightSkies Test/ROS2_BlocksRearrengments/src/CPPsub_BlocksRearrange/src/../include/CPPsub_BlocksRearrange/StateSpace.h:39:26:[m[K [01;35m[Kwarning: [m[Kunused parameter ‘[01m[Km[m[K’ [[01;35m[K-Wunused-parameter[m[K]
[0.796s]    39 |      void setMoves([01;35m[KMoves m[m[K) {};
[0.796s]       |                    [01;35m[K~~~~~~^[m[K
[0.796s] [01m[K/media/muayman17/New/Muhammad/BrightSkies Test/ROS2_BlocksRearrengments/src/CPPsub_BlocksRearrange/src/../include/CPPsub_BlocksRearrange/StateSpace.h:[m[K In member function ‘[01m[Kvoid StateSpace::setFixedCount(int)[m[K’:
[0.797s] [01m[K/media/muayman17/New/Muhammad/BrightSkies Test/ROS2_BlocksRearrengments/src/CPPsub_BlocksRearrange/src/../include/CPPsub_BlocksRearrange/StateSpace.h:40:29:[m[K [01;35m[Kwarning: [m[Kunused parameter ‘[01m[Kf[m[K’ [[01;35m[K-Wunused-parameter[m[K]
[0.798s]    40 |      void setFixedCount([01;35m[Kint f[m[K) {};
[0.800s]       |                         [01;35m[K~~~~^[m[K
[0.801s] [01m[K/media/muayman17/New/Muhammad/BrightSkies Test/ROS2_BlocksRearrengments/src/CPPsub_BlocksRearrange/src/../include/CPPsub_BlocksRearrange/StateSpace.h:[m[K In member function ‘[01m[KState StateSpace::getState() const[m[K’:
[0.801s] [01m[K/media/muayman17/New/Muhammad/BrightSkies Test/ROS2_BlocksRearrengments/src/CPPsub_BlocksRearrange/src/../include/CPPsub_BlocksRearrange/StateSpace.h:43:30:[m[K [01;35m[Kwarning: [m[Kno return statement in function returning non-void [[01;35m[K-Wreturn-type[m[K]
[0.802s]    43 |      State getState() const {[01;35m[K}[m[K;
[0.802s]       |                              [01;35m[K^[m[K
[0.802s] [01m[K/media/muayman17/New/Muhammad/BrightSkies Test/ROS2_BlocksRearrengments/src/CPPsub_BlocksRearrange/src/../include/CPPsub_BlocksRearrange/StateSpace.h:[m[K In member function ‘[01m[KMoves StateSpace::getMoves() const[m[K’:
[0.803s] [01m[K/media/muayman17/New/Muhammad/BrightSkies Test/ROS2_BlocksRearrengments/src/CPPsub_BlocksRearrange/src/../include/CPPsub_BlocksRearrange/StateSpace.h:44:30:[m[K [01;35m[Kwarning: [m[Kno return statement in function returning non-void [[01;35m[K-Wreturn-type[m[K]
[0.803s]    44 |      Moves getMoves() const {[01;35m[K}[m[K;
[0.803s]       |                              [01;35m[K^[m[K
[0.804s] [01m[K/media/muayman17/New/Muhammad/BrightSkies Test/ROS2_BlocksRearrengments/src/CPPsub_BlocksRearrange/src/../include/CPPsub_BlocksRearrange/StateSpace.h:[m[K In member function ‘[01m[Kint StateSpace::getFixedCount() const[m[K’:
[0.804s] [01m[K/media/muayman17/New/Muhammad/BrightSkies Test/ROS2_BlocksRearrengments/src/CPPsub_BlocksRearrange/src/../include/CPPsub_BlocksRearrange/StateSpace.h:45:33:[m[K [01;35m[Kwarning: [m[Kno return statement in function returning non-void [[01;35m[K-Wreturn-type[m[K]
[0.804s]    45 |      int getFixedCount() const {[01;35m[K}[m[K;
[0.805s]       |                                 [01;35m[K^[m[K
[0.806s] [01m[K/media/muayman17/New/Muhammad/BrightSkies Test/ROS2_BlocksRearrengments/src/CPPsub_BlocksRearrange/src/../include/CPPsub_BlocksRearrange/StateSpace.h:[m[K In member function ‘[01m[Kbool StateSpace::operator<(const StateSpace&) const[m[K’:
[0.806s] [01m[K/media/muayman17/New/Muhammad/BrightSkies Test/ROS2_BlocksRearrengments/src/CPPsub_BlocksRearrange/src/../include/CPPsub_BlocksRearrange/StateSpace.h:48:53:[m[K [01;35m[Kwarning: [m[Kno return statement in function returning non-void [[01;35m[K-Wreturn-type[m[K]
[0.807s]    48 |      bool operator<(const StateSpace &other) const {[01;35m[K}[m[K;
[0.807s]       |                                                     [01;35m[K^[m[K
[0.808s] [01m[K/media/muayman17/New/Muhammad/BrightSkies Test/ROS2_BlocksRearrengments/src/CPPsub_BlocksRearrange/src/../include/CPPsub_BlocksRearrange/StateSpace.h:48:39:[m[K [01;35m[Kwarning: [m[Kunused parameter ‘[01m[Kother[m[K’ [[01;35m[K-Wunused-parameter[m[K]
[0.808s]    48 |      bool operator<([01;35m[Kconst StateSpace &other[m[K) const {};
[0.809s]       |                     [01;35m[K~~~~~~~~~~~~~~~~~~^~~~~[m[K
[0.809s] [01m[K/media/muayman17/New/Muhammad/BrightSkies Test/ROS2_BlocksRearrengments/src/CPPsub_BlocksRearrange/src/StateSpace.cpp:[m[K At global scope:
[0.810s] [01m[K/media/muayman17/New/Muhammad/BrightSkies Test/ROS2_BlocksRearrengments/src/CPPsub_BlocksRearrange/src/StateSpace.cpp:16:1:[m[K [01;31m[Kerror: [m[Kredefinition of ‘[01m[KStateSpace::StateSpace()[m[K’
[0.810s]    16 | [01;31m[KStateSpace[m[K::StateSpace() : state({}), move({}), fixedCount(0) {}
[0.810s]       | [01;31m[K^~~~~~~~~~[m[K
[0.810s] In file included from [01m[K/media/muayman17/New/Muhammad/BrightSkies Test/ROS2_BlocksRearrengments/src/CPPsub_BlocksRearrange/src/StateSpace.cpp:10[m[K:
[0.811s] [01m[K/media/muayman17/New/Muhammad/BrightSkies Test/ROS2_BlocksRearrengments/src/CPPsub_BlocksRearrange/src/../include/CPPsub_BlocksRearrange/StateSpace.h:32:6:[m[K [01;36m[Knote: [m[K‘[01m[KStateSpace::StateSpace()[m[K’ previously defined here
[0.811s]    32 |      [01;36m[KStateSpace[m[K() {}
[0.811s]       |      [01;36m[K^~~~~~~~~~[m[K
[0.812s] [01m[K/media/muayman17/New/Muhammad/BrightSkies Test/ROS2_BlocksRearrengments/src/CPPsub_BlocksRearrange/src/StateSpace.cpp:16:36:[m[K [01;31m[Kerror: [m[Kexpected unqualified-id before ‘[01m[K)[m[K’ token
[0.812s]    16 | StateSpace::StateSpace() : state({}[01;31m[K)[m[K, move({}), fixedCount(0) {}
[0.813s]       |                                    [01;31m[K^[m[K
[0.813s] [01m[K/media/muayman17/New/Muhammad/BrightSkies Test/ROS2_BlocksRearrengments/src/CPPsub_BlocksRearrange/src/StateSpace.cpp:16:46:[m[K [01;31m[Kerror: [m[Kexpected unqualified-id before ‘[01m[K)[m[K’ token
[0.813s]    16 | StateSpace::StateSpace() : state({}), move({}[01;31m[K)[m[K, fixedCount(0) {}
[0.814s]       |                                              [01;31m[K^[m[K
[0.814s] [01m[K/media/muayman17/New/Muhammad/BrightSkies Test/ROS2_BlocksRearrengments/src/CPPsub_BlocksRearrange/src/StateSpace.cpp:17:1:[m[K [01;31m[Kerror: [m[Kredefinition of ‘[01m[KStateSpace::StateSpace(State)[m[K’
[0.814s]    17 | [01;31m[KStateSpace[m[K::StateSpace(State s) : state(s), move({}), fixedCount(0) {}
[0.815s]       | [01;31m[K^~~~~~~~~~[m[K
[0.815s] In file included from [01m[K/media/muayman17/New/Muhammad/BrightSkies Test/ROS2_BlocksRearrengments/src/CPPsub_BlocksRearrange/src/StateSpace.cpp:10[m[K:
[0.815s] [01m[K/media/muayman17/New/Muhammad/BrightSkies Test/ROS2_BlocksRearrengments/src/CPPsub_BlocksRearrange/src/../include/CPPsub_BlocksRearrange/StateSpace.h:33:6:[m[K [01;36m[Knote: [m[K‘[01m[KStateSpace::StateSpace(State)[m[K’ previously defined here
[0.815s]    33 |      [01;36m[KStateSpace[m[K(State s) {}
[0.816s]       |      [01;36m[K^~~~~~~~~~[m[K
[0.816s] [01m[K/media/muayman17/New/Muhammad/BrightSkies Test/ROS2_BlocksRearrengments/src/CPPsub_BlocksRearrange/src/StateSpace.cpp:17:52:[m[K [01;31m[Kerror: [m[Kexpected unqualified-id before ‘[01m[K)[m[K’ token
[0.816s]    17 | StateSpace::StateSpace(State s) : state(s), move({}[01;31m[K)[m[K, fixedCount(0) {}
[0.817s]       |                                                    [01;31m[K^[m[K
[0.817s] [01m[K/media/muayman17/New/Muhammad/BrightSkies Test/ROS2_BlocksRearrengments/src/CPPsub_BlocksRearrange/src/StateSpace.cpp:18:1:[m[K [01;31m[Kerror: [m[Kredefinition of ‘[01m[KStateSpace::StateSpace(State, Moves)[m[K’
[0.817s]    18 | [01;31m[KStateSpace[m[K::StateSpace(State s, Moves m) : state(s), move(m), fixedCount(0) {}
[0.818s]       | [01;31m[K^~~~~~~~~~[m[K
[0.818s] In file included from [01m[K/media/muayman17/New/Muhammad/BrightSkies Test/ROS2_BlocksRearrengments/src/CPPsub_BlocksRearrange/src/StateSpace.cpp:10[m[K:
[0.819s] [01m[K/media/muayman17/New/Muhammad/BrightSkies Test/ROS2_BlocksRearrengments/src/CPPsub_BlocksRearrange/src/../include/CPPsub_BlocksRearrange/StateSpace.h:34:6:[m[K [01;36m[Knote: [m[K‘[01m[KStateSpace::StateSpace(State, Moves)[m[K’ previously defined here
[0.819s]    34 |      [01;36m[KStateSpace[m[K(State s, Moves m) {}
[0.820s]       |      [01;36m[K^~~~~~~~~~[m[K
[0.820s] [01m[K/media/muayman17/New/Muhammad/BrightSkies Test/ROS2_BlocksRearrengments/src/CPPsub_BlocksRearrange/src/StateSpace.cpp:19:1:[m[K [01;31m[Kerror: [m[Kredefinition of ‘[01m[KStateSpace::StateSpace(State, Moves, int)[m[K’
[0.820s]    19 | [01;31m[KStateSpace[m[K::StateSpace(State s, Moves m, int f) : state(s), move(m), fixedCount(f) {}
[0.821s]       | [01;31m[K^~~~~~~~~~[m[K
[0.821s] In file included from [01m[K/media/muayman17/New/Muhammad/BrightSkies Test/ROS2_BlocksRearrengments/src/CPPsub_BlocksRearrange/src/StateSpace.cpp:10[m[K:
[0.821s] [01m[K/media/muayman17/New/Muhammad/BrightSkies Test/ROS2_BlocksRearrengments/src/CPPsub_BlocksRearrange/src/../include/CPPsub_BlocksRearrange/StateSpace.h:35:6:[m[K [01;36m[Knote: [m[K‘[01m[KStateSpace::StateSpace(State, Moves, int)[m[K’ previously defined here
[0.822s]    35 |      [01;36m[KStateSpace[m[K(State s, Moves m, int f) {}
[0.822s]       |      [01;36m[K^~~~~~~~~~[m[K
[0.822s] [01m[K/media/muayman17/New/Muhammad/BrightSkies Test/ROS2_BlocksRearrengments/src/CPPsub_BlocksRearrange/src/StateSpace.cpp:22:6:[m[K [01;31m[Kerror: [m[Kredefinition of ‘[01m[Kvoid StateSpace::setState(State)[m[K’
[0.823s]    22 | void [01;31m[KStateSpace[m[K::setState(State s) { state = s; };
[0.823s]       |      [01;31m[K^~~~~~~~~~[m[K
[0.823s] In file included from [01m[K/media/muayman17/New/Muhammad/BrightSkies Test/ROS2_BlocksRearrengments/src/CPPsub_BlocksRearrange/src/StateSpace.cpp:10[m[K:
[0.824s] [01m[K/media/muayman17/New/Muhammad/BrightSkies Test/ROS2_BlocksRearrengments/src/CPPsub_BlocksRearrange/src/../include/CPPsub_BlocksRearrange/StateSpace.h:38:11:[m[K [01;36m[Knote: [m[K‘[01m[Kvoid StateSpace::setState(State)[m[K’ previously defined here
[0.824s]    38 |      void [01;36m[KsetState[m[K(State s) {};
[0.824s]       |           [01;36m[K^~~~~~~~[m[K
[0.824s] [01m[K/media/muayman17/New/Muhammad/BrightSkies Test/ROS2_BlocksRearrengments/src/CPPsub_BlocksRearrange/src/StateSpace.cpp:22:50:[m[K [01;35m[Kwarning: [m[Kextra ‘[01m[K;[m[K’ [[01;35m[K-Wpedantic[m[K]
[0.825s]    22 | void StateSpace::setState(State s) { state = s; }[01;35m[K;[m[K
[0.826s]       |                                                  [01;35m[K^[m[K
[0.826s] [01m[K/media/muayman17/New/Muhammad/BrightSkies Test/ROS2_BlocksRearrengments/src/CPPsub_BlocksRearrange/src/StateSpace.cpp:23:6:[m[K [01;31m[Kerror: [m[Kredefinition of ‘[01m[Kvoid StateSpace::setMoves(Moves)[m[K’
[0.826s]    23 | void [01;31m[KStateSpace[m[K::setMoves(Moves m) { move = m; };
[0.826s]       |      [01;31m[K^~~~~~~~~~[m[K
[0.827s] In file included from [01m[K/media/muayman17/New/Muhammad/BrightSkies Test/ROS2_BlocksRearrengments/src/CPPsub_BlocksRearrange/src/StateSpace.cpp:10[m[K:
[0.827s] [01m[K/media/muayman17/New/Muhammad/BrightSkies Test/ROS2_BlocksRearrengments/src/CPPsub_BlocksRearrange/src/../include/CPPsub_BlocksRearrange/StateSpace.h:39:11:[m[K [01;36m[Knote: [m[K‘[01m[Kvoid StateSpace::setMoves(Moves)[m[K’ previously defined here
[0.829s]    39 |      void [01;36m[KsetMoves[m[K(Moves m) {};
[0.830s]       |           [01;36m[K^~~~~~~~[m[K
[0.831s] [01m[K/media/muayman17/New/Muhammad/BrightSkies Test/ROS2_BlocksRearrengments/src/CPPsub_BlocksRearrange/src/StateSpace.cpp:23:49:[m[K [01;35m[Kwarning: [m[Kextra ‘[01m[K;[m[K’ [[01;35m[K-Wpedantic[m[K]
[0.831s]    23 | void StateSpace::setMoves(Moves m) { move = m; }[01;35m[K;[m[K
[0.831s]       |                                                 [01;35m[K^[m[K
[0.832s] [01m[K/media/muayman17/New/Muhammad/BrightSkies Test/ROS2_BlocksRearrengments/src/CPPsub_BlocksRearrange/src/StateSpace.cpp:24:6:[m[K [01;31m[Kerror: [m[Kredefinition of ‘[01m[Kvoid StateSpace::setFixedCount(int)[m[K’
[0.832s]    24 | void [01;31m[KStateSpace[m[K::setFixedCount(int f) { fixedCount = f; };
[0.832s]       |      [01;31m[K^~~~~~~~~~[m[K
[0.833s] In file included from [01m[K/media/muayman17/New/Muhammad/BrightSkies Test/ROS2_BlocksRearrengments/src/CPPsub_BlocksRearrange/src/StateSpace.cpp:10[m[K:
[0.833s] [01m[K/media/muayman17/New/Muhammad/BrightSkies Test/ROS2_BlocksRearrengments/src/CPPsub_BlocksRearrange/src/../include/CPPsub_BlocksRearrange/StateSpace.h:40:11:[m[K [01;36m[Knote: [m[K‘[01m[Kvoid StateSpace::setFixedCount(int)[m[K’ previously defined here
[0.833s]    40 |      void [01;36m[KsetFixedCount[m[K(int f) {};
[0.833s]       |           [01;36m[K^~~~~~~~~~~~~[m[K
[0.834s] [01m[K/media/muayman17/New/Muhammad/BrightSkies Test/ROS2_BlocksRearrengments/src/CPPsub_BlocksRearrange/src/StateSpace.cpp:24:58:[m[K [01;35m[Kwarning: [m[Kextra ‘[01m[K;[m[K’ [[01;35m[K-Wpedantic[m[K]
[0.834s]    24 | void StateSpace::setFixedCount(int f) { fixedCount = f; }[01;35m[K;[m[K
[0.834s]       |                                                          [01;35m[K^[m[K
[0.835s] [01m[K/media/muayman17/New/Muhammad/BrightSkies Test/ROS2_BlocksRearrengments/src/CPPsub_BlocksRearrange/src/StateSpace.cpp:27:7:[m[K [01;31m[Kerror: [m[Kredefinition of ‘[01m[KState StateSpace::getState() const[m[K’
[0.835s]    27 | State [01;31m[KStateSpace[m[K::getState() const { return state; };
[0.835s]       |       [01;31m[K^~~~~~~~~~[m[K
[0.835s] In file included from [01m[K/media/muayman17/New/Muhammad/BrightSkies Test/ROS2_BlocksRearrengments/src/CPPsub_BlocksRearrange/src/StateSpace.cpp:10[m[K:
[0.836s] [01m[K/media/muayman17/New/Muhammad/BrightSkies Test/ROS2_BlocksRearrengments/src/CPPsub_BlocksRearrange/src/../include/CPPsub_BlocksRearrange/StateSpace.h:43:12:[m[K [01;36m[Knote: [m[K‘[01m[KState StateSpace::getState() const[m[K’ previously defined here
[0.836s]    43 |      State [01;36m[KgetState[m[K() const {};
[0.836s]       |            [01;36m[K^~~~~~~~[m[K
[0.837s] [01m[K/media/muayman17/New/Muhammad/BrightSkies Test/ROS2_BlocksRearrengments/src/CPPsub_BlocksRearrange/src/StateSpace.cpp:27:53:[m[K [01;35m[Kwarning: [m[Kextra ‘[01m[K;[m[K’ [[01;35m[K-Wpedantic[m[K]
[0.837s]    27 | State StateSpace::getState() const { return state; }[01;35m[K;[m[K
[0.837s]       |                                                     [01;35m[K^[m[K
[0.838s] [01m[K/media/muayman17/New/Muhammad/BrightSkies Test/ROS2_BlocksRearrengments/src/CPPsub_BlocksRearrange/src/StateSpace.cpp:28:7:[m[K [01;31m[Kerror: [m[Kredefinition of ‘[01m[KMoves StateSpace::getMoves() const[m[K’
[0.838s]    28 | Moves [01;31m[KStateSpace[m[K::getMoves() const { return move; };
[0.838s]       |       [01;31m[K^~~~~~~~~~[m[K
[0.839s] In file included from [01m[K/media/muayman17/New/Muhammad/BrightSkies Test/ROS2_BlocksRearrengments/src/CPPsub_BlocksRearrange/src/StateSpace.cpp:10[m[K:
[0.839s] [01m[K/media/muayman17/New/Muhammad/BrightSkies Test/ROS2_BlocksRearrengments/src/CPPsub_BlocksRearrange/src/../include/CPPsub_BlocksRearrange/StateSpace.h:44:12:[m[K [01;36m[Knote: [m[K‘[01m[KMoves StateSpace::getMoves() const[m[K’ previously defined here
[0.839s]    44 |      Moves [01;36m[KgetMoves[m[K() const {};
[0.840s]       |            [01;36m[K^~~~~~~~[m[K
[0.840s] [01m[K/media/muayman17/New/Muhammad/BrightSkies Test/ROS2_BlocksRearrengments/src/CPPsub_BlocksRearrange/src/StateSpace.cpp:28:52:[m[K [01;35m[Kwarning: [m[Kextra ‘[01m[K;[m[K’ [[01;35m[K-Wpedantic[m[K]
[0.840s]    28 | Moves StateSpace::getMoves() const { return move; }[01;35m[K;[m[K
[0.841s]       |                                                    [01;35m[K^[m[K
[0.841s] [01m[K/media/muayman17/New/Muhammad/BrightSkies Test/ROS2_BlocksRearrengments/src/CPPsub_BlocksRearrange/src/StateSpace.cpp:29:5:[m[K [01;31m[Kerror: [m[Kredefinition of ‘[01m[Kint StateSpace::getFixedCount() const[m[K’
[0.842s]    29 | int [01;31m[KStateSpace[m[K::getFixedCount() const { return fixedCount; };
[0.842s]       |     [01;31m[K^~~~~~~~~~[m[K
[0.843s] In file included from [01m[K/media/muayman17/New/Muhammad/BrightSkies Test/ROS2_BlocksRearrengments/src/CPPsub_BlocksRearrange/src/StateSpace.cpp:10[m[K:
[0.843s] [01m[K/media/muayman17/New/Muhammad/BrightSkies Test/ROS2_BlocksRearrengments/src/CPPsub_BlocksRearrange/src/../include/CPPsub_BlocksRearrange/StateSpace.h:45:10:[m[K [01;36m[Knote: [m[K‘[01m[Kint StateSpace::getFixedCount() const[m[K’ previously defined here
[0.844s]    45 |      int [01;36m[KgetFixedCount[m[K() const {};
[0.846s]       |          [01;36m[K^~~~~~~~~~~~~[m[K
[0.846s] [01m[K/media/muayman17/New/Muhammad/BrightSkies Test/ROS2_BlocksRearrengments/src/CPPsub_BlocksRearrange/src/StateSpace.cpp:29:61:[m[K [01;35m[Kwarning: [m[Kextra ‘[01m[K;[m[K’ [[01;35m[K-Wpedantic[m[K]
[0.847s]    29 | int StateSpace::getFixedCount() const { return fixedCount; }[01;35m[K;[m[K
[0.847s]       |                                                             [01;35m[K^[m[K
[0.848s] [01m[K/media/muayman17/New/Muhammad/BrightSkies Test/ROS2_BlocksRearrengments/src/CPPsub_BlocksRearrange/src/StateSpace.cpp:32:6:[m[K [01;31m[Kerror: [m[Kredefinition of ‘[01m[Kbool StateSpace::operator<(const StateSpace&) const[m[K’
[0.848s]    32 | bool [01;31m[KStateSpace[m[K::operator<(const StateSpace &other) const
[0.848s]       |      [01;31m[K^~~~~~~~~~[m[K
[0.849s] In file included from [01m[K/media/muayman17/New/Muhammad/BrightSkies Test/ROS2_BlocksRearrengments/src/CPPsub_BlocksRearrange/src/StateSpace.cpp:10[m[K:
[0.849s] [01m[K/media/muayman17/New/Muhammad/BrightSkies Test/ROS2_BlocksRearrengments/src/CPPsub_BlocksRearrange/src/../include/CPPsub_BlocksRearrange/StateSpace.h:48:11:[m[K [01;36m[Knote: [m[K‘[01m[Kbool StateSpace::operator<(const StateSpace&) const[m[K’ previously defined here
[0.849s]    48 |      bool [01;36m[Koperator[m[K<(const StateSpace &other) const {};
[0.850s]       |           [01;36m[K^~~~~~~~[m[K
[0.850s] [01m[K/media/muayman17/New/Muhammad/BrightSkies Test/ROS2_BlocksRearrengments/src/CPPsub_BlocksRearrange/src/StateSpace.cpp:35:2:[m[K [01;35m[Kwarning: [m[Kextra ‘[01m[K;[m[K’ [[01;35m[K-Wpedantic[m[K]
[0.850s]    35 | }[01;35m[K;[m[K
[0.850s]       |  [01;35m[K^[m[K
[0.851s] In file included from [01m[K/media/muayman17/New/Muhammad/BrightSkies Test/ROS2_BlocksRearrengments/src/CPPsub_BlocksRearrange/src/../include/CPPsub_BlocksRearrange/BFSAlgorithm.h:8[m[K,
[0.851s]                  from [01m[K/media/muayman17/New/Muhammad/BrightSkies Test/ROS2_BlocksRearrengments/src/CPPsub_BlocksRearrange/src/BFSAlgorithm.cpp:9[m[K:
[0.851s] [01m[K/media/muayman17/New/Muhammad/BrightSkies Test/ROS2_BlocksRearrengments/src/CPPsub_BlocksRearrange/src/../include/CPPsub_BlocksRearrange/StateSpace.h:[m[K In constructor ‘[01m[KStateSpace::StateSpace(State)[m[K’:
[0.852s] [01m[K/media/muayman17/New/Muhammad/BrightSkies Test/ROS2_BlocksRearrengments/src/CPPsub_BlocksRearrange/src/../include/CPPsub_BlocksRearrange/StateSpace.h:33:23:[m[K [01;35m[Kwarning: [m[Kunused parameter ‘[01m[Ks[m[K’ [[01;35m[K-Wunused-parameter[m[K]
[0.852s]    33 |      StateSpace([01;35m[KState s[m[K) {}
[0.852s]       |                 [01;35m[K~~~~~~^[m[K
[0.852s] [01m[K/media/muayman17/New/Muhammad/BrightSkies Test/ROS2_BlocksRearrengments/src/CPPsub_BlocksRearrange/src/../include/CPPsub_BlocksRearrange/StateSpace.h:[m[K In constructor ‘[01m[KStateSpace::StateSpace(State, Moves)[m[K’:
[0.853s] [01m[K/media/muayman17/New/Muhammad/BrightSkies Test/ROS2_BlocksRearrengments/src/CPPsub_BlocksRearrange/src/../include/CPPsub_BlocksRearrange/StateSpace.h:34:23:[m[K [01;35m[Kwarning: [m[Kunused parameter ‘[01m[Ks[m[K’ [[01;35m[K-Wunused-parameter[m[K]
[0.853s]    34 |      StateSpace([01;35m[KState s[m[K, Moves m) {}
[0.853s]       |                 [01;35m[K~~~~~~^[m[K
[0.854s] [01m[K/media/muayman17/New/Muhammad/BrightSkies Test/ROS2_BlocksRearrengments/src/CPPsub_BlocksRearrange/src/../include/CPPsub_BlocksRearrange/StateSpace.h:34:32:[m[K [01;35m[Kwarning: [m[Kunused parameter ‘[01m[Km[m[K’ [[01;35m[K-Wunused-parameter[m[K]
[0.854s]    34 |      StateSpace(State s, [01;35m[KMoves m[m[K) {}
[0.854s]       |                          [01;35m[K~~~~~~^[m[K
[0.855s] [01m[K/media/muayman17/New/Muhammad/BrightSkies Test/ROS2_BlocksRearrengments/src/CPPsub_BlocksRearrange/src/../include/CPPsub_BlocksRearrange/StateSpace.h:[m[K In constructor ‘[01m[KStateSpace::StateSpace(State, Moves, int)[m[K’:
[0.855s] [01m[K/media/muayman17/New/Muhammad/BrightSkies Test/ROS2_BlocksRearrengments/src/CPPsub_BlocksRearrange/src/../include/CPPsub_BlocksRearrange/StateSpace.h:35:23:[m[K [01;35m[Kwarning: [m[Kunused parameter ‘[01m[Ks[m[K’ [[01;35m[K-Wunused-parameter[m[K]
[0.855s]    35 |      StateSpace([01;35m[KState s[m[K, Moves m, int f) {}
[0.856s]       |                 [01;35m[K~~~~~~^[m[K
[0.856s] [01m[K/media/muayman17/New/Muhammad/BrightSkies Test/ROS2_BlocksRearrengments/src/CPPsub_BlocksRearrange/src/../include/CPPsub_BlocksRearrange/StateSpace.h:35:32:[m[K [01;35m[Kwarning: [m[Kunused parameter ‘[01m[Km[m[K’ [[01;35m[K-Wunused-parameter[m[K]
[0.856s]    35 |      StateSpace(State s, [01;35m[KMoves m[m[K, int f) {}
[0.856s]       |                          [01;35m[K~~~~~~^[m[K
[0.857s] [01m[K/media/muayman17/New/Muhammad/BrightSkies Test/ROS2_BlocksRearrengments/src/CPPsub_BlocksRearrange/src/../include/CPPsub_BlocksRearrange/StateSpace.h:35:39:[m[K [01;35m[Kwarning: [m[Kunused parameter ‘[01m[Kf[m[K’ [[01;35m[K-Wunused-parameter[m[K]
[0.857s]    35 |      StateSpace(State s, Moves m, [01;35m[Kint f[m[K) {}
[0.858s]       |                                   [01;35m[K~~~~^[m[K
[0.858s] [01m[K/media/muayman17/New/Muhammad/BrightSkies Test/ROS2_BlocksRearrengments/src/CPPsub_BlocksRearrange/src/../include/CPPsub_BlocksRearrange/StateSpace.h:[m[K In member function ‘[01m[Kvoid StateSpace::setState(State)[m[K’:
[0.858s] [01m[K/media/muayman17/New/Muhammad/BrightSkies Test/ROS2_BlocksRearrengments/src/CPPsub_BlocksRearrange/src/../include/CPPsub_BlocksRearrange/StateSpace.h:38:26:[m[K [01;35m[Kwarning: [m[Kunused parameter ‘[01m[Ks[m[K’ [[01;35m[K-Wunused-parameter[m[K]
[0.859s]    38 |      void setState([01;35m[KState s[m[K) {};
[0.859s]       |                    [01;35m[K~~~~~~^[m[K
[0.859s] [01m[K/media/muayman17/New/Muhammad/BrightSkies Test/ROS2_BlocksRearrengments/src/CPPsub_BlocksRearrange/src/../include/CPPsub_BlocksRearrange/StateSpace.h:[m[K In member function ‘[01m[Kvoid StateSpace::setMoves(Moves)[m[K’:
[0.860s] [01m[K/media/muayman17/New/Muhammad/BrightSkies Test/ROS2_BlocksRearrengments/src/CPPsub_BlocksRearrange/src/../include/CPPsub_BlocksRearrange/StateSpace.h:39:26:[m[K [01;35m[Kwarning: [m[Kunused parameter ‘[01m[Km[m[K’ [[01;35m[K-Wunused-parameter[m[K]
[0.860s]    39 |      void setMoves([01;35m[KMoves m[m[K) {};
[0.860s]       |                    [01;35m[K~~~~~~^[m[K
[0.860s] [01m[K/media/muayman17/New/Muhammad/BrightSkies Test/ROS2_BlocksRearrengments/src/CPPsub_BlocksRearrange/src/../include/CPPsub_BlocksRearrange/StateSpace.h:[m[K In member function ‘[01m[Kvoid StateSpace::setFixedCount(int)[m[K’:
[0.861s] [01m[K/media/muayman17/New/Muhammad/BrightSkies Test/ROS2_BlocksRearrengments/src/CPPsub_BlocksRearrange/src/../include/CPPsub_BlocksRearrange/StateSpace.h:40:29:[m[K [01;35m[Kwarning: [m[Kunused parameter ‘[01m[Kf[m[K’ [[01;35m[K-Wunused-parameter[m[K]
[0.861s]    40 |      void setFixedCount([01;35m[Kint f[m[K) {};
[0.861s]       |                         [01;35m[K~~~~^[m[K
[0.862s] [01m[K/media/muayman17/New/Muhammad/BrightSkies Test/ROS2_BlocksRearrengments/src/CPPsub_BlocksRearrange/src/../include/CPPsub_BlocksRearrange/StateSpace.h:[m[K In member function ‘[01m[KState StateSpace::getState() const[m[K’:
[0.862s] [01m[K/media/muayman17/New/Muhammad/BrightSkies Test/ROS2_BlocksRearrengments/src/CPPsub_BlocksRearrange/src/../include/CPPsub_BlocksRearrange/StateSpace.h:43:30:[m[K [01;35m[Kwarning: [m[Kno return statement in function returning non-void [[01;35m[K-Wreturn-type[m[K]
[0.862s]    43 |      State getState() const {[01;35m[K}[m[K;
[0.862s]       |                              [01;35m[K^[m[K
[0.863s] [01m[K/media/muayman17/New/Muhammad/BrightSkies Test/ROS2_BlocksRearrengments/src/CPPsub_BlocksRearrange/src/../include/CPPsub_BlocksRearrange/StateSpace.h:[m[K In member function ‘[01m[KMoves StateSpace::getMoves() const[m[K’:
[0.863s] [01m[K/media/muayman17/New/Muhammad/BrightSkies Test/ROS2_BlocksRearrengments/src/CPPsub_BlocksRearrange/src/../include/CPPsub_BlocksRearrange/StateSpace.h:44:30:[m[K [01;35m[Kwarning: [m[Kno return statement in function returning non-void [[01;35m[K-Wreturn-type[m[K]
[0.863s]    44 |      Moves getMoves() const {[01;35m[K}[m[K;
[0.864s]       |                              [01;35m[K^[m[K
[0.864s] [01m[K/media/muayman17/New/Muhammad/BrightSkies Test/ROS2_BlocksRearrengments/src/CPPsub_BlocksRearrange/src/../include/CPPsub_BlocksRearrange/StateSpace.h:[m[K In member function ‘[01m[Kint StateSpace::getFixedCount() const[m[K’:
[0.864s] [01m[K/media/muayman17/New/Muhammad/BrightSkies Test/ROS2_BlocksRearrengments/src/CPPsub_BlocksRearrange/src/../include/CPPsub_BlocksRearrange/StateSpace.h:45:33:[m[K [01;35m[Kwarning: [m[Kno return statement in function returning non-void [[01;35m[K-Wreturn-type[m[K]
[0.864s]    45 |      int getFixedCount() const {[01;35m[K}[m[K;
[0.865s]       |                                 [01;35m[K^[m[K
[0.865s] [01m[K/media/muayman17/New/Muhammad/BrightSkies Test/ROS2_BlocksRearrengments/src/CPPsub_BlocksRearrange/src/../include/CPPsub_BlocksRearrange/StateSpace.h:[m[K In member function ‘[01m[Kbool StateSpace::operator<(const StateSpace&) const[m[K’:
[0.865s] [01m[K/media/muayman17/New/Muhammad/BrightSkies Test/ROS2_BlocksRearrengments/src/CPPsub_BlocksRearrange/src/../include/CPPsub_BlocksRearrange/StateSpace.h:48:53:[m[K [01;35m[Kwarning: [m[Kno return statement in function returning non-void [[01;35m[K-Wreturn-type[m[K]
[0.866s]    48 |      bool operator<(const StateSpace &other) const {[01;35m[K}[m[K;
[0.866s]       |                                                     [01;35m[K^[m[K
[0.866s] [01m[K/media/muayman17/New/Muhammad/BrightSkies Test/ROS2_BlocksRearrengments/src/CPPsub_BlocksRearrange/src/../include/CPPsub_BlocksRearrange/StateSpace.h:48:39:[m[K [01;35m[Kwarning: [m[Kunused parameter ‘[01m[Kother[m[K’ [[01;35m[K-Wunused-parameter[m[K]
[0.866s]    48 |      bool operator<([01;35m[Kconst StateSpace &other[m[K) const {};
[0.867s]       |                     [01;35m[K~~~~~~~~~~~~~~~~~~^~~~~[m[K
[0.867s] In file included from [01m[K/media/muayman17/New/Muhammad/BrightSkies Test/ROS2_BlocksRearrengments/src/CPPsub_BlocksRearrange/src/BFSAlgorithm.cpp:9[m[K:
[0.867s] [01m[K/media/muayman17/New/Muhammad/BrightSkies Test/ROS2_BlocksRearrengments/src/CPPsub_BlocksRearrange/src/../include/CPPsub_BlocksRearrange/BFSAlgorithm.h:[m[K In constructor ‘[01m[KBFSAlgorithm::BFSAlgorithm(std::string)[m[K’:
[0.868s] [01m[K/media/muayman17/New/Muhammad/BrightSkies Test/ROS2_BlocksRearrengments/src/CPPsub_BlocksRearrange/src/../include/CPPsub_BlocksRearrange/BFSAlgorithm.h:26:26:[m[K [01;35m[Kwarning: [m[Kunused parameter ‘[01m[Kpub_msg[m[K’ [[01;35m[K-Wunused-parameter[m[K]
[0.868s]    26 |      BFSAlgorithm([01;35m[Kstring pub_msg[m[K) {}
[0.868s]       |                   [01;35m[K~~~~~~~^~~~~~~[m[K
[0.868s] In file included from [01m[K/media/muayman17/New/Muhammad/BrightSkies Test/ROS2_BlocksRearrengments/src/CPPsub_BlocksRearrange/src/BFSAlgorithm.cpp:9[m[K:
[0.869s] [01m[K/media/muayman17/New/Muhammad/BrightSkies Test/ROS2_BlocksRearrengments/src/CPPsub_BlocksRearrange/src/../include/CPPsub_BlocksRearrange/BFSAlgorithm.h:[m[K In member function ‘[01m[Kstd::vector<std::__cxx11::basic_string<char> > BFSAlgorithm::StringToVector(std::string, char)[m[K’:
[0.869s] [01m[K/media/muayman17/New/Muhammad/BrightSkies Test/ROS2_BlocksRearrengments/src/CPPsub_BlocksRearrange/src/../include/CPPsub_BlocksRearrange/BFSAlgorithm.h:29:65:[m[K [01;35m[Kwarning: [m[Kno return statement in function returning non-void [[01;35m[K-Wreturn-type[m[K]
[0.869s]    29 |      vector<string> StringToVector(string pub_msg, char delim) {[01;35m[K}[m[K
[0.869s]       |                                                                 [01;35m[K^[m[K
[0.870s] [01m[K/media/muayman17/New/Muhammad/BrightSkies Test/ROS2_BlocksRearrengments/src/CPPsub_BlocksRearrange/src/../include/CPPsub_BlocksRearrange/BFSAlgorithm.h:29:43:[m[K [01;35m[Kwarning: [m[Kunused parameter ‘[01m[Kpub_msg[m[K’ [[01;35m[K-Wunused-parameter[m[K]
[0.870s]    29 |      vector<string> StringToVector([01;35m[Kstring pub_msg[m[K, char delim) {}
[0.870s]       |                                    [01;35m[K~~~~~~~^~~~~~~[m[K
[0.871s] [01m[K/media/muayman17/New/Muhammad/BrightSkies Test/ROS2_BlocksRearrengments/src/CPPsub_BlocksRearrange/src/../include/CPPsub_BlocksRearrange/BFSAlgorithm.h:29:57:[m[K [01;35m[Kwarning: [m[Kunused parameter ‘[01m[Kdelim[m[K’ [[01;35m[K-Wunused-parameter[m[K]
[0.871s]    29 |      vector<string> StringToVector(string pub_msg, [01;35m[Kchar delim[m[K) {}
[0.871s]       |                                                    [01;35m[K~~~~~^~~~~[m[K
[0.871s] [01m[K/media/muayman17/New/Muhammad/BrightSkies Test/ROS2_BlocksRearrengments/src/CPPsub_BlocksRearrange/src/../include/CPPsub_BlocksRearrange/BFSAlgorithm.h:[m[K In member function ‘[01m[Kstd::string BFSAlgorithm::VectorToString(const State&) const[m[K’:
[0.872s] [01m[K/media/muayman17/New/Muhammad/BrightSkies Test/ROS2_BlocksRearrengments/src/CPPsub_BlocksRearrange/src/../include/CPPsub_BlocksRearrange/BFSAlgorithm.h:32:55:[m[K [01;35m[Kwarning: [m[Kno return statement in function returning non-void [[01;35m[K-Wreturn-type[m[K]
[0.872s]    32 |      string VectorToString(const State &state) const {[01;35m[K}[m[K
[0.872s]       |                                                       [01;35m[K^[m[K
[0.872s] [01m[K/media/muayman17/New/Muhammad/BrightSkies Test/ROS2_BlocksRearrengments/src/CPPsub_BlocksRearrange/src/../include/CPPsub_BlocksRearrange/BFSAlgorithm.h:32:41:[m[K [01;35m[Kwarning: [m[Kunused parameter ‘[01m[Kstate[m[K’ [[01;35m[K-Wunused-parameter[m[K]
[0.873s]    32 |      string VectorToString([01;35m[Kconst State &state[m[K) const {}
[0.873s]       |                            [01;35m[K~~~~~~~~~~~~~^~~~~[m[K
[0.873s] [01m[K/media/muayman17/New/Muhammad/BrightSkies Test/ROS2_BlocksRearrengments/src/CPPsub_BlocksRearrange/src/../include/CPPsub_BlocksRearrange/BFSAlgorithm.h:[m[K In member function ‘[01m[Kbool BFSAlgorithm::IsGoal(const State&) const[m[K’:
[0.874s] [01m[K/media/muayman17/New/Muhammad/BrightSkies Test/ROS2_BlocksRearrengments/src/CPPsub_BlocksRearrange/src/../include/CPPsub_BlocksRearrange/BFSAlgorithm.h:35:47:[m[K [01;35m[Kwarning: [m[Kno return statement in function returning non-void [[01;35m[K-Wreturn-type[m[K]
[0.874s]    35 |      bool IsGoal(const State &current) const {[01;35m[K}[m[K
[0.874s]       |                                               [01;35m[K^[m[K
[0.874s] [01m[K/media/muayman17/New/Muhammad/BrightSkies Test/ROS2_BlocksRearrengments/src/CPPsub_BlocksRearrange/src/../include/CPPsub_BlocksRearrange/BFSAlgorithm.h:35:31:[m[K [01;35m[Kwarning: [m[Kunused parameter ‘[01m[Kcurrent[m[K’ [[01;35m[K-Wunused-parameter[m[K]
[0.875s]    35 |      bool IsGoal([01;35m[Kconst State &current[m[K) const {}
[0.875s]       |                  [01;35m[K~~~~~~~~~~~~~^~~~~~~[m[K
[0.875s] [01m[K/media/muayman17/New/Muhammad/BrightSkies Test/ROS2_BlocksRearrengments/src/CPPsub_BlocksRearrange/src/../include/CPPsub_BlocksRearrange/BFSAlgorithm.h:[m[K In member function ‘[01m[Kstd::vector<StateSpace> BFSAlgorithm::getNextStates(const StateSpace&) const[m[K’:
[0.876s] [01m[K/media/muayman17/New/Muhammad/BrightSkies Test/ROS2_BlocksRearrengments/src/CPPsub_BlocksRearrange/src/../include/CPPsub_BlocksRearrange/BFSAlgorithm.h:38:73:[m[K [01;35m[Kwarning: [m[Kno return statement in function returning non-void [[01;35m[K-Wreturn-type[m[K]
[0.877s]    38 |      vector<StateSpace> getNextStates(const StateSpace &current) const {[01;35m[K}[m[K
[0.877s]       |                                                                         [01;35m[K^[m[K
[0.878s] [01m[K/media/muayman17/New/Muhammad/BrightSkies Test/ROS2_BlocksRearrengments/src/CPPsub_BlocksRearrange/src/../include/CPPsub_BlocksRearrange/BFSAlgorithm.h:38:57:[m[K [01;35m[Kwarning: [m[Kunused parameter ‘[01m[Kcurrent[m[K’ [[01;35m[K-Wunused-parameter[m[K]
[0.878s]    38 |      vector<StateSpace> getNextStates([01;35m[Kconst StateSpace &current[m[K) const {}
[0.878s]       |                                       [01;35m[K~~~~~~~~~~~~~~~~~~^~~~~~~[m[K
[0.879s] [01m[K/media/muayman17/New/Muhammad/BrightSkies Test/ROS2_BlocksRearrengments/src/CPPsub_BlocksRearrange/src/../include/CPPsub_BlocksRearrange/BFSAlgorithm.h:[m[K In member function ‘[01m[Kvoid BFSAlgorithm::countMatches(StateSpace&)[m[K’:
[0.879s] [01m[K/media/muayman17/New/Muhammad/BrightSkies Test/ROS2_BlocksRearrengments/src/CPPsub_BlocksRearrange/src/../include/CPPsub_BlocksRearrange/BFSAlgorithm.h:41:36:[m[K [01;35m[Kwarning: [m[Kunused parameter ‘[01m[Kcurrent[m[K’ [[01;35m[K-Wunused-parameter[m[K]
[0.879s]    41 |      void countMatches([01;35m[KStateSpace &current[m[K) {}
[0.880s]       |                        [01;35m[K~~~~~~~~~~~~^~~~~~~[m[K
[0.880s] [01m[K/media/muayman17/New/Muhammad/BrightSkies Test/ROS2_BlocksRearrengments/src/CPPsub_BlocksRearrange/src/../include/CPPsub_BlocksRearrange/BFSAlgorithm.h:[m[K In member function ‘[01m[KMoves BFSAlgorithm::BFS_Algorithm()[m[K’:
[0.880s] [01m[K/media/muayman17/New/Muhammad/BrightSkies Test/ROS2_BlocksRearrengments/src/CPPsub_BlocksRearrange/src/../include/CPPsub_BlocksRearrange/BFSAlgorithm.h:44:29:[m[K [01;35m[Kwarning: [m[Kno return statement in function returning non-void [[01;35m[K-Wreturn-type[m[K]
[0.880s]    44 |      Moves BFS_Algorithm() {[01;35m[K}[m[K
[0.881s]       |                             [01;35m[K^[m[K
[0.881s] [01m[K/media/muayman17/New/Muhammad/BrightSkies Test/ROS2_BlocksRearrengments/src/CPPsub_BlocksRearrange/src/BFSAlgorithm.cpp:[m[K At global scope:
[0.881s] [01m[K/media/muayman17/New/Muhammad/BrightSkies Test/ROS2_BlocksRearrengments/src/CPPsub_BlocksRearrange/src/BFSAlgorithm.cpp:21:1:[m[K [01;31m[Kerror: [m[Kredefinition of ‘[01m[KBFSAlgorithm::BFSAlgorithm(std::string)[m[K’
[0.881s]    21 | [01;31m[KBFSAlgorithm[m[K::BFSAlgorithm(string pub_msg)
[0.882s]       | [01;31m[K^~~~~~~~~~~~[m[K
[0.882s] In file included from [01m[K/media/muayman17/New/Muhammad/BrightSkies Test/ROS2_BlocksRearrengments/src/CPPsub_BlocksRearrange/src/BFSAlgorithm.cpp:9[m[K:
[0.882s] [01m[K/media/muayman17/New/Muhammad/BrightSkies Test/ROS2_BlocksRearrengments/src/CPPsub_BlocksRearrange/src/../include/CPPsub_BlocksRearrange/BFSAlgorithm.h:26:6:[m[K [01;36m[Knote: [m[K‘[01m[KBFSAlgorithm::BFSAlgorithm(std::string)[m[K’ previously defined here
[0.882s]    26 |      [01;36m[KBFSAlgorithm[m[K(string pub_msg) {}
[0.883s]       |      [01;36m[K^~~~~~~~~~~~[m[K
[0.883s] [01m[K/media/muayman17/New/Muhammad/BrightSkies Test/ROS2_BlocksRearrengments/src/CPPsub_BlocksRearrange/src/BFSAlgorithm.cpp:55:16:[m[K [01;31m[Kerror: [m[Kredefinition of ‘[01m[Kstd::vector<std::__cxx11::basic_string<char> > BFSAlgorithm::StringToVector(std::string, char)[m[K’
[0.883s]    55 | vector<string> [01;31m[KBFSAlgorithm[m[K::StringToVector(string pub_msg, char delim)
[0.883s]       |                [01;31m[K^~~~~~~~~~~~[m[K
[0.884s] In file included from [01m[K/media/muayman17/New/Muhammad/BrightSkies Test/ROS2_BlocksRearrengments/src/CPPsub_BlocksRearrange/src/BFSAlgorithm.cpp:9[m[K:
[0.884s] [01m[K/media/muayman17/New/Muhammad/BrightSkies Test/ROS2_BlocksRearrengments/src/CPPsub_BlocksRearrange/src/../include/CPPsub_BlocksRearrange/BFSAlgorithm.h:29:21:[m[K [01;36m[Knote: [m[K‘[01m[Kstd::vector<std::__cxx11::basic_string<char> > BFSAlgorithm::StringToVector(std::string, char)[m[K’ previously defined here
[0.884s]    29 |      vector<string> [01;36m[KStringToVector[m[K(string pub_msg, char delim) {}
[0.884s]       |                     [01;36m[K^~~~~~~~~~~~~~[m[K
[0.884s] [01m[K/media/muayman17/New/Muhammad/BrightSkies Test/ROS2_BlocksRearrengments/src/CPPsub_BlocksRearrange/src/BFSAlgorithm.cpp:63:2:[m[K [01;35m[Kwarning: [m[Kextra ‘[01m[K;[m[K’ [[01;35m[K-Wpedantic[m[K]
[0.885s]    63 | }[01;35m[K;[m[K
[0.885s]       |  [01;35m[K^[m[K
[0.885s] [01m[K/media/muayman17/New/Muhammad/BrightSkies Test/ROS2_BlocksRearrengments/src/CPPsub_BlocksRearrange/src/BFSAlgorithm.cpp:66:8:[m[K [01;31m[Kerror: [m[Kredefinition of ‘[01m[Kstd::string BFSAlgorithm::VectorToString(const State&) const[m[K’
[0.885s]    66 | string [01;31m[KBFSAlgorithm[m[K::VectorToString(const State &state) const
[0.886s]       |        [01;31m[K^~~~~~~~~~~~[m[K
[0.886s] In file included from [01m[K/media/muayman17/New/Muhammad/BrightSkies Test/ROS2_BlocksRearrengments/src/CPPsub_BlocksRearrange/src/BFSAlgorithm.cpp:9[m[K:
[0.886s] [01m[K/media/muayman17/New/Muhammad/BrightSkies Test/ROS2_BlocksRearrengments/src/CPPsub_BlocksRearrange/src/../include/CPPsub_BlocksRearrange/BFSAlgorithm.h:32:13:[m[K [01;36m[Knote: [m[K‘[01m[Kstd::string BFSAlgorithm::VectorToString(const State&) const[m[K’ previously defined here
[0.886s]    32 |      string [01;36m[KVectorToString[m[K(const State &state) const {}
[0.887s]       |             [01;36m[K^~~~~~~~~~~~~~[m[K
[0.887s] [01m[K/media/muayman17/New/Muhammad/BrightSkies Test/ROS2_BlocksRearrengments/src/CPPsub_BlocksRearrange/src/BFSAlgorithm.cpp:76:2:[m[K [01;35m[Kwarning: [m[Kextra ‘[01m[K;[m[K’ [[01;35m[K-Wpedantic[m[K]
[0.887s]    76 | }[01;35m[K;[m[K
[0.887s]       |  [01;35m[K^[m[K
[0.888s] [01m[K/media/muayman17/New/Muhammad/BrightSkies Test/ROS2_BlocksRearrengments/src/CPPsub_BlocksRearrange/src/BFSAlgorithm.cpp:79:6:[m[K [01;31m[Kerror: [m[Kredefinition of ‘[01m[Kbool BFSAlgorithm::IsGoal(const State&) const[m[K’
[0.888s]    79 | bool [01;31m[KBFSAlgorithm[m[K::IsGoal(const State &current) const
[0.888s]       |      [01;31m[K^~~~~~~~~~~~[m[K
[0.888s] In file included from [01m[K/media/muayman17/New/Muhammad/BrightSkies Test/ROS2_BlocksRearrengments/src/CPPsub_BlocksRearrange/src/BFSAlgorithm.cpp:9[m[K:
[0.889s] [01m[K/media/muayman17/New/Muhammad/BrightSkies Test/ROS2_BlocksRearrengments/src/CPPsub_BlocksRearrange/src/../include/CPPsub_BlocksRearrange/BFSAlgorithm.h:35:11:[m[K [01;36m[Knote: [m[K‘[01m[Kbool BFSAlgorithm::IsGoal(const State&) const[m[K’ previously defined here
[0.889s]    35 |      bool [01;36m[KIsGoal[m[K(const State &current) const {}
[0.890s]       |           [01;36m[K^~~~~~[m[K
[0.891s] [01m[K/media/muayman17/New/Muhammad/BrightSkies Test/ROS2_BlocksRearrengments/src/CPPsub_BlocksRearrange/src/BFSAlgorithm.cpp:94:2:[m[K [01;35m[Kwarning: [m[Kextra ‘[01m[K;[m[K’ [[01;35m[K-Wpedantic[m[K]
[0.891s]    94 | }[01;35m[K;[m[K
[0.891s]       |  [01;35m[K^[m[K
[0.892s] [01m[K/media/muayman17/New/Muhammad/BrightSkies Test/ROS2_BlocksRearrengments/src/CPPsub_BlocksRearrange/src/BFSAlgorithm.cpp:97:20:[m[K [01;31m[Kerror: [m[Kredefinition of ‘[01m[Kstd::vector<StateSpace> BFSAlgorithm::getNextStates(const StateSpace&) const[m[K’
[0.892s]    97 | vector<StateSpace> [01;31m[KBFSAlgorithm[m[K::getNextStates(const StateSpace &current) const
[0.893s]       |                    [01;31m[K^~~~~~~~~~~~[m[K
[0.893s] In file included from [01m[K/media/muayman17/New/Muhammad/BrightSkies Test/ROS2_BlocksRearrengments/src/CPPsub_BlocksRearrange/src/BFSAlgorithm.cpp:9[m[K:
[0.893s] [01m[K/media/muayman17/New/Muhammad/BrightSkies Test/ROS2_BlocksRearrengments/src/CPPsub_BlocksRearrange/src/../include/CPPsub_BlocksRearrange/BFSAlgorithm.h:38:25:[m[K [01;36m[Knote: [m[K‘[01m[Kstd::vector<StateSpace> BFSAlgorithm::getNextStates(const StateSpace&) const[m[K’ previously defined here
[0.894s]    38 |      vector<StateSpace> [01;36m[KgetNextStates[m[K(const StateSpace &current) const {}
[0.894s]       |                         [01;36m[K^~~~~~~~~~~~~[m[K
[0.894s] [01m[K/media/muayman17/New/Muhammad/BrightSkies Test/ROS2_BlocksRearrengments/src/CPPsub_BlocksRearrange/src/BFSAlgorithm.cpp:152:2:[m[K [01;35m[Kwarning: [m[Kextra ‘[01m[K;[m[K’ [[01;35m[K-Wpedantic[m[K]
[0.894s]   152 | }[01;35m[K;[m[K
[0.895s]       |  [01;35m[K^[m[K
[0.896s] [01m[K/media/muayman17/New/Muhammad/BrightSkies Test/ROS2_BlocksRearrengments/src/CPPsub_BlocksRearrange/src/BFSAlgorithm.cpp:155:6:[m[K [01;31m[Kerror: [m[Kredefinition of ‘[01m[Kvoid BFSAlgorithm::countMatches(StateSpace&)[m[K’
[0.896s]   155 | void [01;31m[KBFSAlgorithm[m[K::countMatches(StateSpace &current)
[0.896s]       |      [01;31m[K^~~~~~~~~~~~[m[K
[0.897s] In file included from [01m[K/media/muayman17/New/Muhammad/BrightSkies Test/ROS2_BlocksRearrengments/src/CPPsub_BlocksRearrange/src/BFSAlgorithm.cpp:9[m[K:
[0.897s] [01m[K/media/muayman17/New/Muhammad/BrightSkies Test/ROS2_BlocksRearrengments/src/CPPsub_BlocksRearrange/src/../include/CPPsub_BlocksRearrange/BFSAlgorithm.h:41:11:[m[K [01;36m[Knote: [m[K‘[01m[Kvoid BFSAlgorithm::countMatches(StateSpace&)[m[K’ previously defined here
[0.897s]    41 |      void [01;36m[KcountMatches[m[K(StateSpace &current) {}
[0.897s]       |           [01;36m[K^~~~~~~~~~~~[m[K
[0.898s] [01m[K/media/muayman17/New/Muhammad/BrightSkies Test/ROS2_BlocksRearrengments/src/CPPsub_BlocksRearrange/src/BFSAlgorithm.cpp:185:2:[m[K [01;35m[Kwarning: [m[Kextra ‘[01m[K;[m[K’ [[01;35m[K-Wpedantic[m[K]
[0.898s]   185 | }[01;35m[K;[m[K
[0.898s]       |  [01;35m[K^[m[K
[0.898s] [01m[K/media/muayman17/New/Muhammad/BrightSkies Test/ROS2_BlocksRearrengments/src/CPPsub_BlocksRearrange/src/BFSAlgorithm.cpp:188:7:[m[K [01;31m[Kerror: [m[Kredefinition of ‘[01m[KMoves BFSAlgorithm::BFS_Algorithm()[m[K’
[0.899s]   188 | Moves [01;31m[KBFSAlgorithm[m[K::BFS_Algorithm()
[0.899s]       |       [01;31m[K^~~~~~~~~~~~[m[K
[0.899s] In file included from [01m[K/media/muayman17/New/Muhammad/BrightSkies Test/ROS2_BlocksRearrengments/src/CPPsub_BlocksRearrange/src/BFSAlgorithm.cpp:9[m[K:
[0.899s] [01m[K/media/muayman17/New/Muhammad/BrightSkies Test/ROS2_BlocksRearrengments/src/CPPsub_BlocksRearrange/src/../include/CPPsub_BlocksRearrange/BFSAlgorithm.h:44:12:[m[K [01;36m[Knote: [m[K‘[01m[KMoves BFSAlgorithm::BFS_Algorithm()[m[K’ previously defined here
[0.900s]    44 |      Moves [01;36m[KBFS_Algorithm[m[K() {}
[0.900s]       |            [01;36m[K^~~~~~~~~~~~~[m[K
[0.900s] [01m[K/media/muayman17/New/Muhammad/BrightSkies Test/ROS2_BlocksRearrengments/src/CPPsub_BlocksRearrange/src/BFSAlgorithm.cpp:222:2:[m[K [01;35m[Kwarning: [m[Kextra ‘[01m[K;[m[K’ [[01;35m[K-Wpedantic[m[K]
[0.900s]   222 | }[01;35m[K;[m[K
[0.901s]       |  [01;35m[K^[m[K
[0.901s] [01m[K/media/muayman17/New/Muhammad/BrightSkies Test/ROS2_BlocksRearrengments/src/CPPsub_BlocksRearrange/src/BFSAlgorithm.cpp:225:6:[m[K [01;31m[Kerror: [m[Kredefinition of ‘[01m[Kvoid BFSAlgorithm::compare()[m[K’
[0.902s]   225 | void [01;31m[KBFSAlgorithm[m[K::compare()
[0.902s]       |      [01;31m[K^~~~~~~~~~~~[m[K
[0.902s] In file included from [01m[K/media/muayman17/New/Muhammad/BrightSkies Test/ROS2_BlocksRearrengments/src/CPPsub_BlocksRearrange/src/BFSAlgorithm.cpp:9[m[K:
[0.903s] [01m[K/media/muayman17/New/Muhammad/BrightSkies Test/ROS2_BlocksRearrengments/src/CPPsub_BlocksRearrange/src/../include/CPPsub_BlocksRearrange/BFSAlgorithm.h:47:11:[m[K [01;36m[Knote: [m[K‘[01m[Kvoid BFSAlgorithm::compare()[m[K’ previously defined here
[0.903s]    47 |      void [01;36m[Kcompare[m[K() {}
[0.904s]       |           [01;36m[K^~~~~~~[m[K
[0.904s] make[2]: *** [CMakeFiles/lis.dir/build.make:102: CMakeFiles/lis.dir/src/StateSpace.cpp.o] Error 1
[0.905s] make[2]: *** Waiting for unfinished jobs....
[0.905s] make[2]: *** [CMakeFiles/lis.dir/build.make:76: CMakeFiles/lis.dir/src/BFSAlgorithm.cpp.o] Error 1
[2.058s] In file included from [01m[K/media/muayman17/New/Muhammad/BrightSkies Test/ROS2_BlocksRearrengments/src/CPPsub_BlocksRearrange/src/../include/CPPsub_BlocksRearrange/blockArrangementSub.h:4[m[K,
[2.058s]                  from [01m[K/media/muayman17/New/Muhammad/BrightSkies Test/ROS2_BlocksRearrengments/src/CPPsub_BlocksRearrange/src/CPPsub_BlocksRearrange.cpp:2[m[K:
[2.058s] [01m[K/media/muayman17/New/Muhammad/BrightSkies Test/ROS2_BlocksRearrengments/src/CPPsub_BlocksRearrange/src/../include/CPPsub_BlocksRearrange/StateSpace.h:[m[K In constructor ‘[01m[KStateSpace::StateSpace(State)[m[K’:
[2.059s] [01m[K/media/muayman17/New/Muhammad/BrightSkies Test/ROS2_BlocksRearrengments/src/CPPsub_BlocksRearrange/src/../include/CPPsub_BlocksRearrange/StateSpace.h:33:23:[m[K [01;35m[Kwarning: [m[Kunused parameter ‘[01m[Ks[m[K’ [[01;35m[K-Wunused-parameter[m[K]
[2.059s]    33 |      StateSpace([01;35m[KState s[m[K) {}
[2.060s]       |                 [01;35m[K~~~~~~^[m[K
[2.060s] [01m[K/media/muayman17/New/Muhammad/BrightSkies Test/ROS2_BlocksRearrengments/src/CPPsub_BlocksRearrange/src/../include/CPPsub_BlocksRearrange/StateSpace.h:[m[K In constructor ‘[01m[KStateSpace::StateSpace(State, Moves)[m[K’:
[2.060s] [01m[K/media/muayman17/New/Muhammad/BrightSkies Test/ROS2_BlocksRearrengments/src/CPPsub_BlocksRearrange/src/../include/CPPsub_BlocksRearrange/StateSpace.h:34:23:[m[K [01;35m[Kwarning: [m[Kunused parameter ‘[01m[Ks[m[K’ [[01;35m[K-Wunused-parameter[m[K]
[2.060s]    34 |      StateSpace([01;35m[KState s[m[K, Moves m) {}
[2.061s]       |                 [01;35m[K~~~~~~^[m[K
[2.061s] [01m[K/media/muayman17/New/Muhammad/BrightSkies Test/ROS2_BlocksRearrengments/src/CPPsub_BlocksRearrange/src/../include/CPPsub_BlocksRearrange/StateSpace.h:34:32:[m[K [01;35m[Kwarning: [m[Kunused parameter ‘[01m[Km[m[K’ [[01;35m[K-Wunused-parameter[m[K]
[2.061s]    34 |      StateSpace(State s, [01;35m[KMoves m[m[K) {}
[2.062s]       |                          [01;35m[K~~~~~~^[m[K
[2.062s] [01m[K/media/muayman17/New/Muhammad/BrightSkies Test/ROS2_BlocksRearrengments/src/CPPsub_BlocksRearrange/src/../include/CPPsub_BlocksRearrange/StateSpace.h:[m[K In constructor ‘[01m[KStateSpace::StateSpace(State, Moves, int)[m[K’:
[2.062s] [01m[K/media/muayman17/New/Muhammad/BrightSkies Test/ROS2_BlocksRearrengments/src/CPPsub_BlocksRearrange/src/../include/CPPsub_BlocksRearrange/StateSpace.h:35:23:[m[K [01;35m[Kwarning: [m[Kunused parameter ‘[01m[Ks[m[K’ [[01;35m[K-Wunused-parameter[m[K]
[2.062s]    35 |      StateSpace([01;35m[KState s[m[K, Moves m, int f) {}
[2.063s]       |                 [01;35m[K~~~~~~^[m[K
[2.063s] [01m[K/media/muayman17/New/Muhammad/BrightSkies Test/ROS2_BlocksRearrengments/src/CPPsub_BlocksRearrange/src/../include/CPPsub_BlocksRearrange/StateSpace.h:35:32:[m[K [01;35m[Kwarning: [m[Kunused parameter ‘[01m[Km[m[K’ [[01;35m[K-Wunused-parameter[m[K]
[2.064s]    35 |      StateSpace(State s, [01;35m[KMoves m[m[K, int f) {}
[2.064s]       |                          [01;35m[K~~~~~~^[m[K
[2.064s] [01m[K/media/muayman17/New/Muhammad/BrightSkies Test/ROS2_BlocksRearrengments/src/CPPsub_BlocksRearrange/src/../include/CPPsub_BlocksRearrange/StateSpace.h:35:39:[m[K [01;35m[Kwarning: [m[Kunused parameter ‘[01m[Kf[m[K’ [[01;35m[K-Wunused-parameter[m[K]
[2.065s]    35 |      StateSpace(State s, Moves m, [01;35m[Kint f[m[K) {}
[2.065s]       |                                   [01;35m[K~~~~^[m[K
[2.065s] [01m[K/media/muayman17/New/Muhammad/BrightSkies Test/ROS2_BlocksRearrengments/src/CPPsub_BlocksRearrange/src/../include/CPPsub_BlocksRearrange/StateSpace.h:[m[K In member function ‘[01m[Kvoid StateSpace::setState(State)[m[K’:
[2.065s] [01m[K/media/muayman17/New/Muhammad/BrightSkies Test/ROS2_BlocksRearrengments/src/CPPsub_BlocksRearrange/src/../include/CPPsub_BlocksRearrange/StateSpace.h:38:26:[m[K [01;35m[Kwarning: [m[Kunused parameter ‘[01m[Ks[m[K’ [[01;35m[K-Wunused-parameter[m[K]
[2.066s]    38 |      void setState([01;35m[KState s[m[K) {};
[2.066s]       |                    [01;35m[K~~~~~~^[m[K
[2.066s] [01m[K/media/muayman17/New/Muhammad/BrightSkies Test/ROS2_BlocksRearrengments/src/CPPsub_BlocksRearrange/src/../include/CPPsub_BlocksRearrange/StateSpace.h:[m[K In member function ‘[01m[Kvoid StateSpace::setMoves(Moves)[m[K’:
[2.067s] [01m[K/media/muayman17/New/Muhammad/BrightSkies Test/ROS2_BlocksRearrengments/src/CPPsub_BlocksRearrange/src/../include/CPPsub_BlocksRearrange/StateSpace.h:39:26:[m[K [01;35m[Kwarning: [m[Kunused parameter ‘[01m[Km[m[K’ [[01;35m[K-Wunused-parameter[m[K]
[2.067s]    39 |      void setMoves([01;35m[KMoves m[m[K) {};
[2.067s]       |                    [01;35m[K~~~~~~^[m[K
[2.067s] [01m[K/media/muayman17/New/Muhammad/BrightSkies Test/ROS2_BlocksRearrengments/src/CPPsub_BlocksRearrange/src/../include/CPPsub_BlocksRearrange/StateSpace.h:[m[K In member function ‘[01m[Kvoid StateSpace::setFixedCount(int)[m[K’:
[2.068s] [01m[K/media/muayman17/New/Muhammad/BrightSkies Test/ROS2_BlocksRearrengments/src/CPPsub_BlocksRearrange/src/../include/CPPsub_BlocksRearrange/StateSpace.h:40:29:[m[K [01;35m[Kwarning: [m[Kunused parameter ‘[01m[Kf[m[K’ [[01;35m[K-Wunused-parameter[m[K]
[2.068s]    40 |      void setFixedCount([01;35m[Kint f[m[K) {};
[2.068s]       |                         [01;35m[K~~~~^[m[K
[2.069s] [01m[K/media/muayman17/New/Muhammad/BrightSkies Test/ROS2_BlocksRearrengments/src/CPPsub_BlocksRearrange/src/../include/CPPsub_BlocksRearrange/StateSpace.h:[m[K In member function ‘[01m[KState StateSpace::getState() const[m[K’:
[2.069s] [01m[K/media/muayman17/New/Muhammad/BrightSkies Test/ROS2_BlocksRearrengments/src/CPPsub_BlocksRearrange/src/../include/CPPsub_BlocksRearrange/StateSpace.h:43:30:[m[K [01;35m[Kwarning: [m[Kno return statement in function returning non-void [[01;35m[K-Wreturn-type[m[K]
[2.069s]    43 |      State getState() const {[01;35m[K}[m[K;
[2.070s]       |                              [01;35m[K^[m[K
[2.070s] [01m[K/media/muayman17/New/Muhammad/BrightSkies Test/ROS2_BlocksRearrengments/src/CPPsub_BlocksRearrange/src/../include/CPPsub_BlocksRearrange/StateSpace.h:[m[K In member function ‘[01m[KMoves StateSpace::getMoves() const[m[K’:
[2.070s] [01m[K/media/muayman17/New/Muhammad/BrightSkies Test/ROS2_BlocksRearrengments/src/CPPsub_BlocksRearrange/src/../include/CPPsub_BlocksRearrange/StateSpace.h:44:30:[m[K [01;35m[Kwarning: [m[Kno return statement in function returning non-void [[01;35m[K-Wreturn-type[m[K]
[2.071s]    44 |      Moves getMoves() const {[01;35m[K}[m[K;
[2.071s]       |                              [01;35m[K^[m[K
[2.071s] [01m[K/media/muayman17/New/Muhammad/BrightSkies Test/ROS2_BlocksRearrengments/src/CPPsub_BlocksRearrange/src/../include/CPPsub_BlocksRearrange/StateSpace.h:[m[K In member function ‘[01m[Kint StateSpace::getFixedCount() const[m[K’:
[2.071s] [01m[K/media/muayman17/New/Muhammad/BrightSkies Test/ROS2_BlocksRearrengments/src/CPPsub_BlocksRearrange/src/../include/CPPsub_BlocksRearrange/StateSpace.h:45:33:[m[K [01;35m[Kwarning: [m[Kno return statement in function returning non-void [[01;35m[K-Wreturn-type[m[K]
[2.072s]    45 |      int getFixedCount() const {[01;35m[K}[m[K;
[2.072s]       |                                 [01;35m[K^[m[K
[2.072s] [01m[K/media/muayman17/New/Muhammad/BrightSkies Test/ROS2_BlocksRearrengments/src/CPPsub_BlocksRearrange/src/../include/CPPsub_BlocksRearrange/StateSpace.h:[m[K In member function ‘[01m[Kbool StateSpace::operator<(const StateSpace&) const[m[K’:
[2.072s] [01m[K/media/muayman17/New/Muhammad/BrightSkies Test/ROS2_BlocksRearrengments/src/CPPsub_BlocksRearrange/src/../include/CPPsub_BlocksRearrange/StateSpace.h:48:53:[m[K [01;35m[Kwarning: [m[Kno return statement in function returning non-void [[01;35m[K-Wreturn-type[m[K]
[2.073s]    48 |      bool operator<(const StateSpace &other) const {[01;35m[K}[m[K;
[2.073s]       |                                                     [01;35m[K^[m[K
[2.073s] [01m[K/media/muayman17/New/Muhammad/BrightSkies Test/ROS2_BlocksRearrengments/src/CPPsub_BlocksRearrange/src/../include/CPPsub_BlocksRearrange/StateSpace.h:48:39:[m[K [01;35m[Kwarning: [m[Kunused parameter ‘[01m[Kother[m[K’ [[01;35m[K-Wunused-parameter[m[K]
[2.074s]    48 |      bool operator<([01;35m[Kconst StateSpace &other[m[K) const {};
[2.074s]       |                     [01;35m[K~~~~~~~~~~~~~~~~~~^~~~~[m[K
[2.074s] In file included from [01m[K/media/muayman17/New/Muhammad/BrightSkies Test/ROS2_BlocksRearrengments/src/CPPsub_BlocksRearrange/src/../include/CPPsub_BlocksRearrange/blockArrangementSub.h:5[m[K,
[2.074s]                  from [01m[K/media/muayman17/New/Muhammad/BrightSkies Test/ROS2_BlocksRearrengments/src/CPPsub_BlocksRearrange/src/CPPsub_BlocksRearrange.cpp:2[m[K:
[2.075s] [01m[K/media/muayman17/New/Muhammad/BrightSkies Test/ROS2_BlocksRearrengments/src/CPPsub_BlocksRearrange/src/../include/CPPsub_BlocksRearrange/BFSAlgorithm.h:[m[K In constructor ‘[01m[KBFSAlgorithm::BFSAlgorithm(std::string)[m[K’:
[2.075s] [01m[K/media/muayman17/New/Muhammad/BrightSkies Test/ROS2_BlocksRearrengments/src/CPPsub_BlocksRearrange/src/../include/CPPsub_BlocksRearrange/BFSAlgorithm.h:26:26:[m[K [01;35m[Kwarning: [m[Kunused parameter ‘[01m[Kpub_msg[m[K’ [[01;35m[K-Wunused-parameter[m[K]
[2.075s]    26 |      BFSAlgorithm([01;35m[Kstring pub_msg[m[K) {}
[2.075s]       |                   [01;35m[K~~~~~~~^~~~~~~[m[K
[2.076s] In file included from [01m[K/media/muayman17/New/Muhammad/BrightSkies Test/ROS2_BlocksRearrengments/src/CPPsub_BlocksRearrange/src/../include/CPPsub_BlocksRearrange/blockArrangementSub.h:5[m[K,
[2.076s]                  from [01m[K/media/muayman17/New/Muhammad/BrightSkies Test/ROS2_BlocksRearrengments/src/CPPsub_BlocksRearrange/src/CPPsub_BlocksRearrange.cpp:2[m[K:
[2.077s] [01m[K/media/muayman17/New/Muhammad/BrightSkies Test/ROS2_BlocksRearrengments/src/CPPsub_BlocksRearrange/src/../include/CPPsub_BlocksRearrange/BFSAlgorithm.h:[m[K In member function ‘[01m[Kstd::vector<std::__cxx11::basic_string<char> > BFSAlgorithm::StringToVector(std::string, char)[m[K’:
[2.077s] [01m[K/media/muayman17/New/Muhammad/BrightSkies Test/ROS2_BlocksRearrengments/src/CPPsub_BlocksRearrange/src/../include/CPPsub_BlocksRearrange/BFSAlgorithm.h:29:65:[m[K [01;35m[Kwarning: [m[Kno return statement in function returning non-void [[01;35m[K-Wreturn-type[m[K]
[2.077s]    29 |      vector<string> StringToVector(string pub_msg, char delim) {[01;35m[K}[m[K
[2.078s]       |                                                                 [01;35m[K^[m[K
[2.078s] [01m[K/media/muayman17/New/Muhammad/BrightSkies Test/ROS2_BlocksRearrengments/src/CPPsub_BlocksRearrange/src/../include/CPPsub_BlocksRearrange/BFSAlgorithm.h:29:43:[m[K [01;35m[Kwarning: [m[Kunused parameter ‘[01m[Kpub_msg[m[K’ [[01;35m[K-Wunused-parameter[m[K]
[2.078s]    29 |      vector<string> StringToVector([01;35m[Kstring pub_msg[m[K, char delim) {}
[2.078s]       |                                    [01;35m[K~~~~~~~^~~~~~~[m[K
[2.079s] [01m[K/media/muayman17/New/Muhammad/BrightSkies Test/ROS2_BlocksRearrengments/src/CPPsub_BlocksRearrange/src/../include/CPPsub_BlocksRearrange/BFSAlgorithm.h:29:57:[m[K [01;35m[Kwarning: [m[Kunused parameter ‘[01m[Kdelim[m[K’ [[01;35m[K-Wunused-parameter[m[K]
[2.079s]    29 |      vector<string> StringToVector(string pub_msg, [01;35m[Kchar delim[m[K) {}
[2.079s]       |                                                    [01;35m[K~~~~~^~~~~[m[K
[2.080s] [01m[K/media/muayman17/New/Muhammad/BrightSkies Test/ROS2_BlocksRearrengments/src/CPPsub_BlocksRearrange/src/../include/CPPsub_BlocksRearrange/BFSAlgorithm.h:[m[K In member function ‘[01m[Kstd::string BFSAlgorithm::VectorToString(const State&) const[m[K’:
[2.080s] [01m[K/media/muayman17/New/Muhammad/BrightSkies Test/ROS2_BlocksRearrengments/src/CPPsub_BlocksRearrange/src/../include/CPPsub_BlocksRearrange/BFSAlgorithm.h:32:55:[m[K [01;35m[Kwarning: [m[Kno return statement in function returning non-void [[01;35m[K-Wreturn-type[m[K]
[2.080s]    32 |      string VectorToString(const State &state) const {[01;35m[K}[m[K
[2.081s]       |                                                       [01;35m[K^[m[K
[2.081s] [01m[K/media/muayman17/New/Muhammad/BrightSkies Test/ROS2_BlocksRearrengments/src/CPPsub_BlocksRearrange/src/../include/CPPsub_BlocksRearrange/BFSAlgorithm.h:32:41:[m[K [01;35m[Kwarning: [m[Kunused parameter ‘[01m[Kstate[m[K’ [[01;35m[K-Wunused-parameter[m[K]
[2.081s]    32 |      string VectorToString([01;35m[Kconst State &state[m[K) const {}
[2.081s]       |                            [01;35m[K~~~~~~~~~~~~~^~~~~[m[K
[2.082s] [01m[K/media/muayman17/New/Muhammad/BrightSkies Test/ROS2_BlocksRearrengments/src/CPPsub_BlocksRearrange/src/../include/CPPsub_BlocksRearrange/BFSAlgorithm.h:[m[K In member function ‘[01m[Kbool BFSAlgorithm::IsGoal(const State&) const[m[K’:
[2.082s] [01m[K/media/muayman17/New/Muhammad/BrightSkies Test/ROS2_BlocksRearrengments/src/CPPsub_BlocksRearrange/src/../include/CPPsub_BlocksRearrange/BFSAlgorithm.h:35:47:[m[K [01;35m[Kwarning: [m[Kno return statement in function returning non-void [[01;35m[K-Wreturn-type[m[K]
[2.082s]    35 |      bool IsGoal(const State &current) const {[01;35m[K}[m[K
[2.082s]       |                                               [01;35m[K^[m[K
[2.083s] [01m[K/media/muayman17/New/Muhammad/BrightSkies Test/ROS2_BlocksRearrengments/src/CPPsub_BlocksRearrange/src/../include/CPPsub_BlocksRearrange/BFSAlgorithm.h:35:31:[m[K [01;35m[Kwarning: [m[Kunused parameter ‘[01m[Kcurrent[m[K’ [[01;35m[K-Wunused-parameter[m[K]
[2.083s]    35 |      bool IsGoal([01;35m[Kconst State &current[m[K) const {}
[2.083s]       |                  [01;35m[K~~~~~~~~~~~~~^~~~~~~[m[K
[2.084s] [01m[K/media/muayman17/New/Muhammad/BrightSkies Test/ROS2_BlocksRearrengments/src/CPPsub_BlocksRearrange/src/../include/CPPsub_BlocksRearrange/BFSAlgorithm.h:[m[K In member function ‘[01m[Kstd::vector<StateSpace> BFSAlgorithm::getNextStates(const StateSpace&) const[m[K’:
[2.084s] [01m[K/media/muayman17/New/Muhammad/BrightSkies Test/ROS2_BlocksRearrengments/src/CPPsub_BlocksRearrange/src/../include/CPPsub_BlocksRearrange/BFSAlgorithm.h:38:73:[m[K [01;35m[Kwarning: [m[Kno return statement in function returning non-void [[01;35m[K-Wreturn-type[m[K]
[2.084s]    38 |      vector<StateSpace> getNextStates(const StateSpace &current) const {[01;35m[K}[m[K
[2.085s]       |                                                                         [01;35m[K^[m[K
[2.085s] [01m[K/media/muayman17/New/Muhammad/BrightSkies Test/ROS2_BlocksRearrengments/src/CPPsub_BlocksRearrange/src/../include/CPPsub_BlocksRearrange/BFSAlgorithm.h:38:57:[m[K [01;35m[Kwarning: [m[Kunused parameter ‘[01m[Kcurrent[m[K’ [[01;35m[K-Wunused-parameter[m[K]
[2.085s]    38 |      vector<StateSpace> getNextStates([01;35m[Kconst StateSpace &current[m[K) const {}
[2.086s]       |                                       [01;35m[K~~~~~~~~~~~~~~~~~~^~~~~~~[m[K
[2.086s] [01m[K/media/muayman17/New/Muhammad/BrightSkies Test/ROS2_BlocksRearrengments/src/CPPsub_BlocksRearrange/src/../include/CPPsub_BlocksRearrange/BFSAlgorithm.h:[m[K In member function ‘[01m[Kvoid BFSAlgorithm::countMatches(StateSpace&)[m[K’:
[2.086s] [01m[K/media/muayman17/New/Muhammad/BrightSkies Test/ROS2_BlocksRearrengments/src/CPPsub_BlocksRearrange/src/../include/CPPsub_BlocksRearrange/BFSAlgorithm.h:41:36:[m[K [01;35m[Kwarning: [m[Kunused parameter ‘[01m[Kcurrent[m[K’ [[01;35m[K-Wunused-parameter[m[K]
[2.086s]    41 |      void countMatches([01;35m[KStateSpace &current[m[K) {}
[2.087s]       |                        [01;35m[K~~~~~~~~~~~~^~~~~~~[m[K
[2.087s] [01m[K/media/muayman17/New/Muhammad/BrightSkies Test/ROS2_BlocksRearrengments/src/CPPsub_BlocksRearrange/src/../include/CPPsub_BlocksRearrange/BFSAlgorithm.h:[m[K In member function ‘[01m[KMoves BFSAlgorithm::BFS_Algorithm()[m[K’:
[2.087s] [01m[K/media/muayman17/New/Muhammad/BrightSkies Test/ROS2_BlocksRearrengments/src/CPPsub_BlocksRearrange/src/../include/CPPsub_BlocksRearrange/BFSAlgorithm.h:44:29:[m[K [01;35m[Kwarning: [m[Kno return statement in function returning non-void [[01;35m[K-Wreturn-type[m[K]
[2.088s]    44 |      Moves BFS_Algorithm() {[01;35m[K}[m[K
[2.088s]       |                             [01;35m[K^[m[K
[2.088s] In file included from [01m[K/media/muayman17/New/Muhammad/BrightSkies Test/ROS2_BlocksRearrengments/src/CPPsub_BlocksRearrange/src/CPPsub_BlocksRearrange.cpp:2[m[K:
[2.089s] [01m[K/media/muayman17/New/Muhammad/BrightSkies Test/ROS2_BlocksRearrengments/src/CPPsub_BlocksRearrange/src/../include/CPPsub_BlocksRearrange/blockArrangementSub.h:[m[K In constructor ‘[01m[KblockArrangementSub::blockArrangementSub()[m[K’:
[2.089s] [01m[K/media/muayman17/New/Muhammad/BrightSkies Test/ROS2_BlocksRearrengments/src/CPPsub_BlocksRearrange/src/../include/CPPsub_BlocksRearrange/blockArrangementSub.h:12:25:[m[K [01;31m[Kerror: [m[Kno matching function for call to ‘[01m[Krclcpp::Node::Node()[m[K’
[2.089s]    12 |   blockArrangementSub() [01;31m[K{[m[K}
[2.089s]       |                         [01;31m[K^[m[K
[2.090s] In file included from [01m[K/opt/ros/foxy/include/rclcpp/executors/single_threaded_executor.hpp:28[m[K,
[2.090s]                  from [01m[K/opt/ros/foxy/include/rclcpp/executors.hpp:22[m[K,
[2.090s]                  from [01m[K/opt/ros/foxy/include/rclcpp/rclcpp.hpp:146[m[K,
[2.091s]                  from [01m[K/media/muayman17/New/Muhammad/BrightSkies Test/ROS2_BlocksRearrengments/src/CPPsub_BlocksRearrange/src/../include/CPPsub_BlocksRearrange/blockArrangementSub.h:1[m[K,
[2.091s]                  from [01m[K/media/muayman17/New/Muhammad/BrightSkies Test/ROS2_BlocksRearrengments/src/CPPsub_BlocksRearrange/src/CPPsub_BlocksRearrange.cpp:2[m[K:
[2.091s] [01m[K/opt/ros/foxy/include/rclcpp/node.hpp:1193:3:[m[K [01;36m[Knote: [m[Kcandidate: ‘[01m[Krclcpp::Node::Node(const rclcpp::Node&, const string&)[m[K’
[2.092s]  1193 |   [01;36m[KNode[m[K(
[2.092s]       |   [01;36m[K^~~~[m[K
[2.092s] [01m[K/opt/ros/foxy/include/rclcpp/node.hpp:1193:3:[m[K [01;36m[Knote: [m[K  candidate expects 2 arguments, 0 provided
[2.093s] [01m[K/opt/ros/foxy/include/rclcpp/node.hpp:98:12:[m[K [01;36m[Knote: [m[Kcandidate: ‘[01m[Krclcpp::Node::Node(const string&, const string&, const rclcpp::NodeOptions&)[m[K’
[2.093s]    98 |   explicit [01;36m[KNode[m[K(
[2.093s]       |            [01;36m[K^~~~[m[K
[2.093s] [01m[K/opt/ros/foxy/include/rclcpp/node.hpp:98:12:[m[K [01;36m[Knote: [m[K  candidate expects 3 arguments, 0 provided
[2.094s] [01m[K/opt/ros/foxy/include/rclcpp/node.hpp:86:12:[m[K [01;36m[Knote: [m[Kcandidate: ‘[01m[Krclcpp::Node::Node(const string&, const rclcpp::NodeOptions&)[m[K’
[2.094s]    86 |   explicit [01;36m[KNode[m[K(
[2.094s]       |            [01;36m[K^~~~[m[K
[2.095s] [01m[K/opt/ros/foxy/include/rclcpp/node.hpp:86:12:[m[K [01;36m[Knote: [m[K  candidate expects 2 arguments, 0 provided
[2.095s] In file included from [01m[K/media/muayman17/New/Muhammad/BrightSkies Test/ROS2_BlocksRearrengments/src/CPPsub_BlocksRearrange/src/CPPsub_BlocksRearrange.cpp:2[m[K:
[2.095s] [01m[K/media/muayman17/New/Muhammad/BrightSkies Test/ROS2_BlocksRearrengments/src/CPPsub_BlocksRearrange/src/../include/CPPsub_BlocksRearrange/blockArrangementSub.h:[m[K In member function ‘[01m[Kvoid blockArrangementSub::topic_callback(std_msgs::msg::String_<std::allocator<void> >::SharedPtr) const[m[K’:
[2.095s] [01m[K/media/muayman17/New/Muhammad/BrightSkies Test/ROS2_BlocksRearrengments/src/CPPsub_BlocksRearrange/src/../include/CPPsub_BlocksRearrange/blockArrangementSub.h:15:62:[m[K [01;35m[Kwarning: [m[Kunused parameter ‘[01m[Kmsg[m[K’ [[01;35m[K-Wunused-parameter[m[K]
[2.096s]    15 |   void topic_callback([01;35m[Kconst std_msgs::msg::String::SharedPtr msg[m[K) const {}
[2.096s]       |                       [01;35m[K~~~~~~~~~~~~~~~~~~~~~~~~~~~~~~~~~~~~~~~^~~[m[K
[2.129s] In file included from [01m[K/media/muayman17/New/Muhammad/BrightSkies Test/ROS2_BlocksRearrengments/src/CPPsub_BlocksRearrange/src/../include/CPPsub_BlocksRearrange/blockArrangementSub.h:4[m[K,
[2.130s]                  from [01m[K/media/muayman17/New/Muhammad/BrightSkies Test/ROS2_BlocksRearrengments/src/CPPsub_BlocksRearrange/src/blockArrangementSub.cpp:5[m[K:
[2.130s] [01m[K/media/muayman17/New/Muhammad/BrightSkies Test/ROS2_BlocksRearrengments/src/CPPsub_BlocksRearrange/src/../include/CPPsub_BlocksRearrange/StateSpace.h:[m[K In constructor ‘[01m[KStateSpace::StateSpace(State)[m[K’:
[2.130s] [01m[K/media/muayman17/New/Muhammad/BrightSkies Test/ROS2_BlocksRearrengments/src/CPPsub_BlocksRearrange/src/../include/CPPsub_BlocksRearrange/StateSpace.h:33:23:[m[K [01;35m[Kwarning: [m[Kunused parameter ‘[01m[Ks[m[K’ [[01;35m[K-Wunused-parameter[m[K]
[2.132s]    33 |      StateSpace([01;35m[KState s[m[K) {}
[2.132s]       |                 [01;35m[K~~~~~~^[m[K
[2.133s] [01m[K/media/muayman17/New/Muhammad/BrightSkies Test/ROS2_BlocksRearrengments/src/CPPsub_BlocksRearrange/src/../include/CPPsub_BlocksRearrange/StateSpace.h:[m[K In constructor ‘[01m[KStateSpace::StateSpace(State, Moves)[m[K’:
[2.134s] [01m[K/media/muayman17/New/Muhammad/BrightSkies Test/ROS2_BlocksRearrengments/src/CPPsub_BlocksRearrange/src/../include/CPPsub_BlocksRearrange/StateSpace.h:34:23:[m[K [01;35m[Kwarning: [m[Kunused parameter ‘[01m[Ks[m[K’ [[01;35m[K-Wunused-parameter[m[K]
[2.134s]    34 |      StateSpace([01;35m[KState s[m[K, Moves m) {}
[2.134s]       |                 [01;35m[K~~~~~~^[m[K
[2.135s] [01m[K/media/muayman17/New/Muhammad/BrightSkies Test/ROS2_BlocksRearrengments/src/CPPsub_BlocksRearrange/src/../include/CPPsub_BlocksRearrange/StateSpace.h:34:32:[m[K [01;35m[Kwarning: [m[Kunused parameter ‘[01m[Km[m[K’ [[01;35m[K-Wunused-parameter[m[K]
[2.135s]    34 |      StateSpace(State s, [01;35m[KMoves m[m[K) {}
[2.136s]       |                          [01;35m[K~~~~~~^[m[K
[2.136s] [01m[K/media/muayman17/New/Muhammad/BrightSkies Test/ROS2_BlocksRearrengments/src/CPPsub_BlocksRearrange/src/../include/CPPsub_BlocksRearrange/StateSpace.h:[m[K In constructor ‘[01m[KStateSpace::StateSpace(State, Moves, int)[m[K’:
[2.137s] [01m[K/media/muayman17/New/Muhammad/BrightSkies Test/ROS2_BlocksRearrengments/src/CPPsub_BlocksRearrange/src/../include/CPPsub_BlocksRearrange/StateSpace.h:35:23:[m[K [01;35m[Kwarning: [m[Kunused parameter ‘[01m[Ks[m[K’ [[01;35m[K-Wunused-parameter[m[K]
[2.137s]    35 |      StateSpace([01;35m[KState s[m[K, Moves m, int f) {}
[2.137s]       |                 [01;35m[K~~~~~~^[m[K
[2.137s] [01m[K/media/muayman17/New/Muhammad/BrightSkies Test/ROS2_BlocksRearrengments/src/CPPsub_BlocksRearrange/src/../include/CPPsub_BlocksRearrange/StateSpace.h:35:32:[m[K [01;35m[Kwarning: [m[Kunused parameter ‘[01m[Km[m[K’ [[01;35m[K-Wunused-parameter[m[K]
[2.138s]    35 |      StateSpace(State s, [01;35m[KMoves m[m[K, int f) {}
[2.138s]       |                          [01;35m[K~~~~~~^[m[K
[2.138s] [01m[K/media/muayman17/New/Muhammad/BrightSkies Test/ROS2_BlocksRearrengments/src/CPPsub_BlocksRearrange/src/../include/CPPsub_BlocksRearrange/StateSpace.h:35:39:[m[K [01;35m[Kwarning: [m[Kunused parameter ‘[01m[Kf[m[K’ [[01;35m[K-Wunused-parameter[m[K]
[2.138s]    35 |      StateSpace(State s, Moves m, [01;35m[Kint f[m[K) {}
[2.139s]       |                                   [01;35m[K~~~~^[m[K
[2.139s] [01m[K/media/muayman17/New/Muhammad/BrightSkies Test/ROS2_BlocksRearrengments/src/CPPsub_BlocksRearrange/src/../include/CPPsub_BlocksRearrange/StateSpace.h:[m[K In member function ‘[01m[Kvoid StateSpace::setState(State)[m[K’:
[2.139s] [01m[K/media/muayman17/New/Muhammad/BrightSkies Test/ROS2_BlocksRearrengments/src/CPPsub_BlocksRearrange/src/../include/CPPsub_BlocksRearrange/StateSpace.h:38:26:[m[K [01;35m[Kwarning: [m[Kunused parameter ‘[01m[Ks[m[K’ [[01;35m[K-Wunused-parameter[m[K]
[2.140s]    38 |      void setState([01;35m[KState s[m[K) {};
[2.140s]       |                    [01;35m[K~~~~~~^[m[K
[2.140s] [01m[K/media/muayman17/New/Muhammad/BrightSkies Test/ROS2_BlocksRearrengments/src/CPPsub_BlocksRearrange/src/../include/CPPsub_BlocksRearrange/StateSpace.h:[m[K In member function ‘[01m[Kvoid StateSpace::setMoves(Moves)[m[K’:
[2.140s] [01m[K/media/muayman17/New/Muhammad/BrightSkies Test/ROS2_BlocksRearrengments/src/CPPsub_BlocksRearrange/src/../include/CPPsub_BlocksRearrange/StateSpace.h:39:26:[m[K [01;35m[Kwarning: [m[Kunused parameter ‘[01m[Km[m[K’ [[01;35m[K-Wunused-parameter[m[K]
[2.141s]    39 |      void setMoves([01;35m[KMoves m[m[K) {};
[2.141s]       |                    [01;35m[K~~~~~~^[m[K
[2.141s] [01m[K/media/muayman17/New/Muhammad/BrightSkies Test/ROS2_BlocksRearrengments/src/CPPsub_BlocksRearrange/src/../include/CPPsub_BlocksRearrange/StateSpace.h:[m[K In member function ‘[01m[Kvoid StateSpace::setFixedCount(int)[m[K’:
[2.142s] [01m[K/media/muayman17/New/Muhammad/BrightSkies Test/ROS2_BlocksRearrengments/src/CPPsub_BlocksRearrange/src/../include/CPPsub_BlocksRearrange/StateSpace.h:40:29:[m[K [01;35m[Kwarning: [m[Kunused parameter ‘[01m[Kf[m[K’ [[01;35m[K-Wunused-parameter[m[K]
[2.142s]    40 |      void setFixedCount([01;35m[Kint f[m[K) {};
[2.142s]       |                         [01;35m[K~~~~^[m[K
[2.143s] [01m[K/media/muayman17/New/Muhammad/BrightSkies Test/ROS2_BlocksRearrengments/src/CPPsub_BlocksRearrange/src/../include/CPPsub_BlocksRearrange/StateSpace.h:[m[K In member function ‘[01m[KState StateSpace::getState() const[m[K’:
[2.143s] [01m[K/media/muayman17/New/Muhammad/BrightSkies Test/ROS2_BlocksRearrengments/src/CPPsub_BlocksRearrange/src/../include/CPPsub_BlocksRearrange/StateSpace.h:43:30:[m[K [01;35m[Kwarning: [m[Kno return statement in function returning non-void [[01;35m[K-Wreturn-type[m[K]
[2.143s]    43 |      State getState() const {[01;35m[K}[m[K;
[2.143s]       |                              [01;35m[K^[m[K
[2.144s] [01m[K/media/muayman17/New/Muhammad/BrightSkies Test/ROS2_BlocksRearrengments/src/CPPsub_BlocksRearrange/src/../include/CPPsub_BlocksRearrange/StateSpace.h:[m[K In member function ‘[01m[KMoves StateSpace::getMoves() const[m[K’:
[2.144s] [01m[K/media/muayman17/New/Muhammad/BrightSkies Test/ROS2_BlocksRearrengments/src/CPPsub_BlocksRearrange/src/../include/CPPsub_BlocksRearrange/StateSpace.h:44:30:[m[K [01;35m[Kwarning: [m[Kno return statement in function returning non-void [[01;35m[K-Wreturn-type[m[K]
[2.144s]    44 |      Moves getMoves() const {[01;35m[K}[m[K;
[2.145s]       |                              [01;35m[K^[m[K
[2.145s] [01m[K/media/muayman17/New/Muhammad/BrightSkies Test/ROS2_BlocksRearrengments/src/CPPsub_BlocksRearrange/src/../include/CPPsub_BlocksRearrange/StateSpace.h:[m[K In member function ‘[01m[Kint StateSpace::getFixedCount() const[m[K’:
[2.145s] [01m[K/media/muayman17/New/Muhammad/BrightSkies Test/ROS2_BlocksRearrengments/src/CPPsub_BlocksRearrange/src/../include/CPPsub_BlocksRearrange/StateSpace.h:45:33:[m[K [01;35m[Kwarning: [m[Kno return statement in function returning non-void [[01;35m[K-Wreturn-type[m[K]
[2.145s]    45 |      int getFixedCount() const {[01;35m[K}[m[K;
[2.146s]       |                                 [01;35m[K^[m[K
[2.146s] [01m[K/media/muayman17/New/Muhammad/BrightSkies Test/ROS2_BlocksRearrengments/src/CPPsub_BlocksRearrange/src/../include/CPPsub_BlocksRearrange/StateSpace.h:[m[K In member function ‘[01m[Kbool StateSpace::operator<(const StateSpace&) const[m[K’:
[2.146s] [01m[K/media/muayman17/New/Muhammad/BrightSkies Test/ROS2_BlocksRearrengments/src/CPPsub_BlocksRearrange/src/../include/CPPsub_BlocksRearrange/StateSpace.h:48:53:[m[K [01;35m[Kwarning: [m[Kno return statement in function returning non-void [[01;35m[K-Wreturn-type[m[K]
[2.146s]    48 |      bool operator<(const StateSpace &other) const {[01;35m[K}[m[K;
[2.147s]       |                                                     [01;35m[K^[m[K
[2.147s] [01m[K/media/muayman17/New/Muhammad/BrightSkies Test/ROS2_BlocksRearrengments/src/CPPsub_BlocksRearrange/src/../include/CPPsub_BlocksRearrange/StateSpace.h:48:39:[m[K [01;35m[Kwarning: [m[Kunused parameter ‘[01m[Kother[m[K’ [[01;35m[K-Wunused-parameter[m[K]
[2.147s]    48 |      bool operator<([01;35m[Kconst StateSpace &other[m[K) const {};
[2.148s]       |                     [01;35m[K~~~~~~~~~~~~~~~~~~^~~~~[m[K
[2.148s] In file included from [01m[K/media/muayman17/New/Muhammad/BrightSkies Test/ROS2_BlocksRearrengments/src/CPPsub_BlocksRearrange/src/../include/CPPsub_BlocksRearrange/blockArrangementSub.h:5[m[K,
[2.148s]                  from [01m[K/media/muayman17/New/Muhammad/BrightSkies Test/ROS2_BlocksRearrengments/src/CPPsub_BlocksRearrange/src/blockArrangementSub.cpp:5[m[K:
[2.148s] [01m[K/media/muayman17/New/Muhammad/BrightSkies Test/ROS2_BlocksRearrengments/src/CPPsub_BlocksRearrange/src/../include/CPPsub_BlocksRearrange/BFSAlgorithm.h:[m[K In constructor ‘[01m[KBFSAlgorithm::BFSAlgorithm(std::string)[m[K’:
[2.149s] [01m[K/media/muayman17/New/Muhammad/BrightSkies Test/ROS2_BlocksRearrengments/src/CPPsub_BlocksRearrange/src/../include/CPPsub_BlocksRearrange/BFSAlgorithm.h:26:26:[m[K [01;35m[Kwarning: [m[Kunused parameter ‘[01m[Kpub_msg[m[K’ [[01;35m[K-Wunused-parameter[m[K]
[2.149s]    26 |      BFSAlgorithm([01;35m[Kstring pub_msg[m[K) {}
[2.149s]       |                   [01;35m[K~~~~~~~^~~~~~~[m[K
[2.150s] In file included from [01m[K/media/muayman17/New/Muhammad/BrightSkies Test/ROS2_BlocksRearrengments/src/CPPsub_BlocksRearrange/src/../include/CPPsub_BlocksRearrange/blockArrangementSub.h:5[m[K,
[2.150s]                  from [01m[K/media/muayman17/New/Muhammad/BrightSkies Test/ROS2_BlocksRearrengments/src/CPPsub_BlocksRearrange/src/blockArrangementSub.cpp:5[m[K:
[2.150s] [01m[K/media/muayman17/New/Muhammad/BrightSkies Test/ROS2_BlocksRearrengments/src/CPPsub_BlocksRearrange/src/../include/CPPsub_BlocksRearrange/BFSAlgorithm.h:[m[K In member function ‘[01m[Kstd::vector<std::__cxx11::basic_string<char> > BFSAlgorithm::StringToVector(std::string, char)[m[K’:
[2.150s] [01m[K/media/muayman17/New/Muhammad/BrightSkies Test/ROS2_BlocksRearrengments/src/CPPsub_BlocksRearrange/src/../include/CPPsub_BlocksRearrange/BFSAlgorithm.h:29:65:[m[K [01;35m[Kwarning: [m[Kno return statement in function returning non-void [[01;35m[K-Wreturn-type[m[K]
[2.151s]    29 |      vector<string> StringToVector(string pub_msg, char delim) {[01;35m[K}[m[K
[2.151s]       |                                                                 [01;35m[K^[m[K
[2.151s] [01m[K/media/muayman17/New/Muhammad/BrightSkies Test/ROS2_BlocksRearrengments/src/CPPsub_BlocksRearrange/src/../include/CPPsub_BlocksRearrange/BFSAlgorithm.h:29:43:[m[K [01;35m[Kwarning: [m[Kunused parameter ‘[01m[Kpub_msg[m[K’ [[01;35m[K-Wunused-parameter[m[K]
[2.152s]    29 |      vector<string> StringToVector([01;35m[Kstring pub_msg[m[K, char delim) {}
[2.152s]       |                                    [01;35m[K~~~~~~~^~~~~~~[m[K
[2.152s] [01m[K/media/muayman17/New/Muhammad/BrightSkies Test/ROS2_BlocksRearrengments/src/CPPsub_BlocksRearrange/src/../include/CPPsub_BlocksRearrange/BFSAlgorithm.h:29:57:[m[K [01;35m[Kwarning: [m[Kunused parameter ‘[01m[Kdelim[m[K’ [[01;35m[K-Wunused-parameter[m[K]
[2.152s]    29 |      vector<string> StringToVector(string pub_msg, [01;35m[Kchar delim[m[K) {}
[2.153s]       |                                                    [01;35m[K~~~~~^~~~~[m[K
[2.153s] [01m[K/media/muayman17/New/Muhammad/BrightSkies Test/ROS2_BlocksRearrengments/src/CPPsub_BlocksRearrange/src/../include/CPPsub_BlocksRearrange/BFSAlgorithm.h:[m[K In member function ‘[01m[Kstd::string BFSAlgorithm::VectorToString(const State&) const[m[K’:
[2.153s] [01m[K/media/muayman17/New/Muhammad/BrightSkies Test/ROS2_BlocksRearrengments/src/CPPsub_BlocksRearrange/src/../include/CPPsub_BlocksRearrange/BFSAlgorithm.h:32:55:[m[K [01;35m[Kwarning: [m[Kno return statement in function returning non-void [[01;35m[K-Wreturn-type[m[K]
[2.154s]    32 |      string VectorToString(const State &state) const {[01;35m[K}[m[K
[2.154s]       |                                                       [01;35m[K^[m[K
[2.154s] [01m[K/media/muayman17/New/Muhammad/BrightSkies Test/ROS2_BlocksRearrengments/src/CPPsub_BlocksRearrange/src/../include/CPPsub_BlocksRearrange/BFSAlgorithm.h:32:41:[m[K [01;35m[Kwarning: [m[Kunused parameter ‘[01m[Kstate[m[K’ [[01;35m[K-Wunused-parameter[m[K]
[2.154s]    32 |      string VectorToString([01;35m[Kconst State &state[m[K) const {}
[2.155s]       |                            [01;35m[K~~~~~~~~~~~~~^~~~~[m[K
[2.155s] [01m[K/media/muayman17/New/Muhammad/BrightSkies Test/ROS2_BlocksRearrengments/src/CPPsub_BlocksRearrange/src/../include/CPPsub_BlocksRearrange/BFSAlgorithm.h:[m[K In member function ‘[01m[Kbool BFSAlgorithm::IsGoal(const State&) const[m[K’:
[2.155s] [01m[K/media/muayman17/New/Muhammad/BrightSkies Test/ROS2_BlocksRearrengments/src/CPPsub_BlocksRearrange/src/../include/CPPsub_BlocksRearrange/BFSAlgorithm.h:35:47:[m[K [01;35m[Kwarning: [m[Kno return statement in function returning non-void [[01;35m[K-Wreturn-type[m[K]
[2.156s]    35 |      bool IsGoal(const State &current) const {[01;35m[K}[m[K
[2.156s]       |                                               [01;35m[K^[m[K
[2.156s] [01m[K/media/muayman17/New/Muhammad/BrightSkies Test/ROS2_BlocksRearrengments/src/CPPsub_BlocksRearrange/src/../include/CPPsub_BlocksRearrange/BFSAlgorithm.h:35:31:[m[K [01;35m[Kwarning: [m[Kunused parameter ‘[01m[Kcurrent[m[K’ [[01;35m[K-Wunused-parameter[m[K]
[2.156s]    35 |      bool IsGoal([01;35m[Kconst State &current[m[K) const {}
[2.157s]       |                  [01;35m[K~~~~~~~~~~~~~^~~~~~~[m[K
[2.157s] [01m[K/media/muayman17/New/Muhammad/BrightSkies Test/ROS2_BlocksRearrengments/src/CPPsub_BlocksRearrange/src/../include/CPPsub_BlocksRearrange/BFSAlgorithm.h:[m[K In member function ‘[01m[Kstd::vector<StateSpace> BFSAlgorithm::getNextStates(const StateSpace&) const[m[K’:
[2.157s] [01m[K/media/muayman17/New/Muhammad/BrightSkies Test/ROS2_BlocksRearrengments/src/CPPsub_BlocksRearrange/src/../include/CPPsub_BlocksRearrange/BFSAlgorithm.h:38:73:[m[K [01;35m[Kwarning: [m[Kno return statement in function returning non-void [[01;35m[K-Wreturn-type[m[K]
[2.158s]    38 |      vector<StateSpace> getNextStates(const StateSpace &current) const {[01;35m[K}[m[K
[2.158s]       |                                                                         [01;35m[K^[m[K
[2.158s] [01m[K/media/muayman17/New/Muhammad/BrightSkies Test/ROS2_BlocksRearrengments/src/CPPsub_BlocksRearrange/src/../include/CPPsub_BlocksRearrange/BFSAlgorithm.h:38:57:[m[K [01;35m[Kwarning: [m[Kunused parameter ‘[01m[Kcurrent[m[K’ [[01;35m[K-Wunused-parameter[m[K]
[2.158s]    38 |      vector<StateSpace> getNextStates([01;35m[Kconst StateSpace &current[m[K) const {}
[2.159s]       |                                       [01;35m[K~~~~~~~~~~~~~~~~~~^~~~~~~[m[K
[2.159s] [01m[K/media/muayman17/New/Muhammad/BrightSkies Test/ROS2_BlocksRearrengments/src/CPPsub_BlocksRearrange/src/../include/CPPsub_BlocksRearrange/BFSAlgorithm.h:[m[K In member function ‘[01m[Kvoid BFSAlgorithm::countMatches(StateSpace&)[m[K’:
[2.159s] [01m[K/media/muayman17/New/Muhammad/BrightSkies Test/ROS2_BlocksRearrengments/src/CPPsub_BlocksRearrange/src/../include/CPPsub_BlocksRearrange/BFSAlgorithm.h:41:36:[m[K [01;35m[Kwarning: [m[Kunused parameter ‘[01m[Kcurrent[m[K’ [[01;35m[K-Wunused-parameter[m[K]
[2.160s]    41 |      void countMatches([01;35m[KStateSpace &current[m[K) {}
[2.160s]       |                        [01;35m[K~~~~~~~~~~~~^~~~~~~[m[K
[2.160s] [01m[K/media/muayman17/New/Muhammad/BrightSkies Test/ROS2_BlocksRearrengments/src/CPPsub_BlocksRearrange/src/../include/CPPsub_BlocksRearrange/BFSAlgorithm.h:[m[K In member function ‘[01m[KMoves BFSAlgorithm::BFS_Algorithm()[m[K’:
[2.160s] [01m[K/media/muayman17/New/Muhammad/BrightSkies Test/ROS2_BlocksRearrengments/src/CPPsub_BlocksRearrange/src/../include/CPPsub_BlocksRearrange/BFSAlgorithm.h:44:29:[m[K [01;35m[Kwarning: [m[Kno return statement in function returning non-void [[01;35m[K-Wreturn-type[m[K]
[2.160s]    44 |      Moves BFS_Algorithm() {[01;35m[K}[m[K
[2.161s]       |                             [01;35m[K^[m[K
[2.161s] In file included from [01m[K/media/muayman17/New/Muhammad/BrightSkies Test/ROS2_BlocksRearrengments/src/CPPsub_BlocksRearrange/src/blockArrangementSub.cpp:5[m[K:
[2.161s] [01m[K/media/muayman17/New/Muhammad/BrightSkies Test/ROS2_BlocksRearrengments/src/CPPsub_BlocksRearrange/src/../include/CPPsub_BlocksRearrange/blockArrangementSub.h:[m[K In constructor ‘[01m[KblockArrangementSub::blockArrangementSub()[m[K’:
[2.161s] [01m[K/media/muayman17/New/Muhammad/BrightSkies Test/ROS2_BlocksRearrengments/src/CPPsub_BlocksRearrange/src/../include/CPPsub_BlocksRearrange/blockArrangementSub.h:12:25:[m[K [01;31m[Kerror: [m[Kno matching function for call to ‘[01m[Krclcpp::Node::Node()[m[K’
[2.161s]    12 |   blockArrangementSub() [01;31m[K{[m[K}
[2.162s]       |                         [01;31m[K^[m[K
[2.162s] In file included from [01m[K/opt/ros/foxy/include/rclcpp/executors/single_threaded_executor.hpp:28[m[K,
[2.162s]                  from [01m[K/opt/ros/foxy/include/rclcpp/executors.hpp:22[m[K,
[2.163s]                  from [01m[K/opt/ros/foxy/include/rclcpp/rclcpp.hpp:146[m[K,
[2.163s]                  from [01m[K/media/muayman17/New/Muhammad/BrightSkies Test/ROS2_BlocksRearrengments/src/CPPsub_BlocksRearrange/src/blockArrangementSub.cpp:2[m[K:
[2.163s] [01m[K/opt/ros/foxy/include/rclcpp/node.hpp:1193:3:[m[K [01;36m[Knote: [m[Kcandidate: ‘[01m[Krclcpp::Node::Node(const rclcpp::Node&, const string&)[m[K’
[2.164s]  1193 |   [01;36m[KNode[m[K(
[2.164s]       |   [01;36m[K^~~~[m[K
[2.164s] [01m[K/opt/ros/foxy/include/rclcpp/node.hpp:1193:3:[m[K [01;36m[Knote: [m[K  candidate expects 2 arguments, 0 provided
[2.164s] [01m[K/opt/ros/foxy/include/rclcpp/node.hpp:98:12:[m[K [01;36m[Knote: [m[Kcandidate: ‘[01m[Krclcpp::Node::Node(const string&, const string&, const rclcpp::NodeOptions&)[m[K’
[2.165s]    98 |   explicit [01;36m[KNode[m[K(
[2.165s]       |            [01;36m[K^~~~[m[K
[2.165s] [01m[K/opt/ros/foxy/include/rclcpp/node.hpp:98:12:[m[K [01;36m[Knote: [m[K  candidate expects 3 arguments, 0 provided
[2.165s] [01m[K/opt/ros/foxy/include/rclcpp/node.hpp:86:12:[m[K [01;36m[Knote: [m[Kcandidate: ‘[01m[Krclcpp::Node::Node(const string&, const rclcpp::NodeOptions&)[m[K’
[2.165s]    86 |   explicit [01;36m[KNode[m[K(
[2.166s]       |            [01;36m[K^~~~[m[K
[2.166s] [01m[K/opt/ros/foxy/include/rclcpp/node.hpp:86:12:[m[K [01;36m[Knote: [m[K  candidate expects 2 arguments, 0 provided
[2.166s] In file included from [01m[K/media/muayman17/New/Muhammad/BrightSkies Test/ROS2_BlocksRearrengments/src/CPPsub_BlocksRearrange/src/blockArrangementSub.cpp:5[m[K:
[2.166s] [01m[K/media/muayman17/New/Muhammad/BrightSkies Test/ROS2_BlocksRearrengments/src/CPPsub_BlocksRearrange/src/../include/CPPsub_BlocksRearrange/blockArrangementSub.h:[m[K In member function ‘[01m[Kvoid blockArrangementSub::topic_callback(std_msgs::msg::String_<std::allocator<void> >::SharedPtr) const[m[K’:
[2.166s] [01m[K/media/muayman17/New/Muhammad/BrightSkies Test/ROS2_BlocksRearrengments/src/CPPsub_BlocksRearrange/src/../include/CPPsub_BlocksRearrange/blockArrangementSub.h:15:62:[m[K [01;35m[Kwarning: [m[Kunused parameter ‘[01m[Kmsg[m[K’ [[01;35m[K-Wunused-parameter[m[K]
[2.167s]    15 |   void topic_callback([01;35m[Kconst std_msgs::msg::String::SharedPtr msg[m[K) const {}
[2.167s]       |                       [01;35m[K~~~~~~~~~~~~~~~~~~~~~~~~~~~~~~~~~~~~~~~^~~[m[K
[2.167s] [01m[K/media/muayman17/New/Muhammad/BrightSkies Test/ROS2_BlocksRearrengments/src/CPPsub_BlocksRearrange/src/blockArrangementSub.cpp:[m[K At global scope:
[2.167s] [01m[K/media/muayman17/New/Muhammad/BrightSkies Test/ROS2_BlocksRearrengments/src/CPPsub_BlocksRearrange/src/blockArrangementSub.cpp:11:1:[m[K [01;31m[Kerror: [m[Kredefinition of ‘[01m[KblockArrangementSub::blockArrangementSub()[m[K’
[2.167s]    11 | [01;31m[KblockArrangementSub[m[K::blockArrangementSub() : Node("BlockArrange_subscriber")
[2.168s]       | [01;31m[K^~~~~~~~~~~~~~~~~~~[m[K
[2.168s] In file included from [01m[K/media/muayman17/New/Muhammad/BrightSkies Test/ROS2_BlocksRearrengments/src/CPPsub_BlocksRearrange/src/blockArrangementSub.cpp:5[m[K:
[2.168s] [01m[K/media/muayman17/New/Muhammad/BrightSkies Test/ROS2_BlocksRearrengments/src/CPPsub_BlocksRearrange/src/../include/CPPsub_BlocksRearrange/blockArrangementSub.h:12:3:[m[K [01;36m[Knote: [m[K‘[01m[KblockArrangementSub::blockArrangementSub()[m[K’ previously defined here
[2.168s]    12 |   [01;36m[KblockArrangementSub[m[K() {}
[2.168s]       |   [01;36m[K^~~~~~~~~~~~~~~~~~~[m[K
[2.169s] [01m[K/media/muayman17/New/Muhammad/BrightSkies Test/ROS2_BlocksRearrengments/src/CPPsub_BlocksRearrange/src/blockArrangementSub.cpp:15:2:[m[K [01;35m[Kwarning: [m[Kextra ‘[01m[K;[m[K’ [[01;35m[K-Wpedantic[m[K]
[2.169s]    15 | }[01;35m[K;[m[K
[2.169s]       |  [01;35m[K^[m[K
[2.169s] [01m[K/media/muayman17/New/Muhammad/BrightSkies Test/ROS2_BlocksRearrengments/src/CPPsub_BlocksRearrange/src/blockArrangementSub.cpp:17:6:[m[K [01;31m[Kerror: [m[Kredefinition of ‘[01m[Kvoid blockArrangementSub::topic_callback(std_msgs::msg::String_<std::allocator<void> >::SharedPtr) const[m[K’
[2.169s]    17 | void [01;31m[KblockArrangementSub[m[K::topic_callback(const std_msgs::msg::String::SharedPtr msg) const
[2.170s]       |      [01;31m[K^~~~~~~~~~~~~~~~~~~[m[K
[2.170s] In file included from [01m[K/media/muayman17/New/Muhammad/BrightSkies Test/ROS2_BlocksRearrengments/src/CPPsub_BlocksRearrange/src/blockArrangementSub.cpp:5[m[K:
[2.170s] [01m[K/media/muayman17/New/Muhammad/BrightSkies Test/ROS2_BlocksRearrengments/src/CPPsub_BlocksRearrange/src/../include/CPPsub_BlocksRearrange/blockArrangementSub.h:15:8:[m[K [01;36m[Knote: [m[K‘[01m[Kvoid blockArrangementSub::topic_callback(std_msgs::msg::String_<std::allocator<void> >::SharedPtr) const[m[K’ previously defined here
[2.170s]    15 |   void [01;36m[Ktopic_callback[m[K(const std_msgs::msg::String::SharedPtr msg) const {}
[2.170s]       |        [01;36m[K^~~~~~~~~~~~~~[m[K
[2.527s] make[2]: *** [CMakeFiles/lis.dir/build.make:63: CMakeFiles/lis.dir/src/CPPsub_BlocksRearrange.cpp.o] Error 1
[2.639s] make[2]: *** [CMakeFiles/lis.dir/build.make:89: CMakeFiles/lis.dir/src/blockArrangementSub.cpp.o] Error 1
[2.640s] make[1]: *** [CMakeFiles/Makefile2:78: CMakeFiles/lis.dir/all] Error 2
[2.640s] make: *** [Makefile:141: all] Error 2
[2.643s] Invoked command in '/media/muayman17/New/Muhammad/BrightSkies Test/ROS2_BlocksRearrengments/build/CPPsub_BlocksRearrange' returned '2': CMAKE_PREFIX_PATH=${CMAKE_PREFIX_PATH}:/media/muayman17/New/Muhammad/BrightSkies Test/ROS2_BlocksRearrengments/install/initialGoalpub_py:/opt/ros/foxy /usr/bin/cmake --build /media/muayman17/New/Muhammad/BrightSkies Test/ROS2_BlocksRearrengments/build/CPPsub_BlocksRearrange -- -j8 -l8
