-- Found ament_cmake: 0.9.12 (/opt/ros/foxy/share/ament_cmake/cmake)
-- Using PYTHON_EXECUTABLE: /usr/bin/python3
-- Found rclcpp: 2.4.3 (/opt/ros/foxy/share/rclcpp/cmake)
-- Using all available rosidl_typesupport_c: rosidl_typesupport_fastrtps_c;rosidl_typesupport_introspection_c
-- Found rosidl_adapter: 1.3.1 (/opt/ros/foxy/share/rosidl_adapter/cmake)
-- Using all available rosidl_typesupport_cpp: rosidl_typesupport_fastrtps_cpp;rosidl_typesupport_introspection_cpp
-- Found rmw_implementation_cmake: 1.0.4 (/opt/ros/foxy/share/rmw_implementation_cmake/cmake)
-- Using RMW implementation 'rmw_fastrtps_cpp' as default
WARNING: Package name "CPPsub_BlocksRearrange" does not follow the naming conventions. It should start with a lower case letter and only contain lower case letters, digits, underscores, and dashes.
-- Configuring done
-- Generating done
-- Build files have been written to: /media/muayman17/New/Muhammad/BrightSkies Test/ROS2_BlocksRearrengments/build/CPPsub_BlocksRearrange
[35m[1mScanning dependencies of target lis[0m
[ 20%] [32mBuilding CXX object CMakeFiles/lis.dir/src/CPPsub_BlocksRearrange.cpp.o[0m
[ 40%] [32mBuilding CXX object CMakeFiles/lis.dir/src/BFSAlgorithm.cpp.o[0m
[ 80%] [32mBuilding CXX object CMakeFiles/lis.dir/src/blockArrangementSub.cpp.o[0m
[ 80%] [32mBuilding CXX object CMakeFiles/lis.dir/src/StateSpace.cpp.o[0m
[01m[K/media/muayman17/New/Muhammad/BrightSkies Test/ROS2_BlocksRearrengments/src/CPPsub_BlocksRearrange/src/CPPsub_BlocksRearrange.cpp:2:10:[m[K [01;31m[Kfatal error: [m[KblockArrangementSub.h: No such file or directory
    2 | #include [01;31m[K"blockArrangementSub.h"[m[K
      |          [01;31m[K^~~~~~~~~~~~~~~~~~~~~~~[m[K
compilation terminated.
make[2]: *** [CMakeFiles/lis.dir/build.make:63: CMakeFiles/lis.dir/src/CPPsub_BlocksRearrange.cpp.o] Error 1
make[2]: *** Waiting for unfinished jobs....
[01m[K/media/muayman17/New/Muhammad/BrightSkies Test/ROS2_BlocksRearrengments/src/CPPsub_BlocksRearrange/src/BFSAlgorithm.cpp:9:10:[m[K [01;31m[Kfatal error: [m[KBFSAlgorithm.h: No such file or directory
    9 | #include [01;31m[K"BFSAlgorithm.h"[m[K
      |          [01;31m[K^~~~~~~~~~~~~~~~[m[K
compilation terminated.
make[2]: *** [CMakeFiles/lis.dir/build.make:76: CMakeFiles/lis.dir/src/BFSAlgorithm.cpp.o] Error 1
[01m[K/media/muayman17/New/Muhammad/BrightSkies Test/ROS2_BlocksRearrengments/src/CPPsub_BlocksRearrange/src/StateSpace.cpp:10:10:[m[K [01;31m[Kfatal error: [m[KStateSpace.h: No such file or directory
   10 | #include [01;31m[K"StateSpace.h"[m[K
      |          [01;31m[K^~~~~~~~~~~~~~[m[K
compilation terminated.
make[2]: *** [CMakeFiles/lis.dir/build.make:102: CMakeFiles/lis.dir/src/StateSpace.cpp.o] Error 1
[01m[K/media/muayman17/New/Muhammad/BrightSkies Test/ROS2_BlocksRearrengments/src/CPPsub_BlocksRearrange/src/blockArrangementSub.cpp:5:10:[m[K [01;31m[Kfatal error: [m[KblockArrangementSub.h: No such file or directory
    5 | #include [01;31m[K"blockArrangementSub.h"[m[K
      |          [01;31m[K^~~~~~~~~~~~~~~~~~~~~~~[m[K
compilation terminated.
make[2]: *** [CMakeFiles/lis.dir/build.make:89: CMakeFiles/lis.dir/src/blockArrangementSub.cpp.o] Error 1
make[1]: *** [CMakeFiles/Makefile2:78: CMakeFiles/lis.dir/all] Error 2
make: *** [Makefile:141: all] Error 2
