[0.031s] Invoking command in '/media/muayman17/New/Muhammad/BrightSkies Test/ROS2_BlocksRearrengments/build/CPPsub_BlocksRearrange': CMAKE_PREFIX_PATH=${CMAKE_PREFIX_PATH}:/media/muayman17/New/Muhammad/BrightSkies Test/ROS2_BlocksRearrengments/install/initialGoalpub_py:/opt/ros/foxy /usr/bin/cmake --build /media/muayman17/New/Muhammad/BrightSkies Test/ROS2_BlocksRearrengments/build/CPPsub_BlocksRearrange -- -j8 -l8
[0.079s] [35m[1mScanning dependencies of target lis[0m
[0.229s] [ 50%] [32mBuilding CXX object CMakeFiles/lis.dir/src/CPPsub_BlocksRearrange.cpp.o[0m
[1.518s] In file included from [01m[K/media/muayman17/New/Muhammad/BrightSkies Test/ROS2_BlocksRearrengments/src/CPPsub_BlocksRearrange/src/CPPsub_BlocksRearrange.cpp:7[m[K:
[1.518s] [01m[K/media/muayman17/New/Muhammad/BrightSkies Test/ROS2_BlocksRearrengments/src/CPPsub_BlocksRearrange/src/../include/CPPsub_BlocksRearrange/BlockArrangmentAlgorithm.hpp:[m[K In constructor ‘[01m[KStateSpace::StateSpace(State)[m[K’:
[1.519s] [01m[K/media/muayman17/New/Muhammad/BrightSkies Test/ROS2_BlocksRearrengments/src/CPPsub_BlocksRearrange/src/../include/CPPsub_BlocksRearrange/BlockArrangmentAlgorithm.hpp:33:23:[m[K [01;35m[Kwarning: [m[Kunused parameter ‘[01m[Ks[m[K’ [[01;35m[K-Wunused-parameter[m[K]
[1.519s]    33 |      StateSpace([01;35m[KState s[m[K) {}
[1.519s]       |                 [01;35m[K~~~~~~^[m[K
[1.519s] [01m[K/media/muayman17/New/Muhammad/BrightSkies Test/ROS2_BlocksRearrengments/src/CPPsub_BlocksRearrange/src/../include/CPPsub_BlocksRearrange/BlockArrangmentAlgorithm.hpp:[m[K In constructor ‘[01m[KStateSpace::StateSpace(State, Moves)[m[K’:
[1.520s] [01m[K/media/muayman17/New/Muhammad/BrightSkies Test/ROS2_BlocksRearrengments/src/CPPsub_BlocksRearrange/src/../include/CPPsub_BlocksRearrange/BlockArrangmentAlgorithm.hpp:34:23:[m[K [01;35m[Kwarning: [m[Kunused parameter ‘[01m[Ks[m[K’ [[01;35m[K-Wunused-parameter[m[K]
[1.520s]    34 |      StateSpace([01;35m[KState s[m[K, Moves m) {}
[1.520s]       |                 [01;35m[K~~~~~~^[m[K
[1.520s] [01m[K/media/muayman17/New/Muhammad/BrightSkies Test/ROS2_BlocksRearrengments/src/CPPsub_BlocksRearrange/src/../include/CPPsub_BlocksRearrange/BlockArrangmentAlgorithm.hpp:34:32:[m[K [01;35m[Kwarning: [m[Kunused parameter ‘[01m[Km[m[K’ [[01;35m[K-Wunused-parameter[m[K]
[1.521s]    34 |      StateSpace(State s, [01;35m[KMoves m[m[K) {}
[1.521s]       |                          [01;35m[K~~~~~~^[m[K
[1.521s] [01m[K/media/muayman17/New/Muhammad/BrightSkies Test/ROS2_BlocksRearrengments/src/CPPsub_BlocksRearrange/src/../include/CPPsub_BlocksRearrange/BlockArrangmentAlgorithm.hpp:[m[K In constructor ‘[01m[KStateSpace::StateSpace(State, Moves, int)[m[K’:
[1.522s] [01m[K/media/muayman17/New/Muhammad/BrightSkies Test/ROS2_BlocksRearrengments/src/CPPsub_BlocksRearrange/src/../include/CPPsub_BlocksRearrange/BlockArrangmentAlgorithm.hpp:35:23:[m[K [01;35m[Kwarning: [m[Kunused parameter ‘[01m[Ks[m[K’ [[01;35m[K-Wunused-parameter[m[K]
[1.522s]    35 |      StateSpace([01;35m[KState s[m[K, Moves m, int f) {}
[1.522s]       |                 [01;35m[K~~~~~~^[m[K
[1.522s] [01m[K/media/muayman17/New/Muhammad/BrightSkies Test/ROS2_BlocksRearrengments/src/CPPsub_BlocksRearrange/src/../include/CPPsub_BlocksRearrange/BlockArrangmentAlgorithm.hpp:35:32:[m[K [01;35m[Kwarning: [m[Kunused parameter ‘[01m[Km[m[K’ [[01;35m[K-Wunused-parameter[m[K]
[1.523s]    35 |      StateSpace(State s, [01;35m[KMoves m[m[K, int f) {}
[1.523s]       |                          [01;35m[K~~~~~~^[m[K
[1.523s] [01m[K/media/muayman17/New/Muhammad/BrightSkies Test/ROS2_BlocksRearrengments/src/CPPsub_BlocksRearrange/src/../include/CPPsub_BlocksRearrange/BlockArrangmentAlgorithm.hpp:35:39:[m[K [01;35m[Kwarning: [m[Kunused parameter ‘[01m[Kf[m[K’ [[01;35m[K-Wunused-parameter[m[K]
[1.523s]    35 |      StateSpace(State s, Moves m, [01;35m[Kint f[m[K) {}
[1.524s]       |                                   [01;35m[K~~~~^[m[K
[1.524s] [01m[K/media/muayman17/New/Muhammad/BrightSkies Test/ROS2_BlocksRearrengments/src/CPPsub_BlocksRearrange/src/../include/CPPsub_BlocksRearrange/BlockArrangmentAlgorithm.hpp:[m[K In member function ‘[01m[Kvoid StateSpace::setState(State)[m[K’:
[1.524s] [01m[K/media/muayman17/New/Muhammad/BrightSkies Test/ROS2_BlocksRearrengments/src/CPPsub_BlocksRearrange/src/../include/CPPsub_BlocksRearrange/BlockArrangmentAlgorithm.hpp:38:26:[m[K [01;35m[Kwarning: [m[Kunused parameter ‘[01m[Ks[m[K’ [[01;35m[K-Wunused-parameter[m[K]
[1.524s]    38 |      void setState([01;35m[KState s[m[K) {};
[1.525s]       |                    [01;35m[K~~~~~~^[m[K
[1.525s] [01m[K/media/muayman17/New/Muhammad/BrightSkies Test/ROS2_BlocksRearrengments/src/CPPsub_BlocksRearrange/src/../include/CPPsub_BlocksRearrange/BlockArrangmentAlgorithm.hpp:[m[K In member function ‘[01m[Kvoid StateSpace::setMoves(Moves)[m[K’:
[1.525s] [01m[K/media/muayman17/New/Muhammad/BrightSkies Test/ROS2_BlocksRearrengments/src/CPPsub_BlocksRearrange/src/../include/CPPsub_BlocksRearrange/BlockArrangmentAlgorithm.hpp:39:26:[m[K [01;35m[Kwarning: [m[Kunused parameter ‘[01m[Km[m[K’ [[01;35m[K-Wunused-parameter[m[K]
[1.525s]    39 |      void setMoves([01;35m[KMoves m[m[K) {};
[1.526s]       |                    [01;35m[K~~~~~~^[m[K
[1.526s] [01m[K/media/muayman17/New/Muhammad/BrightSkies Test/ROS2_BlocksRearrengments/src/CPPsub_BlocksRearrange/src/../include/CPPsub_BlocksRearrange/BlockArrangmentAlgorithm.hpp:[m[K In member function ‘[01m[Kvoid StateSpace::setFixedCount(int)[m[K’:
[1.526s] [01m[K/media/muayman17/New/Muhammad/BrightSkies Test/ROS2_BlocksRearrengments/src/CPPsub_BlocksRearrange/src/../include/CPPsub_BlocksRearrange/BlockArrangmentAlgorithm.hpp:40:29:[m[K [01;35m[Kwarning: [m[Kunused parameter ‘[01m[Kf[m[K’ [[01;35m[K-Wunused-parameter[m[K]
[1.526s]    40 |      void setFixedCount([01;35m[Kint f[m[K) {};
[1.527s]       |                         [01;35m[K~~~~^[m[K
[1.527s] [01m[K/media/muayman17/New/Muhammad/BrightSkies Test/ROS2_BlocksRearrengments/src/CPPsub_BlocksRearrange/src/../include/CPPsub_BlocksRearrange/BlockArrangmentAlgorithm.hpp:[m[K In member function ‘[01m[KState StateSpace::getState() const[m[K’:
[1.527s] [01m[K/media/muayman17/New/Muhammad/BrightSkies Test/ROS2_BlocksRearrengments/src/CPPsub_BlocksRearrange/src/../include/CPPsub_BlocksRearrange/BlockArrangmentAlgorithm.hpp:43:30:[m[K [01;35m[Kwarning: [m[Kno return statement in function returning non-void [[01;35m[K-Wreturn-type[m[K]
[1.527s]    43 |      State getState() const {[01;35m[K}[m[K;
[1.527s]       |                              [01;35m[K^[m[K
[1.528s] [01m[K/media/muayman17/New/Muhammad/BrightSkies Test/ROS2_BlocksRearrengments/src/CPPsub_BlocksRearrange/src/../include/CPPsub_BlocksRearrange/BlockArrangmentAlgorithm.hpp:[m[K In member function ‘[01m[KMoves StateSpace::getMoves() const[m[K’:
[1.528s] [01m[K/media/muayman17/New/Muhammad/BrightSkies Test/ROS2_BlocksRearrengments/src/CPPsub_BlocksRearrange/src/../include/CPPsub_BlocksRearrange/BlockArrangmentAlgorithm.hpp:44:30:[m[K [01;35m[Kwarning: [m[Kno return statement in function returning non-void [[01;35m[K-Wreturn-type[m[K]
[1.528s]    44 |      Moves getMoves() const {[01;35m[K}[m[K;
[1.528s]       |                              [01;35m[K^[m[K
[1.528s] [01m[K/media/muayman17/New/Muhammad/BrightSkies Test/ROS2_BlocksRearrengments/src/CPPsub_BlocksRearrange/src/../include/CPPsub_BlocksRearrange/BlockArrangmentAlgorithm.hpp:[m[K In member function ‘[01m[Kint StateSpace::getFixedCount() const[m[K’:
[1.528s] [01m[K/media/muayman17/New/Muhammad/BrightSkies Test/ROS2_BlocksRearrengments/src/CPPsub_BlocksRearrange/src/../include/CPPsub_BlocksRearrange/BlockArrangmentAlgorithm.hpp:45:33:[m[K [01;35m[Kwarning: [m[Kno return statement in function returning non-void [[01;35m[K-Wreturn-type[m[K]
[1.529s]    45 |      int getFixedCount() const {[01;35m[K}[m[K;
[1.529s]       |                                 [01;35m[K^[m[K
[1.529s] [01m[K/media/muayman17/New/Muhammad/BrightSkies Test/ROS2_BlocksRearrengments/src/CPPsub_BlocksRearrange/src/../include/CPPsub_BlocksRearrange/BlockArrangmentAlgorithm.hpp:[m[K In member function ‘[01m[Kbool StateSpace::operator<(const StateSpace&) const[m[K’:
[1.530s] [01m[K/media/muayman17/New/Muhammad/BrightSkies Test/ROS2_BlocksRearrengments/src/CPPsub_BlocksRearrange/src/../include/CPPsub_BlocksRearrange/BlockArrangmentAlgorithm.hpp:48:53:[m[K [01;35m[Kwarning: [m[Kno return statement in function returning non-void [[01;35m[K-Wreturn-type[m[K]
[1.530s]    48 |      bool operator<(const StateSpace &other) const {[01;35m[K}[m[K;
[1.530s]       |                                                     [01;35m[K^[m[K
[1.531s] [01m[K/media/muayman17/New/Muhammad/BrightSkies Test/ROS2_BlocksRearrengments/src/CPPsub_BlocksRearrange/src/../include/CPPsub_BlocksRearrange/BlockArrangmentAlgorithm.hpp:48:39:[m[K [01;35m[Kwarning: [m[Kunused parameter ‘[01m[Kother[m[K’ [[01;35m[K-Wunused-parameter[m[K]
[1.531s]    48 |      bool operator<([01;35m[Kconst StateSpace &other[m[K) const {};
[1.531s]       |                     [01;35m[K~~~~~~~~~~~~~~~~~~^~~~~[m[K
[1.531s] [01m[K/media/muayman17/New/Muhammad/BrightSkies Test/ROS2_BlocksRearrengments/src/CPPsub_BlocksRearrange/src/../include/CPPsub_BlocksRearrange/BlockArrangmentAlgorithm.hpp:[m[K In constructor ‘[01m[KBFSAlgorithm::BFSAlgorithm(std::string)[m[K’:
[1.531s] [01m[K/media/muayman17/New/Muhammad/BrightSkies Test/ROS2_BlocksRearrengments/src/CPPsub_BlocksRearrange/src/../include/CPPsub_BlocksRearrange/BlockArrangmentAlgorithm.hpp:66:26:[m[K [01;35m[Kwarning: [m[Kunused parameter ‘[01m[Kpub_msg[m[K’ [[01;35m[K-Wunused-parameter[m[K]
[1.532s]    66 |      BFSAlgorithm([01;35m[Kstring pub_msg[m[K) {}
[1.532s]       |                   [01;35m[K~~~~~~~^~~~~~~[m[K
[1.532s] In file included from [01m[K/media/muayman17/New/Muhammad/BrightSkies Test/ROS2_BlocksRearrengments/src/CPPsub_BlocksRearrange/src/CPPsub_BlocksRearrange.cpp:7[m[K:
[1.532s] [01m[K/media/muayman17/New/Muhammad/BrightSkies Test/ROS2_BlocksRearrengments/src/CPPsub_BlocksRearrange/src/../include/CPPsub_BlocksRearrange/BlockArrangmentAlgorithm.hpp:[m[K In member function ‘[01m[Kstd::vector<std::__cxx11::basic_string<char> > BFSAlgorithm::StringToVector(std::string, char)[m[K’:
[1.532s] [01m[K/media/muayman17/New/Muhammad/BrightSkies Test/ROS2_BlocksRearrengments/src/CPPsub_BlocksRearrange/src/../include/CPPsub_BlocksRearrange/BlockArrangmentAlgorithm.hpp:69:65:[m[K [01;35m[Kwarning: [m[Kno return statement in function returning non-void [[01;35m[K-Wreturn-type[m[K]
[1.533s]    69 |      vector<string> StringToVector(string pub_msg, char delim) {[01;35m[K}[m[K
[1.533s]       |                                                                 [01;35m[K^[m[K
[1.533s] [01m[K/media/muayman17/New/Muhammad/BrightSkies Test/ROS2_BlocksRearrengments/src/CPPsub_BlocksRearrange/src/../include/CPPsub_BlocksRearrange/BlockArrangmentAlgorithm.hpp:69:43:[m[K [01;35m[Kwarning: [m[Kunused parameter ‘[01m[Kpub_msg[m[K’ [[01;35m[K-Wunused-parameter[m[K]
[1.533s]    69 |      vector<string> StringToVector([01;35m[Kstring pub_msg[m[K, char delim) {}
[1.533s]       |                                    [01;35m[K~~~~~~~^~~~~~~[m[K
[1.533s] [01m[K/media/muayman17/New/Muhammad/BrightSkies Test/ROS2_BlocksRearrengments/src/CPPsub_BlocksRearrange/src/../include/CPPsub_BlocksRearrange/BlockArrangmentAlgorithm.hpp:69:57:[m[K [01;35m[Kwarning: [m[Kunused parameter ‘[01m[Kdelim[m[K’ [[01;35m[K-Wunused-parameter[m[K]
[1.534s]    69 |      vector<string> StringToVector(string pub_msg, [01;35m[Kchar delim[m[K) {}
[1.534s]       |                                                    [01;35m[K~~~~~^~~~~[m[K
[1.534s] [01m[K/media/muayman17/New/Muhammad/BrightSkies Test/ROS2_BlocksRearrengments/src/CPPsub_BlocksRearrange/src/../include/CPPsub_BlocksRearrange/BlockArrangmentAlgorithm.hpp:[m[K In member function ‘[01m[Kstd::string BFSAlgorithm::VectorToString(const State&) const[m[K’:
[1.534s] [01m[K/media/muayman17/New/Muhammad/BrightSkies Test/ROS2_BlocksRearrengments/src/CPPsub_BlocksRearrange/src/../include/CPPsub_BlocksRearrange/BlockArrangmentAlgorithm.hpp:72:55:[m[K [01;35m[Kwarning: [m[Kno return statement in function returning non-void [[01;35m[K-Wreturn-type[m[K]
[1.535s]    72 |      string VectorToString(const State &state) const {[01;35m[K}[m[K
[1.535s]       |                                                       [01;35m[K^[m[K
[1.535s] [01m[K/media/muayman17/New/Muhammad/BrightSkies Test/ROS2_BlocksRearrengments/src/CPPsub_BlocksRearrange/src/../include/CPPsub_BlocksRearrange/BlockArrangmentAlgorithm.hpp:72:41:[m[K [01;35m[Kwarning: [m[Kunused parameter ‘[01m[Kstate[m[K’ [[01;35m[K-Wunused-parameter[m[K]
[1.535s]    72 |      string VectorToString([01;35m[Kconst State &state[m[K) const {}
[1.536s]       |                            [01;35m[K~~~~~~~~~~~~~^~~~~[m[K
[1.536s] [01m[K/media/muayman17/New/Muhammad/BrightSkies Test/ROS2_BlocksRearrengments/src/CPPsub_BlocksRearrange/src/../include/CPPsub_BlocksRearrange/BlockArrangmentAlgorithm.hpp:[m[K In member function ‘[01m[Kbool BFSAlgorithm::IsGoal(const State&, const State&) const[m[K’:
[1.536s] [01m[K/media/muayman17/New/Muhammad/BrightSkies Test/ROS2_BlocksRearrengments/src/CPPsub_BlocksRearrange/src/../include/CPPsub_BlocksRearrange/BlockArrangmentAlgorithm.hpp:75:66:[m[K [01;35m[Kwarning: [m[Kno return statement in function returning non-void [[01;35m[K-Wreturn-type[m[K]
[1.536s]    75 |      bool IsGoal(const State &current, const State &goal) const {[01;35m[K}[m[K
[1.537s]       |                                                                  [01;35m[K^[m[K
[1.537s] [01m[K/media/muayman17/New/Muhammad/BrightSkies Test/ROS2_BlocksRearrengments/src/CPPsub_BlocksRearrange/src/../include/CPPsub_BlocksRearrange/BlockArrangmentAlgorithm.hpp:75:31:[m[K [01;35m[Kwarning: [m[Kunused parameter ‘[01m[Kcurrent[m[K’ [[01;35m[K-Wunused-parameter[m[K]
[1.537s]    75 |      bool IsGoal([01;35m[Kconst State &current[m[K, const State &goal) const {}
[1.537s]       |                  [01;35m[K~~~~~~~~~~~~~^~~~~~~[m[K
[1.537s] [01m[K/media/muayman17/New/Muhammad/BrightSkies Test/ROS2_BlocksRearrengments/src/CPPsub_BlocksRearrange/src/../include/CPPsub_BlocksRearrange/BlockArrangmentAlgorithm.hpp:75:53:[m[K [01;35m[Kwarning: [m[Kunused parameter ‘[01m[Kgoal[m[K’ [[01;35m[K-Wunused-parameter[m[K]
[1.538s]    75 |      bool IsGoal(const State &current, [01;35m[Kconst State &goal[m[K) const {}
[1.538s]       |                                        [01;35m[K~~~~~~~~~~~~~^~~~[m[K
[1.538s] [01m[K/media/muayman17/New/Muhammad/BrightSkies Test/ROS2_BlocksRearrengments/src/CPPsub_BlocksRearrange/src/../include/CPPsub_BlocksRearrange/BlockArrangmentAlgorithm.hpp:[m[K In member function ‘[01m[Kstd::vector<StateSpace> BFSAlgorithm::getNextStates(const StateSpace&) const[m[K’:
[1.538s] [01m[K/media/muayman17/New/Muhammad/BrightSkies Test/ROS2_BlocksRearrengments/src/CPPsub_BlocksRearrange/src/../include/CPPsub_BlocksRearrange/BlockArrangmentAlgorithm.hpp:78:73:[m[K [01;35m[Kwarning: [m[Kno return statement in function returning non-void [[01;35m[K-Wreturn-type[m[K]
[1.539s]    78 |      vector<StateSpace> getNextStates(const StateSpace &current) const {[01;35m[K}[m[K
[1.539s]       |                                                                         [01;35m[K^[m[K
[1.539s] [01m[K/media/muayman17/New/Muhammad/BrightSkies Test/ROS2_BlocksRearrengments/src/CPPsub_BlocksRearrange/src/../include/CPPsub_BlocksRearrange/BlockArrangmentAlgorithm.hpp:78:57:[m[K [01;35m[Kwarning: [m[Kunused parameter ‘[01m[Kcurrent[m[K’ [[01;35m[K-Wunused-parameter[m[K]
[1.539s]    78 |      vector<StateSpace> getNextStates([01;35m[Kconst StateSpace &current[m[K) const {}
[1.540s]       |                                       [01;35m[K~~~~~~~~~~~~~~~~~~^~~~~~~[m[K
[1.540s] [01m[K/media/muayman17/New/Muhammad/BrightSkies Test/ROS2_BlocksRearrengments/src/CPPsub_BlocksRearrange/src/../include/CPPsub_BlocksRearrange/BlockArrangmentAlgorithm.hpp:[m[K In member function ‘[01m[Kvoid BFSAlgorithm::countMatches(StateSpace&, const State&)[m[K’:
[1.540s] [01m[K/media/muayman17/New/Muhammad/BrightSkies Test/ROS2_BlocksRearrengments/src/CPPsub_BlocksRearrange/src/../include/CPPsub_BlocksRearrange/BlockArrangmentAlgorithm.hpp:81:36:[m[K [01;35m[Kwarning: [m[Kunused parameter ‘[01m[Kcurrent[m[K’ [[01;35m[K-Wunused-parameter[m[K]
[1.540s]    81 |      void countMatches([01;35m[KStateSpace &current[m[K, const State &goal) {}
[1.541s]       |                        [01;35m[K~~~~~~~~~~~~^~~~~~~[m[K
[1.541s] [01m[K/media/muayman17/New/Muhammad/BrightSkies Test/ROS2_BlocksRearrengments/src/CPPsub_BlocksRearrange/src/../include/CPPsub_BlocksRearrange/BlockArrangmentAlgorithm.hpp:81:58:[m[K [01;35m[Kwarning: [m[Kunused parameter ‘[01m[Kgoal[m[K’ [[01;35m[K-Wunused-parameter[m[K]
[1.541s]    81 |      void countMatches(StateSpace &current, [01;35m[Kconst State &goal[m[K) {}
[1.541s]       |                                             [01;35m[K~~~~~~~~~~~~~^~~~[m[K
[1.542s] [01m[K/media/muayman17/New/Muhammad/BrightSkies Test/ROS2_BlocksRearrengments/src/CPPsub_BlocksRearrange/src/../include/CPPsub_BlocksRearrange/BlockArrangmentAlgorithm.hpp:[m[K In member function ‘[01m[KMoves BFSAlgorithm::BFS_Algorithm(const State&, const State&)[m[K’:
[1.542s] [01m[K/media/muayman17/New/Muhammad/BrightSkies Test/ROS2_BlocksRearrengments/src/CPPsub_BlocksRearrange/src/../include/CPPsub_BlocksRearrange/BlockArrangmentAlgorithm.hpp:84:66:[m[K [01;35m[Kwarning: [m[Kno return statement in function returning non-void [[01;35m[K-Wreturn-type[m[K]
[1.542s]    84 |      Moves BFS_Algorithm(const State &start, const State &goal) {[01;35m[K}[m[K
[1.543s]       |                                                                  [01;35m[K^[m[K
[1.543s] [01m[K/media/muayman17/New/Muhammad/BrightSkies Test/ROS2_BlocksRearrengments/src/CPPsub_BlocksRearrange/src/../include/CPPsub_BlocksRearrange/BlockArrangmentAlgorithm.hpp:84:39:[m[K [01;35m[Kwarning: [m[Kunused parameter ‘[01m[Kstart[m[K’ [[01;35m[K-Wunused-parameter[m[K]
[1.543s]    84 |      Moves BFS_Algorithm([01;35m[Kconst State &start[m[K, const State &goal) {}
[1.543s]       |                          [01;35m[K~~~~~~~~~~~~~^~~~~[m[K
[1.544s] [01m[K/media/muayman17/New/Muhammad/BrightSkies Test/ROS2_BlocksRearrengments/src/CPPsub_BlocksRearrange/src/../include/CPPsub_BlocksRearrange/BlockArrangmentAlgorithm.hpp:84:59:[m[K [01;35m[Kwarning: [m[Kunused parameter ‘[01m[Kgoal[m[K’ [[01;35m[K-Wunused-parameter[m[K]
[1.544s]    84 |      Moves BFS_Algorithm(const State &start, [01;35m[Kconst State &goal[m[K) {}
[1.544s]       |                                              [01;35m[K~~~~~~~~~~~~~^~~~[m[K
[1.550s] [01m[K/media/muayman17/New/Muhammad/BrightSkies Test/ROS2_BlocksRearrengments/src/CPPsub_BlocksRearrange/src/CPPsub_BlocksRearrange.cpp:[m[K In member function ‘[01m[Kvoid blockArrangementSub::topic_callback(std_msgs::msg::String_<std::allocator<void> >::SharedPtr) const[m[K’:
[1.550s] [01m[K/media/muayman17/New/Muhammad/BrightSkies Test/ROS2_BlocksRearrengments/src/CPPsub_BlocksRearrange/src/CPPsub_BlocksRearrange.cpp:35:50:[m[K [01;31m[Kerror: [m[K‘[01m[Kusing _data_type = class std::__cxx11::basic_string<char>[m[K’ {aka ‘[01m[Kclass std::__cxx11::basic_string<char>[m[K’} has no member named ‘[01m[Ks_str[m[K’; did you mean ‘[01m[Kc_str[m[K’?
[1.550s]    35 |     cout << "\nmsg->data.s_str(): " << msg->data.[01;31m[Ks_str[m[K();
[1.550s]       |                                                  [01;31m[K^~~~~[m[K
[1.551s]       |                                                  [32m[Kc_str[m[K
[2.891s] make[2]: *** [CMakeFiles/lis.dir/build.make:63: CMakeFiles/lis.dir/src/CPPsub_BlocksRearrange.cpp.o] Error 1
[2.892s] make[1]: *** [CMakeFiles/Makefile2:78: CMakeFiles/lis.dir/all] Error 2
[2.892s] make: *** [Makefile:141: all] Error 2
[2.894s] Invoked command in '/media/muayman17/New/Muhammad/BrightSkies Test/ROS2_BlocksRearrengments/build/CPPsub_BlocksRearrange' returned '2': CMAKE_PREFIX_PATH=${CMAKE_PREFIX_PATH}:/media/muayman17/New/Muhammad/BrightSkies Test/ROS2_BlocksRearrengments/install/initialGoalpub_py:/opt/ros/foxy /usr/bin/cmake --build /media/muayman17/New/Muhammad/BrightSkies Test/ROS2_BlocksRearrengments/build/CPPsub_BlocksRearrange -- -j8 -l8
