[35m[1mScanning dependencies of target lis[0m
[ 50%] [32mBuilding CXX object CMakeFiles/lis.dir/src/CPPsub_BlocksRearrange.cpp.o[0m
In file included from [01m[K/media/muayman17/New/Muhammad/BrightSkies Test/ROS2_BlocksRearrengments/src/CPPsub_BlocksRearrange/src/CPPsub_BlocksRearrange.cpp:11[m[K:
[01m[K/media/muayman17/New/Muhammad/BrightSkies Test/ROS2_BlocksRearrengments/src/CPPsub_BlocksRearrange/src/StateSpace.h:[m[K In constructor ‘[01m[KStateSpace::StateSpace(State)[m[K’:
[01m[K/media/muayman17/New/Muhammad/BrightSkies Test/ROS2_BlocksRearrengments/src/CPPsub_BlocksRearrange/src/StateSpace.h:33:23:[m[K [01;35m[Kwarning: [m[Kunused parameter ‘[01m[Ks[m[K’ [[01;35m[K-Wunused-parameter[m[K]
   33 |      StateSpace([01;35m[KState s[m[K) {}
      |                 [01;35m[K~~~~~~^[m[K
[01m[K/media/muayman17/New/Muhammad/BrightSkies Test/ROS2_BlocksRearrengments/src/CPPsub_BlocksRearrange/src/StateSpace.h:[m[K In constructor ‘[01m[KStateSpace::StateSpace(State, Moves)[m[K’:
[01m[K/media/muayman17/New/Muhammad/BrightSkies Test/ROS2_BlocksRearrengments/src/CPPsub_BlocksRearrange/src/StateSpace.h:34:23:[m[K [01;35m[Kwarning: [m[Kunused parameter ‘[01m[Ks[m[K’ [[01;35m[K-Wunused-parameter[m[K]
   34 |      StateSpace([01;35m[KState s[m[K, Moves m) {}
      |                 [01;35m[K~~~~~~^[m[K
[01m[K/media/muayman17/New/Muhammad/BrightSkies Test/ROS2_BlocksRearrengments/src/CPPsub_BlocksRearrange/src/StateSpace.h:34:32:[m[K [01;35m[Kwarning: [m[Kunused parameter ‘[01m[Km[m[K’ [[01;35m[K-Wunused-parameter[m[K]
   34 |      StateSpace(State s, [01;35m[KMoves m[m[K) {}
      |                          [01;35m[K~~~~~~^[m[K
[01m[K/media/muayman17/New/Muhammad/BrightSkies Test/ROS2_BlocksRearrengments/src/CPPsub_BlocksRearrange/src/StateSpace.h:[m[K In constructor ‘[01m[KStateSpace::StateSpace(State, Moves, int)[m[K’:
[01m[K/media/muayman17/New/Muhammad/BrightSkies Test/ROS2_BlocksRearrengments/src/CPPsub_BlocksRearrange/src/StateSpace.h:35:23:[m[K [01;35m[Kwarning: [m[Kunused parameter ‘[01m[Ks[m[K’ [[01;35m[K-Wunused-parameter[m[K]
   35 |      StateSpace([01;35m[KState s[m[K, Moves m, int f) {}
      |                 [01;35m[K~~~~~~^[m[K
[01m[K/media/muayman17/New/Muhammad/BrightSkies Test/ROS2_BlocksRearrengments/src/CPPsub_BlocksRearrange/src/StateSpace.h:35:32:[m[K [01;35m[Kwarning: [m[Kunused parameter ‘[01m[Km[m[K’ [[01;35m[K-Wunused-parameter[m[K]
   35 |      StateSpace(State s, [01;35m[KMoves m[m[K, int f) {}
      |                          [01;35m[K~~~~~~^[m[K
[01m[K/media/muayman17/New/Muhammad/BrightSkies Test/ROS2_BlocksRearrengments/src/CPPsub_BlocksRearrange/src/StateSpace.h:35:39:[m[K [01;35m[Kwarning: [m[Kunused parameter ‘[01m[Kf[m[K’ [[01;35m[K-Wunused-parameter[m[K]
   35 |      StateSpace(State s, Moves m, [01;35m[Kint f[m[K) {}
      |                                   [01;35m[K~~~~^[m[K
[01m[K/media/muayman17/New/Muhammad/BrightSkies Test/ROS2_BlocksRearrengments/src/CPPsub_BlocksRearrange/src/StateSpace.h:[m[K In member function ‘[01m[Kvoid StateSpace::setState(State)[m[K’:
[01m[K/media/muayman17/New/Muhammad/BrightSkies Test/ROS2_BlocksRearrengments/src/CPPsub_BlocksRearrange/src/StateSpace.h:38:26:[m[K [01;35m[Kwarning: [m[Kunused parameter ‘[01m[Ks[m[K’ [[01;35m[K-Wunused-parameter[m[K]
   38 |      void setState([01;35m[KState s[m[K) {};
      |                    [01;35m[K~~~~~~^[m[K
[01m[K/media/muayman17/New/Muhammad/BrightSkies Test/ROS2_BlocksRearrengments/src/CPPsub_BlocksRearrange/src/StateSpace.h:[m[K In member function ‘[01m[Kvoid StateSpace::setMoves(Moves)[m[K’:
[01m[K/media/muayman17/New/Muhammad/BrightSkies Test/ROS2_BlocksRearrengments/src/CPPsub_BlocksRearrange/src/StateSpace.h:39:26:[m[K [01;35m[Kwarning: [m[Kunused parameter ‘[01m[Km[m[K’ [[01;35m[K-Wunused-parameter[m[K]
   39 |      void setMoves([01;35m[KMoves m[m[K) {};
      |                    [01;35m[K~~~~~~^[m[K
[01m[K/media/muayman17/New/Muhammad/BrightSkies Test/ROS2_BlocksRearrengments/src/CPPsub_BlocksRearrange/src/StateSpace.h:[m[K In member function ‘[01m[Kvoid StateSpace::setFixedCount(int)[m[K’:
[01m[K/media/muayman17/New/Muhammad/BrightSkies Test/ROS2_BlocksRearrengments/src/CPPsub_BlocksRearrange/src/StateSpace.h:40:29:[m[K [01;35m[Kwarning: [m[Kunused parameter ‘[01m[Kf[m[K’ [[01;35m[K-Wunused-parameter[m[K]
   40 |      void setFixedCount([01;35m[Kint f[m[K) {};
      |                         [01;35m[K~~~~^[m[K
[01m[K/media/muayman17/New/Muhammad/BrightSkies Test/ROS2_BlocksRearrengments/src/CPPsub_BlocksRearrange/src/StateSpace.h:[m[K In member function ‘[01m[KState StateSpace::getState() const[m[K’:
[01m[K/media/muayman17/New/Muhammad/BrightSkies Test/ROS2_BlocksRearrengments/src/CPPsub_BlocksRearrange/src/StateSpace.h:43:30:[m[K [01;35m[Kwarning: [m[Kno return statement in function returning non-void [[01;35m[K-Wreturn-type[m[K]
   43 |      State getState() const {[01;35m[K}[m[K;
      |                              [01;35m[K^[m[K
[01m[K/media/muayman17/New/Muhammad/BrightSkies Test/ROS2_BlocksRearrengments/src/CPPsub_BlocksRearrange/src/StateSpace.h:[m[K In member function ‘[01m[KMoves StateSpace::getMoves() const[m[K’:
[01m[K/media/muayman17/New/Muhammad/BrightSkies Test/ROS2_BlocksRearrengments/src/CPPsub_BlocksRearrange/src/StateSpace.h:44:30:[m[K [01;35m[Kwarning: [m[Kno return statement in function returning non-void [[01;35m[K-Wreturn-type[m[K]
   44 |      Moves getMoves() const {[01;35m[K}[m[K;
      |                              [01;35m[K^[m[K
[01m[K/media/muayman17/New/Muhammad/BrightSkies Test/ROS2_BlocksRearrengments/src/CPPsub_BlocksRearrange/src/StateSpace.h:[m[K In member function ‘[01m[Kint StateSpace::getFixedCount() const[m[K’:
[01m[K/media/muayman17/New/Muhammad/BrightSkies Test/ROS2_BlocksRearrengments/src/CPPsub_BlocksRearrange/src/StateSpace.h:45:33:[m[K [01;35m[Kwarning: [m[Kno return statement in function returning non-void [[01;35m[K-Wreturn-type[m[K]
   45 |      int getFixedCount() const {[01;35m[K}[m[K;
      |                                 [01;35m[K^[m[K
[01m[K/media/muayman17/New/Muhammad/BrightSkies Test/ROS2_BlocksRearrengments/src/CPPsub_BlocksRearrange/src/StateSpace.h:[m[K In member function ‘[01m[Kbool StateSpace::operator<(const StateSpace&) const[m[K’:
[01m[K/media/muayman17/New/Muhammad/BrightSkies Test/ROS2_BlocksRearrengments/src/CPPsub_BlocksRearrange/src/StateSpace.h:48:53:[m[K [01;35m[Kwarning: [m[Kno return statement in function returning non-void [[01;35m[K-Wreturn-type[m[K]
   48 |      bool operator<(const StateSpace &other) const {[01;35m[K}[m[K;
      |                                                     [01;35m[K^[m[K
[01m[K/media/muayman17/New/Muhammad/BrightSkies Test/ROS2_BlocksRearrengments/src/CPPsub_BlocksRearrange/src/StateSpace.h:48:39:[m[K [01;35m[Kwarning: [m[Kunused parameter ‘[01m[Kother[m[K’ [[01;35m[K-Wunused-parameter[m[K]
   48 |      bool operator<([01;35m[Kconst StateSpace &other[m[K) const {};
      |                     [01;35m[K~~~~~~~~~~~~~~~~~~^~~~~[m[K
In file included from [01m[K/media/muayman17/New/Muhammad/BrightSkies Test/ROS2_BlocksRearrengments/src/CPPsub_BlocksRearrange/src/CPPsub_BlocksRearrange.cpp:12[m[K:
[01m[K/media/muayman17/New/Muhammad/BrightSkies Test/ROS2_BlocksRearrengments/src/CPPsub_BlocksRearrange/src/BFSAlgorithm.h:[m[K In constructor ‘[01m[KBFSAlgorithm::BFSAlgorithm(std::string)[m[K’:
[01m[K/media/muayman17/New/Muhammad/BrightSkies Test/ROS2_BlocksRearrengments/src/CPPsub_BlocksRearrange/src/BFSAlgorithm.h:38:26:[m[K [01;35m[Kwarning: [m[Kunused parameter ‘[01m[Kpub_msg[m[K’ [[01;35m[K-Wunused-parameter[m[K]
   38 |      BFSAlgorithm([01;35m[Kstring pub_msg[m[K) {}
      |                   [01;35m[K~~~~~~~^~~~~~~[m[K
In file included from [01m[K/media/muayman17/New/Muhammad/BrightSkies Test/ROS2_BlocksRearrengments/src/CPPsub_BlocksRearrange/src/CPPsub_BlocksRearrange.cpp:12[m[K:
[01m[K/media/muayman17/New/Muhammad/BrightSkies Test/ROS2_BlocksRearrengments/src/CPPsub_BlocksRearrange/src/BFSAlgorithm.h:[m[K In member function ‘[01m[Kstd::vector<std::__cxx11::basic_string<char> > BFSAlgorithm::StringToVector(std::string, char)[m[K’:
[01m[K/media/muayman17/New/Muhammad/BrightSkies Test/ROS2_BlocksRearrengments/src/CPPsub_BlocksRearrange/src/BFSAlgorithm.h:41:65:[m[K [01;35m[Kwarning: [m[Kno return statement in function returning non-void [[01;35m[K-Wreturn-type[m[K]
   41 |      vector<string> StringToVector(string pub_msg, char delim) {[01;35m[K}[m[K
      |                                                                 [01;35m[K^[m[K
[01m[K/media/muayman17/New/Muhammad/BrightSkies Test/ROS2_BlocksRearrengments/src/CPPsub_BlocksRearrange/src/BFSAlgorithm.h:41:43:[m[K [01;35m[Kwarning: [m[Kunused parameter ‘[01m[Kpub_msg[m[K’ [[01;35m[K-Wunused-parameter[m[K]
   41 |      vector<string> StringToVector([01;35m[Kstring pub_msg[m[K, char delim) {}
      |                                    [01;35m[K~~~~~~~^~~~~~~[m[K
[01m[K/media/muayman17/New/Muhammad/BrightSkies Test/ROS2_BlocksRearrengments/src/CPPsub_BlocksRearrange/src/BFSAlgorithm.h:41:57:[m[K [01;35m[Kwarning: [m[Kunused parameter ‘[01m[Kdelim[m[K’ [[01;35m[K-Wunused-parameter[m[K]
   41 |      vector<string> StringToVector(string pub_msg, [01;35m[Kchar delim[m[K) {}
      |                                                    [01;35m[K~~~~~^~~~~[m[K
[01m[K/media/muayman17/New/Muhammad/BrightSkies Test/ROS2_BlocksRearrengments/src/CPPsub_BlocksRearrange/src/BFSAlgorithm.h:[m[K In member function ‘[01m[Kstd::string BFSAlgorithm::VectorToString(const State&) const[m[K’:
[01m[K/media/muayman17/New/Muhammad/BrightSkies Test/ROS2_BlocksRearrengments/src/CPPsub_BlocksRearrange/src/BFSAlgorithm.h:44:55:[m[K [01;35m[Kwarning: [m[Kno return statement in function returning non-void [[01;35m[K-Wreturn-type[m[K]
   44 |      string VectorToString(const State &state) const {[01;35m[K}[m[K
      |                                                       [01;35m[K^[m[K
[01m[K/media/muayman17/New/Muhammad/BrightSkies Test/ROS2_BlocksRearrengments/src/CPPsub_BlocksRearrange/src/BFSAlgorithm.h:44:41:[m[K [01;35m[Kwarning: [m[Kunused parameter ‘[01m[Kstate[m[K’ [[01;35m[K-Wunused-parameter[m[K]
   44 |      string VectorToString([01;35m[Kconst State &state[m[K) const {}
      |                            [01;35m[K~~~~~~~~~~~~~^~~~~[m[K
[01m[K/media/muayman17/New/Muhammad/BrightSkies Test/ROS2_BlocksRearrengments/src/CPPsub_BlocksRearrange/src/BFSAlgorithm.h:[m[K In member function ‘[01m[Kbool BFSAlgorithm::IsGoal(const State&) const[m[K’:
[01m[K/media/muayman17/New/Muhammad/BrightSkies Test/ROS2_BlocksRearrengments/src/CPPsub_BlocksRearrange/src/BFSAlgorithm.h:47:47:[m[K [01;35m[Kwarning: [m[Kno return statement in function returning non-void [[01;35m[K-Wreturn-type[m[K]
   47 |      bool IsGoal(const State &current) const {[01;35m[K}[m[K
      |                                               [01;35m[K^[m[K
[01m[K/media/muayman17/New/Muhammad/BrightSkies Test/ROS2_BlocksRearrengments/src/CPPsub_BlocksRearrange/src/BFSAlgorithm.h:47:31:[m[K [01;35m[Kwarning: [m[Kunused parameter ‘[01m[Kcurrent[m[K’ [[01;35m[K-Wunused-parameter[m[K]
   47 |      bool IsGoal([01;35m[Kconst State &current[m[K) const {}
      |                  [01;35m[K~~~~~~~~~~~~~^~~~~~~[m[K
[01m[K/media/muayman17/New/Muhammad/BrightSkies Test/ROS2_BlocksRearrengments/src/CPPsub_BlocksRearrange/src/BFSAlgorithm.h:[m[K In member function ‘[01m[Kstd::vector<StateSpace> BFSAlgorithm::getNextStates(const StateSpace&) const[m[K’:
[01m[K/media/muayman17/New/Muhammad/BrightSkies Test/ROS2_BlocksRearrengments/src/CPPsub_BlocksRearrange/src/BFSAlgorithm.h:50:73:[m[K [01;35m[Kwarning: [m[Kno return statement in function returning non-void [[01;35m[K-Wreturn-type[m[K]
   50 |      vector<StateSpace> getNextStates(const StateSpace &current) const {[01;35m[K}[m[K
      |                                                                         [01;35m[K^[m[K
[01m[K/media/muayman17/New/Muhammad/BrightSkies Test/ROS2_BlocksRearrengments/src/CPPsub_BlocksRearrange/src/BFSAlgorithm.h:50:57:[m[K [01;35m[Kwarning: [m[Kunused parameter ‘[01m[Kcurrent[m[K’ [[01;35m[K-Wunused-parameter[m[K]
   50 |      vector<StateSpace> getNextStates([01;35m[Kconst StateSpace &current[m[K) const {}
      |                                       [01;35m[K~~~~~~~~~~~~~~~~~~^~~~~~~[m[K
[01m[K/media/muayman17/New/Muhammad/BrightSkies Test/ROS2_BlocksRearrengments/src/CPPsub_BlocksRearrange/src/BFSAlgorithm.h:[m[K In member function ‘[01m[Kvoid BFSAlgorithm::countMatches(StateSpace&)[m[K’:
[01m[K/media/muayman17/New/Muhammad/BrightSkies Test/ROS2_BlocksRearrengments/src/CPPsub_BlocksRearrange/src/BFSAlgorithm.h:53:36:[m[K [01;35m[Kwarning: [m[Kunused parameter ‘[01m[Kcurrent[m[K’ [[01;35m[K-Wunused-parameter[m[K]
   53 |      void countMatches([01;35m[KStateSpace &current[m[K) {}
      |                        [01;35m[K~~~~~~~~~~~~^~~~~~~[m[K
[01m[K/media/muayman17/New/Muhammad/BrightSkies Test/ROS2_BlocksRearrengments/src/CPPsub_BlocksRearrange/src/BFSAlgorithm.h:[m[K In member function ‘[01m[KMoves BFSAlgorithm::BFS_Algorithm()[m[K’:
[01m[K/media/muayman17/New/Muhammad/BrightSkies Test/ROS2_BlocksRearrengments/src/CPPsub_BlocksRearrange/src/BFSAlgorithm.h:56:29:[m[K [01;35m[Kwarning: [m[Kno return statement in function returning non-void [[01;35m[K-Wreturn-type[m[K]
   56 |      Moves BFS_Algorithm() {[01;35m[K}[m[K
      |                             [01;35m[K^[m[K
[100%] [32m[1mLinking CXX executable lis[0m
[100%] Built target lis
-- Install configuration: ""
-- Installing: /media/muayman17/New/Muhammad/BrightSkies Test/ROS2_BlocksRearrengments/install/CPPsub_BlocksRearrange/lib/CPPsub_BlocksRearrange/lis
-- Set runtime path of "/media/muayman17/New/Muhammad/BrightSkies Test/ROS2_BlocksRearrengments/install/CPPsub_BlocksRearrange/lib/CPPsub_BlocksRearrange/lis" to ""
-- Up-to-date: /media/muayman17/New/Muhammad/BrightSkies Test/ROS2_BlocksRearrengments/install/CPPsub_BlocksRearrange/share/ament_index/resource_index/package_run_dependencies/CPPsub_BlocksRearrange
-- Up-to-date: /media/muayman17/New/Muhammad/BrightSkies Test/ROS2_BlocksRearrengments/install/CPPsub_BlocksRearrange/share/ament_index/resource_index/parent_prefix_path/CPPsub_BlocksRearrange
-- Up-to-date: /media/muayman17/New/Muhammad/BrightSkies Test/ROS2_BlocksRearrengments/install/CPPsub_BlocksRearrange/share/CPPsub_BlocksRearrange/environment/ament_prefix_path.sh
-- Up-to-date: /media/muayman17/New/Muhammad/BrightSkies Test/ROS2_BlocksRearrengments/install/CPPsub_BlocksRearrange/share/CPPsub_BlocksRearrange/environment/ament_prefix_path.dsv
-- Up-to-date: /media/muayman17/New/Muhammad/BrightSkies Test/ROS2_BlocksRearrengments/install/CPPsub_BlocksRearrange/share/CPPsub_BlocksRearrange/environment/path.sh
-- Up-to-date: /media/muayman17/New/Muhammad/BrightSkies Test/ROS2_BlocksRearrengments/install/CPPsub_BlocksRearrange/share/CPPsub_BlocksRearrange/environment/path.dsv
-- Up-to-date: /media/muayman17/New/Muhammad/BrightSkies Test/ROS2_BlocksRearrengments/install/CPPsub_BlocksRearrange/share/CPPsub_BlocksRearrange/local_setup.bash
-- Up-to-date: /media/muayman17/New/Muhammad/BrightSkies Test/ROS2_BlocksRearrengments/install/CPPsub_BlocksRearrange/share/CPPsub_BlocksRearrange/local_setup.sh
-- Up-to-date: /media/muayman17/New/Muhammad/BrightSkies Test/ROS2_BlocksRearrengments/install/CPPsub_BlocksRearrange/share/CPPsub_BlocksRearrange/local_setup.zsh
-- Up-to-date: /media/muayman17/New/Muhammad/BrightSkies Test/ROS2_BlocksRearrengments/install/CPPsub_BlocksRearrange/share/CPPsub_BlocksRearrange/local_setup.dsv
-- Installing: /media/muayman17/New/Muhammad/BrightSkies Test/ROS2_BlocksRearrengments/install/CPPsub_BlocksRearrange/share/CPPsub_BlocksRearrange/package.dsv
-- Up-to-date: /media/muayman17/New/Muhammad/BrightSkies Test/ROS2_BlocksRearrengments/install/CPPsub_BlocksRearrange/share/ament_index/resource_index/packages/CPPsub_BlocksRearrange
-- Up-to-date: /media/muayman17/New/Muhammad/BrightSkies Test/ROS2_BlocksRearrengments/install/CPPsub_BlocksRearrange/share/CPPsub_BlocksRearrange/cmake/CPPsub_BlocksRearrangeConfig.cmake
-- Up-to-date: /media/muayman17/New/Muhammad/BrightSkies Test/ROS2_BlocksRearrengments/install/CPPsub_BlocksRearrange/share/CPPsub_BlocksRearrange/cmake/CPPsub_BlocksRearrangeConfig-version.cmake
-- Up-to-date: /media/muayman17/New/Muhammad/BrightSkies Test/ROS2_BlocksRearrengments/install/CPPsub_BlocksRearrange/share/CPPsub_BlocksRearrange/package.xml
