running egg_info
creating ../build/initialGoalpub_py/initialGoalpub_py.egg-info
writing ../build/initialGoalpub_py/initialGoalpub_py.egg-info/PKG-INFO
writing dependency_links to ../build/initialGoalpub_py/initialGoalpub_py.egg-info/dependency_links.txt
writing entry points to ../build/initialGoalpub_py/initialGoalpub_py.egg-info/entry_points.txt
writing requirements to ../build/initialGoalpub_py/initialGoalpub_py.egg-info/requires.txt
writing top-level names to ../build/initialGoalpub_py/initialGoalpub_py.egg-info/top_level.txt
writing manifest file '../build/initialGoalpub_py/initialGoalpub_py.egg-info/SOURCES.txt'
reading manifest file '../build/initialGoalpub_py/initialGoalpub_py.egg-info/SOURCES.txt'
writing manifest file '../build/initialGoalpub_py/initialGoalpub_py.egg-info/SOURCES.txt'
running build
running build_py
creating /media/muayman17/New/Muhammad/BrightSkies Test/ROS2_BlocksRearrengments/src/build/initialGoalpub_py/build
creating /media/muayman17/New/Muhammad/BrightSkies Test/ROS2_BlocksRearrengments/src/build/initialGoalpub_py/build/lib
creating /media/muayman17/New/Muhammad/BrightSkies Test/ROS2_BlocksRearrengments/src/build/initialGoalpub_py/build/lib/initialGoalpub_py
copying initialGoalpub_py/initialGoalpub.py -> /media/muayman17/New/Muhammad/BrightSkies Test/ROS2_BlocksRearrengments/src/build/initialGoalpub_py/build/lib/initialGoalpub_py
copying initialGoalpub_py/test.py -> /media/muayman17/New/Muhammad/BrightSkies Test/ROS2_BlocksRearrengments/src/build/initialGoalpub_py/build/lib/initialGoalpub_py
copying initialGoalpub_py/__init__.py -> /media/muayman17/New/Muhammad/BrightSkies Test/ROS2_BlocksRearrengments/src/build/initialGoalpub_py/build/lib/initialGoalpub_py
running install
running install_lib
creating /media/muayman17/New/Muhammad/BrightSkies Test/ROS2_BlocksRearrengments/src/install/initialGoalpub_py/lib/python3.8/site-packages/initialGoalpub_py
copying /media/muayman17/New/Muhammad/BrightSkies Test/ROS2_BlocksRearrengments/src/build/initialGoalpub_py/build/lib/initialGoalpub_py/initialGoalpub.py -> /media/muayman17/New/Muhammad/BrightSkies Test/ROS2_BlocksRearrengments/src/install/initialGoalpub_py/lib/python3.8/site-packages/initialGoalpub_py
copying /media/muayman17/New/Muhammad/BrightSkies Test/ROS2_BlocksRearrengments/src/build/initialGoalpub_py/build/lib/initialGoalpub_py/test.py -> /media/muayman17/New/Muhammad/BrightSkies Test/ROS2_BlocksRearrengments/src/install/initialGoalpub_py/lib/python3.8/site-packages/initialGoalpub_py
copying /media/muayman17/New/Muhammad/BrightSkies Test/ROS2_BlocksRearrengments/src/build/initialGoalpub_py/build/lib/initialGoalpub_py/__init__.py -> /media/muayman17/New/Muhammad/BrightSkies Test/ROS2_BlocksRearrengments/src/install/initialGoalpub_py/lib/python3.8/site-packages/initialGoalpub_py
byte-compiling /media/muayman17/New/Muhammad/BrightSkies Test/ROS2_BlocksRearrengments/src/install/initialGoalpub_py/lib/python3.8/site-packages/initialGoalpub_py/initialGoalpub.py to initialGoalpub.cpython-38.pyc
byte-compiling /media/muayman17/New/Muhammad/BrightSkies Test/ROS2_BlocksRearrengments/src/install/initialGoalpub_py/lib/python3.8/site-packages/initialGoalpub_py/test.py to test.cpython-38.pyc
byte-compiling /media/muayman17/New/Muhammad/BrightSkies Test/ROS2_BlocksRearrengments/src/install/initialGoalpub_py/lib/python3.8/site-packages/initialGoalpub_py/__init__.py to __init__.cpython-38.pyc
running install_data
creating /media/muayman17/New/Muhammad/BrightSkies Test/ROS2_BlocksRearrengments/src/install/initialGoalpub_py/share/ament_index
creating /media/muayman17/New/Muhammad/BrightSkies Test/ROS2_BlocksRearrengments/src/install/initialGoalpub_py/share/ament_index/resource_index
creating /media/muayman17/New/Muhammad/BrightSkies Test/ROS2_BlocksRearrengments/src/install/initialGoalpub_py/share/ament_index/resource_index/packages
copying resource/initialGoalpub_py -> /media/muayman17/New/Muhammad/BrightSkies Test/ROS2_BlocksRearrengments/src/install/initialGoalpub_py/share/ament_index/resource_index/packages
copying package.xml -> /media/muayman17/New/Muhammad/BrightSkies Test/ROS2_BlocksRearrengments/src/install/initialGoalpub_py/share/initialGoalpub_py
running install_egg_info
Copying ../build/initialGoalpub_py/initialGoalpub_py.egg-info to /media/muayman17/New/Muhammad/BrightSkies Test/ROS2_BlocksRearrengments/src/install/initialGoalpub_py/lib/python3.8/site-packages/initialGoalpub_py-0.0.0-py3.8.egg-info
running install_scripts
Installing initialGoalpub script to /media/muayman17/New/Muhammad/BrightSkies Test/ROS2_BlocksRearrengments/src/install/initialGoalpub_py/lib/initialGoalpub_py
writing list of installed files to '/media/muayman17/New/Muhammad/BrightSkies Test/ROS2_BlocksRearrengments/src/build/initialGoalpub_py/install.log'
