[1.502s] Invoking command in '/media/muayman17/New/Muhammad/BrightSkies Test/ROS2_BlocksRearrengments/src/initialGoalpub_py': PYTHONPATH=/media/muayman17/New/Muhammad/BrightSkies Test/ROS2_BlocksRearrengments/build/initialGoalpub_py/prefix_override:/usr/lib/python3/dist-packages/colcon_core/task/python/colcon_distutils_commands:/media/muayman17/New/Muhammad/BrightSkies Test/ROS2_BlocksRearrengments/install/initialGoalpub_py/lib/python3.8/site-packages:${PYTHONPATH} /usr/bin/python3 -W ignore:setup.py install is deprecated setup.py egg_info --egg-base ../../build/initialGoalpub_py build --build-base /media/muayman17/New/Muhammad/BrightSkies Test/ROS2_BlocksRearrengments/build/initialGoalpub_py/build install --record /media/muayman17/New/Muhammad/BrightSkies Test/ROS2_BlocksRearrengments/build/initialGoalpub_py/install.log --install-scripts $base/lib/initialGoalpub_py --single-version-externally-managed install_data
[2.819s] running egg_info
[2.838s] writing ../../build/initialGoalpub_py/initialGoalpub_py.egg-info/PKG-INFO
[2.841s] writing dependency_links to ../../build/initialGoalpub_py/initialGoalpub_py.egg-info/dependency_links.txt
[2.848s] writing entry points to ../../build/initialGoalpub_py/initialGoalpub_py.egg-info/entry_points.txt
[2.853s] writing requirements to ../../build/initialGoalpub_py/initialGoalpub_py.egg-info/requires.txt
[2.856s] writing top-level names to ../../build/initialGoalpub_py/initialGoalpub_py.egg-info/top_level.txt
[3.189s] reading manifest file '../../build/initialGoalpub_py/initialGoalpub_py.egg-info/SOURCES.txt'
[3.236s] writing manifest file '../../build/initialGoalpub_py/initialGoalpub_py.egg-info/SOURCES.txt'
[3.240s] running build
[3.241s] running build_py
[3.268s] running install
[3.275s] running install_lib
[3.346s] running install_data
[3.356s] running install_egg_info
[3.375s] removing '/media/muayman17/New/Muhammad/BrightSkies Test/ROS2_BlocksRearrengments/install/initialGoalpub_py/lib/python3.8/site-packages/initialGoalpub_py-0.0.0-py3.8.egg-info' (and everything under it)
[3.397s] Copying ../../build/initialGoalpub_py/initialGoalpub_py.egg-info to /media/muayman17/New/Muhammad/BrightSkies Test/ROS2_BlocksRearrengments/install/initialGoalpub_py/lib/python3.8/site-packages/initialGoalpub_py-0.0.0-py3.8.egg-info
[3.475s] running install_scripts
[3.596s] Installing talk script to /media/muayman17/New/Muhammad/BrightSkies Test/ROS2_BlocksRearrengments/install/initialGoalpub_py/lib/initialGoalpub_py
[3.603s] writing list of installed files to '/media/muayman17/New/Muhammad/BrightSkies Test/ROS2_BlocksRearrengments/build/initialGoalpub_py/install.log'
[3.713s] Invoked command in '/media/muayman17/New/Muhammad/BrightSkies Test/ROS2_BlocksRearrengments/src/initialGoalpub_py' returned '0': PYTHONPATH=/media/muayman17/New/Muhammad/BrightSkies Test/ROS2_BlocksRearrengments/build/initialGoalpub_py/prefix_override:/usr/lib/python3/dist-packages/colcon_core/task/python/colcon_distutils_commands:/media/muayman17/New/Muhammad/BrightSkies Test/ROS2_BlocksRearrengments/install/initialGoalpub_py/lib/python3.8/site-packages:${PYTHONPATH} /usr/bin/python3 -W ignore:setup.py install is deprecated setup.py egg_info --egg-base ../../build/initialGoalpub_py build --build-base /media/muayman17/New/Muhammad/BrightSkies Test/ROS2_BlocksRearrengments/build/initialGoalpub_py/build install --record /media/muayman17/New/Muhammad/BrightSkies Test/ROS2_BlocksRearrengments/build/initialGoalpub_py/install.log --install-scripts $base/lib/initialGoalpub_py --single-version-externally-managed install_data
