[0.027s] Invoking command in '/media/muayman17/New/Muhammad/BrightSkies Test/ROS2_BlocksRearrengments/build/CPPsub_BlocksRearrange': CMAKE_PREFIX_PATH=${CMAKE_PREFIX_PATH}:/media/muayman17/New/Muhammad/BrightSkies Test/ROS2_BlocksRearrengments/install/initialGoalpub_py:/opt/ros/foxy /usr/bin/cmake --build /media/muayman17/New/Muhammad/BrightSkies Test/ROS2_BlocksRearrengments/build/CPPsub_BlocksRearrange -- -j8 -l8
[0.073s] [35m[1mScanning dependencies of target lis[0m
[0.272s] [ 25%] [32mBuilding CXX object CMakeFiles/lis.dir/src/BFSAlgorithm.cpp.o[0m
[0.272s] [ 50%] [32mBuilding CXX object CMakeFiles/lis.dir/src/CPPsub_BlocksRearrange.cpp.o[0m
[0.719s] [01m[K/media/muayman17/New/Muhammad/BrightSkies Test/ROS2_BlocksRearrengments/src/CPPsub_BlocksRearrange/src/BFSAlgorithm.cpp:63:2:[m[K [01;35m[Kwarning: [m[Kextra ‘[01m[K;[m[K’ [[01;35m[K-Wpedantic[m[K]
[0.719s]    63 | }[01;35m[K;[m[K
[0.720s]       |  [01;35m[K^[m[K
[0.721s] [01m[K/media/muayman17/New/Muhammad/BrightSkies Test/ROS2_BlocksRearrengments/src/CPPsub_BlocksRearrange/src/BFSAlgorithm.cpp:76:2:[m[K [01;35m[Kwarning: [m[Kextra ‘[01m[K;[m[K’ [[01;35m[K-Wpedantic[m[K]
[0.721s]    76 | }[01;35m[K;[m[K
[0.721s]       |  [01;35m[K^[m[K
[0.722s] [01m[K/media/muayman17/New/Muhammad/BrightSkies Test/ROS2_BlocksRearrengments/src/CPPsub_BlocksRearrange/src/BFSAlgorithm.cpp:94:2:[m[K [01;35m[Kwarning: [m[Kextra ‘[01m[K;[m[K’ [[01;35m[K-Wpedantic[m[K]
[0.722s]    94 | }[01;35m[K;[m[K
[0.722s]       |  [01;35m[K^[m[K
[0.726s] [01m[K/media/muayman17/New/Muhammad/BrightSkies Test/ROS2_BlocksRearrengments/src/CPPsub_BlocksRearrange/src/BFSAlgorithm.cpp:[m[K In member function ‘[01m[Kstd::vector<StateSpace> BFSAlgorithm::getNextStates(const StateSpace&) const[m[K’:
[0.726s] [01m[K/media/muayman17/New/Muhammad/BrightSkies Test/ROS2_BlocksRearrengments/src/CPPsub_BlocksRearrange/src/BFSAlgorithm.cpp:101:20:[m[K [01;35m[Kwarning: [m[Kcomparison of integer expressions of different signedness: ‘[01m[Kint[m[K’ and ‘[01m[Kstd::vector<std::vector<Block> >::size_type[m[K’ {aka ‘[01m[Klong unsigned int[m[K’} [[01;35m[K-Wsign-compare[m[K]
[0.726s]   101 |  for (int i = 0; [01;35m[Ki < current.getState().size()[m[K; ++i)
[0.727s]       |                  [01;35m[K~~^~~~~~~~~~~~~~~~~~~~~~~~~~~[m[K
[0.727s] [01m[K/media/muayman17/New/Muhammad/BrightSkies Test/ROS2_BlocksRearrengments/src/CPPsub_BlocksRearrange/src/BFSAlgorithm.cpp:108:22:[m[K [01;35m[Kwarning: [m[Kcomparison of integer expressions of different signedness: ‘[01m[Kint[m[K’ and ‘[01m[Kstd::vector<std::vector<Block> >::size_type[m[K’ {aka ‘[01m[Klong unsigned int[m[K’} [[01;35m[K-Wsign-compare[m[K]
[0.728s]   108 |    for (int j = 0; [01;35m[Kj < current.getState().size()[m[K; ++j)
[0.729s]       |                    [01;35m[K~~^~~~~~~~~~~~~~~~~~~~~~~~~~~[m[K
[0.729s] [01m[K/media/muayman17/New/Muhammad/BrightSkies Test/ROS2_BlocksRearrengments/src/CPPsub_BlocksRearrange/src/BFSAlgorithm.cpp:123:22:[m[K [01;35m[Kwarning: [m[Kcomparison of integer expressions of different signedness: ‘[01m[Kint[m[K’ and ‘[01m[Kstd::vector<std::vector<Block> >::size_type[m[K’ {aka ‘[01m[Klong unsigned int[m[K’} [[01;35m[K-Wsign-compare[m[K]
[0.730s]   123 |    for (int j = 0; [01;35m[Kj < current.getState().size()[m[K; ++j)
[0.730s]       |                    [01;35m[K~~^~~~~~~~~~~~~~~~~~~~~~~~~~~[m[K
[0.736s] [01m[K/media/muayman17/New/Muhammad/BrightSkies Test/ROS2_BlocksRearrengments/src/CPPsub_BlocksRearrange/src/BFSAlgorithm.cpp:[m[K At global scope:
[0.737s] [01m[K/media/muayman17/New/Muhammad/BrightSkies Test/ROS2_BlocksRearrengments/src/CPPsub_BlocksRearrange/src/BFSAlgorithm.cpp:152:2:[m[K [01;35m[Kwarning: [m[Kextra ‘[01m[K;[m[K’ [[01;35m[K-Wpedantic[m[K]
[0.737s]   152 | }[01;35m[K;[m[K
[0.737s]       |  [01;35m[K^[m[K
[0.738s] [01m[K/media/muayman17/New/Muhammad/BrightSkies Test/ROS2_BlocksRearrengments/src/CPPsub_BlocksRearrange/src/BFSAlgorithm.cpp:[m[K In member function ‘[01m[Kvoid BFSAlgorithm::countMatches(StateSpace&)[m[K’:
[0.738s] [01m[K/media/muayman17/New/Muhammad/BrightSkies Test/ROS2_BlocksRearrengments/src/CPPsub_BlocksRearrange/src/BFSAlgorithm.cpp:173:62:[m[K [01;35m[Kwarning: [m[Kcomparison of integer expressions of different signedness: ‘[01m[Kint[m[K’ and ‘[01m[Kstd::vector<Block>::size_type[m[K’ {aka ‘[01m[Klong unsigned int[m[K’} [[01;35m[K-Wsign-compare[m[K]
[0.739s]   173 |      while (current.getState()[i][counter].isgoal && [01;35m[Kcounter < curStack.size() - 1[m[K && counter < goalStack.size() - 1) // extend the checking to the elements above
[0.739s]       |                                                      [01;35m[K~~~~~~~~^~~~~~~~~~~~~~~~~~~~~[m[K
[0.739s] [01m[K/media/muayman17/New/Muhammad/BrightSkies Test/ROS2_BlocksRearrengments/src/CPPsub_BlocksRearrange/src/BFSAlgorithm.cpp:173:95:[m[K [01;35m[Kwarning: [m[Kcomparison of integer expressions of different signedness: ‘[01m[Kint[m[K’ and ‘[01m[Kstd::vector<Block>::size_type[m[K’ {aka ‘[01m[Klong unsigned int[m[K’} [[01;35m[K-Wsign-compare[m[K]
[0.740s]   173 |      while (current.getState()[i][counter].isgoal && counter < curStack.size() - 1 && [01;35m[Kcounter < goalStack.size() - 1[m[K) // extend the checking to the elements above
[0.740s]       |                                                                                       [01;35m[K~~~~~~~~^~~~~~~~~~~~~~~~~~~~~~[m[K
[0.740s] [01m[K/media/muayman17/New/Muhammad/BrightSkies Test/ROS2_BlocksRearrengments/src/CPPsub_BlocksRearrange/src/BFSAlgorithm.cpp:[m[K At global scope:
[0.740s] [01m[K/media/muayman17/New/Muhammad/BrightSkies Test/ROS2_BlocksRearrengments/src/CPPsub_BlocksRearrange/src/BFSAlgorithm.cpp:189:2:[m[K [01;35m[Kwarning: [m[Kextra ‘[01m[K;[m[K’ [[01;35m[K-Wpedantic[m[K]
[0.741s]   189 | }[01;35m[K;[m[K
[0.741s]       |  [01;35m[K^[m[K
[0.758s] [01m[K/media/muayman17/New/Muhammad/BrightSkies Test/ROS2_BlocksRearrengments/src/CPPsub_BlocksRearrange/src/BFSAlgorithm.cpp:222:2:[m[K [01;35m[Kwarning: [m[Kextra ‘[01m[K;[m[K’ [[01;35m[K-Wpedantic[m[K]
[0.758s]   222 | }[01;35m[K;[m[K
[0.758s]       |  [01;35m[K^[m[K
[4.982s] [ 75%] [32m[1mLinking CXX executable lis[0m
[5.450s] [100%] Built target lis
[5.463s] Invoked command in '/media/muayman17/New/Muhammad/BrightSkies Test/ROS2_BlocksRearrengments/build/CPPsub_BlocksRearrange' returned '0': CMAKE_PREFIX_PATH=${CMAKE_PREFIX_PATH}:/media/muayman17/New/Muhammad/BrightSkies Test/ROS2_BlocksRearrengments/install/initialGoalpub_py:/opt/ros/foxy /usr/bin/cmake --build /media/muayman17/New/Muhammad/BrightSkies Test/ROS2_BlocksRearrengments/build/CPPsub_BlocksRearrange -- -j8 -l8
[5.501s] Invoking command in '/media/muayman17/New/Muhammad/BrightSkies Test/ROS2_BlocksRearrengments/build/CPPsub_BlocksRearrange': CMAKE_PREFIX_PATH=${CMAKE_PREFIX_PATH}:/media/muayman17/New/Muhammad/BrightSkies Test/ROS2_BlocksRearrengments/install/initialGoalpub_py:/opt/ros/foxy /usr/bin/cmake --install /media/muayman17/New/Muhammad/BrightSkies Test/ROS2_BlocksRearrengments/build/CPPsub_BlocksRearrange
[5.510s] -- Install configuration: ""
[5.511s] -- Installing: /media/muayman17/New/Muhammad/BrightSkies Test/ROS2_BlocksRearrengments/install/CPPsub_BlocksRearrange/lib/CPPsub_BlocksRearrange/lis
[5.532s] -- Set runtime path of "/media/muayman17/New/Muhammad/BrightSkies Test/ROS2_BlocksRearrengments/install/CPPsub_BlocksRearrange/lib/CPPsub_BlocksRearrange/lis" to ""
[5.533s] -- Up-to-date: /media/muayman17/New/Muhammad/BrightSkies Test/ROS2_BlocksRearrengments/install/CPPsub_BlocksRearrange/share/ament_index/resource_index/package_run_dependencies/CPPsub_BlocksRearrange
[5.535s] -- Up-to-date: /media/muayman17/New/Muhammad/BrightSkies Test/ROS2_BlocksRearrengments/install/CPPsub_BlocksRearrange/share/ament_index/resource_index/parent_prefix_path/CPPsub_BlocksRearrange
[5.535s] -- Up-to-date: /media/muayman17/New/Muhammad/BrightSkies Test/ROS2_BlocksRearrengments/install/CPPsub_BlocksRearrange/share/CPPsub_BlocksRearrange/environment/ament_prefix_path.sh
[5.536s] -- Up-to-date: /media/muayman17/New/Muhammad/BrightSkies Test/ROS2_BlocksRearrengments/install/CPPsub_BlocksRearrange/share/CPPsub_BlocksRearrange/environment/ament_prefix_path.dsv
[5.537s] -- Up-to-date: /media/muayman17/New/Muhammad/BrightSkies Test/ROS2_BlocksRearrengments/install/CPPsub_BlocksRearrange/share/CPPsub_BlocksRearrange/environment/path.sh
[5.538s] -- Up-to-date: /media/muayman17/New/Muhammad/BrightSkies Test/ROS2_BlocksRearrengments/install/CPPsub_BlocksRearrange/share/CPPsub_BlocksRearrange/environment/path.dsv
[5.539s] -- Up-to-date: /media/muayman17/New/Muhammad/BrightSkies Test/ROS2_BlocksRearrengments/install/CPPsub_BlocksRearrange/share/CPPsub_BlocksRearrange/local_setup.bash
[5.540s] -- Up-to-date: /media/muayman17/New/Muhammad/BrightSkies Test/ROS2_BlocksRearrengments/install/CPPsub_BlocksRearrange/share/CPPsub_BlocksRearrange/local_setup.sh
[5.541s] -- Up-to-date: /media/muayman17/New/Muhammad/BrightSkies Test/ROS2_BlocksRearrengments/install/CPPsub_BlocksRearrange/share/CPPsub_BlocksRearrange/local_setup.zsh
[5.542s] -- Up-to-date: /media/muayman17/New/Muhammad/BrightSkies Test/ROS2_BlocksRearrengments/install/CPPsub_BlocksRearrange/share/CPPsub_BlocksRearrange/local_setup.dsv
[5.542s] -- Installing: /media/muayman17/New/Muhammad/BrightSkies Test/ROS2_BlocksRearrengments/install/CPPsub_BlocksRearrange/share/CPPsub_BlocksRearrange/package.dsv
[5.545s] -- Up-to-date: /media/muayman17/New/Muhammad/BrightSkies Test/ROS2_BlocksRearrengments/install/CPPsub_BlocksRearrange/share/ament_index/resource_index/packages/CPPsub_BlocksRearrange
[5.546s] -- Up-to-date: /media/muayman17/New/Muhammad/BrightSkies Test/ROS2_BlocksRearrengments/install/CPPsub_BlocksRearrange/share/CPPsub_BlocksRearrange/cmake/CPPsub_BlocksRearrangeConfig.cmake
[5.549s] -- Up-to-date: /media/muayman17/New/Muhammad/BrightSkies Test/ROS2_BlocksRearrengments/install/CPPsub_BlocksRearrange/share/CPPsub_BlocksRearrange/cmake/CPPsub_BlocksRearrangeConfig-version.cmake
[5.549s] -- Up-to-date: /media/muayman17/New/Muhammad/BrightSkies Test/ROS2_BlocksRearrengments/install/CPPsub_BlocksRearrange/share/CPPsub_BlocksRearrange/package.xml
[5.553s] Invoked command in '/media/muayman17/New/Muhammad/BrightSkies Test/ROS2_BlocksRearrengments/build/CPPsub_BlocksRearrange' returned '0': CMAKE_PREFIX_PATH=${CMAKE_PREFIX_PATH}:/media/muayman17/New/Muhammad/BrightSkies Test/ROS2_BlocksRearrengments/install/initialGoalpub_py:/opt/ros/foxy /usr/bin/cmake --install /media/muayman17/New/Muhammad/BrightSkies Test/ROS2_BlocksRearrengments/build/CPPsub_BlocksRearrange
