[0.163s] DEBUG:colcon:Command line arguments: ['/usr/bin/colcon', 'build']
[0.163s] DEBUG:colcon:Parsed command line arguments: Namespace(allow_overriding=[], ament_cmake_args=None, base_paths=['.'], build_base='build', catkin_cmake_args=None, catkin_skip_building_tests=False, cmake_args=None, cmake_clean_cache=False, cmake_clean_first=False, cmake_force_configure=False, cmake_target=None, cmake_target_skip_unavailable=False, continue_on_error=False, event_handlers=None, executor='parallel', ignore_user_meta=False, install_base='install', log_base=None, log_level=None, main=<bound method BuildVerb.main of <colcon_core.verb.build.BuildVerb object at 0x7ff5b2c74eb0>>, merge_install=False, metas=['./colcon.meta'], packages_above=None, packages_above_and_dependencies=None, packages_above_depth=None, packages_end=None, packages_ignore=None, packages_ignore_regex=None, packages_select=None, packages_select_build_failed=False, packages_select_by_dep=None, packages_select_regex=None, packages_select_test_failures=False, packages_skip=None, packages_skip_build_finished=False, packages_skip_by_dep=None, packages_skip_regex=None, packages_skip_test_passed=False, packages_skip_up_to=None, packages_start=None, packages_up_to=None, packages_up_to_regex=None, parallel_workers=8, paths=None, symlink_install=False, test_result_base=None, verb_extension=<colcon_core.verb.build.BuildVerb object at 0x7ff5b2c74eb0>, verb_name='build', verb_parser=<colcon_defaults.argument_parser.defaults.DefaultArgumentsDecorator object at 0x7ff5b2c825b0>)
[0.288s] Level 1:colcon.colcon_core.package_discovery:discover_packages(colcon_meta) check parameters
[0.289s] Level 1:colcon.colcon_core.package_discovery:discover_packages(recursive) check parameters
[0.289s] Level 1:colcon.colcon_core.package_discovery:discover_packages(ignore) check parameters
[0.289s] Level 1:colcon.colcon_core.package_discovery:discover_packages(path) check parameters
[0.289s] Level 1:colcon.colcon_core.package_discovery:discover_packages(colcon_meta) discover
[0.289s] Level 1:colcon.colcon_core.package_discovery:discover_packages(recursive) discover
[0.289s] INFO:colcon.colcon_core.package_discovery:Crawling recursively for packages in '/media/muayman17/New/Muhammad/BrightSkies Test/ROS2_BlocksRearrengments'
[0.289s] Level 1:colcon.colcon_core.package_identification:_identify(.) by extensions ['ignore', 'ignore_ament_install']
[0.289s] Level 1:colcon.colcon_core.package_identification:_identify(.) by extension 'ignore'
[0.289s] Level 1:colcon.colcon_core.package_identification:_identify(.) by extension 'ignore_ament_install'
[0.290s] Level 1:colcon.colcon_core.package_identification:_identify(.) by extensions ['colcon_pkg']
[0.290s] Level 1:colcon.colcon_core.package_identification:_identify(.) by extension 'colcon_pkg'
[0.290s] Level 1:colcon.colcon_core.package_identification:_identify(.) by extensions ['colcon_meta']
[0.290s] Level 1:colcon.colcon_core.package_identification:_identify(.) by extension 'colcon_meta'
[0.290s] Level 1:colcon.colcon_core.package_identification:_identify(.) by extensions ['ros']
[0.290s] Level 1:colcon.colcon_core.package_identification:_identify(.) by extension 'ros'
[0.299s] Level 1:colcon.colcon_core.package_identification:_identify(.) by extensions ['cmake', 'python']
[0.299s] Level 1:colcon.colcon_core.package_identification:_identify(.) by extension 'cmake'
[0.299s] Level 1:colcon.colcon_core.package_identification:_identify(.) by extension 'python'
[0.299s] Level 1:colcon.colcon_core.package_identification:_identify(.) by extensions ['python_setup_py']
[0.299s] Level 1:colcon.colcon_core.package_identification:_identify(.) by extension 'python_setup_py'
[0.300s] Level 1:colcon.colcon_core.package_identification:_identify(build) by extensions ['ignore', 'ignore_ament_install']
[0.300s] Level 1:colcon.colcon_core.package_identification:_identify(build) by extension 'ignore'
[0.300s] Level 1:colcon.colcon_core.package_identification:_identify(build) ignored
[0.300s] Level 1:colcon.colcon_core.package_identification:_identify(install) by extensions ['ignore', 'ignore_ament_install']
[0.300s] Level 1:colcon.colcon_core.package_identification:_identify(install) by extension 'ignore'
[0.300s] Level 1:colcon.colcon_core.package_identification:_identify(install) ignored
[0.301s] Level 1:colcon.colcon_core.package_identification:_identify(log) by extensions ['ignore', 'ignore_ament_install']
[0.301s] Level 1:colcon.colcon_core.package_identification:_identify(log) by extension 'ignore'
[0.301s] Level 1:colcon.colcon_core.package_identification:_identify(log) ignored
[0.301s] Level 1:colcon.colcon_core.package_identification:_identify(src) by extensions ['ignore', 'ignore_ament_install']
[0.301s] Level 1:colcon.colcon_core.package_identification:_identify(src) by extension 'ignore'
[0.301s] Level 1:colcon.colcon_core.package_identification:_identify(src) by extension 'ignore_ament_install'
[0.301s] Level 1:colcon.colcon_core.package_identification:_identify(src) by extensions ['colcon_pkg']
[0.301s] Level 1:colcon.colcon_core.package_identification:_identify(src) by extension 'colcon_pkg'
[0.301s] Level 1:colcon.colcon_core.package_identification:_identify(src) by extensions ['colcon_meta']
[0.302s] Level 1:colcon.colcon_core.package_identification:_identify(src) by extension 'colcon_meta'
[0.302s] Level 1:colcon.colcon_core.package_identification:_identify(src) by extensions ['ros']
[0.302s] Level 1:colcon.colcon_core.package_identification:_identify(src) by extension 'ros'
[0.302s] Level 1:colcon.colcon_core.package_identification:_identify(src) by extensions ['cmake', 'python']
[0.302s] Level 1:colcon.colcon_core.package_identification:_identify(src) by extension 'cmake'
[0.302s] Level 1:colcon.colcon_core.package_identification:_identify(src) by extension 'python'
[0.302s] Level 1:colcon.colcon_core.package_identification:_identify(src) by extensions ['python_setup_py']
[0.302s] Level 1:colcon.colcon_core.package_identification:_identify(src) by extension 'python_setup_py'
[0.302s] Level 1:colcon.colcon_core.package_identification:_identify(src/CPPsub_BlocksRearrange) by extensions ['ignore', 'ignore_ament_install']
[0.302s] Level 1:colcon.colcon_core.package_identification:_identify(src/CPPsub_BlocksRearrange) by extension 'ignore'
[0.303s] Level 1:colcon.colcon_core.package_identification:_identify(src/CPPsub_BlocksRearrange) by extension 'ignore_ament_install'
[0.303s] Level 1:colcon.colcon_core.package_identification:_identify(src/CPPsub_BlocksRearrange) by extensions ['colcon_pkg']
[0.303s] Level 1:colcon.colcon_core.package_identification:_identify(src/CPPsub_BlocksRearrange) by extension 'colcon_pkg'
[0.303s] Level 1:colcon.colcon_core.package_identification:_identify(src/CPPsub_BlocksRearrange) by extensions ['colcon_meta']
[0.303s] Level 1:colcon.colcon_core.package_identification:_identify(src/CPPsub_BlocksRearrange) by extension 'colcon_meta'
[0.303s] Level 1:colcon.colcon_core.package_identification:_identify(src/CPPsub_BlocksRearrange) by extensions ['ros']
[0.303s] Level 1:colcon.colcon_core.package_identification:_identify(src/CPPsub_BlocksRearrange) by extension 'ros'
[0.305s] DEBUG:colcon.colcon_core.package_identification:Package 'src/CPPsub_BlocksRearrange' with type 'ros.ament_cmake' and name 'CPPsub_BlocksRearrange'
[0.306s] Level 1:colcon.colcon_core.package_identification:_identify(src/build) by extensions ['ignore', 'ignore_ament_install']
[0.306s] Level 1:colcon.colcon_core.package_identification:_identify(src/build) by extension 'ignore'
[0.306s] Level 1:colcon.colcon_core.package_identification:_identify(src/build) ignored
[0.306s] Level 1:colcon.colcon_core.package_identification:_identify(src/initialGoalpub_py) by extensions ['ignore', 'ignore_ament_install']
[0.306s] Level 1:colcon.colcon_core.package_identification:_identify(src/initialGoalpub_py) by extension 'ignore'
[0.306s] Level 1:colcon.colcon_core.package_identification:_identify(src/initialGoalpub_py) by extension 'ignore_ament_install'
[0.306s] Level 1:colcon.colcon_core.package_identification:_identify(src/initialGoalpub_py) by extensions ['colcon_pkg']
[0.307s] Level 1:colcon.colcon_core.package_identification:_identify(src/initialGoalpub_py) by extension 'colcon_pkg'
[0.307s] Level 1:colcon.colcon_core.package_identification:_identify(src/initialGoalpub_py) by extensions ['colcon_meta']
[0.307s] Level 1:colcon.colcon_core.package_identification:_identify(src/initialGoalpub_py) by extension 'colcon_meta'
[0.307s] Level 1:colcon.colcon_core.package_identification:_identify(src/initialGoalpub_py) by extensions ['ros']
[0.307s] Level 1:colcon.colcon_core.package_identification:_identify(src/initialGoalpub_py) by extension 'ros'
[0.308s] DEBUG:colcon.colcon_core.package_identification:Package 'src/initialGoalpub_py' with type 'ros.ament_python' and name 'initialGoalpub_py'
[0.308s] Level 1:colcon.colcon_core.package_identification:_identify(src/install) by extensions ['ignore', 'ignore_ament_install']
[0.308s] Level 1:colcon.colcon_core.package_identification:_identify(src/install) by extension 'ignore'
[0.308s] Level 1:colcon.colcon_core.package_identification:_identify(src/install) ignored
[0.308s] Level 1:colcon.colcon_core.package_identification:_identify(src/log) by extensions ['ignore', 'ignore_ament_install']
[0.309s] Level 1:colcon.colcon_core.package_identification:_identify(src/log) by extension 'ignore'
[0.309s] Level 1:colcon.colcon_core.package_identification:_identify(src/log) ignored
[0.309s] Level 1:colcon.colcon_core.package_discovery:discover_packages(recursive) using defaults
[0.309s] Level 1:colcon.colcon_core.package_discovery:discover_packages(ignore) discover
[0.309s] Level 1:colcon.colcon_core.package_discovery:discover_packages(ignore) using defaults
[0.309s] Level 1:colcon.colcon_core.package_discovery:discover_packages(path) discover
[0.309s] Level 1:colcon.colcon_core.package_discovery:discover_packages(path) using defaults
[0.329s] Level 1:colcon.colcon_core.package_discovery:discover_packages(prefix_path) check parameters
[0.329s] Level 1:colcon.colcon_core.package_discovery:discover_packages(prefix_path) discover
[0.333s] DEBUG:colcon.colcon_installed_package_information.package_discovery:Found 2 installed packages in /media/muayman17/New/Muhammad/BrightSkies Test/ROS2_BlocksRearrengments/install
[0.334s] DEBUG:colcon.colcon_installed_package_information.package_discovery:Found 263 installed packages in /opt/ros/foxy
[0.336s] Level 1:colcon.colcon_core.package_discovery:discover_packages(prefix_path) using defaults
[0.395s] Level 5:colcon.colcon_core.verb:set package 'CPPsub_BlocksRearrange' build argument 'cmake_args' from command line to 'None'
[0.396s] Level 5:colcon.colcon_core.verb:set package 'CPPsub_BlocksRearrange' build argument 'cmake_target' from command line to 'None'
[0.396s] Level 5:colcon.colcon_core.verb:set package 'CPPsub_BlocksRearrange' build argument 'cmake_target_skip_unavailable' from command line to 'False'
[0.396s] Level 5:colcon.colcon_core.verb:set package 'CPPsub_BlocksRearrange' build argument 'cmake_clean_cache' from command line to 'False'
[0.396s] Level 5:colcon.colcon_core.verb:set package 'CPPsub_BlocksRearrange' build argument 'cmake_clean_first' from command line to 'False'
[0.396s] Level 5:colcon.colcon_core.verb:set package 'CPPsub_BlocksRearrange' build argument 'cmake_force_configure' from command line to 'False'
[0.396s] Level 5:colcon.colcon_core.verb:set package 'CPPsub_BlocksRearrange' build argument 'ament_cmake_args' from command line to 'None'
[0.396s] Level 5:colcon.colcon_core.verb:set package 'CPPsub_BlocksRearrange' build argument 'catkin_cmake_args' from command line to 'None'
[0.396s] Level 5:colcon.colcon_core.verb:set package 'CPPsub_BlocksRearrange' build argument 'catkin_skip_building_tests' from command line to 'False'
[0.396s] DEBUG:colcon.colcon_core.verb:Building package 'CPPsub_BlocksRearrange' with the following arguments: {'ament_cmake_args': None, 'build_base': '/media/muayman17/New/Muhammad/BrightSkies Test/ROS2_BlocksRearrengments/build/CPPsub_BlocksRearrange', 'catkin_cmake_args': None, 'catkin_skip_building_tests': False, 'cmake_args': None, 'cmake_clean_cache': False, 'cmake_clean_first': False, 'cmake_force_configure': False, 'cmake_target': None, 'cmake_target_skip_unavailable': False, 'install_base': '/media/muayman17/New/Muhammad/BrightSkies Test/ROS2_BlocksRearrengments/install/CPPsub_BlocksRearrange', 'merge_install': False, 'path': '/media/muayman17/New/Muhammad/BrightSkies Test/ROS2_BlocksRearrengments/src/CPPsub_BlocksRearrange', 'symlink_install': False, 'test_result_base': None}
[0.397s] Level 5:colcon.colcon_core.verb:set package 'initialGoalpub_py' build argument 'cmake_args' from command line to 'None'
[0.397s] Level 5:colcon.colcon_core.verb:set package 'initialGoalpub_py' build argument 'cmake_target' from command line to 'None'
[0.397s] Level 5:colcon.colcon_core.verb:set package 'initialGoalpub_py' build argument 'cmake_target_skip_unavailable' from command line to 'False'
[0.397s] Level 5:colcon.colcon_core.verb:set package 'initialGoalpub_py' build argument 'cmake_clean_cache' from command line to 'False'
[0.397s] Level 5:colcon.colcon_core.verb:set package 'initialGoalpub_py' build argument 'cmake_clean_first' from command line to 'False'
[0.397s] Level 5:colcon.colcon_core.verb:set package 'initialGoalpub_py' build argument 'cmake_force_configure' from command line to 'False'
[0.397s] Level 5:colcon.colcon_core.verb:set package 'initialGoalpub_py' build argument 'ament_cmake_args' from command line to 'None'
[0.397s] Level 5:colcon.colcon_core.verb:set package 'initialGoalpub_py' build argument 'catkin_cmake_args' from command line to 'None'
[0.397s] Level 5:colcon.colcon_core.verb:set package 'initialGoalpub_py' build argument 'catkin_skip_building_tests' from command line to 'False'
[0.397s] DEBUG:colcon.colcon_core.verb:Building package 'initialGoalpub_py' with the following arguments: {'ament_cmake_args': None, 'build_base': '/media/muayman17/New/Muhammad/BrightSkies Test/ROS2_BlocksRearrengments/build/initialGoalpub_py', 'catkin_cmake_args': None, 'catkin_skip_building_tests': False, 'cmake_args': None, 'cmake_clean_cache': False, 'cmake_clean_first': False, 'cmake_force_configure': False, 'cmake_target': None, 'cmake_target_skip_unavailable': False, 'install_base': '/media/muayman17/New/Muhammad/BrightSkies Test/ROS2_BlocksRearrengments/install/initialGoalpub_py', 'merge_install': False, 'path': '/media/muayman17/New/Muhammad/BrightSkies Test/ROS2_BlocksRearrengments/src/initialGoalpub_py', 'symlink_install': False, 'test_result_base': None}
[0.398s] INFO:colcon.colcon_core.executor:Executing jobs using 'parallel' executor
[0.399s] DEBUG:colcon.colcon_parallel_executor.executor.parallel:run_until_complete
[0.399s] INFO:colcon.colcon_ros.task.ament_cmake.build:Building ROS package in '/media/muayman17/New/Muhammad/BrightSkies Test/ROS2_BlocksRearrengments/src/CPPsub_BlocksRearrange' with build type 'ament_cmake'
[0.399s] INFO:colcon.colcon_cmake.task.cmake.build:Building CMake package in '/media/muayman17/New/Muhammad/BrightSkies Test/ROS2_BlocksRearrengments/src/CPPsub_BlocksRearrange'
[0.401s] INFO:colcon.colcon_core.plugin_system:Skipping extension 'colcon_core.shell.bat': Not used on non-Windows systems
[0.402s] INFO:colcon.colcon_core.shell:Skip shell extension 'powershell' for command environment: Not usable outside of PowerShell
[0.402s] DEBUG:colcon.colcon_core.shell:Skip shell extension 'dsv' for command environment
[0.408s] INFO:colcon.colcon_ros.task.ament_python.build:Building ROS package in '/media/muayman17/New/Muhammad/BrightSkies Test/ROS2_BlocksRearrengments/src/initialGoalpub_py' with build type 'ament_python'
[0.408s] Level 1:colcon.colcon_core.shell:create_environment_hook('initialGoalpub_py', 'ament_prefix_path')
[0.409s] INFO:colcon.colcon_core.shell:Creating environment hook '/media/muayman17/New/Muhammad/BrightSkies Test/ROS2_BlocksRearrengments/install/initialGoalpub_py/share/initialGoalpub_py/hook/ament_prefix_path.ps1'
[0.411s] INFO:colcon.colcon_core.shell:Creating environment descriptor '/media/muayman17/New/Muhammad/BrightSkies Test/ROS2_BlocksRearrengments/install/initialGoalpub_py/share/initialGoalpub_py/hook/ament_prefix_path.dsv'
[0.412s] INFO:colcon.colcon_core.shell:Creating environment hook '/media/muayman17/New/Muhammad/BrightSkies Test/ROS2_BlocksRearrengments/install/initialGoalpub_py/share/initialGoalpub_py/hook/ament_prefix_path.sh'
[0.414s] INFO:colcon.colcon_core.shell:Skip shell extension 'powershell' for command environment: Not usable outside of PowerShell
[0.414s] DEBUG:colcon.colcon_core.shell:Skip shell extension 'dsv' for command environment
[0.432s] DEBUG:colcon.colcon_core.event_handler.log_command:Invoking command in '/media/muayman17/New/Muhammad/BrightSkies Test/ROS2_BlocksRearrengments/build/CPPsub_BlocksRearrange': CMAKE_PREFIX_PATH=${CMAKE_PREFIX_PATH}:/media/muayman17/New/Muhammad/BrightSkies Test/ROS2_BlocksRearrengments/install/initialGoalpub_py:/opt/ros/foxy /usr/bin/cmake --build /media/muayman17/New/Muhammad/BrightSkies Test/ROS2_BlocksRearrengments/build/CPPsub_BlocksRearrange -- -j8 -l8
[0.756s] INFO:colcon.colcon_core.task.python.build:Building Python package in '/media/muayman17/New/Muhammad/BrightSkies Test/ROS2_BlocksRearrengments/src/initialGoalpub_py'
[0.757s] INFO:colcon.colcon_core.shell:Skip shell extension 'powershell' for command environment: Not usable outside of PowerShell
[0.757s] DEBUG:colcon.colcon_core.shell:Skip shell extension 'dsv' for command environment
[1.485s] DEBUG:colcon.colcon_core.event_handler.log_command:Invoking command in '/media/muayman17/New/Muhammad/BrightSkies Test/ROS2_BlocksRearrengments/src/initialGoalpub_py': PYTHONPATH=/media/muayman17/New/Muhammad/BrightSkies Test/ROS2_BlocksRearrengments/build/initialGoalpub_py/prefix_override:/usr/lib/python3/dist-packages/colcon_core/task/python/colcon_distutils_commands:/media/muayman17/New/Muhammad/BrightSkies Test/ROS2_BlocksRearrengments/install/initialGoalpub_py/lib/python3.8/site-packages:${PYTHONPATH} /usr/bin/python3 -W ignore:setup.py install is deprecated setup.py egg_info --egg-base ../../build/initialGoalpub_py build --build-base /media/muayman17/New/Muhammad/BrightSkies Test/ROS2_BlocksRearrengments/build/initialGoalpub_py/build install --record /media/muayman17/New/Muhammad/BrightSkies Test/ROS2_BlocksRearrengments/build/initialGoalpub_py/install.log --install-scripts $base/lib/initialGoalpub_py --single-version-externally-managed install_data
[1.893s] DEBUG:colcon.colcon_core.event_handler.log_command:Invoked command in '/media/muayman17/New/Muhammad/BrightSkies Test/ROS2_BlocksRearrengments/src/initialGoalpub_py' returned '0': PYTHONPATH=/media/muayman17/New/Muhammad/BrightSkies Test/ROS2_BlocksRearrengments/build/initialGoalpub_py/prefix_override:/usr/lib/python3/dist-packages/colcon_core/task/python/colcon_distutils_commands:/media/muayman17/New/Muhammad/BrightSkies Test/ROS2_BlocksRearrengments/install/initialGoalpub_py/lib/python3.8/site-packages:${PYTHONPATH} /usr/bin/python3 -W ignore:setup.py install is deprecated setup.py egg_info --egg-base ../../build/initialGoalpub_py build --build-base /media/muayman17/New/Muhammad/BrightSkies Test/ROS2_BlocksRearrengments/build/initialGoalpub_py/build install --record /media/muayman17/New/Muhammad/BrightSkies Test/ROS2_BlocksRearrengments/build/initialGoalpub_py/install.log --install-scripts $base/lib/initialGoalpub_py --single-version-externally-managed install_data
[1.897s] Level 1:colcon.colcon_core.environment:checking '/media/muayman17/New/Muhammad/BrightSkies Test/ROS2_BlocksRearrengments/install/initialGoalpub_py' for CMake module files
[1.901s] Level 1:colcon.colcon_core.environment:checking '/media/muayman17/New/Muhammad/BrightSkies Test/ROS2_BlocksRearrengments/install/initialGoalpub_py' for CMake config files
[1.907s] Level 1:colcon.colcon_core.environment:checking '/media/muayman17/New/Muhammad/BrightSkies Test/ROS2_BlocksRearrengments/install/initialGoalpub_py/lib'
[1.907s] Level 1:colcon.colcon_core.environment:checking '/media/muayman17/New/Muhammad/BrightSkies Test/ROS2_BlocksRearrengments/install/initialGoalpub_py/bin'
[1.907s] Level 1:colcon.colcon_core.environment:checking '/media/muayman17/New/Muhammad/BrightSkies Test/ROS2_BlocksRearrengments/install/initialGoalpub_py/lib/pkgconfig/initialGoalpub_py.pc'
[1.908s] Level 1:colcon.colcon_core.environment:checking '/media/muayman17/New/Muhammad/BrightSkies Test/ROS2_BlocksRearrengments/install/initialGoalpub_py/lib/python3.8/site-packages'
[1.909s] Level 1:colcon.colcon_core.shell:create_environment_hook('initialGoalpub_py', 'pythonpath')
[1.909s] INFO:colcon.colcon_core.shell:Creating environment hook '/media/muayman17/New/Muhammad/BrightSkies Test/ROS2_BlocksRearrengments/install/initialGoalpub_py/share/initialGoalpub_py/hook/pythonpath.ps1'
[1.911s] INFO:colcon.colcon_core.shell:Creating environment descriptor '/media/muayman17/New/Muhammad/BrightSkies Test/ROS2_BlocksRearrengments/install/initialGoalpub_py/share/initialGoalpub_py/hook/pythonpath.dsv'
[1.912s] INFO:colcon.colcon_core.shell:Creating environment hook '/media/muayman17/New/Muhammad/BrightSkies Test/ROS2_BlocksRearrengments/install/initialGoalpub_py/share/initialGoalpub_py/hook/pythonpath.sh'
[1.913s] Level 1:colcon.colcon_core.environment:checking '/media/muayman17/New/Muhammad/BrightSkies Test/ROS2_BlocksRearrengments/install/initialGoalpub_py/bin'
[1.914s] Level 1:colcon.colcon_core.environment:create_environment_scripts_only(initialGoalpub_py)
[1.914s] INFO:colcon.colcon_core.shell:Creating package script '/media/muayman17/New/Muhammad/BrightSkies Test/ROS2_BlocksRearrengments/install/initialGoalpub_py/share/initialGoalpub_py/package.ps1'
[1.916s] INFO:colcon.colcon_core.shell:Creating package descriptor '/media/muayman17/New/Muhammad/BrightSkies Test/ROS2_BlocksRearrengments/install/initialGoalpub_py/share/initialGoalpub_py/package.dsv'
[1.918s] INFO:colcon.colcon_core.shell:Creating package script '/media/muayman17/New/Muhammad/BrightSkies Test/ROS2_BlocksRearrengments/install/initialGoalpub_py/share/initialGoalpub_py/package.sh'
[1.920s] INFO:colcon.colcon_core.shell:Creating package script '/media/muayman17/New/Muhammad/BrightSkies Test/ROS2_BlocksRearrengments/install/initialGoalpub_py/share/initialGoalpub_py/package.bash'
[1.921s] INFO:colcon.colcon_core.shell:Creating package script '/media/muayman17/New/Muhammad/BrightSkies Test/ROS2_BlocksRearrengments/install/initialGoalpub_py/share/initialGoalpub_py/package.zsh'
[1.923s] Level 1:colcon.colcon_core.environment:create_file_with_runtime_dependencies(/media/muayman17/New/Muhammad/BrightSkies Test/ROS2_BlocksRearrengments/install/initialGoalpub_py/share/colcon-core/packages/initialGoalpub_py)
[2.837s] DEBUG:colcon.colcon_core.event_handler.log_command:Invoked command in '/media/muayman17/New/Muhammad/BrightSkies Test/ROS2_BlocksRearrengments/build/CPPsub_BlocksRearrange' returned '2': CMAKE_PREFIX_PATH=${CMAKE_PREFIX_PATH}:/media/muayman17/New/Muhammad/BrightSkies Test/ROS2_BlocksRearrengments/install/initialGoalpub_py:/opt/ros/foxy /usr/bin/cmake --build /media/muayman17/New/Muhammad/BrightSkies Test/ROS2_BlocksRearrengments/build/CPPsub_BlocksRearrange -- -j8 -l8
[2.868s] Level 1:colcon.colcon_core.environment:create_environment_scripts_only(CPPsub_BlocksRearrange)
[2.868s] Level 1:colcon.colcon_core.environment:checking '/media/muayman17/New/Muhammad/BrightSkies Test/ROS2_BlocksRearrengments/install/CPPsub_BlocksRearrange' for CMake module files
[2.873s] Level 1:colcon.colcon_core.environment:checking '/media/muayman17/New/Muhammad/BrightSkies Test/ROS2_BlocksRearrengments/install/CPPsub_BlocksRearrange' for CMake config files
[2.876s] Level 1:colcon.colcon_core.shell:create_environment_hook('CPPsub_BlocksRearrange', 'cmake_prefix_path')
[2.877s] INFO:colcon.colcon_core.shell:Creating environment hook '/media/muayman17/New/Muhammad/BrightSkies Test/ROS2_BlocksRearrengments/install/CPPsub_BlocksRearrange/share/CPPsub_BlocksRearrange/hook/cmake_prefix_path.ps1'
[2.878s] INFO:colcon.colcon_core.shell:Creating environment descriptor '/media/muayman17/New/Muhammad/BrightSkies Test/ROS2_BlocksRearrengments/install/CPPsub_BlocksRearrange/share/CPPsub_BlocksRearrange/hook/cmake_prefix_path.dsv'
[2.879s] INFO:colcon.colcon_core.shell:Creating environment hook '/media/muayman17/New/Muhammad/BrightSkies Test/ROS2_BlocksRearrengments/install/CPPsub_BlocksRearrange/share/CPPsub_BlocksRearrange/hook/cmake_prefix_path.sh'
[2.881s] Level 1:colcon.colcon_core.environment:checking '/media/muayman17/New/Muhammad/BrightSkies Test/ROS2_BlocksRearrengments/install/CPPsub_BlocksRearrange/lib'
[2.881s] Level 1:colcon.colcon_core.environment:checking '/media/muayman17/New/Muhammad/BrightSkies Test/ROS2_BlocksRearrengments/install/CPPsub_BlocksRearrange/bin'
[2.881s] Level 1:colcon.colcon_core.environment:checking '/media/muayman17/New/Muhammad/BrightSkies Test/ROS2_BlocksRearrengments/install/CPPsub_BlocksRearrange/lib/pkgconfig/CPPsub_BlocksRearrange.pc'
[2.882s] Level 1:colcon.colcon_core.environment:checking '/media/muayman17/New/Muhammad/BrightSkies Test/ROS2_BlocksRearrengments/install/CPPsub_BlocksRearrange/lib/python3.8/site-packages'
[2.883s] Level 1:colcon.colcon_core.environment:checking '/media/muayman17/New/Muhammad/BrightSkies Test/ROS2_BlocksRearrengments/install/CPPsub_BlocksRearrange/bin'
[2.883s] INFO:colcon.colcon_core.shell:Creating package script '/media/muayman17/New/Muhammad/BrightSkies Test/ROS2_BlocksRearrengments/install/CPPsub_BlocksRearrange/share/CPPsub_BlocksRearrange/package.ps1'
[2.885s] INFO:colcon.colcon_core.shell:Creating package descriptor '/media/muayman17/New/Muhammad/BrightSkies Test/ROS2_BlocksRearrengments/install/CPPsub_BlocksRearrange/share/CPPsub_BlocksRearrange/package.dsv'
[2.886s] INFO:colcon.colcon_core.shell:Creating package script '/media/muayman17/New/Muhammad/BrightSkies Test/ROS2_BlocksRearrengments/install/CPPsub_BlocksRearrange/share/CPPsub_BlocksRearrange/package.sh'
[2.887s] INFO:colcon.colcon_core.shell:Creating package script '/media/muayman17/New/Muhammad/BrightSkies Test/ROS2_BlocksRearrengments/install/CPPsub_BlocksRearrange/share/CPPsub_BlocksRearrange/package.bash'
[2.888s] INFO:colcon.colcon_core.shell:Creating package script '/media/muayman17/New/Muhammad/BrightSkies Test/ROS2_BlocksRearrengments/install/CPPsub_BlocksRearrange/share/CPPsub_BlocksRearrange/package.zsh'
[2.889s] Level 1:colcon.colcon_core.environment:create_file_with_runtime_dependencies(/media/muayman17/New/Muhammad/BrightSkies Test/ROS2_BlocksRearrengments/install/CPPsub_BlocksRearrange/share/colcon-core/packages/CPPsub_BlocksRearrange)
[2.900s] DEBUG:colcon.colcon_parallel_executor.executor.parallel:closing loop
[2.900s] DEBUG:colcon.colcon_parallel_executor.executor.parallel:loop closed
[2.900s] DEBUG:colcon.colcon_parallel_executor.executor.parallel:run_until_complete finished with '2'
[2.900s] DEBUG:colcon.colcon_core.event_reactor:joining thread
[2.914s] INFO:colcon.colcon_core.plugin_system:Skipping extension 'colcon_notification.desktop_notification.terminal_notifier': Not used on non-Darwin systems
[2.914s] INFO:colcon.colcon_core.plugin_system:Skipping extension 'colcon_notification.desktop_notification.win32': Not used on non-Windows systems
[2.914s] INFO:colcon.colcon_notification.desktop_notification:Sending desktop notification using 'notify2'
[2.933s] DEBUG:colcon.colcon_core.event_reactor:joined thread
[2.933s] INFO:colcon.colcon_core.shell:Creating prefix script '/media/muayman17/New/Muhammad/BrightSkies Test/ROS2_BlocksRearrengments/install/local_setup.ps1'
[2.935s] INFO:colcon.colcon_core.shell:Creating prefix util module '/media/muayman17/New/Muhammad/BrightSkies Test/ROS2_BlocksRearrengments/install/_local_setup_util_ps1.py'
[2.937s] INFO:colcon.colcon_core.shell:Creating prefix chain script '/media/muayman17/New/Muhammad/BrightSkies Test/ROS2_BlocksRearrengments/install/setup.ps1'
[2.939s] INFO:colcon.colcon_core.shell:Creating prefix script '/media/muayman17/New/Muhammad/BrightSkies Test/ROS2_BlocksRearrengments/install/local_setup.sh'
[2.940s] INFO:colcon.colcon_core.shell:Creating prefix util module '/media/muayman17/New/Muhammad/BrightSkies Test/ROS2_BlocksRearrengments/install/_local_setup_util_sh.py'
[2.940s] INFO:colcon.colcon_core.shell:Creating prefix chain script '/media/muayman17/New/Muhammad/BrightSkies Test/ROS2_BlocksRearrengments/install/setup.sh'
[2.942s] INFO:colcon.colcon_core.shell:Creating prefix script '/media/muayman17/New/Muhammad/BrightSkies Test/ROS2_BlocksRearrengments/install/local_setup.bash'
[2.943s] INFO:colcon.colcon_core.shell:Creating prefix chain script '/media/muayman17/New/Muhammad/BrightSkies Test/ROS2_BlocksRearrengments/install/setup.bash'
[2.946s] INFO:colcon.colcon_core.shell:Creating prefix script '/media/muayman17/New/Muhammad/BrightSkies Test/ROS2_BlocksRearrengments/install/local_setup.zsh'
[2.947s] INFO:colcon.colcon_core.shell:Creating prefix chain script '/media/muayman17/New/Muhammad/BrightSkies Test/ROS2_BlocksRearrengments/install/setup.zsh'
