[1.627s] Invoking command in '/media/muayman17/New/Muhammad/BrightSkies Test/ROS2_BlocksRearrengments/src/initialGoalpub_py': PYTHONPATH=/media/muayman17/New/Muhammad/BrightSkies Test/ROS2_BlocksRearrengments/build/initialGoalpub_py/prefix_override:/usr/lib/python3/dist-packages/colcon_core/task/python/colcon_distutils_commands:/media/muayman17/New/Muhammad/BrightSkies Test/ROS2_BlocksRearrengments/install/initialGoalpub_py/lib/python3.8/site-packages:${PYTHONPATH} /usr/bin/python3 -W ignore:setup.py install is deprecated setup.py egg_info --egg-base ../../build/initialGoalpub_py build --build-base /media/muayman17/New/Muhammad/BrightSkies Test/ROS2_BlocksRearrengments/build/initialGoalpub_py/build install --record /media/muayman17/New/Muhammad/BrightSkies Test/ROS2_BlocksRearrengments/build/initialGoalpub_py/install.log --install-scripts $base/lib/initialGoalpub_py --single-version-externally-managed install_data
[2.296s] running egg_info
[2.299s] writing ../../build/initialGoalpub_py/initialGoalpub_py.egg-info/PKG-INFO
[2.301s] writing dependency_links to ../../build/initialGoalpub_py/initialGoalpub_py.egg-info/dependency_links.txt
[2.303s] writing entry points to ../../build/initialGoalpub_py/initialGoalpub_py.egg-info/entry_points.txt
[2.305s] writing requirements to ../../build/initialGoalpub_py/initialGoalpub_py.egg-info/requires.txt
[2.306s] writing top-level names to ../../build/initialGoalpub_py/initialGoalpub_py.egg-info/top_level.txt
[2.410s] reading manifest file '../../build/initialGoalpub_py/initialGoalpub_py.egg-info/SOURCES.txt'
[2.420s] writing manifest file '../../build/initialGoalpub_py/initialGoalpub_py.egg-info/SOURCES.txt'
[2.421s] running build
[2.422s] running build_py
[2.426s] running install
[2.429s] running install_lib
[2.445s] running install_data
[2.447s] running install_egg_info
[2.453s] removing '/media/muayman17/New/Muhammad/BrightSkies Test/ROS2_BlocksRearrengments/install/initialGoalpub_py/lib/python3.8/site-packages/initialGoalpub_py-0.0.0-py3.8.egg-info' (and everything under it)
[2.458s] Copying ../../build/initialGoalpub_py/initialGoalpub_py.egg-info to /media/muayman17/New/Muhammad/BrightSkies Test/ROS2_BlocksRearrengments/install/initialGoalpub_py/lib/python3.8/site-packages/initialGoalpub_py-0.0.0-py3.8.egg-info
[2.481s] running install_scripts
[2.535s] Installing talk script to /media/muayman17/New/Muhammad/BrightSkies Test/ROS2_BlocksRearrengments/install/initialGoalpub_py/lib/initialGoalpub_py
[2.538s] writing list of installed files to '/media/muayman17/New/Muhammad/BrightSkies Test/ROS2_BlocksRearrengments/build/initialGoalpub_py/install.log'
[2.582s] Invoked command in '/media/muayman17/New/Muhammad/BrightSkies Test/ROS2_BlocksRearrengments/src/initialGoalpub_py' returned '0': PYTHONPATH=/media/muayman17/New/Muhammad/BrightSkies Test/ROS2_BlocksRearrengments/build/initialGoalpub_py/prefix_override:/usr/lib/python3/dist-packages/colcon_core/task/python/colcon_distutils_commands:/media/muayman17/New/Muhammad/BrightSkies Test/ROS2_BlocksRearrengments/install/initialGoalpub_py/lib/python3.8/site-packages:${PYTHONPATH} /usr/bin/python3 -W ignore:setup.py install is deprecated setup.py egg_info --egg-base ../../build/initialGoalpub_py build --build-base /media/muayman17/New/Muhammad/BrightSkies Test/ROS2_BlocksRearrengments/build/initialGoalpub_py/build install --record /media/muayman17/New/Muhammad/BrightSkies Test/ROS2_BlocksRearrengments/build/initialGoalpub_py/install.log --install-scripts $base/lib/initialGoalpub_py --single-version-externally-managed install_data
