[0.028s] Invoking command in '/media/muayman17/New/Muhammad/BrightSkies Test/ROS2_BlocksRearrengments/build/CPPsub_BlocksRearrange': CMAKE_PREFIX_PATH=/opt/ros/foxy /usr/bin/cmake --build /media/muayman17/New/Muhammad/BrightSkies Test/ROS2_BlocksRearrengments/build/CPPsub_BlocksRearrange -- -j8 -l8
[0.092s] [35m[1mScanning dependencies of target lis[0m
[0.272s] [ 25%] [32mBuilding CXX object CMakeFiles/lis.dir/src/BFSAlgorithm.cpp.o[0m
[0.273s] [ 50%] [32mBuilding CXX object CMakeFiles/lis.dir/src/CPPsub_BlocksRearrange.cpp.o[0m
[0.274s] [ 75%] [32mBuilding CXX object CMakeFiles/lis.dir/src/StateSpace.cpp.o[0m
[0.371s] [01m[K/media/muayman17/New/Muhammad/BrightSkies Test/ROS2_BlocksRearrengments/src/CPPsub_BlocksRearrange/src/StateSpace.cpp:10:10:[m[K [01;31m[Kfatal error: [m[KStateSpace.h: No such file or directory
[0.371s]    10 | #include [01;31m[K"StateSpace.h"[m[K
[0.371s]       |          [01;31m[K^~~~~~~~~~~~~~[m[K
[0.372s] compilation terminated.
[0.372s] [01m[K/media/muayman17/New/Muhammad/BrightSkies Test/ROS2_BlocksRearrengments/src/CPPsub_BlocksRearrange/src/BFSAlgorithm.cpp:9:10:[m[K [01;31m[Kfatal error: [m[KBFSAlgorithm.h: No such file or directory
[0.373s]     9 | #include [01;31m[K"BFSAlgorithm.h"[m[K
[0.373s]       |          [01;31m[K^~~~~~~~~~~~~~~~[m[K
[0.373s] compilation terminated.
[0.374s] make[2]: *** [CMakeFiles/lis.dir/build.make:89: CMakeFiles/lis.dir/src/StateSpace.cpp.o] Error 1
[0.374s] make[2]: *** Waiting for unfinished jobs....
[0.374s] make[2]: *** [CMakeFiles/lis.dir/build.make:76: CMakeFiles/lis.dir/src/BFSAlgorithm.cpp.o] Error 1
[1.659s] In file included from [01m[K/media/muayman17/New/Muhammad/BrightSkies Test/ROS2_BlocksRearrengments/src/CPPsub_BlocksRearrange/src/../include/CPPsub_BlocksRearrange/BFSAlgorithm.h:8[m[K,
[1.659s]                  from [01m[K/media/muayman17/New/Muhammad/BrightSkies Test/ROS2_BlocksRearrengments/src/CPPsub_BlocksRearrange/src/CPPsub_BlocksRearrange.cpp:6[m[K:
[1.660s] [01m[K/media/muayman17/New/Muhammad/BrightSkies Test/ROS2_BlocksRearrengments/src/CPPsub_BlocksRearrange/src/../include/CPPsub_BlocksRearrange/StateSpace.h:40:11:[m[K [01;31m[Kerror: [m[Kextra qualification ‘[01m[KStateSpace::[m[K’ on member ‘[01m[KsetBlockGoal[m[K’ [[01;31m[K-fpermissive[m[K]
[1.660s]    40 |      void [01;31m[KStateSpace[m[K::setBlockGoal(int x, int y);
[1.660s]       |           [01;31m[K^~~~~~~~~~[m[K
[2.980s] make[2]: *** [CMakeFiles/lis.dir/build.make:63: CMakeFiles/lis.dir/src/CPPsub_BlocksRearrange.cpp.o] Error 1
[2.981s] make[1]: *** [CMakeFiles/Makefile2:78: CMakeFiles/lis.dir/all] Error 2
[2.981s] make: *** [Makefile:141: all] Error 2
[2.983s] Invoked command in '/media/muayman17/New/Muhammad/BrightSkies Test/ROS2_BlocksRearrengments/build/CPPsub_BlocksRearrange' returned '2': CMAKE_PREFIX_PATH=/opt/ros/foxy /usr/bin/cmake --build /media/muayman17/New/Muhammad/BrightSkies Test/ROS2_BlocksRearrengments/build/CPPsub_BlocksRearrange -- -j8 -l8
