[0.037s] Invoking command in '/media/muayman17/New/Muhammad/BrightSkies Test/ROS2_BlocksRearrengments/build/CPPsub_BlocksRearrange': CMAKE_PREFIX_PATH=${CMAKE_PREFIX_PATH}:/media/muayman17/New/Muhammad/BrightSkies Test/ROS2_BlocksRearrengments/install/initialGoalpub_py:/opt/ros/foxy /usr/bin/cmake --build /media/muayman17/New/Muhammad/BrightSkies Test/ROS2_BlocksRearrengments/build/CPPsub_BlocksRearrange -- -j8 -l8
[0.101s] [ 40%] [32mBuilding CXX object CMakeFiles/lis.dir/src/StateSpace.cpp.o[0m
[0.101s] [ 40%] [32mBuilding CXX object CMakeFiles/lis.dir/src/BFSAlgorithm.cpp.o[0m
[0.103s] [ 80%] [32mBuilding CXX object CMakeFiles/lis.dir/src/CPPsub_BlocksRearrange.cpp.o[0m
[0.104s] [ 80%] [32mBuilding CXX object CMakeFiles/lis.dir/src/blockArrangementSub.cpp.o[0m
[0.591s] In file included from [01m[K/media/muayman17/New/Muhammad/BrightSkies Test/ROS2_BlocksRearrengments/src/CPPsub_BlocksRearrange/src/../include/CPPsub_BlocksRearrange/BFSAlgorithm.h:8[m[K,
[0.592s]                  from [01m[K/media/muayman17/New/Muhammad/BrightSkies Test/ROS2_BlocksRearrengments/src/CPPsub_BlocksRearrange/src/BFSAlgorithm.cpp:9[m[K:
[0.592s] [01m[K/media/muayman17/New/Muhammad/BrightSkies Test/ROS2_BlocksRearrengments/src/CPPsub_BlocksRearrange/src/../include/CPPsub_BlocksRearrange/StateSpace.h:[m[K In constructor ‘[01m[KStateSpace::StateSpace(State)[m[K’:
[0.592s] [01m[K/media/muayman17/New/Muhammad/BrightSkies Test/ROS2_BlocksRearrengments/src/CPPsub_BlocksRearrange/src/../include/CPPsub_BlocksRearrange/StateSpace.h:33:23:[m[K [01;35m[Kwarning: [m[Kunused parameter ‘[01m[Ks[m[K’ [[01;35m[K-Wunused-parameter[m[K]
[0.593s]    33 |      StateSpace([01;35m[KState s[m[K) {}
[0.593s]       |                 [01;35m[K~~~~~~^[m[K
[0.593s] [01m[K/media/muayman17/New/Muhammad/BrightSkies Test/ROS2_BlocksRearrengments/src/CPPsub_BlocksRearrange/src/../include/CPPsub_BlocksRearrange/StateSpace.h:[m[K In constructor ‘[01m[KStateSpace::StateSpace(State, Moves)[m[K’:
[0.594s] [01m[K/media/muayman17/New/Muhammad/BrightSkies Test/ROS2_BlocksRearrengments/src/CPPsub_BlocksRearrange/src/../include/CPPsub_BlocksRearrange/StateSpace.h:34:23:[m[K [01;35m[Kwarning: [m[Kunused parameter ‘[01m[Ks[m[K’ [[01;35m[K-Wunused-parameter[m[K]
[0.594s]    34 |      StateSpace([01;35m[KState s[m[K, Moves m) {}
[0.594s]       |                 [01;35m[K~~~~~~^[m[K
[0.595s] [01m[K/media/muayman17/New/Muhammad/BrightSkies Test/ROS2_BlocksRearrengments/src/CPPsub_BlocksRearrange/src/../include/CPPsub_BlocksRearrange/StateSpace.h:34:32:[m[K [01;35m[Kwarning: [m[Kunused parameter ‘[01m[Km[m[K’ [[01;35m[K-Wunused-parameter[m[K]
[0.595s]    34 |      StateSpace(State s, [01;35m[KMoves m[m[K) {}
[0.595s]       |                          [01;35m[K~~~~~~^[m[K
[0.595s] [01m[K/media/muayman17/New/Muhammad/BrightSkies Test/ROS2_BlocksRearrengments/src/CPPsub_BlocksRearrange/src/../include/CPPsub_BlocksRearrange/StateSpace.h:[m[K In constructor ‘[01m[KStateSpace::StateSpace(State, Moves, int)[m[K’:
[0.596s] [01m[K/media/muayman17/New/Muhammad/BrightSkies Test/ROS2_BlocksRearrengments/src/CPPsub_BlocksRearrange/src/../include/CPPsub_BlocksRearrange/StateSpace.h:35:23:[m[K [01;35m[Kwarning: [m[Kunused parameter ‘[01m[Ks[m[K’ [[01;35m[K-Wunused-parameter[m[K]
[0.596s]    35 |      StateSpace([01;35m[KState s[m[K, Moves m, int f) {}
[0.597s]       |                 [01;35m[K~~~~~~^[m[K
[0.597s] [01m[K/media/muayman17/New/Muhammad/BrightSkies Test/ROS2_BlocksRearrengments/src/CPPsub_BlocksRearrange/src/../include/CPPsub_BlocksRearrange/StateSpace.h:35:32:[m[K [01;35m[Kwarning: [m[Kunused parameter ‘[01m[Km[m[K’ [[01;35m[K-Wunused-parameter[m[K]
[0.597s]    35 |      StateSpace(State s, [01;35m[KMoves m[m[K, int f) {}
[0.598s]       |                          [01;35m[K~~~~~~^[m[K
[0.598s] [01m[K/media/muayman17/New/Muhammad/BrightSkies Test/ROS2_BlocksRearrengments/src/CPPsub_BlocksRearrange/src/../include/CPPsub_BlocksRearrange/StateSpace.h:35:39:[m[K [01;35m[Kwarning: [m[Kunused parameter ‘[01m[Kf[m[K’ [[01;35m[K-Wunused-parameter[m[K]
[0.599s]    35 |      StateSpace(State s, Moves m, [01;35m[Kint f[m[K) {}
[0.599s]       |                                   [01;35m[K~~~~^[m[K
[0.600s] [01m[K/media/muayman17/New/Muhammad/BrightSkies Test/ROS2_BlocksRearrengments/src/CPPsub_BlocksRearrange/src/../include/CPPsub_BlocksRearrange/StateSpace.h:[m[K In member function ‘[01m[Kvoid StateSpace::setState(State)[m[K’:
[0.601s] [01m[K/media/muayman17/New/Muhammad/BrightSkies Test/ROS2_BlocksRearrengments/src/CPPsub_BlocksRearrange/src/../include/CPPsub_BlocksRearrange/StateSpace.h:38:26:[m[K [01;35m[Kwarning: [m[Kunused parameter ‘[01m[Ks[m[K’ [[01;35m[K-Wunused-parameter[m[K]
[0.601s]    38 |      void setState([01;35m[KState s[m[K) {};
[0.602s]       |                    [01;35m[K~~~~~~^[m[K
[0.602s] [01m[K/media/muayman17/New/Muhammad/BrightSkies Test/ROS2_BlocksRearrengments/src/CPPsub_BlocksRearrange/src/../include/CPPsub_BlocksRearrange/StateSpace.h:[m[K In member function ‘[01m[Kvoid StateSpace::setMoves(Moves)[m[K’:
[0.602s] [01m[K/media/muayman17/New/Muhammad/BrightSkies Test/ROS2_BlocksRearrengments/src/CPPsub_BlocksRearrange/src/../include/CPPsub_BlocksRearrange/StateSpace.h:39:26:[m[K [01;35m[Kwarning: [m[Kunused parameter ‘[01m[Km[m[K’ [[01;35m[K-Wunused-parameter[m[K]
[0.603s]    39 |      void setMoves([01;35m[KMoves m[m[K) {};
[0.603s]       |                    [01;35m[K~~~~~~^[m[K
[0.603s] [01m[K/media/muayman17/New/Muhammad/BrightSkies Test/ROS2_BlocksRearrengments/src/CPPsub_BlocksRearrange/src/../include/CPPsub_BlocksRearrange/StateSpace.h:[m[K In member function ‘[01m[Kvoid StateSpace::setFixedCount(int)[m[K’:
[0.603s] [01m[K/media/muayman17/New/Muhammad/BrightSkies Test/ROS2_BlocksRearrengments/src/CPPsub_BlocksRearrange/src/../include/CPPsub_BlocksRearrange/StateSpace.h:40:29:[m[K [01;35m[Kwarning: [m[Kunused parameter ‘[01m[Kf[m[K’ [[01;35m[K-Wunused-parameter[m[K]
[0.604s]    40 |      void setFixedCount([01;35m[Kint f[m[K) {};
[0.604s]       |                         [01;35m[K~~~~^[m[K
[0.604s] [01m[K/media/muayman17/New/Muhammad/BrightSkies Test/ROS2_BlocksRearrengments/src/CPPsub_BlocksRearrange/src/../include/CPPsub_BlocksRearrange/StateSpace.h:[m[K In member function ‘[01m[KState StateSpace::getState() const[m[K’:
[0.604s] [01m[K/media/muayman17/New/Muhammad/BrightSkies Test/ROS2_BlocksRearrengments/src/CPPsub_BlocksRearrange/src/../include/CPPsub_BlocksRearrange/StateSpace.h:43:30:[m[K [01;35m[Kwarning: [m[Kno return statement in function returning non-void [[01;35m[K-Wreturn-type[m[K]
[0.605s]    43 |      State getState() const {[01;35m[K}[m[K;
[0.605s]       |                              [01;35m[K^[m[K
[0.605s] [01m[K/media/muayman17/New/Muhammad/BrightSkies Test/ROS2_BlocksRearrengments/src/CPPsub_BlocksRearrange/src/../include/CPPsub_BlocksRearrange/StateSpace.h:[m[K In member function ‘[01m[KMoves StateSpace::getMoves() const[m[K’:
[0.606s] [01m[K/media/muayman17/New/Muhammad/BrightSkies Test/ROS2_BlocksRearrengments/src/CPPsub_BlocksRearrange/src/../include/CPPsub_BlocksRearrange/StateSpace.h:44:30:[m[K [01;35m[Kwarning: [m[Kno return statement in function returning non-void [[01;35m[K-Wreturn-type[m[K]
[0.606s]    44 |      Moves getMoves() const {[01;35m[K}[m[K;
[0.606s]       |                              [01;35m[K^[m[K
[0.607s] [01m[K/media/muayman17/New/Muhammad/BrightSkies Test/ROS2_BlocksRearrengments/src/CPPsub_BlocksRearrange/src/../include/CPPsub_BlocksRearrange/StateSpace.h:[m[K In member function ‘[01m[Kint StateSpace::getFixedCount() const[m[K’:
[0.607s] [01m[K/media/muayman17/New/Muhammad/BrightSkies Test/ROS2_BlocksRearrengments/src/CPPsub_BlocksRearrange/src/../include/CPPsub_BlocksRearrange/StateSpace.h:45:33:[m[K [01;35m[Kwarning: [m[Kno return statement in function returning non-void [[01;35m[K-Wreturn-type[m[K]
[0.607s]    45 |      int getFixedCount() const {[01;35m[K}[m[K;
[0.607s]       |                                 [01;35m[K^[m[K
[0.608s] [01m[K/media/muayman17/New/Muhammad/BrightSkies Test/ROS2_BlocksRearrengments/src/CPPsub_BlocksRearrange/src/../include/CPPsub_BlocksRearrange/StateSpace.h:[m[K In member function ‘[01m[Kbool StateSpace::operator<(const StateSpace&) const[m[K’:
[0.608s] [01m[K/media/muayman17/New/Muhammad/BrightSkies Test/ROS2_BlocksRearrengments/src/CPPsub_BlocksRearrange/src/../include/CPPsub_BlocksRearrange/StateSpace.h:48:53:[m[K [01;35m[Kwarning: [m[Kno return statement in function returning non-void [[01;35m[K-Wreturn-type[m[K]
[0.608s]    48 |      bool operator<(const StateSpace &other) const {[01;35m[K}[m[K;
[0.609s]       |                                                     [01;35m[K^[m[K
[0.609s] [01m[K/media/muayman17/New/Muhammad/BrightSkies Test/ROS2_BlocksRearrengments/src/CPPsub_BlocksRearrange/src/../include/CPPsub_BlocksRearrange/StateSpace.h:48:39:[m[K [01;35m[Kwarning: [m[Kunused parameter ‘[01m[Kother[m[K’ [[01;35m[K-Wunused-parameter[m[K]
[0.609s]    48 |      bool operator<([01;35m[Kconst StateSpace &other[m[K) const {};
[0.610s]       |                     [01;35m[K~~~~~~~~~~~~~~~~~~^~~~~[m[K
[0.610s] In file included from [01m[K/media/muayman17/New/Muhammad/BrightSkies Test/ROS2_BlocksRearrengments/src/CPPsub_BlocksRearrange/src/BFSAlgorithm.cpp:9[m[K:
[0.610s] [01m[K/media/muayman17/New/Muhammad/BrightSkies Test/ROS2_BlocksRearrengments/src/CPPsub_BlocksRearrange/src/../include/CPPsub_BlocksRearrange/BFSAlgorithm.h:[m[K In constructor ‘[01m[KBFSAlgorithm::BFSAlgorithm(std::string)[m[K’:
[0.611s] [01m[K/media/muayman17/New/Muhammad/BrightSkies Test/ROS2_BlocksRearrengments/src/CPPsub_BlocksRearrange/src/../include/CPPsub_BlocksRearrange/BFSAlgorithm.h:26:26:[m[K [01;35m[Kwarning: [m[Kunused parameter ‘[01m[Kpub_msg[m[K’ [[01;35m[K-Wunused-parameter[m[K]
[0.611s]    26 |      BFSAlgorithm([01;35m[Kstring pub_msg[m[K) {}
[0.611s]       |                   [01;35m[K~~~~~~~^~~~~~~[m[K
[0.612s] In file included from [01m[K/media/muayman17/New/Muhammad/BrightSkies Test/ROS2_BlocksRearrengments/src/CPPsub_BlocksRearrange/src/BFSAlgorithm.cpp:9[m[K:
[0.612s] [01m[K/media/muayman17/New/Muhammad/BrightSkies Test/ROS2_BlocksRearrengments/src/CPPsub_BlocksRearrange/src/../include/CPPsub_BlocksRearrange/BFSAlgorithm.h:[m[K In member function ‘[01m[Kstd::vector<std::__cxx11::basic_string<char> > BFSAlgorithm::StringToVector(std::string, char)[m[K’:
[0.612s] [01m[K/media/muayman17/New/Muhammad/BrightSkies Test/ROS2_BlocksRearrengments/src/CPPsub_BlocksRearrange/src/../include/CPPsub_BlocksRearrange/BFSAlgorithm.h:29:65:[m[K [01;35m[Kwarning: [m[Kno return statement in function returning non-void [[01;35m[K-Wreturn-type[m[K]
[0.613s]    29 |      vector<string> StringToVector(string pub_msg, char delim) {[01;35m[K}[m[K
[0.613s]       |                                                                 [01;35m[K^[m[K
[0.613s] [01m[K/media/muayman17/New/Muhammad/BrightSkies Test/ROS2_BlocksRearrengments/src/CPPsub_BlocksRearrange/src/../include/CPPsub_BlocksRearrange/BFSAlgorithm.h:29:43:[m[K [01;35m[Kwarning: [m[Kunused parameter ‘[01m[Kpub_msg[m[K’ [[01;35m[K-Wunused-parameter[m[K]
[0.614s]    29 |      vector<string> StringToVector([01;35m[Kstring pub_msg[m[K, char delim) {}
[0.615s]       |                                    [01;35m[K~~~~~~~^~~~~~~[m[K
[0.615s] [01m[K/media/muayman17/New/Muhammad/BrightSkies Test/ROS2_BlocksRearrengments/src/CPPsub_BlocksRearrange/src/../include/CPPsub_BlocksRearrange/BFSAlgorithm.h:29:57:[m[K [01;35m[Kwarning: [m[Kunused parameter ‘[01m[Kdelim[m[K’ [[01;35m[K-Wunused-parameter[m[K]
[0.616s]    29 |      vector<string> StringToVector(string pub_msg, [01;35m[Kchar delim[m[K) {}
[0.616s]       |                                                    [01;35m[K~~~~~^~~~~[m[K
[0.617s] [01m[K/media/muayman17/New/Muhammad/BrightSkies Test/ROS2_BlocksRearrengments/src/CPPsub_BlocksRearrange/src/../include/CPPsub_BlocksRearrange/BFSAlgorithm.h:[m[K In member function ‘[01m[Kstd::string BFSAlgorithm::VectorToString(const State&) const[m[K’:
[0.618s] [01m[K/media/muayman17/New/Muhammad/BrightSkies Test/ROS2_BlocksRearrengments/src/CPPsub_BlocksRearrange/src/../include/CPPsub_BlocksRearrange/BFSAlgorithm.h:32:55:[m[K [01;35m[Kwarning: [m[Kno return statement in function returning non-void [[01;35m[K-Wreturn-type[m[K]
[0.618s]    32 |      string VectorToString(const State &state) const {[01;35m[K}[m[K
[0.619s]       |                                                       [01;35m[K^[m[K
[0.619s] [01m[K/media/muayman17/New/Muhammad/BrightSkies Test/ROS2_BlocksRearrengments/src/CPPsub_BlocksRearrange/src/../include/CPPsub_BlocksRearrange/BFSAlgorithm.h:32:41:[m[K [01;35m[Kwarning: [m[Kunused parameter ‘[01m[Kstate[m[K’ [[01;35m[K-Wunused-parameter[m[K]
[0.620s]    32 |      string VectorToString([01;35m[Kconst State &state[m[K) const {}
[0.620s]       |                            [01;35m[K~~~~~~~~~~~~~^~~~~[m[K
[0.621s] [01m[K/media/muayman17/New/Muhammad/BrightSkies Test/ROS2_BlocksRearrengments/src/CPPsub_BlocksRearrange/src/../include/CPPsub_BlocksRearrange/BFSAlgorithm.h:[m[K In member function ‘[01m[Kbool BFSAlgorithm::IsGoal(const State&) const[m[K’:
[0.621s] [01m[K/media/muayman17/New/Muhammad/BrightSkies Test/ROS2_BlocksRearrengments/src/CPPsub_BlocksRearrange/src/../include/CPPsub_BlocksRearrange/BFSAlgorithm.h:35:47:[m[K [01;35m[Kwarning: [m[Kno return statement in function returning non-void [[01;35m[K-Wreturn-type[m[K]
[0.621s]    35 |      bool IsGoal(const State &current) const {[01;35m[K}[m[K
[0.622s]       |                                               [01;35m[K^[m[K
[0.622s] [01m[K/media/muayman17/New/Muhammad/BrightSkies Test/ROS2_BlocksRearrengments/src/CPPsub_BlocksRearrange/src/../include/CPPsub_BlocksRearrange/BFSAlgorithm.h:35:31:[m[K [01;35m[Kwarning: [m[Kunused parameter ‘[01m[Kcurrent[m[K’ [[01;35m[K-Wunused-parameter[m[K]
[0.623s]    35 |      bool IsGoal([01;35m[Kconst State &current[m[K) const {}
[0.623s]       |                  [01;35m[K~~~~~~~~~~~~~^~~~~~~[m[K
[0.624s] [01m[K/media/muayman17/New/Muhammad/BrightSkies Test/ROS2_BlocksRearrengments/src/CPPsub_BlocksRearrange/src/../include/CPPsub_BlocksRearrange/BFSAlgorithm.h:[m[K In member function ‘[01m[Kstd::vector<StateSpace> BFSAlgorithm::getNextStates(const StateSpace&) const[m[K’:
[0.624s] [01m[K/media/muayman17/New/Muhammad/BrightSkies Test/ROS2_BlocksRearrengments/src/CPPsub_BlocksRearrange/src/../include/CPPsub_BlocksRearrange/BFSAlgorithm.h:38:73:[m[K [01;35m[Kwarning: [m[Kno return statement in function returning non-void [[01;35m[K-Wreturn-type[m[K]
[0.624s]    38 |      vector<StateSpace> getNextStates(const StateSpace &current) const {[01;35m[K}[m[K
[0.625s]       |                                                                         [01;35m[K^[m[K
[0.625s] [01m[K/media/muayman17/New/Muhammad/BrightSkies Test/ROS2_BlocksRearrengments/src/CPPsub_BlocksRearrange/src/../include/CPPsub_BlocksRearrange/BFSAlgorithm.h:38:57:[m[K [01;35m[Kwarning: [m[Kunused parameter ‘[01m[Kcurrent[m[K’ [[01;35m[K-Wunused-parameter[m[K]
[0.625s]    38 |      vector<StateSpace> getNextStates([01;35m[Kconst StateSpace &current[m[K) const {}
[0.626s]       |                                       [01;35m[K~~~~~~~~~~~~~~~~~~^~~~~~~[m[K
[0.626s] [01m[K/media/muayman17/New/Muhammad/BrightSkies Test/ROS2_BlocksRearrengments/src/CPPsub_BlocksRearrange/src/../include/CPPsub_BlocksRearrange/BFSAlgorithm.h:[m[K In member function ‘[01m[Kvoid BFSAlgorithm::countMatches(StateSpace&)[m[K’:
[0.626s] [01m[K/media/muayman17/New/Muhammad/BrightSkies Test/ROS2_BlocksRearrengments/src/CPPsub_BlocksRearrange/src/../include/CPPsub_BlocksRearrange/BFSAlgorithm.h:41:36:[m[K [01;35m[Kwarning: [m[Kunused parameter ‘[01m[Kcurrent[m[K’ [[01;35m[K-Wunused-parameter[m[K]
[0.627s]    41 |      void countMatches([01;35m[KStateSpace &current[m[K) {}
[0.627s]       |                        [01;35m[K~~~~~~~~~~~~^~~~~~~[m[K
[0.628s] [01m[K/media/muayman17/New/Muhammad/BrightSkies Test/ROS2_BlocksRearrengments/src/CPPsub_BlocksRearrange/src/../include/CPPsub_BlocksRearrange/BFSAlgorithm.h:[m[K In member function ‘[01m[KMoves BFSAlgorithm::BFS_Algorithm()[m[K’:
[0.628s] [01m[K/media/muayman17/New/Muhammad/BrightSkies Test/ROS2_BlocksRearrengments/src/CPPsub_BlocksRearrange/src/../include/CPPsub_BlocksRearrange/BFSAlgorithm.h:44:29:[m[K [01;35m[Kwarning: [m[Kno return statement in function returning non-void [[01;35m[K-Wreturn-type[m[K]
[0.629s]    44 |      Moves BFS_Algorithm() {[01;35m[K}[m[K
[0.630s]       |                             [01;35m[K^[m[K
[0.630s] [01m[K/media/muayman17/New/Muhammad/BrightSkies Test/ROS2_BlocksRearrengments/src/CPPsub_BlocksRearrange/src/BFSAlgorithm.cpp:[m[K At global scope:
[0.631s] [01m[K/media/muayman17/New/Muhammad/BrightSkies Test/ROS2_BlocksRearrengments/src/CPPsub_BlocksRearrange/src/BFSAlgorithm.cpp:21:1:[m[K [01;31m[Kerror: [m[Kredefinition of ‘[01m[KBFSAlgorithm::BFSAlgorithm(std::string)[m[K’
[0.631s]    21 | [01;31m[KBFSAlgorithm[m[K::BFSAlgorithm(string pub_msg)
[0.632s]       | [01;31m[K^~~~~~~~~~~~[m[K
[0.633s] In file included from [01m[K/media/muayman17/New/Muhammad/BrightSkies Test/ROS2_BlocksRearrengments/src/CPPsub_BlocksRearrange/src/BFSAlgorithm.cpp:9[m[K:
[0.633s] [01m[K/media/muayman17/New/Muhammad/BrightSkies Test/ROS2_BlocksRearrengments/src/CPPsub_BlocksRearrange/src/../include/CPPsub_BlocksRearrange/BFSAlgorithm.h:26:6:[m[K [01;36m[Knote: [m[K‘[01m[KBFSAlgorithm::BFSAlgorithm(std::string)[m[K’ previously defined here
[0.634s]    26 |      [01;36m[KBFSAlgorithm[m[K(string pub_msg) {}
[0.637s]       |      [01;36m[K^~~~~~~~~~~~[m[K
[0.637s] [01m[K/media/muayman17/New/Muhammad/BrightSkies Test/ROS2_BlocksRearrengments/src/CPPsub_BlocksRearrange/src/BFSAlgorithm.cpp:55:16:[m[K [01;31m[Kerror: [m[Kredefinition of ‘[01m[Kstd::vector<std::__cxx11::basic_string<char> > BFSAlgorithm::StringToVector(std::string, char)[m[K’
[0.637s]    55 | vector<string> [01;31m[KBFSAlgorithm[m[K::StringToVector(string pub_msg, char delim)
[0.638s]       |                [01;31m[K^~~~~~~~~~~~[m[K
[0.638s] In file included from [01m[K/media/muayman17/New/Muhammad/BrightSkies Test/ROS2_BlocksRearrengments/src/CPPsub_BlocksRearrange/src/BFSAlgorithm.cpp:9[m[K:
[0.643s] [01m[K/media/muayman17/New/Muhammad/BrightSkies Test/ROS2_BlocksRearrengments/src/CPPsub_BlocksRearrange/src/../include/CPPsub_BlocksRearrange/BFSAlgorithm.h:29:21:[m[K [01;36m[Knote: [m[K‘[01m[Kstd::vector<std::__cxx11::basic_string<char> > BFSAlgorithm::StringToVector(std::string, char)[m[K’ previously defined here
[0.652s]    29 |      vector<string> [01;36m[KStringToVector[m[K(string pub_msg, char delim) {}
[0.653s]       |                     [01;36m[K^~~~~~~~~~~~~~[m[K
[0.668s] [01m[K/media/muayman17/New/Muhammad/BrightSkies Test/ROS2_BlocksRearrengments/src/CPPsub_BlocksRearrange/src/BFSAlgorithm.cpp:63:2:[m[K [01;35m[Kwarning: [m[Kextra ‘[01m[K;[m[K’ [[01;35m[K-Wpedantic[m[K]
[0.668s]    63 | }[01;35m[K;[m[K
[0.668s]       |  [01;35m[K^[m[K
[0.669s] [01m[K/media/muayman17/New/Muhammad/BrightSkies Test/ROS2_BlocksRearrengments/src/CPPsub_BlocksRearrange/src/BFSAlgorithm.cpp:66:8:[m[K [01;31m[Kerror: [m[Kredefinition of ‘[01m[Kstd::string BFSAlgorithm::VectorToString(const State&) const[m[K’
[0.669s]    66 | string [01;31m[KBFSAlgorithm[m[K::VectorToString(const State &state) const
[0.670s]       |        [01;31m[K^~~~~~~~~~~~[m[K
[0.670s] In file included from [01m[K/media/muayman17/New/Muhammad/BrightSkies Test/ROS2_BlocksRearrengments/src/CPPsub_BlocksRearrange/src/BFSAlgorithm.cpp:9[m[K:
[0.670s] [01m[K/media/muayman17/New/Muhammad/BrightSkies Test/ROS2_BlocksRearrengments/src/CPPsub_BlocksRearrange/src/../include/CPPsub_BlocksRearrange/BFSAlgorithm.h:32:13:[m[K [01;36m[Knote: [m[K‘[01m[Kstd::string BFSAlgorithm::VectorToString(const State&) const[m[K’ previously defined here
[0.671s]    32 |      string [01;36m[KVectorToString[m[K(const State &state) const {}
[0.672s]       |             [01;36m[K^~~~~~~~~~~~~~[m[K
[0.672s] [01m[K/media/muayman17/New/Muhammad/BrightSkies Test/ROS2_BlocksRearrengments/src/CPPsub_BlocksRearrange/src/BFSAlgorithm.cpp:76:2:[m[K [01;35m[Kwarning: [m[Kextra ‘[01m[K;[m[K’ [[01;35m[K-Wpedantic[m[K]
[0.672s]    76 | }[01;35m[K;[m[K
[0.673s]       |  [01;35m[K^[m[K
[0.673s] [01m[K/media/muayman17/New/Muhammad/BrightSkies Test/ROS2_BlocksRearrengments/src/CPPsub_BlocksRearrange/src/BFSAlgorithm.cpp:79:6:[m[K [01;31m[Kerror: [m[Kredefinition of ‘[01m[Kbool BFSAlgorithm::IsGoal(const State&) const[m[K’
[0.673s]    79 | bool [01;31m[KBFSAlgorithm[m[K::IsGoal(const State &current) const
[0.673s]       |      [01;31m[K^~~~~~~~~~~~[m[K
[0.674s] In file included from [01m[K/media/muayman17/New/Muhammad/BrightSkies Test/ROS2_BlocksRearrengments/src/CPPsub_BlocksRearrange/src/BFSAlgorithm.cpp:9[m[K:
[0.674s] [01m[K/media/muayman17/New/Muhammad/BrightSkies Test/ROS2_BlocksRearrengments/src/CPPsub_BlocksRearrange/src/../include/CPPsub_BlocksRearrange/BFSAlgorithm.h:35:11:[m[K [01;36m[Knote: [m[K‘[01m[Kbool BFSAlgorithm::IsGoal(const State&) const[m[K’ previously defined here
[0.675s]    35 |      bool [01;36m[KIsGoal[m[K(const State &current) const {}
[0.675s]       |           [01;36m[K^~~~~~[m[K
[0.680s] [01m[K/media/muayman17/New/Muhammad/BrightSkies Test/ROS2_BlocksRearrengments/src/CPPsub_BlocksRearrange/src/BFSAlgorithm.cpp:94:2:[m[K [01;35m[Kwarning: [m[Kextra ‘[01m[K;[m[K’ [[01;35m[K-Wpedantic[m[K]
[0.680s]    94 | }[01;35m[K;[m[K
[0.680s]       |  [01;35m[K^[m[K
[0.680s] [01m[K/media/muayman17/New/Muhammad/BrightSkies Test/ROS2_BlocksRearrengments/src/CPPsub_BlocksRearrange/src/BFSAlgorithm.cpp:97:20:[m[K [01;31m[Kerror: [m[Kredefinition of ‘[01m[Kstd::vector<StateSpace> BFSAlgorithm::getNextStates(const StateSpace&) const[m[K’
[0.681s]    97 | vector<StateSpace> [01;31m[KBFSAlgorithm[m[K::getNextStates(const StateSpace &current) const
[0.681s]       |                    [01;31m[K^~~~~~~~~~~~[m[K
[0.681s] In file included from [01m[K/media/muayman17/New/Muhammad/BrightSkies Test/ROS2_BlocksRearrengments/src/CPPsub_BlocksRearrange/src/BFSAlgorithm.cpp:9[m[K:
[0.682s] [01m[K/media/muayman17/New/Muhammad/BrightSkies Test/ROS2_BlocksRearrengments/src/CPPsub_BlocksRearrange/src/../include/CPPsub_BlocksRearrange/BFSAlgorithm.h:38:25:[m[K [01;36m[Knote: [m[K‘[01m[Kstd::vector<StateSpace> BFSAlgorithm::getNextStates(const StateSpace&) const[m[K’ previously defined here
[0.682s]    38 |      vector<StateSpace> [01;36m[KgetNextStates[m[K(const StateSpace &current) const {}
[0.683s]       |                         [01;36m[K^~~~~~~~~~~~~[m[K
[0.683s] [01m[K/media/muayman17/New/Muhammad/BrightSkies Test/ROS2_BlocksRearrengments/src/CPPsub_BlocksRearrange/src/BFSAlgorithm.cpp:152:2:[m[K [01;35m[Kwarning: [m[Kextra ‘[01m[K;[m[K’ [[01;35m[K-Wpedantic[m[K]
[0.683s]   152 | }[01;35m[K;[m[K
[0.684s]       |  [01;35m[K^[m[K
[0.684s] [01m[K/media/muayman17/New/Muhammad/BrightSkies Test/ROS2_BlocksRearrengments/src/CPPsub_BlocksRearrange/src/BFSAlgorithm.cpp:155:6:[m[K [01;31m[Kerror: [m[Kredefinition of ‘[01m[Kvoid BFSAlgorithm::countMatches(StateSpace&)[m[K’
[0.686s]   155 | void [01;31m[KBFSAlgorithm[m[K::countMatches(StateSpace &current)
[0.687s]       |      [01;31m[K^~~~~~~~~~~~[m[K
[0.687s] In file included from [01m[K/media/muayman17/New/Muhammad/BrightSkies Test/ROS2_BlocksRearrengments/src/CPPsub_BlocksRearrange/src/BFSAlgorithm.cpp:9[m[K:
[0.687s] [01m[K/media/muayman17/New/Muhammad/BrightSkies Test/ROS2_BlocksRearrengments/src/CPPsub_BlocksRearrange/src/../include/CPPsub_BlocksRearrange/BFSAlgorithm.h:41:11:[m[K [01;36m[Knote: [m[K‘[01m[Kvoid BFSAlgorithm::countMatches(StateSpace&)[m[K’ previously defined here
[0.687s]    41 |      void [01;36m[KcountMatches[m[K(StateSpace &current) {}
[0.688s]       |           [01;36m[K^~~~~~~~~~~~[m[K
[0.688s] [01m[K/media/muayman17/New/Muhammad/BrightSkies Test/ROS2_BlocksRearrengments/src/CPPsub_BlocksRearrange/src/BFSAlgorithm.cpp:185:2:[m[K [01;35m[Kwarning: [m[Kextra ‘[01m[K;[m[K’ [[01;35m[K-Wpedantic[m[K]
[0.688s]   185 | }[01;35m[K;[m[K
[0.688s]       |  [01;35m[K^[m[K
[0.689s] [01m[K/media/muayman17/New/Muhammad/BrightSkies Test/ROS2_BlocksRearrengments/src/CPPsub_BlocksRearrange/src/BFSAlgorithm.cpp:188:7:[m[K [01;31m[Kerror: [m[Kredefinition of ‘[01m[KMoves BFSAlgorithm::BFS_Algorithm()[m[K’
[0.689s]   188 | Moves [01;31m[KBFSAlgorithm[m[K::BFS_Algorithm()
[0.689s]       |       [01;31m[K^~~~~~~~~~~~[m[K
[0.689s] In file included from [01m[K/media/muayman17/New/Muhammad/BrightSkies Test/ROS2_BlocksRearrengments/src/CPPsub_BlocksRearrange/src/BFSAlgorithm.cpp:9[m[K:
[0.690s] [01m[K/media/muayman17/New/Muhammad/BrightSkies Test/ROS2_BlocksRearrengments/src/CPPsub_BlocksRearrange/src/../include/CPPsub_BlocksRearrange/BFSAlgorithm.h:44:12:[m[K [01;36m[Knote: [m[K‘[01m[KMoves BFSAlgorithm::BFS_Algorithm()[m[K’ previously defined here
[0.690s]    44 |      Moves [01;36m[KBFS_Algorithm[m[K() {}
[0.690s]       |            [01;36m[K^~~~~~~~~~~~~[m[K
[0.690s] [01m[K/media/muayman17/New/Muhammad/BrightSkies Test/ROS2_BlocksRearrengments/src/CPPsub_BlocksRearrange/src/BFSAlgorithm.cpp:222:2:[m[K [01;35m[Kwarning: [m[Kextra ‘[01m[K;[m[K’ [[01;35m[K-Wpedantic[m[K]
[0.691s]   222 | }[01;35m[K;[m[K
[0.691s]       |  [01;35m[K^[m[K
[0.691s] [01m[K/media/muayman17/New/Muhammad/BrightSkies Test/ROS2_BlocksRearrengments/src/CPPsub_BlocksRearrange/src/BFSAlgorithm.cpp:225:6:[m[K [01;31m[Kerror: [m[Kredefinition of ‘[01m[Kvoid BFSAlgorithm::compare()[m[K’
[0.691s]   225 | void [01;31m[KBFSAlgorithm[m[K::compare()
[0.691s]       |      [01;31m[K^~~~~~~~~~~~[m[K
[0.692s] In file included from [01m[K/media/muayman17/New/Muhammad/BrightSkies Test/ROS2_BlocksRearrengments/src/CPPsub_BlocksRearrange/src/BFSAlgorithm.cpp:9[m[K:
[0.692s] [01m[K/media/muayman17/New/Muhammad/BrightSkies Test/ROS2_BlocksRearrengments/src/CPPsub_BlocksRearrange/src/../include/CPPsub_BlocksRearrange/BFSAlgorithm.h:47:11:[m[K [01;36m[Knote: [m[K‘[01m[Kvoid BFSAlgorithm::compare()[m[K’ previously defined here
[0.692s]    47 |      void [01;36m[Kcompare[m[K() {}
[0.692s]       |           [01;36m[K^~~~~~~[m[K
[0.692s] In file included from [01m[K/media/muayman17/New/Muhammad/BrightSkies Test/ROS2_BlocksRearrengments/src/CPPsub_BlocksRearrange/src/StateSpace.cpp:10[m[K:
[0.693s] [01m[K/media/muayman17/New/Muhammad/BrightSkies Test/ROS2_BlocksRearrengments/src/CPPsub_BlocksRearrange/src/../include/CPPsub_BlocksRearrange/StateSpace.h:[m[K In constructor ‘[01m[KStateSpace::StateSpace(State)[m[K’:
[0.693s] [01m[K/media/muayman17/New/Muhammad/BrightSkies Test/ROS2_BlocksRearrengments/src/CPPsub_BlocksRearrange/src/../include/CPPsub_BlocksRearrange/StateSpace.h:33:23:[m[K [01;35m[Kwarning: [m[Kunused parameter ‘[01m[Ks[m[K’ [[01;35m[K-Wunused-parameter[m[K]
[0.693s]    33 |      StateSpace([01;35m[KState s[m[K) {}
[0.693s]       |                 [01;35m[K~~~~~~^[m[K
[0.694s] [01m[K/media/muayman17/New/Muhammad/BrightSkies Test/ROS2_BlocksRearrengments/src/CPPsub_BlocksRearrange/src/../include/CPPsub_BlocksRearrange/StateSpace.h:[m[K In constructor ‘[01m[KStateSpace::StateSpace(State, Moves)[m[K’:
[0.694s] [01m[K/media/muayman17/New/Muhammad/BrightSkies Test/ROS2_BlocksRearrengments/src/CPPsub_BlocksRearrange/src/../include/CPPsub_BlocksRearrange/StateSpace.h:34:23:[m[K [01;35m[Kwarning: [m[Kunused parameter ‘[01m[Ks[m[K’ [[01;35m[K-Wunused-parameter[m[K]
[0.694s]    34 |      StateSpace([01;35m[KState s[m[K, Moves m) {}
[0.695s]       |                 [01;35m[K~~~~~~^[m[K
[0.695s] [01m[K/media/muayman17/New/Muhammad/BrightSkies Test/ROS2_BlocksRearrengments/src/CPPsub_BlocksRearrange/src/../include/CPPsub_BlocksRearrange/StateSpace.h:34:32:[m[K [01;35m[Kwarning: [m[Kunused parameter ‘[01m[Km[m[K’ [[01;35m[K-Wunused-parameter[m[K]
[0.695s]    34 |      StateSpace(State s, [01;35m[KMoves m[m[K) {}
[0.695s]       |                          [01;35m[K~~~~~~^[m[K
[0.695s] [01m[K/media/muayman17/New/Muhammad/BrightSkies Test/ROS2_BlocksRearrengments/src/CPPsub_BlocksRearrange/src/../include/CPPsub_BlocksRearrange/StateSpace.h:[m[K In constructor ‘[01m[KStateSpace::StateSpace(State, Moves, int)[m[K’:
[0.696s] [01m[K/media/muayman17/New/Muhammad/BrightSkies Test/ROS2_BlocksRearrengments/src/CPPsub_BlocksRearrange/src/../include/CPPsub_BlocksRearrange/StateSpace.h:35:23:[m[K [01;35m[Kwarning: [m[Kunused parameter ‘[01m[Ks[m[K’ [[01;35m[K-Wunused-parameter[m[K]
[0.696s]    35 |      StateSpace([01;35m[KState s[m[K, Moves m, int f) {}
[0.696s]       |                 [01;35m[K~~~~~~^[m[K
[0.696s] [01m[K/media/muayman17/New/Muhammad/BrightSkies Test/ROS2_BlocksRearrengments/src/CPPsub_BlocksRearrange/src/../include/CPPsub_BlocksRearrange/StateSpace.h:35:32:[m[K [01;35m[Kwarning: [m[Kunused parameter ‘[01m[Km[m[K’ [[01;35m[K-Wunused-parameter[m[K]
[0.696s]    35 |      StateSpace(State s, [01;35m[KMoves m[m[K, int f) {}
[0.696s]       |                          [01;35m[K~~~~~~^[m[K
[0.697s] [01m[K/media/muayman17/New/Muhammad/BrightSkies Test/ROS2_BlocksRearrengments/src/CPPsub_BlocksRearrange/src/../include/CPPsub_BlocksRearrange/StateSpace.h:35:39:[m[K [01;35m[Kwarning: [m[Kunused parameter ‘[01m[Kf[m[K’ [[01;35m[K-Wunused-parameter[m[K]
[0.697s]    35 |      StateSpace(State s, Moves m, [01;35m[Kint f[m[K) {}
[0.697s]       |                                   [01;35m[K~~~~^[m[K
[0.698s] [01m[K/media/muayman17/New/Muhammad/BrightSkies Test/ROS2_BlocksRearrengments/src/CPPsub_BlocksRearrange/src/../include/CPPsub_BlocksRearrange/StateSpace.h:[m[K In member function ‘[01m[Kvoid StateSpace::setState(State)[m[K’:
[0.698s] [01m[K/media/muayman17/New/Muhammad/BrightSkies Test/ROS2_BlocksRearrengments/src/CPPsub_BlocksRearrange/src/../include/CPPsub_BlocksRearrange/StateSpace.h:38:26:[m[K [01;35m[Kwarning: [m[Kunused parameter ‘[01m[Ks[m[K’ [[01;35m[K-Wunused-parameter[m[K]
[0.698s]    38 |      void setState([01;35m[KState s[m[K) {};
[0.699s]       |                    [01;35m[K~~~~~~^[m[K
[0.699s] [01m[K/media/muayman17/New/Muhammad/BrightSkies Test/ROS2_BlocksRearrengments/src/CPPsub_BlocksRearrange/src/../include/CPPsub_BlocksRearrange/StateSpace.h:[m[K In member function ‘[01m[Kvoid StateSpace::setMoves(Moves)[m[K’:
[0.699s] [01m[K/media/muayman17/New/Muhammad/BrightSkies Test/ROS2_BlocksRearrengments/src/CPPsub_BlocksRearrange/src/../include/CPPsub_BlocksRearrange/StateSpace.h:39:26:[m[K [01;35m[Kwarning: [m[Kunused parameter ‘[01m[Km[m[K’ [[01;35m[K-Wunused-parameter[m[K]
[0.700s]    39 |      void setMoves([01;35m[KMoves m[m[K) {};
[0.700s]       |                    [01;35m[K~~~~~~^[m[K
[0.700s] [01m[K/media/muayman17/New/Muhammad/BrightSkies Test/ROS2_BlocksRearrengments/src/CPPsub_BlocksRearrange/src/../include/CPPsub_BlocksRearrange/StateSpace.h:[m[K In member function ‘[01m[Kvoid StateSpace::setFixedCount(int)[m[K’:
[0.700s] [01m[K/media/muayman17/New/Muhammad/BrightSkies Test/ROS2_BlocksRearrengments/src/CPPsub_BlocksRearrange/src/../include/CPPsub_BlocksRearrange/StateSpace.h:40:29:[m[K [01;35m[Kwarning: [m[Kunused parameter ‘[01m[Kf[m[K’ [[01;35m[K-Wunused-parameter[m[K]
[0.701s]    40 |      void setFixedCount([01;35m[Kint f[m[K) {};
[0.701s]       |                         [01;35m[K~~~~^[m[K
[0.702s] [01m[K/media/muayman17/New/Muhammad/BrightSkies Test/ROS2_BlocksRearrengments/src/CPPsub_BlocksRearrange/src/../include/CPPsub_BlocksRearrange/StateSpace.h:[m[K In member function ‘[01m[KState StateSpace::getState() const[m[K’:
[0.702s] [01m[K/media/muayman17/New/Muhammad/BrightSkies Test/ROS2_BlocksRearrengments/src/CPPsub_BlocksRearrange/src/../include/CPPsub_BlocksRearrange/StateSpace.h:43:30:[m[K [01;35m[Kwarning: [m[Kno return statement in function returning non-void [[01;35m[K-Wreturn-type[m[K]
[0.703s]    43 |      State getState() const {[01;35m[K}[m[K;
[0.703s]       |                              [01;35m[K^[m[K
[0.703s] [01m[K/media/muayman17/New/Muhammad/BrightSkies Test/ROS2_BlocksRearrengments/src/CPPsub_BlocksRearrange/src/../include/CPPsub_BlocksRearrange/StateSpace.h:[m[K In member function ‘[01m[KMoves StateSpace::getMoves() const[m[K’:
[0.703s] [01m[K/media/muayman17/New/Muhammad/BrightSkies Test/ROS2_BlocksRearrengments/src/CPPsub_BlocksRearrange/src/../include/CPPsub_BlocksRearrange/StateSpace.h:44:30:[m[K [01;35m[Kwarning: [m[Kno return statement in function returning non-void [[01;35m[K-Wreturn-type[m[K]
[0.704s]    44 |      Moves getMoves() const {[01;35m[K}[m[K;
[0.704s]       |                              [01;35m[K^[m[K
[0.704s] [01m[K/media/muayman17/New/Muhammad/BrightSkies Test/ROS2_BlocksRearrengments/src/CPPsub_BlocksRearrange/src/../include/CPPsub_BlocksRearrange/StateSpace.h:[m[K In member function ‘[01m[Kint StateSpace::getFixedCount() const[m[K’:
[0.704s] [01m[K/media/muayman17/New/Muhammad/BrightSkies Test/ROS2_BlocksRearrengments/src/CPPsub_BlocksRearrange/src/../include/CPPsub_BlocksRearrange/StateSpace.h:45:33:[m[K [01;35m[Kwarning: [m[Kno return statement in function returning non-void [[01;35m[K-Wreturn-type[m[K]
[0.705s]    45 |      int getFixedCount() const {[01;35m[K}[m[K;
[0.705s]       |                                 [01;35m[K^[m[K
[0.705s] [01m[K/media/muayman17/New/Muhammad/BrightSkies Test/ROS2_BlocksRearrengments/src/CPPsub_BlocksRearrange/src/../include/CPPsub_BlocksRearrange/StateSpace.h:[m[K In member function ‘[01m[Kbool StateSpace::operator<(const StateSpace&) const[m[K’:
[0.706s] [01m[K/media/muayman17/New/Muhammad/BrightSkies Test/ROS2_BlocksRearrengments/src/CPPsub_BlocksRearrange/src/../include/CPPsub_BlocksRearrange/StateSpace.h:48:53:[m[K [01;35m[Kwarning: [m[Kno return statement in function returning non-void [[01;35m[K-Wreturn-type[m[K]
[0.706s]    48 |      bool operator<(const StateSpace &other) const {[01;35m[K}[m[K;
[0.706s]       |                                                     [01;35m[K^[m[K
[0.706s] [01m[K/media/muayman17/New/Muhammad/BrightSkies Test/ROS2_BlocksRearrengments/src/CPPsub_BlocksRearrange/src/../include/CPPsub_BlocksRearrange/StateSpace.h:48:39:[m[K [01;35m[Kwarning: [m[Kunused parameter ‘[01m[Kother[m[K’ [[01;35m[K-Wunused-parameter[m[K]
[0.707s]    48 |      bool operator<([01;35m[Kconst StateSpace &other[m[K) const {};
[0.707s]       |                     [01;35m[K~~~~~~~~~~~~~~~~~~^~~~~[m[K
[0.707s] [01m[K/media/muayman17/New/Muhammad/BrightSkies Test/ROS2_BlocksRearrengments/src/CPPsub_BlocksRearrange/src/StateSpace.cpp:[m[K At global scope:
[0.707s] [01m[K/media/muayman17/New/Muhammad/BrightSkies Test/ROS2_BlocksRearrengments/src/CPPsub_BlocksRearrange/src/StateSpace.cpp:16:1:[m[K [01;31m[Kerror: [m[Kredefinition of ‘[01m[KStateSpace::StateSpace()[m[K’
[0.708s]    16 | [01;31m[KStateSpace[m[K::StateSpace() : state({}), move({}), fixedCount(0) {}
[0.708s]       | [01;31m[K^~~~~~~~~~[m[K
[0.708s] In file included from [01m[K/media/muayman17/New/Muhammad/BrightSkies Test/ROS2_BlocksRearrengments/src/CPPsub_BlocksRearrange/src/StateSpace.cpp:10[m[K:
[0.709s] [01m[K/media/muayman17/New/Muhammad/BrightSkies Test/ROS2_BlocksRearrengments/src/CPPsub_BlocksRearrange/src/../include/CPPsub_BlocksRearrange/StateSpace.h:32:6:[m[K [01;36m[Knote: [m[K‘[01m[KStateSpace::StateSpace()[m[K’ previously defined here
[0.709s]    32 |      [01;36m[KStateSpace[m[K() {}
[0.709s]       |      [01;36m[K^~~~~~~~~~[m[K
[0.710s] [01m[K/media/muayman17/New/Muhammad/BrightSkies Test/ROS2_BlocksRearrengments/src/CPPsub_BlocksRearrange/src/StateSpace.cpp:16:36:[m[K [01;31m[Kerror: [m[Kexpected unqualified-id before ‘[01m[K)[m[K’ token
[0.710s]    16 | StateSpace::StateSpace() : state({}[01;31m[K)[m[K, move({}), fixedCount(0) {}
[0.710s]       |                                    [01;31m[K^[m[K
[0.711s] [01m[K/media/muayman17/New/Muhammad/BrightSkies Test/ROS2_BlocksRearrengments/src/CPPsub_BlocksRearrange/src/StateSpace.cpp:16:46:[m[K [01;31m[Kerror: [m[Kexpected unqualified-id before ‘[01m[K)[m[K’ token
[0.711s]    16 | StateSpace::StateSpace() : state({}), move({}[01;31m[K)[m[K, fixedCount(0) {}
[0.711s]       |                                              [01;31m[K^[m[K
[0.711s] [01m[K/media/muayman17/New/Muhammad/BrightSkies Test/ROS2_BlocksRearrengments/src/CPPsub_BlocksRearrange/src/StateSpace.cpp:17:1:[m[K [01;31m[Kerror: [m[Kredefinition of ‘[01m[KStateSpace::StateSpace(State)[m[K’
[0.712s]    17 | [01;31m[KStateSpace[m[K::StateSpace(State s) : state(s), move({}), fixedCount(0) {}
[0.712s]       | [01;31m[K^~~~~~~~~~[m[K
[0.713s] In file included from [01m[K/media/muayman17/New/Muhammad/BrightSkies Test/ROS2_BlocksRearrengments/src/CPPsub_BlocksRearrange/src/StateSpace.cpp:10[m[K:
[0.713s] [01m[K/media/muayman17/New/Muhammad/BrightSkies Test/ROS2_BlocksRearrengments/src/CPPsub_BlocksRearrange/src/../include/CPPsub_BlocksRearrange/StateSpace.h:33:6:[m[K [01;36m[Knote: [m[K‘[01m[KStateSpace::StateSpace(State)[m[K’ previously defined here
[0.713s]    33 |      [01;36m[KStateSpace[m[K(State s) {}
[0.713s]       |      [01;36m[K^~~~~~~~~~[m[K
[0.714s] [01m[K/media/muayman17/New/Muhammad/BrightSkies Test/ROS2_BlocksRearrengments/src/CPPsub_BlocksRearrange/src/StateSpace.cpp:17:52:[m[K [01;31m[Kerror: [m[Kexpected unqualified-id before ‘[01m[K)[m[K’ token
[0.714s]    17 | StateSpace::StateSpace(State s) : state(s), move({}[01;31m[K)[m[K, fixedCount(0) {}
[0.714s]       |                                                    [01;31m[K^[m[K
[0.715s] [01m[K/media/muayman17/New/Muhammad/BrightSkies Test/ROS2_BlocksRearrengments/src/CPPsub_BlocksRearrange/src/StateSpace.cpp:18:1:[m[K [01;31m[Kerror: [m[Kredefinition of ‘[01m[KStateSpace::StateSpace(State, Moves)[m[K’
[0.715s]    18 | [01;31m[KStateSpace[m[K::StateSpace(State s, Moves m) : state(s), move(m), fixedCount(0) {}
[0.715s]       | [01;31m[K^~~~~~~~~~[m[K
[0.716s] In file included from [01m[K/media/muayman17/New/Muhammad/BrightSkies Test/ROS2_BlocksRearrengments/src/CPPsub_BlocksRearrange/src/StateSpace.cpp:10[m[K:
[0.717s] [01m[K/media/muayman17/New/Muhammad/BrightSkies Test/ROS2_BlocksRearrengments/src/CPPsub_BlocksRearrange/src/../include/CPPsub_BlocksRearrange/StateSpace.h:34:6:[m[K [01;36m[Knote: [m[K‘[01m[KStateSpace::StateSpace(State, Moves)[m[K’ previously defined here
[0.718s]    34 |      [01;36m[KStateSpace[m[K(State s, Moves m) {}
[0.718s]       |      [01;36m[K^~~~~~~~~~[m[K
[0.718s] [01m[K/media/muayman17/New/Muhammad/BrightSkies Test/ROS2_BlocksRearrengments/src/CPPsub_BlocksRearrange/src/StateSpace.cpp:19:1:[m[K [01;31m[Kerror: [m[Kredefinition of ‘[01m[KStateSpace::StateSpace(State, Moves, int)[m[K’
[0.718s]    19 | [01;31m[KStateSpace[m[K::StateSpace(State s, Moves m, int f) : state(s), move(m), fixedCount(f) {}
[0.719s]       | [01;31m[K^~~~~~~~~~[m[K
[0.719s] In file included from [01m[K/media/muayman17/New/Muhammad/BrightSkies Test/ROS2_BlocksRearrengments/src/CPPsub_BlocksRearrange/src/StateSpace.cpp:10[m[K:
[0.719s] [01m[K/media/muayman17/New/Muhammad/BrightSkies Test/ROS2_BlocksRearrengments/src/CPPsub_BlocksRearrange/src/../include/CPPsub_BlocksRearrange/StateSpace.h:35:6:[m[K [01;36m[Knote: [m[K‘[01m[KStateSpace::StateSpace(State, Moves, int)[m[K’ previously defined here
[0.720s]    35 |      [01;36m[KStateSpace[m[K(State s, Moves m, int f) {}
[0.720s]       |      [01;36m[K^~~~~~~~~~[m[K
[0.720s] [01m[K/media/muayman17/New/Muhammad/BrightSkies Test/ROS2_BlocksRearrengments/src/CPPsub_BlocksRearrange/src/StateSpace.cpp:22:6:[m[K [01;31m[Kerror: [m[Kredefinition of ‘[01m[Kvoid StateSpace::setState(State)[m[K’
[0.721s]    22 | void [01;31m[KStateSpace[m[K::setState(State s) { state = s; };
[0.721s]       |      [01;31m[K^~~~~~~~~~[m[K
[0.721s] In file included from [01m[K/media/muayman17/New/Muhammad/BrightSkies Test/ROS2_BlocksRearrengments/src/CPPsub_BlocksRearrange/src/StateSpace.cpp:10[m[K:
[0.722s] [01m[K/media/muayman17/New/Muhammad/BrightSkies Test/ROS2_BlocksRearrengments/src/CPPsub_BlocksRearrange/src/../include/CPPsub_BlocksRearrange/StateSpace.h:38:11:[m[K [01;36m[Knote: [m[K‘[01m[Kvoid StateSpace::setState(State)[m[K’ previously defined here
[0.722s]    38 |      void [01;36m[KsetState[m[K(State s) {};
[0.722s]       |           [01;36m[K^~~~~~~~[m[K
[0.722s] [01m[K/media/muayman17/New/Muhammad/BrightSkies Test/ROS2_BlocksRearrengments/src/CPPsub_BlocksRearrange/src/StateSpace.cpp:22:50:[m[K [01;35m[Kwarning: [m[Kextra ‘[01m[K;[m[K’ [[01;35m[K-Wpedantic[m[K]
[0.723s]    22 | void StateSpace::setState(State s) { state = s; }[01;35m[K;[m[K
[0.723s]       |                                                  [01;35m[K^[m[K
[0.723s] [01m[K/media/muayman17/New/Muhammad/BrightSkies Test/ROS2_BlocksRearrengments/src/CPPsub_BlocksRearrange/src/StateSpace.cpp:23:6:[m[K [01;31m[Kerror: [m[Kredefinition of ‘[01m[Kvoid StateSpace::setMoves(Moves)[m[K’
[0.724s]    23 | void [01;31m[KStateSpace[m[K::setMoves(Moves m) { move = m; };
[0.724s]       |      [01;31m[K^~~~~~~~~~[m[K
[0.724s] In file included from [01m[K/media/muayman17/New/Muhammad/BrightSkies Test/ROS2_BlocksRearrengments/src/CPPsub_BlocksRearrange/src/StateSpace.cpp:10[m[K:
[0.724s] [01m[K/media/muayman17/New/Muhammad/BrightSkies Test/ROS2_BlocksRearrengments/src/CPPsub_BlocksRearrange/src/../include/CPPsub_BlocksRearrange/StateSpace.h:39:11:[m[K [01;36m[Knote: [m[K‘[01m[Kvoid StateSpace::setMoves(Moves)[m[K’ previously defined here
[0.725s]    39 |      void [01;36m[KsetMoves[m[K(Moves m) {};
[0.725s]       |           [01;36m[K^~~~~~~~[m[K
[0.725s] [01m[K/media/muayman17/New/Muhammad/BrightSkies Test/ROS2_BlocksRearrengments/src/CPPsub_BlocksRearrange/src/StateSpace.cpp:23:49:[m[K [01;35m[Kwarning: [m[Kextra ‘[01m[K;[m[K’ [[01;35m[K-Wpedantic[m[K]
[0.725s]    23 | void StateSpace::setMoves(Moves m) { move = m; }[01;35m[K;[m[K
[0.726s]       |                                                 [01;35m[K^[m[K
[0.726s] [01m[K/media/muayman17/New/Muhammad/BrightSkies Test/ROS2_BlocksRearrengments/src/CPPsub_BlocksRearrange/src/StateSpace.cpp:24:6:[m[K [01;31m[Kerror: [m[Kredefinition of ‘[01m[Kvoid StateSpace::setFixedCount(int)[m[K’
[0.726s]    24 | void [01;31m[KStateSpace[m[K::setFixedCount(int f) { fixedCount = f; };
[0.727s]       |      [01;31m[K^~~~~~~~~~[m[K
[0.727s] In file included from [01m[K/media/muayman17/New/Muhammad/BrightSkies Test/ROS2_BlocksRearrengments/src/CPPsub_BlocksRearrange/src/StateSpace.cpp:10[m[K:
[0.727s] [01m[K/media/muayman17/New/Muhammad/BrightSkies Test/ROS2_BlocksRearrengments/src/CPPsub_BlocksRearrange/src/../include/CPPsub_BlocksRearrange/StateSpace.h:40:11:[m[K [01;36m[Knote: [m[K‘[01m[Kvoid StateSpace::setFixedCount(int)[m[K’ previously defined here
[0.727s]    40 |      void [01;36m[KsetFixedCount[m[K(int f) {};
[0.728s]       |           [01;36m[K^~~~~~~~~~~~~[m[K
[0.728s] [01m[K/media/muayman17/New/Muhammad/BrightSkies Test/ROS2_BlocksRearrengments/src/CPPsub_BlocksRearrange/src/StateSpace.cpp:24:58:[m[K [01;35m[Kwarning: [m[Kextra ‘[01m[K;[m[K’ [[01;35m[K-Wpedantic[m[K]
[0.728s]    24 | void StateSpace::setFixedCount(int f) { fixedCount = f; }[01;35m[K;[m[K
[0.729s]       |                                                          [01;35m[K^[m[K
[0.729s] [01m[K/media/muayman17/New/Muhammad/BrightSkies Test/ROS2_BlocksRearrengments/src/CPPsub_BlocksRearrange/src/StateSpace.cpp:27:7:[m[K [01;31m[Kerror: [m[Kredefinition of ‘[01m[KState StateSpace::getState() const[m[K’
[0.729s]    27 | State [01;31m[KStateSpace[m[K::getState() const { return state; };
[0.730s]       |       [01;31m[K^~~~~~~~~~[m[K
[0.730s] In file included from [01m[K/media/muayman17/New/Muhammad/BrightSkies Test/ROS2_BlocksRearrengments/src/CPPsub_BlocksRearrange/src/StateSpace.cpp:10[m[K:
[0.730s] [01m[K/media/muayman17/New/Muhammad/BrightSkies Test/ROS2_BlocksRearrengments/src/CPPsub_BlocksRearrange/src/../include/CPPsub_BlocksRearrange/StateSpace.h:43:12:[m[K [01;36m[Knote: [m[K‘[01m[KState StateSpace::getState() const[m[K’ previously defined here
[0.730s]    43 |      State [01;36m[KgetState[m[K() const {};
[0.731s]       |            [01;36m[K^~~~~~~~[m[K
[0.731s] [01m[K/media/muayman17/New/Muhammad/BrightSkies Test/ROS2_BlocksRearrengments/src/CPPsub_BlocksRearrange/src/StateSpace.cpp:27:53:[m[K [01;35m[Kwarning: [m[Kextra ‘[01m[K;[m[K’ [[01;35m[K-Wpedantic[m[K]
[0.732s]    27 | State StateSpace::getState() const { return state; }[01;35m[K;[m[K
[0.732s]       |                                                     [01;35m[K^[m[K
[0.732s] [01m[K/media/muayman17/New/Muhammad/BrightSkies Test/ROS2_BlocksRearrengments/src/CPPsub_BlocksRearrange/src/StateSpace.cpp:28:7:[m[K [01;31m[Kerror: [m[Kredefinition of ‘[01m[KMoves StateSpace::getMoves() const[m[K’
[0.733s]    28 | Moves [01;31m[KStateSpace[m[K::getMoves() const { return move; };
[0.733s]       |       [01;31m[K^~~~~~~~~~[m[K
[0.733s] In file included from [01m[K/media/muayman17/New/Muhammad/BrightSkies Test/ROS2_BlocksRearrengments/src/CPPsub_BlocksRearrange/src/StateSpace.cpp:10[m[K:
[0.734s] [01m[K/media/muayman17/New/Muhammad/BrightSkies Test/ROS2_BlocksRearrengments/src/CPPsub_BlocksRearrange/src/../include/CPPsub_BlocksRearrange/StateSpace.h:44:12:[m[K [01;36m[Knote: [m[K‘[01m[KMoves StateSpace::getMoves() const[m[K’ previously defined here
[0.734s]    44 |      Moves [01;36m[KgetMoves[m[K() const {};
[0.734s]       |            [01;36m[K^~~~~~~~[m[K
[0.735s] [01m[K/media/muayman17/New/Muhammad/BrightSkies Test/ROS2_BlocksRearrengments/src/CPPsub_BlocksRearrange/src/StateSpace.cpp:28:52:[m[K [01;35m[Kwarning: [m[Kextra ‘[01m[K;[m[K’ [[01;35m[K-Wpedantic[m[K]
[0.735s]    28 | Moves StateSpace::getMoves() const { return move; }[01;35m[K;[m[K
[0.735s]       |                                                    [01;35m[K^[m[K
[0.736s] [01m[K/media/muayman17/New/Muhammad/BrightSkies Test/ROS2_BlocksRearrengments/src/CPPsub_BlocksRearrange/src/StateSpace.cpp:29:5:[m[K [01;31m[Kerror: [m[Kredefinition of ‘[01m[Kint StateSpace::getFixedCount() const[m[K’
[0.736s]    29 | int [01;31m[KStateSpace[m[K::getFixedCount() const { return fixedCount; };
[0.736s]       |     [01;31m[K^~~~~~~~~~[m[K
[0.737s] In file included from [01m[K/media/muayman17/New/Muhammad/BrightSkies Test/ROS2_BlocksRearrengments/src/CPPsub_BlocksRearrange/src/StateSpace.cpp:10[m[K:
[0.737s] [01m[K/media/muayman17/New/Muhammad/BrightSkies Test/ROS2_BlocksRearrengments/src/CPPsub_BlocksRearrange/src/../include/CPPsub_BlocksRearrange/StateSpace.h:45:10:[m[K [01;36m[Knote: [m[K‘[01m[Kint StateSpace::getFixedCount() const[m[K’ previously defined here
[0.737s]    45 |      int [01;36m[KgetFixedCount[m[K() const {};
[0.738s]       |          [01;36m[K^~~~~~~~~~~~~[m[K
[0.738s] [01m[K/media/muayman17/New/Muhammad/BrightSkies Test/ROS2_BlocksRearrengments/src/CPPsub_BlocksRearrange/src/StateSpace.cpp:29:61:[m[K [01;35m[Kwarning: [m[Kextra ‘[01m[K;[m[K’ [[01;35m[K-Wpedantic[m[K]
[0.738s]    29 | int StateSpace::getFixedCount() const { return fixedCount; }[01;35m[K;[m[K
[0.738s]       |                                                             [01;35m[K^[m[K
[0.739s] [01m[K/media/muayman17/New/Muhammad/BrightSkies Test/ROS2_BlocksRearrengments/src/CPPsub_BlocksRearrange/src/StateSpace.cpp:32:6:[m[K [01;31m[Kerror: [m[Kredefinition of ‘[01m[Kbool StateSpace::operator<(const StateSpace&) const[m[K’
[0.739s]    32 | bool [01;31m[KStateSpace[m[K::operator<(const StateSpace &other) const
[0.739s]       |      [01;31m[K^~~~~~~~~~[m[K
[0.739s] In file included from [01m[K/media/muayman17/New/Muhammad/BrightSkies Test/ROS2_BlocksRearrengments/src/CPPsub_BlocksRearrange/src/StateSpace.cpp:10[m[K:
[0.740s] [01m[K/media/muayman17/New/Muhammad/BrightSkies Test/ROS2_BlocksRearrengments/src/CPPsub_BlocksRearrange/src/../include/CPPsub_BlocksRearrange/StateSpace.h:48:11:[m[K [01;36m[Knote: [m[K‘[01m[Kbool StateSpace::operator<(const StateSpace&) const[m[K’ previously defined here
[0.740s]    48 |      bool [01;36m[Koperator[m[K<(const StateSpace &other) const {};
[0.740s]       |           [01;36m[K^~~~~~~~[m[K
[0.741s] [01m[K/media/muayman17/New/Muhammad/BrightSkies Test/ROS2_BlocksRearrengments/src/CPPsub_BlocksRearrange/src/StateSpace.cpp:35:2:[m[K [01;35m[Kwarning: [m[Kextra ‘[01m[K;[m[K’ [[01;35m[K-Wpedantic[m[K]
[0.741s]    35 | }[01;35m[K;[m[K
[0.741s]       |  [01;35m[K^[m[K
[0.741s] make[2]: *** [CMakeFiles/lis.dir/build.make:76: CMakeFiles/lis.dir/src/BFSAlgorithm.cpp.o] Error 1
[0.742s] make[2]: *** Waiting for unfinished jobs....
[0.742s] make[2]: *** [CMakeFiles/lis.dir/build.make:102: CMakeFiles/lis.dir/src/StateSpace.cpp.o] Error 1
[1.894s] In file included from [01m[K/media/muayman17/New/Muhammad/BrightSkies Test/ROS2_BlocksRearrengments/src/CPPsub_BlocksRearrange/src/../include/CPPsub_BlocksRearrange/blockArrangementSub.h:4[m[K,
[1.895s]                  from [01m[K/media/muayman17/New/Muhammad/BrightSkies Test/ROS2_BlocksRearrengments/src/CPPsub_BlocksRearrange/src/blockArrangementSub.cpp:5[m[K:
[1.895s] [01m[K/media/muayman17/New/Muhammad/BrightSkies Test/ROS2_BlocksRearrengments/src/CPPsub_BlocksRearrange/src/../include/CPPsub_BlocksRearrange/StateSpace.h:[m[K In constructor ‘[01m[KStateSpace::StateSpace(State)[m[K’:
[1.895s] [01m[K/media/muayman17/New/Muhammad/BrightSkies Test/ROS2_BlocksRearrengments/src/CPPsub_BlocksRearrange/src/../include/CPPsub_BlocksRearrange/StateSpace.h:33:23:[m[K [01;35m[Kwarning: [m[Kunused parameter ‘[01m[Ks[m[K’ [[01;35m[K-Wunused-parameter[m[K]
[1.896s]    33 |      StateSpace([01;35m[KState s[m[K) {}
[1.896s]       |                 [01;35m[K~~~~~~^[m[K
[1.896s] [01m[K/media/muayman17/New/Muhammad/BrightSkies Test/ROS2_BlocksRearrengments/src/CPPsub_BlocksRearrange/src/../include/CPPsub_BlocksRearrange/StateSpace.h:[m[K In constructor ‘[01m[KStateSpace::StateSpace(State, Moves)[m[K’:
[1.897s] [01m[K/media/muayman17/New/Muhammad/BrightSkies Test/ROS2_BlocksRearrengments/src/CPPsub_BlocksRearrange/src/../include/CPPsub_BlocksRearrange/StateSpace.h:34:23:[m[K [01;35m[Kwarning: [m[Kunused parameter ‘[01m[Ks[m[K’ [[01;35m[K-Wunused-parameter[m[K]
[1.897s]    34 |      StateSpace([01;35m[KState s[m[K, Moves m) {}
[1.897s]       |                 [01;35m[K~~~~~~^[m[K
[1.898s] [01m[K/media/muayman17/New/Muhammad/BrightSkies Test/ROS2_BlocksRearrengments/src/CPPsub_BlocksRearrange/src/../include/CPPsub_BlocksRearrange/StateSpace.h:34:32:[m[K [01;35m[Kwarning: [m[Kunused parameter ‘[01m[Km[m[K’ [[01;35m[K-Wunused-parameter[m[K]
[1.898s]    34 |      StateSpace(State s, [01;35m[KMoves m[m[K) {}
[1.898s]       |                          [01;35m[K~~~~~~^[m[K
[1.899s] [01m[K/media/muayman17/New/Muhammad/BrightSkies Test/ROS2_BlocksRearrengments/src/CPPsub_BlocksRearrange/src/../include/CPPsub_BlocksRearrange/StateSpace.h:[m[K In constructor ‘[01m[KStateSpace::StateSpace(State, Moves, int)[m[K’:
[1.899s] [01m[K/media/muayman17/New/Muhammad/BrightSkies Test/ROS2_BlocksRearrengments/src/CPPsub_BlocksRearrange/src/../include/CPPsub_BlocksRearrange/StateSpace.h:35:23:[m[K [01;35m[Kwarning: [m[Kunused parameter ‘[01m[Ks[m[K’ [[01;35m[K-Wunused-parameter[m[K]
[1.899s]    35 |      StateSpace([01;35m[KState s[m[K, Moves m, int f) {}
[1.899s]       |                 [01;35m[K~~~~~~^[m[K
[1.900s] [01m[K/media/muayman17/New/Muhammad/BrightSkies Test/ROS2_BlocksRearrengments/src/CPPsub_BlocksRearrange/src/../include/CPPsub_BlocksRearrange/StateSpace.h:35:32:[m[K [01;35m[Kwarning: [m[Kunused parameter ‘[01m[Km[m[K’ [[01;35m[K-Wunused-parameter[m[K]
[1.900s]    35 |      StateSpace(State s, [01;35m[KMoves m[m[K, int f) {}
[1.900s]       |                          [01;35m[K~~~~~~^[m[K
[1.901s] [01m[K/media/muayman17/New/Muhammad/BrightSkies Test/ROS2_BlocksRearrengments/src/CPPsub_BlocksRearrange/src/../include/CPPsub_BlocksRearrange/StateSpace.h:35:39:[m[K [01;35m[Kwarning: [m[Kunused parameter ‘[01m[Kf[m[K’ [[01;35m[K-Wunused-parameter[m[K]
[1.901s]    35 |      StateSpace(State s, Moves m, [01;35m[Kint f[m[K) {}
[1.901s]       |                                   [01;35m[K~~~~^[m[K
[1.901s] [01m[K/media/muayman17/New/Muhammad/BrightSkies Test/ROS2_BlocksRearrengments/src/CPPsub_BlocksRearrange/src/../include/CPPsub_BlocksRearrange/StateSpace.h:[m[K In member function ‘[01m[Kvoid StateSpace::setState(State)[m[K’:
[1.902s] [01m[K/media/muayman17/New/Muhammad/BrightSkies Test/ROS2_BlocksRearrengments/src/CPPsub_BlocksRearrange/src/../include/CPPsub_BlocksRearrange/StateSpace.h:38:26:[m[K [01;35m[Kwarning: [m[Kunused parameter ‘[01m[Ks[m[K’ [[01;35m[K-Wunused-parameter[m[K]
[1.902s]    38 |      void setState([01;35m[KState s[m[K) {};
[1.902s]       |                    [01;35m[K~~~~~~^[m[K
[1.902s] [01m[K/media/muayman17/New/Muhammad/BrightSkies Test/ROS2_BlocksRearrengments/src/CPPsub_BlocksRearrange/src/../include/CPPsub_BlocksRearrange/StateSpace.h:[m[K In member function ‘[01m[Kvoid StateSpace::setMoves(Moves)[m[K’:
[1.903s] [01m[K/media/muayman17/New/Muhammad/BrightSkies Test/ROS2_BlocksRearrengments/src/CPPsub_BlocksRearrange/src/../include/CPPsub_BlocksRearrange/StateSpace.h:39:26:[m[K [01;35m[Kwarning: [m[Kunused parameter ‘[01m[Km[m[K’ [[01;35m[K-Wunused-parameter[m[K]
[1.903s]    39 |      void setMoves([01;35m[KMoves m[m[K) {};
[1.903s]       |                    [01;35m[K~~~~~~^[m[K
[1.904s] [01m[K/media/muayman17/New/Muhammad/BrightSkies Test/ROS2_BlocksRearrengments/src/CPPsub_BlocksRearrange/src/../include/CPPsub_BlocksRearrange/StateSpace.h:[m[K In member function ‘[01m[Kvoid StateSpace::setFixedCount(int)[m[K’:
[1.904s] [01m[K/media/muayman17/New/Muhammad/BrightSkies Test/ROS2_BlocksRearrengments/src/CPPsub_BlocksRearrange/src/../include/CPPsub_BlocksRearrange/StateSpace.h:40:29:[m[K [01;35m[Kwarning: [m[Kunused parameter ‘[01m[Kf[m[K’ [[01;35m[K-Wunused-parameter[m[K]
[1.904s]    40 |      void setFixedCount([01;35m[Kint f[m[K) {};
[1.905s]       |                         [01;35m[K~~~~^[m[K
[1.905s] [01m[K/media/muayman17/New/Muhammad/BrightSkies Test/ROS2_BlocksRearrengments/src/CPPsub_BlocksRearrange/src/../include/CPPsub_BlocksRearrange/StateSpace.h:[m[K In member function ‘[01m[KState StateSpace::getState() const[m[K’:
[1.905s] [01m[K/media/muayman17/New/Muhammad/BrightSkies Test/ROS2_BlocksRearrengments/src/CPPsub_BlocksRearrange/src/../include/CPPsub_BlocksRearrange/StateSpace.h:43:30:[m[K [01;35m[Kwarning: [m[Kno return statement in function returning non-void [[01;35m[K-Wreturn-type[m[K]
[1.906s]    43 |      State getState() const {[01;35m[K}[m[K;
[1.906s]       |                              [01;35m[K^[m[K
[1.906s] [01m[K/media/muayman17/New/Muhammad/BrightSkies Test/ROS2_BlocksRearrengments/src/CPPsub_BlocksRearrange/src/../include/CPPsub_BlocksRearrange/StateSpace.h:[m[K In member function ‘[01m[KMoves StateSpace::getMoves() const[m[K’:
[1.907s] [01m[K/media/muayman17/New/Muhammad/BrightSkies Test/ROS2_BlocksRearrengments/src/CPPsub_BlocksRearrange/src/../include/CPPsub_BlocksRearrange/StateSpace.h:44:30:[m[K [01;35m[Kwarning: [m[Kno return statement in function returning non-void [[01;35m[K-Wreturn-type[m[K]
[1.907s]    44 |      Moves getMoves() const {[01;35m[K}[m[K;
[1.907s]       |                              [01;35m[K^[m[K
[1.908s] [01m[K/media/muayman17/New/Muhammad/BrightSkies Test/ROS2_BlocksRearrengments/src/CPPsub_BlocksRearrange/src/../include/CPPsub_BlocksRearrange/StateSpace.h:[m[K In member function ‘[01m[Kint StateSpace::getFixedCount() const[m[K’:
[1.908s] [01m[K/media/muayman17/New/Muhammad/BrightSkies Test/ROS2_BlocksRearrengments/src/CPPsub_BlocksRearrange/src/../include/CPPsub_BlocksRearrange/StateSpace.h:45:33:[m[K [01;35m[Kwarning: [m[Kno return statement in function returning non-void [[01;35m[K-Wreturn-type[m[K]
[1.908s]    45 |      int getFixedCount() const {[01;35m[K}[m[K;
[1.908s]       |                                 [01;35m[K^[m[K
[1.909s] [01m[K/media/muayman17/New/Muhammad/BrightSkies Test/ROS2_BlocksRearrengments/src/CPPsub_BlocksRearrange/src/../include/CPPsub_BlocksRearrange/StateSpace.h:[m[K In member function ‘[01m[Kbool StateSpace::operator<(const StateSpace&) const[m[K’:
[1.909s] [01m[K/media/muayman17/New/Muhammad/BrightSkies Test/ROS2_BlocksRearrengments/src/CPPsub_BlocksRearrange/src/../include/CPPsub_BlocksRearrange/StateSpace.h:48:53:[m[K [01;35m[Kwarning: [m[Kno return statement in function returning non-void [[01;35m[K-Wreturn-type[m[K]
[1.909s]    48 |      bool operator<(const StateSpace &other) const {[01;35m[K}[m[K;
[1.909s]       |                                                     [01;35m[K^[m[K
[1.910s] [01m[K/media/muayman17/New/Muhammad/BrightSkies Test/ROS2_BlocksRearrengments/src/CPPsub_BlocksRearrange/src/../include/CPPsub_BlocksRearrange/StateSpace.h:48:39:[m[K [01;35m[Kwarning: [m[Kunused parameter ‘[01m[Kother[m[K’ [[01;35m[K-Wunused-parameter[m[K]
[1.910s]    48 |      bool operator<([01;35m[Kconst StateSpace &other[m[K) const {};
[1.910s]       |                     [01;35m[K~~~~~~~~~~~~~~~~~~^~~~~[m[K
[1.910s] In file included from [01m[K/media/muayman17/New/Muhammad/BrightSkies Test/ROS2_BlocksRearrengments/src/CPPsub_BlocksRearrange/src/../include/CPPsub_BlocksRearrange/blockArrangementSub.h:5[m[K,
[1.911s]                  from [01m[K/media/muayman17/New/Muhammad/BrightSkies Test/ROS2_BlocksRearrengments/src/CPPsub_BlocksRearrange/src/blockArrangementSub.cpp:5[m[K:
[1.911s] [01m[K/media/muayman17/New/Muhammad/BrightSkies Test/ROS2_BlocksRearrengments/src/CPPsub_BlocksRearrange/src/../include/CPPsub_BlocksRearrange/BFSAlgorithm.h:[m[K In constructor ‘[01m[KBFSAlgorithm::BFSAlgorithm(std::string)[m[K’:
[1.911s] [01m[K/media/muayman17/New/Muhammad/BrightSkies Test/ROS2_BlocksRearrengments/src/CPPsub_BlocksRearrange/src/../include/CPPsub_BlocksRearrange/BFSAlgorithm.h:26:26:[m[K [01;35m[Kwarning: [m[Kunused parameter ‘[01m[Kpub_msg[m[K’ [[01;35m[K-Wunused-parameter[m[K]
[1.912s]    26 |      BFSAlgorithm([01;35m[Kstring pub_msg[m[K) {}
[1.912s]       |                   [01;35m[K~~~~~~~^~~~~~~[m[K
[1.912s] In file included from [01m[K/media/muayman17/New/Muhammad/BrightSkies Test/ROS2_BlocksRearrengments/src/CPPsub_BlocksRearrange/src/../include/CPPsub_BlocksRearrange/blockArrangementSub.h:5[m[K,
[1.912s]                  from [01m[K/media/muayman17/New/Muhammad/BrightSkies Test/ROS2_BlocksRearrengments/src/CPPsub_BlocksRearrange/src/blockArrangementSub.cpp:5[m[K:
[1.913s] [01m[K/media/muayman17/New/Muhammad/BrightSkies Test/ROS2_BlocksRearrengments/src/CPPsub_BlocksRearrange/src/../include/CPPsub_BlocksRearrange/BFSAlgorithm.h:[m[K In member function ‘[01m[Kstd::vector<std::__cxx11::basic_string<char> > BFSAlgorithm::StringToVector(std::string, char)[m[K’:
[1.913s] [01m[K/media/muayman17/New/Muhammad/BrightSkies Test/ROS2_BlocksRearrengments/src/CPPsub_BlocksRearrange/src/../include/CPPsub_BlocksRearrange/BFSAlgorithm.h:29:65:[m[K [01;35m[Kwarning: [m[Kno return statement in function returning non-void [[01;35m[K-Wreturn-type[m[K]
[1.913s]    29 |      vector<string> StringToVector(string pub_msg, char delim) {[01;35m[K}[m[K
[1.914s]       |                                                                 [01;35m[K^[m[K
[1.914s] [01m[K/media/muayman17/New/Muhammad/BrightSkies Test/ROS2_BlocksRearrengments/src/CPPsub_BlocksRearrange/src/../include/CPPsub_BlocksRearrange/BFSAlgorithm.h:29:43:[m[K [01;35m[Kwarning: [m[Kunused parameter ‘[01m[Kpub_msg[m[K’ [[01;35m[K-Wunused-parameter[m[K]
[1.914s]    29 |      vector<string> StringToVector([01;35m[Kstring pub_msg[m[K, char delim) {}
[1.914s]       |                                    [01;35m[K~~~~~~~^~~~~~~[m[K
[1.915s] [01m[K/media/muayman17/New/Muhammad/BrightSkies Test/ROS2_BlocksRearrengments/src/CPPsub_BlocksRearrange/src/../include/CPPsub_BlocksRearrange/BFSAlgorithm.h:29:57:[m[K [01;35m[Kwarning: [m[Kunused parameter ‘[01m[Kdelim[m[K’ [[01;35m[K-Wunused-parameter[m[K]
[1.915s]    29 |      vector<string> StringToVector(string pub_msg, [01;35m[Kchar delim[m[K) {}
[1.915s]       |                                                    [01;35m[K~~~~~^~~~~[m[K
[1.916s] [01m[K/media/muayman17/New/Muhammad/BrightSkies Test/ROS2_BlocksRearrengments/src/CPPsub_BlocksRearrange/src/../include/CPPsub_BlocksRearrange/BFSAlgorithm.h:[m[K In member function ‘[01m[Kstd::string BFSAlgorithm::VectorToString(const State&) const[m[K’:
[1.916s] [01m[K/media/muayman17/New/Muhammad/BrightSkies Test/ROS2_BlocksRearrengments/src/CPPsub_BlocksRearrange/src/../include/CPPsub_BlocksRearrange/BFSAlgorithm.h:32:55:[m[K [01;35m[Kwarning: [m[Kno return statement in function returning non-void [[01;35m[K-Wreturn-type[m[K]
[1.916s]    32 |      string VectorToString(const State &state) const {[01;35m[K}[m[K
[1.917s]       |                                                       [01;35m[K^[m[K
[1.917s] [01m[K/media/muayman17/New/Muhammad/BrightSkies Test/ROS2_BlocksRearrengments/src/CPPsub_BlocksRearrange/src/../include/CPPsub_BlocksRearrange/BFSAlgorithm.h:32:41:[m[K [01;35m[Kwarning: [m[Kunused parameter ‘[01m[Kstate[m[K’ [[01;35m[K-Wunused-parameter[m[K]
[1.917s]    32 |      string VectorToString([01;35m[Kconst State &state[m[K) const {}
[1.917s]       |                            [01;35m[K~~~~~~~~~~~~~^~~~~[m[K
[1.918s] [01m[K/media/muayman17/New/Muhammad/BrightSkies Test/ROS2_BlocksRearrengments/src/CPPsub_BlocksRearrange/src/../include/CPPsub_BlocksRearrange/BFSAlgorithm.h:[m[K In member function ‘[01m[Kbool BFSAlgorithm::IsGoal(const State&) const[m[K’:
[1.918s] [01m[K/media/muayman17/New/Muhammad/BrightSkies Test/ROS2_BlocksRearrengments/src/CPPsub_BlocksRearrange/src/../include/CPPsub_BlocksRearrange/BFSAlgorithm.h:35:47:[m[K [01;35m[Kwarning: [m[Kno return statement in function returning non-void [[01;35m[K-Wreturn-type[m[K]
[1.918s]    35 |      bool IsGoal(const State &current) const {[01;35m[K}[m[K
[1.919s]       |                                               [01;35m[K^[m[K
[1.919s] [01m[K/media/muayman17/New/Muhammad/BrightSkies Test/ROS2_BlocksRearrengments/src/CPPsub_BlocksRearrange/src/../include/CPPsub_BlocksRearrange/BFSAlgorithm.h:35:31:[m[K [01;35m[Kwarning: [m[Kunused parameter ‘[01m[Kcurrent[m[K’ [[01;35m[K-Wunused-parameter[m[K]
[1.919s]    35 |      bool IsGoal([01;35m[Kconst State &current[m[K) const {}
[1.919s]       |                  [01;35m[K~~~~~~~~~~~~~^~~~~~~[m[K
[1.920s] [01m[K/media/muayman17/New/Muhammad/BrightSkies Test/ROS2_BlocksRearrengments/src/CPPsub_BlocksRearrange/src/../include/CPPsub_BlocksRearrange/BFSAlgorithm.h:[m[K In member function ‘[01m[Kstd::vector<StateSpace> BFSAlgorithm::getNextStates(const StateSpace&) const[m[K’:
[1.920s] [01m[K/media/muayman17/New/Muhammad/BrightSkies Test/ROS2_BlocksRearrengments/src/CPPsub_BlocksRearrange/src/../include/CPPsub_BlocksRearrange/BFSAlgorithm.h:38:73:[m[K [01;35m[Kwarning: [m[Kno return statement in function returning non-void [[01;35m[K-Wreturn-type[m[K]
[1.921s]    38 |      vector<StateSpace> getNextStates(const StateSpace &current) const {[01;35m[K}[m[K
[1.921s]       |                                                                         [01;35m[K^[m[K
[1.921s] [01m[K/media/muayman17/New/Muhammad/BrightSkies Test/ROS2_BlocksRearrengments/src/CPPsub_BlocksRearrange/src/../include/CPPsub_BlocksRearrange/BFSAlgorithm.h:38:57:[m[K [01;35m[Kwarning: [m[Kunused parameter ‘[01m[Kcurrent[m[K’ [[01;35m[K-Wunused-parameter[m[K]
[1.921s]    38 |      vector<StateSpace> getNextStates([01;35m[Kconst StateSpace &current[m[K) const {}
[1.922s]       |                                       [01;35m[K~~~~~~~~~~~~~~~~~~^~~~~~~[m[K
[1.922s] [01m[K/media/muayman17/New/Muhammad/BrightSkies Test/ROS2_BlocksRearrengments/src/CPPsub_BlocksRearrange/src/../include/CPPsub_BlocksRearrange/BFSAlgorithm.h:[m[K In member function ‘[01m[Kvoid BFSAlgorithm::countMatches(StateSpace&)[m[K’:
[1.922s] [01m[K/media/muayman17/New/Muhammad/BrightSkies Test/ROS2_BlocksRearrengments/src/CPPsub_BlocksRearrange/src/../include/CPPsub_BlocksRearrange/BFSAlgorithm.h:41:36:[m[K [01;35m[Kwarning: [m[Kunused parameter ‘[01m[Kcurrent[m[K’ [[01;35m[K-Wunused-parameter[m[K]
[1.922s]    41 |      void countMatches([01;35m[KStateSpace &current[m[K) {}
[1.923s]       |                        [01;35m[K~~~~~~~~~~~~^~~~~~~[m[K
[1.923s] [01m[K/media/muayman17/New/Muhammad/BrightSkies Test/ROS2_BlocksRearrengments/src/CPPsub_BlocksRearrange/src/../include/CPPsub_BlocksRearrange/BFSAlgorithm.h:[m[K In member function ‘[01m[KMoves BFSAlgorithm::BFS_Algorithm()[m[K’:
[1.923s] [01m[K/media/muayman17/New/Muhammad/BrightSkies Test/ROS2_BlocksRearrengments/src/CPPsub_BlocksRearrange/src/../include/CPPsub_BlocksRearrange/BFSAlgorithm.h:44:29:[m[K [01;35m[Kwarning: [m[Kno return statement in function returning non-void [[01;35m[K-Wreturn-type[m[K]
[1.924s]    44 |      Moves BFS_Algorithm() {[01;35m[K}[m[K
[1.924s]       |                             [01;35m[K^[m[K
[1.924s] In file included from [01m[K/media/muayman17/New/Muhammad/BrightSkies Test/ROS2_BlocksRearrengments/src/CPPsub_BlocksRearrange/src/blockArrangementSub.cpp:5[m[K:
[1.924s] [01m[K/media/muayman17/New/Muhammad/BrightSkies Test/ROS2_BlocksRearrengments/src/CPPsub_BlocksRearrange/src/../include/CPPsub_BlocksRearrange/blockArrangementSub.h:[m[K In constructor ‘[01m[KblockArrangementSub::blockArrangementSub()[m[K’:
[1.925s] [01m[K/media/muayman17/New/Muhammad/BrightSkies Test/ROS2_BlocksRearrengments/src/CPPsub_BlocksRearrange/src/../include/CPPsub_BlocksRearrange/blockArrangementSub.h:12:25:[m[K [01;31m[Kerror: [m[Kno matching function for call to ‘[01m[Krclcpp::Node::Node()[m[K’
[1.925s]    12 |   blockArrangementSub() [01;31m[K{[m[K}
[1.925s]       |                         [01;31m[K^[m[K
[1.925s] In file included from [01m[K/opt/ros/foxy/include/rclcpp/executors/single_threaded_executor.hpp:28[m[K,
[1.925s]                  from [01m[K/opt/ros/foxy/include/rclcpp/executors.hpp:22[m[K,
[1.926s]                  from [01m[K/opt/ros/foxy/include/rclcpp/rclcpp.hpp:146[m[K,
[1.926s]                  from [01m[K/media/muayman17/New/Muhammad/BrightSkies Test/ROS2_BlocksRearrengments/src/CPPsub_BlocksRearrange/src/blockArrangementSub.cpp:2[m[K:
[1.926s] [01m[K/opt/ros/foxy/include/rclcpp/node.hpp:1193:3:[m[K [01;36m[Knote: [m[Kcandidate: ‘[01m[Krclcpp::Node::Node(const rclcpp::Node&, const string&)[m[K’
[1.926s]  1193 |   [01;36m[KNode[m[K(
[1.927s]       |   [01;36m[K^~~~[m[K
[1.927s] [01m[K/opt/ros/foxy/include/rclcpp/node.hpp:1193:3:[m[K [01;36m[Knote: [m[K  candidate expects 2 arguments, 0 provided
[1.927s] [01m[K/opt/ros/foxy/include/rclcpp/node.hpp:98:12:[m[K [01;36m[Knote: [m[Kcandidate: ‘[01m[Krclcpp::Node::Node(const string&, const string&, const rclcpp::NodeOptions&)[m[K’
[1.927s]    98 |   explicit [01;36m[KNode[m[K(
[1.927s]       |            [01;36m[K^~~~[m[K
[1.928s] [01m[K/opt/ros/foxy/include/rclcpp/node.hpp:98:12:[m[K [01;36m[Knote: [m[K  candidate expects 3 arguments, 0 provided
[1.928s] [01m[K/opt/ros/foxy/include/rclcpp/node.hpp:86:12:[m[K [01;36m[Knote: [m[Kcandidate: ‘[01m[Krclcpp::Node::Node(const string&, const rclcpp::NodeOptions&)[m[K’
[1.928s]    86 |   explicit [01;36m[KNode[m[K(
[1.928s]       |            [01;36m[K^~~~[m[K
[1.929s] [01m[K/opt/ros/foxy/include/rclcpp/node.hpp:86:12:[m[K [01;36m[Knote: [m[K  candidate expects 2 arguments, 0 provided
[1.929s] In file included from [01m[K/media/muayman17/New/Muhammad/BrightSkies Test/ROS2_BlocksRearrengments/src/CPPsub_BlocksRearrange/src/blockArrangementSub.cpp:5[m[K:
[1.929s] [01m[K/media/muayman17/New/Muhammad/BrightSkies Test/ROS2_BlocksRearrengments/src/CPPsub_BlocksRearrange/src/../include/CPPsub_BlocksRearrange/blockArrangementSub.h:[m[K In member function ‘[01m[Kvoid blockArrangementSub::topic_callback(std_msgs::msg::String_<std::allocator<void> >::SharedPtr) const[m[K’:
[1.929s] [01m[K/media/muayman17/New/Muhammad/BrightSkies Test/ROS2_BlocksRearrengments/src/CPPsub_BlocksRearrange/src/../include/CPPsub_BlocksRearrange/blockArrangementSub.h:15:62:[m[K [01;35m[Kwarning: [m[Kunused parameter ‘[01m[Kmsg[m[K’ [[01;35m[K-Wunused-parameter[m[K]
[1.929s]    15 |   void topic_callback([01;35m[Kconst std_msgs::msg::String::SharedPtr msg[m[K) const {}
[1.930s]       |                       [01;35m[K~~~~~~~~~~~~~~~~~~~~~~~~~~~~~~~~~~~~~~~^~~[m[K
[1.930s] [01m[K/media/muayman17/New/Muhammad/BrightSkies Test/ROS2_BlocksRearrengments/src/CPPsub_BlocksRearrange/src/blockArrangementSub.cpp:[m[K At global scope:
[1.930s] [01m[K/media/muayman17/New/Muhammad/BrightSkies Test/ROS2_BlocksRearrengments/src/CPPsub_BlocksRearrange/src/blockArrangementSub.cpp:11:1:[m[K [01;31m[Kerror: [m[Kredefinition of ‘[01m[KblockArrangementSub::blockArrangementSub()[m[K’
[1.930s]    11 | [01;31m[KblockArrangementSub[m[K::blockArrangementSub() : Node("BlockArrange_subscriber")
[1.931s]       | [01;31m[K^~~~~~~~~~~~~~~~~~~[m[K
[1.931s] In file included from [01m[K/media/muayman17/New/Muhammad/BrightSkies Test/ROS2_BlocksRearrengments/src/CPPsub_BlocksRearrange/src/blockArrangementSub.cpp:5[m[K:
[1.931s] [01m[K/media/muayman17/New/Muhammad/BrightSkies Test/ROS2_BlocksRearrengments/src/CPPsub_BlocksRearrange/src/../include/CPPsub_BlocksRearrange/blockArrangementSub.h:12:3:[m[K [01;36m[Knote: [m[K‘[01m[KblockArrangementSub::blockArrangementSub()[m[K’ previously defined here
[1.931s]    12 |   [01;36m[KblockArrangementSub[m[K() {}
[1.932s]       |   [01;36m[K^~~~~~~~~~~~~~~~~~~[m[K
[1.932s] [01m[K/media/muayman17/New/Muhammad/BrightSkies Test/ROS2_BlocksRearrengments/src/CPPsub_BlocksRearrange/src/blockArrangementSub.cpp:15:2:[m[K [01;35m[Kwarning: [m[Kextra ‘[01m[K;[m[K’ [[01;35m[K-Wpedantic[m[K]
[1.932s]    15 | }[01;35m[K;[m[K
[1.933s]       |  [01;35m[K^[m[K
[1.933s] [01m[K/media/muayman17/New/Muhammad/BrightSkies Test/ROS2_BlocksRearrengments/src/CPPsub_BlocksRearrange/src/blockArrangementSub.cpp:17:6:[m[K [01;31m[Kerror: [m[Kredefinition of ‘[01m[Kvoid blockArrangementSub::topic_callback(std_msgs::msg::String_<std::allocator<void> >::SharedPtr) const[m[K’
[1.933s]    17 | void [01;31m[KblockArrangementSub[m[K::topic_callback(const std_msgs::msg::String::SharedPtr msg) const
[1.933s]       |      [01;31m[K^~~~~~~~~~~~~~~~~~~[m[K
[1.934s] In file included from [01m[K/media/muayman17/New/Muhammad/BrightSkies Test/ROS2_BlocksRearrengments/src/CPPsub_BlocksRearrange/src/blockArrangementSub.cpp:5[m[K:
[1.934s] [01m[K/media/muayman17/New/Muhammad/BrightSkies Test/ROS2_BlocksRearrengments/src/CPPsub_BlocksRearrange/src/../include/CPPsub_BlocksRearrange/blockArrangementSub.h:15:8:[m[K [01;36m[Knote: [m[K‘[01m[Kvoid blockArrangementSub::topic_callback(std_msgs::msg::String_<std::allocator<void> >::SharedPtr) const[m[K’ previously defined here
[1.935s]    15 |   void [01;36m[Ktopic_callback[m[K(const std_msgs::msg::String::SharedPtr msg) const {}
[1.935s]       |        [01;36m[K^~~~~~~~~~~~~~[m[K
[1.989s] In file included from [01m[K/media/muayman17/New/Muhammad/BrightSkies Test/ROS2_BlocksRearrengments/src/CPPsub_BlocksRearrange/src/../include/CPPsub_BlocksRearrange/blockArrangementSub.h:4[m[K,
[1.989s]                  from [01m[K/media/muayman17/New/Muhammad/BrightSkies Test/ROS2_BlocksRearrengments/src/CPPsub_BlocksRearrange/src/CPPsub_BlocksRearrange.cpp:2[m[K:
[1.990s] [01m[K/media/muayman17/New/Muhammad/BrightSkies Test/ROS2_BlocksRearrengments/src/CPPsub_BlocksRearrange/src/../include/CPPsub_BlocksRearrange/StateSpace.h:[m[K In constructor ‘[01m[KStateSpace::StateSpace(State)[m[K’:
[1.990s] [01m[K/media/muayman17/New/Muhammad/BrightSkies Test/ROS2_BlocksRearrengments/src/CPPsub_BlocksRearrange/src/../include/CPPsub_BlocksRearrange/StateSpace.h:33:23:[m[K [01;35m[Kwarning: [m[Kunused parameter ‘[01m[Ks[m[K’ [[01;35m[K-Wunused-parameter[m[K]
[1.991s]    33 |      StateSpace([01;35m[KState s[m[K) {}
[1.991s]       |                 [01;35m[K~~~~~~^[m[K
[1.991s] [01m[K/media/muayman17/New/Muhammad/BrightSkies Test/ROS2_BlocksRearrengments/src/CPPsub_BlocksRearrange/src/../include/CPPsub_BlocksRearrange/StateSpace.h:[m[K In constructor ‘[01m[KStateSpace::StateSpace(State, Moves)[m[K’:
[1.992s] [01m[K/media/muayman17/New/Muhammad/BrightSkies Test/ROS2_BlocksRearrengments/src/CPPsub_BlocksRearrange/src/../include/CPPsub_BlocksRearrange/StateSpace.h:34:23:[m[K [01;35m[Kwarning: [m[Kunused parameter ‘[01m[Ks[m[K’ [[01;35m[K-Wunused-parameter[m[K]
[1.992s]    34 |      StateSpace([01;35m[KState s[m[K, Moves m) {}
[1.992s]       |                 [01;35m[K~~~~~~^[m[K
[1.992s] [01m[K/media/muayman17/New/Muhammad/BrightSkies Test/ROS2_BlocksRearrengments/src/CPPsub_BlocksRearrange/src/../include/CPPsub_BlocksRearrange/StateSpace.h:34:32:[m[K [01;35m[Kwarning: [m[Kunused parameter ‘[01m[Km[m[K’ [[01;35m[K-Wunused-parameter[m[K]
[1.993s]    34 |      StateSpace(State s, [01;35m[KMoves m[m[K) {}
[1.993s]       |                          [01;35m[K~~~~~~^[m[K
[1.993s] [01m[K/media/muayman17/New/Muhammad/BrightSkies Test/ROS2_BlocksRearrengments/src/CPPsub_BlocksRearrange/src/../include/CPPsub_BlocksRearrange/StateSpace.h:[m[K In constructor ‘[01m[KStateSpace::StateSpace(State, Moves, int)[m[K’:
[1.994s] [01m[K/media/muayman17/New/Muhammad/BrightSkies Test/ROS2_BlocksRearrengments/src/CPPsub_BlocksRearrange/src/../include/CPPsub_BlocksRearrange/StateSpace.h:35:23:[m[K [01;35m[Kwarning: [m[Kunused parameter ‘[01m[Ks[m[K’ [[01;35m[K-Wunused-parameter[m[K]
[1.994s]    35 |      StateSpace([01;35m[KState s[m[K, Moves m, int f) {}
[1.994s]       |                 [01;35m[K~~~~~~^[m[K
[1.995s] [01m[K/media/muayman17/New/Muhammad/BrightSkies Test/ROS2_BlocksRearrengments/src/CPPsub_BlocksRearrange/src/../include/CPPsub_BlocksRearrange/StateSpace.h:35:32:[m[K [01;35m[Kwarning: [m[Kunused parameter ‘[01m[Km[m[K’ [[01;35m[K-Wunused-parameter[m[K]
[1.995s]    35 |      StateSpace(State s, [01;35m[KMoves m[m[K, int f) {}
[1.995s]       |                          [01;35m[K~~~~~~^[m[K
[1.996s] [01m[K/media/muayman17/New/Muhammad/BrightSkies Test/ROS2_BlocksRearrengments/src/CPPsub_BlocksRearrange/src/../include/CPPsub_BlocksRearrange/StateSpace.h:35:39:[m[K [01;35m[Kwarning: [m[Kunused parameter ‘[01m[Kf[m[K’ [[01;35m[K-Wunused-parameter[m[K]
[1.996s]    35 |      StateSpace(State s, Moves m, [01;35m[Kint f[m[K) {}
[1.996s]       |                                   [01;35m[K~~~~^[m[K
[1.997s] [01m[K/media/muayman17/New/Muhammad/BrightSkies Test/ROS2_BlocksRearrengments/src/CPPsub_BlocksRearrange/src/../include/CPPsub_BlocksRearrange/StateSpace.h:[m[K In member function ‘[01m[Kvoid StateSpace::setState(State)[m[K’:
[1.997s] [01m[K/media/muayman17/New/Muhammad/BrightSkies Test/ROS2_BlocksRearrengments/src/CPPsub_BlocksRearrange/src/../include/CPPsub_BlocksRearrange/StateSpace.h:38:26:[m[K [01;35m[Kwarning: [m[Kunused parameter ‘[01m[Ks[m[K’ [[01;35m[K-Wunused-parameter[m[K]
[1.997s]    38 |      void setState([01;35m[KState s[m[K) {};
[1.998s]       |                    [01;35m[K~~~~~~^[m[K
[1.998s] [01m[K/media/muayman17/New/Muhammad/BrightSkies Test/ROS2_BlocksRearrengments/src/CPPsub_BlocksRearrange/src/../include/CPPsub_BlocksRearrange/StateSpace.h:[m[K In member function ‘[01m[Kvoid StateSpace::setMoves(Moves)[m[K’:
[1.999s] [01m[K/media/muayman17/New/Muhammad/BrightSkies Test/ROS2_BlocksRearrengments/src/CPPsub_BlocksRearrange/src/../include/CPPsub_BlocksRearrange/StateSpace.h:39:26:[m[K [01;35m[Kwarning: [m[Kunused parameter ‘[01m[Km[m[K’ [[01;35m[K-Wunused-parameter[m[K]
[1.999s]    39 |      void setMoves([01;35m[KMoves m[m[K) {};
[1.999s]       |                    [01;35m[K~~~~~~^[m[K
[2.000s] [01m[K/media/muayman17/New/Muhammad/BrightSkies Test/ROS2_BlocksRearrengments/src/CPPsub_BlocksRearrange/src/../include/CPPsub_BlocksRearrange/StateSpace.h:[m[K In member function ‘[01m[Kvoid StateSpace::setFixedCount(int)[m[K’:
[2.000s] [01m[K/media/muayman17/New/Muhammad/BrightSkies Test/ROS2_BlocksRearrengments/src/CPPsub_BlocksRearrange/src/../include/CPPsub_BlocksRearrange/StateSpace.h:40:29:[m[K [01;35m[Kwarning: [m[Kunused parameter ‘[01m[Kf[m[K’ [[01;35m[K-Wunused-parameter[m[K]
[2.000s]    40 |      void setFixedCount([01;35m[Kint f[m[K) {};
[2.001s]       |                         [01;35m[K~~~~^[m[K
[2.001s] [01m[K/media/muayman17/New/Muhammad/BrightSkies Test/ROS2_BlocksRearrengments/src/CPPsub_BlocksRearrange/src/../include/CPPsub_BlocksRearrange/StateSpace.h:[m[K In member function ‘[01m[KState StateSpace::getState() const[m[K’:
[2.001s] [01m[K/media/muayman17/New/Muhammad/BrightSkies Test/ROS2_BlocksRearrengments/src/CPPsub_BlocksRearrange/src/../include/CPPsub_BlocksRearrange/StateSpace.h:43:30:[m[K [01;35m[Kwarning: [m[Kno return statement in function returning non-void [[01;35m[K-Wreturn-type[m[K]
[2.001s]    43 |      State getState() const {[01;35m[K}[m[K;
[2.002s]       |                              [01;35m[K^[m[K
[2.002s] [01m[K/media/muayman17/New/Muhammad/BrightSkies Test/ROS2_BlocksRearrengments/src/CPPsub_BlocksRearrange/src/../include/CPPsub_BlocksRearrange/StateSpace.h:[m[K In member function ‘[01m[KMoves StateSpace::getMoves() const[m[K’:
[2.002s] [01m[K/media/muayman17/New/Muhammad/BrightSkies Test/ROS2_BlocksRearrengments/src/CPPsub_BlocksRearrange/src/../include/CPPsub_BlocksRearrange/StateSpace.h:44:30:[m[K [01;35m[Kwarning: [m[Kno return statement in function returning non-void [[01;35m[K-Wreturn-type[m[K]
[2.002s]    44 |      Moves getMoves() const {[01;35m[K}[m[K;
[2.003s]       |                              [01;35m[K^[m[K
[2.003s] [01m[K/media/muayman17/New/Muhammad/BrightSkies Test/ROS2_BlocksRearrengments/src/CPPsub_BlocksRearrange/src/../include/CPPsub_BlocksRearrange/StateSpace.h:[m[K In member function ‘[01m[Kint StateSpace::getFixedCount() const[m[K’:
[2.003s] [01m[K/media/muayman17/New/Muhammad/BrightSkies Test/ROS2_BlocksRearrengments/src/CPPsub_BlocksRearrange/src/../include/CPPsub_BlocksRearrange/StateSpace.h:45:33:[m[K [01;35m[Kwarning: [m[Kno return statement in function returning non-void [[01;35m[K-Wreturn-type[m[K]
[2.004s]    45 |      int getFixedCount() const {[01;35m[K}[m[K;
[2.004s]       |                                 [01;35m[K^[m[K
[2.004s] [01m[K/media/muayman17/New/Muhammad/BrightSkies Test/ROS2_BlocksRearrengments/src/CPPsub_BlocksRearrange/src/../include/CPPsub_BlocksRearrange/StateSpace.h:[m[K In member function ‘[01m[Kbool StateSpace::operator<(const StateSpace&) const[m[K’:
[2.005s] [01m[K/media/muayman17/New/Muhammad/BrightSkies Test/ROS2_BlocksRearrengments/src/CPPsub_BlocksRearrange/src/../include/CPPsub_BlocksRearrange/StateSpace.h:48:53:[m[K [01;35m[Kwarning: [m[Kno return statement in function returning non-void [[01;35m[K-Wreturn-type[m[K]
[2.005s]    48 |      bool operator<(const StateSpace &other) const {[01;35m[K}[m[K;
[2.005s]       |                                                     [01;35m[K^[m[K
[2.005s] [01m[K/media/muayman17/New/Muhammad/BrightSkies Test/ROS2_BlocksRearrengments/src/CPPsub_BlocksRearrange/src/../include/CPPsub_BlocksRearrange/StateSpace.h:48:39:[m[K [01;35m[Kwarning: [m[Kunused parameter ‘[01m[Kother[m[K’ [[01;35m[K-Wunused-parameter[m[K]
[2.006s]    48 |      bool operator<([01;35m[Kconst StateSpace &other[m[K) const {};
[2.006s]       |                     [01;35m[K~~~~~~~~~~~~~~~~~~^~~~~[m[K
[2.006s] In file included from [01m[K/media/muayman17/New/Muhammad/BrightSkies Test/ROS2_BlocksRearrengments/src/CPPsub_BlocksRearrange/src/../include/CPPsub_BlocksRearrange/blockArrangementSub.h:5[m[K,
[2.007s]                  from [01m[K/media/muayman17/New/Muhammad/BrightSkies Test/ROS2_BlocksRearrengments/src/CPPsub_BlocksRearrange/src/CPPsub_BlocksRearrange.cpp:2[m[K:
[2.007s] [01m[K/media/muayman17/New/Muhammad/BrightSkies Test/ROS2_BlocksRearrengments/src/CPPsub_BlocksRearrange/src/../include/CPPsub_BlocksRearrange/BFSAlgorithm.h:[m[K In constructor ‘[01m[KBFSAlgorithm::BFSAlgorithm(std::string)[m[K’:
[2.007s] [01m[K/media/muayman17/New/Muhammad/BrightSkies Test/ROS2_BlocksRearrengments/src/CPPsub_BlocksRearrange/src/../include/CPPsub_BlocksRearrange/BFSAlgorithm.h:26:26:[m[K [01;35m[Kwarning: [m[Kunused parameter ‘[01m[Kpub_msg[m[K’ [[01;35m[K-Wunused-parameter[m[K]
[2.007s]    26 |      BFSAlgorithm([01;35m[Kstring pub_msg[m[K) {}
[2.008s]       |                   [01;35m[K~~~~~~~^~~~~~~[m[K
[2.008s] In file included from [01m[K/media/muayman17/New/Muhammad/BrightSkies Test/ROS2_BlocksRearrengments/src/CPPsub_BlocksRearrange/src/../include/CPPsub_BlocksRearrange/blockArrangementSub.h:5[m[K,
[2.008s]                  from [01m[K/media/muayman17/New/Muhammad/BrightSkies Test/ROS2_BlocksRearrengments/src/CPPsub_BlocksRearrange/src/CPPsub_BlocksRearrange.cpp:2[m[K:
[2.009s] [01m[K/media/muayman17/New/Muhammad/BrightSkies Test/ROS2_BlocksRearrengments/src/CPPsub_BlocksRearrange/src/../include/CPPsub_BlocksRearrange/BFSAlgorithm.h:[m[K In member function ‘[01m[Kstd::vector<std::__cxx11::basic_string<char> > BFSAlgorithm::StringToVector(std::string, char)[m[K’:
[2.009s] [01m[K/media/muayman17/New/Muhammad/BrightSkies Test/ROS2_BlocksRearrengments/src/CPPsub_BlocksRearrange/src/../include/CPPsub_BlocksRearrange/BFSAlgorithm.h:29:65:[m[K [01;35m[Kwarning: [m[Kno return statement in function returning non-void [[01;35m[K-Wreturn-type[m[K]
[2.009s]    29 |      vector<string> StringToVector(string pub_msg, char delim) {[01;35m[K}[m[K
[2.012s]       |                                                                 [01;35m[K^[m[K
[2.013s] [01m[K/media/muayman17/New/Muhammad/BrightSkies Test/ROS2_BlocksRearrengments/src/CPPsub_BlocksRearrange/src/../include/CPPsub_BlocksRearrange/BFSAlgorithm.h:29:43:[m[K [01;35m[Kwarning: [m[Kunused parameter ‘[01m[Kpub_msg[m[K’ [[01;35m[K-Wunused-parameter[m[K]
[2.013s]    29 |      vector<string> StringToVector([01;35m[Kstring pub_msg[m[K, char delim) {}
[2.013s]       |                                    [01;35m[K~~~~~~~^~~~~~~[m[K
[2.014s] [01m[K/media/muayman17/New/Muhammad/BrightSkies Test/ROS2_BlocksRearrengments/src/CPPsub_BlocksRearrange/src/../include/CPPsub_BlocksRearrange/BFSAlgorithm.h:29:57:[m[K [01;35m[Kwarning: [m[Kunused parameter ‘[01m[Kdelim[m[K’ [[01;35m[K-Wunused-parameter[m[K]
[2.014s]    29 |      vector<string> StringToVector(string pub_msg, [01;35m[Kchar delim[m[K) {}
[2.014s]       |                                                    [01;35m[K~~~~~^~~~~[m[K
[2.015s] [01m[K/media/muayman17/New/Muhammad/BrightSkies Test/ROS2_BlocksRearrengments/src/CPPsub_BlocksRearrange/src/../include/CPPsub_BlocksRearrange/BFSAlgorithm.h:[m[K In member function ‘[01m[Kstd::string BFSAlgorithm::VectorToString(const State&) const[m[K’:
[2.015s] [01m[K/media/muayman17/New/Muhammad/BrightSkies Test/ROS2_BlocksRearrengments/src/CPPsub_BlocksRearrange/src/../include/CPPsub_BlocksRearrange/BFSAlgorithm.h:32:55:[m[K [01;35m[Kwarning: [m[Kno return statement in function returning non-void [[01;35m[K-Wreturn-type[m[K]
[2.015s]    32 |      string VectorToString(const State &state) const {[01;35m[K}[m[K
[2.015s]       |                                                       [01;35m[K^[m[K
[2.016s] [01m[K/media/muayman17/New/Muhammad/BrightSkies Test/ROS2_BlocksRearrengments/src/CPPsub_BlocksRearrange/src/../include/CPPsub_BlocksRearrange/BFSAlgorithm.h:32:41:[m[K [01;35m[Kwarning: [m[Kunused parameter ‘[01m[Kstate[m[K’ [[01;35m[K-Wunused-parameter[m[K]
[2.016s]    32 |      string VectorToString([01;35m[Kconst State &state[m[K) const {}
[2.016s]       |                            [01;35m[K~~~~~~~~~~~~~^~~~~[m[K
[2.017s] [01m[K/media/muayman17/New/Muhammad/BrightSkies Test/ROS2_BlocksRearrengments/src/CPPsub_BlocksRearrange/src/../include/CPPsub_BlocksRearrange/BFSAlgorithm.h:[m[K In member function ‘[01m[Kbool BFSAlgorithm::IsGoal(const State&) const[m[K’:
[2.017s] [01m[K/media/muayman17/New/Muhammad/BrightSkies Test/ROS2_BlocksRearrengments/src/CPPsub_BlocksRearrange/src/../include/CPPsub_BlocksRearrange/BFSAlgorithm.h:35:47:[m[K [01;35m[Kwarning: [m[Kno return statement in function returning non-void [[01;35m[K-Wreturn-type[m[K]
[2.017s]    35 |      bool IsGoal(const State &current) const {[01;35m[K}[m[K
[2.018s]       |                                               [01;35m[K^[m[K
[2.018s] [01m[K/media/muayman17/New/Muhammad/BrightSkies Test/ROS2_BlocksRearrengments/src/CPPsub_BlocksRearrange/src/../include/CPPsub_BlocksRearrange/BFSAlgorithm.h:35:31:[m[K [01;35m[Kwarning: [m[Kunused parameter ‘[01m[Kcurrent[m[K’ [[01;35m[K-Wunused-parameter[m[K]
[2.018s]    35 |      bool IsGoal([01;35m[Kconst State &current[m[K) const {}
[2.018s]       |                  [01;35m[K~~~~~~~~~~~~~^~~~~~~[m[K
[2.019s] [01m[K/media/muayman17/New/Muhammad/BrightSkies Test/ROS2_BlocksRearrengments/src/CPPsub_BlocksRearrange/src/../include/CPPsub_BlocksRearrange/BFSAlgorithm.h:[m[K In member function ‘[01m[Kstd::vector<StateSpace> BFSAlgorithm::getNextStates(const StateSpace&) const[m[K’:
[2.019s] [01m[K/media/muayman17/New/Muhammad/BrightSkies Test/ROS2_BlocksRearrengments/src/CPPsub_BlocksRearrange/src/../include/CPPsub_BlocksRearrange/BFSAlgorithm.h:38:73:[m[K [01;35m[Kwarning: [m[Kno return statement in function returning non-void [[01;35m[K-Wreturn-type[m[K]
[2.020s]    38 |      vector<StateSpace> getNextStates(const StateSpace &current) const {[01;35m[K}[m[K
[2.020s]       |                                                                         [01;35m[K^[m[K
[2.020s] [01m[K/media/muayman17/New/Muhammad/BrightSkies Test/ROS2_BlocksRearrengments/src/CPPsub_BlocksRearrange/src/../include/CPPsub_BlocksRearrange/BFSAlgorithm.h:38:57:[m[K [01;35m[Kwarning: [m[Kunused parameter ‘[01m[Kcurrent[m[K’ [[01;35m[K-Wunused-parameter[m[K]
[2.021s]    38 |      vector<StateSpace> getNextStates([01;35m[Kconst StateSpace &current[m[K) const {}
[2.021s]       |                                       [01;35m[K~~~~~~~~~~~~~~~~~~^~~~~~~[m[K
[2.021s] [01m[K/media/muayman17/New/Muhammad/BrightSkies Test/ROS2_BlocksRearrengments/src/CPPsub_BlocksRearrange/src/../include/CPPsub_BlocksRearrange/BFSAlgorithm.h:[m[K In member function ‘[01m[Kvoid BFSAlgorithm::countMatches(StateSpace&)[m[K’:
[2.022s] [01m[K/media/muayman17/New/Muhammad/BrightSkies Test/ROS2_BlocksRearrengments/src/CPPsub_BlocksRearrange/src/../include/CPPsub_BlocksRearrange/BFSAlgorithm.h:41:36:[m[K [01;35m[Kwarning: [m[Kunused parameter ‘[01m[Kcurrent[m[K’ [[01;35m[K-Wunused-parameter[m[K]
[2.022s]    41 |      void countMatches([01;35m[KStateSpace &current[m[K) {}
[2.022s]       |                        [01;35m[K~~~~~~~~~~~~^~~~~~~[m[K
[2.023s] [01m[K/media/muayman17/New/Muhammad/BrightSkies Test/ROS2_BlocksRearrengments/src/CPPsub_BlocksRearrange/src/../include/CPPsub_BlocksRearrange/BFSAlgorithm.h:[m[K In member function ‘[01m[KMoves BFSAlgorithm::BFS_Algorithm()[m[K’:
[2.023s] [01m[K/media/muayman17/New/Muhammad/BrightSkies Test/ROS2_BlocksRearrengments/src/CPPsub_BlocksRearrange/src/../include/CPPsub_BlocksRearrange/BFSAlgorithm.h:44:29:[m[K [01;35m[Kwarning: [m[Kno return statement in function returning non-void [[01;35m[K-Wreturn-type[m[K]
[2.023s]    44 |      Moves BFS_Algorithm() {[01;35m[K}[m[K
[2.024s]       |                             [01;35m[K^[m[K
[2.024s] In file included from [01m[K/media/muayman17/New/Muhammad/BrightSkies Test/ROS2_BlocksRearrengments/src/CPPsub_BlocksRearrange/src/CPPsub_BlocksRearrange.cpp:2[m[K:
[2.024s] [01m[K/media/muayman17/New/Muhammad/BrightSkies Test/ROS2_BlocksRearrengments/src/CPPsub_BlocksRearrange/src/../include/CPPsub_BlocksRearrange/blockArrangementSub.h:[m[K In constructor ‘[01m[KblockArrangementSub::blockArrangementSub()[m[K’:
[2.024s] [01m[K/media/muayman17/New/Muhammad/BrightSkies Test/ROS2_BlocksRearrengments/src/CPPsub_BlocksRearrange/src/../include/CPPsub_BlocksRearrange/blockArrangementSub.h:12:25:[m[K [01;31m[Kerror: [m[Kno matching function for call to ‘[01m[Krclcpp::Node::Node()[m[K’
[2.025s]    12 |   blockArrangementSub() [01;31m[K{[m[K}
[2.025s]       |                         [01;31m[K^[m[K
[2.025s] In file included from [01m[K/opt/ros/foxy/include/rclcpp/executors/single_threaded_executor.hpp:28[m[K,
[2.026s]                  from [01m[K/opt/ros/foxy/include/rclcpp/executors.hpp:22[m[K,
[2.026s]                  from [01m[K/opt/ros/foxy/include/rclcpp/rclcpp.hpp:146[m[K,
[2.026s]                  from [01m[K/media/muayman17/New/Muhammad/BrightSkies Test/ROS2_BlocksRearrengments/src/CPPsub_BlocksRearrange/src/../include/CPPsub_BlocksRearrange/blockArrangementSub.h:1[m[K,
[2.026s]                  from [01m[K/media/muayman17/New/Muhammad/BrightSkies Test/ROS2_BlocksRearrengments/src/CPPsub_BlocksRearrange/src/CPPsub_BlocksRearrange.cpp:2[m[K:
[2.026s] [01m[K/opt/ros/foxy/include/rclcpp/node.hpp:1193:3:[m[K [01;36m[Knote: [m[Kcandidate: ‘[01m[Krclcpp::Node::Node(const rclcpp::Node&, const string&)[m[K’
[2.027s]  1193 |   [01;36m[KNode[m[K(
[2.027s]       |   [01;36m[K^~~~[m[K
[2.027s] [01m[K/opt/ros/foxy/include/rclcpp/node.hpp:1193:3:[m[K [01;36m[Knote: [m[K  candidate expects 2 arguments, 0 provided
[2.027s] [01m[K/opt/ros/foxy/include/rclcpp/node.hpp:98:12:[m[K [01;36m[Knote: [m[Kcandidate: ‘[01m[Krclcpp::Node::Node(const string&, const string&, const rclcpp::NodeOptions&)[m[K’
[2.027s]    98 |   explicit [01;36m[KNode[m[K(
[2.028s]       |            [01;36m[K^~~~[m[K
[2.028s] [01m[K/opt/ros/foxy/include/rclcpp/node.hpp:98:12:[m[K [01;36m[Knote: [m[K  candidate expects 3 arguments, 0 provided
[2.028s] [01m[K/opt/ros/foxy/include/rclcpp/node.hpp:86:12:[m[K [01;36m[Knote: [m[Kcandidate: ‘[01m[Krclcpp::Node::Node(const string&, const rclcpp::NodeOptions&)[m[K’
[2.029s]    86 |   explicit [01;36m[KNode[m[K(
[2.029s]       |            [01;36m[K^~~~[m[K
[2.029s] [01m[K/opt/ros/foxy/include/rclcpp/node.hpp:86:12:[m[K [01;36m[Knote: [m[K  candidate expects 2 arguments, 0 provided
[2.030s] In file included from [01m[K/media/muayman17/New/Muhammad/BrightSkies Test/ROS2_BlocksRearrengments/src/CPPsub_BlocksRearrange/src/CPPsub_BlocksRearrange.cpp:2[m[K:
[2.030s] [01m[K/media/muayman17/New/Muhammad/BrightSkies Test/ROS2_BlocksRearrengments/src/CPPsub_BlocksRearrange/src/../include/CPPsub_BlocksRearrange/blockArrangementSub.h:[m[K In member function ‘[01m[Kvoid blockArrangementSub::topic_callback(std_msgs::msg::String_<std::allocator<void> >::SharedPtr) const[m[K’:
[2.030s] [01m[K/media/muayman17/New/Muhammad/BrightSkies Test/ROS2_BlocksRearrengments/src/CPPsub_BlocksRearrange/src/../include/CPPsub_BlocksRearrange/blockArrangementSub.h:15:62:[m[K [01;35m[Kwarning: [m[Kunused parameter ‘[01m[Kmsg[m[K’ [[01;35m[K-Wunused-parameter[m[K]
[2.031s]    15 |   void topic_callback([01;35m[Kconst std_msgs::msg::String::SharedPtr msg[m[K) const {}
[2.031s]       |                       [01;35m[K~~~~~~~~~~~~~~~~~~~~~~~~~~~~~~~~~~~~~~~^~~[m[K
[2.359s] make[2]: *** [CMakeFiles/lis.dir/build.make:89: CMakeFiles/lis.dir/src/blockArrangementSub.cpp.o] Error 1
[2.456s] make[2]: *** [CMakeFiles/lis.dir/build.make:63: CMakeFiles/lis.dir/src/CPPsub_BlocksRearrange.cpp.o] Error 1
[2.456s] make[1]: *** [CMakeFiles/Makefile2:78: CMakeFiles/lis.dir/all] Error 2
[2.456s] make: *** [Makefile:141: all] Error 2
[2.458s] Invoked command in '/media/muayman17/New/Muhammad/BrightSkies Test/ROS2_BlocksRearrengments/build/CPPsub_BlocksRearrange' returned '2': CMAKE_PREFIX_PATH=${CMAKE_PREFIX_PATH}:/media/muayman17/New/Muhammad/BrightSkies Test/ROS2_BlocksRearrengments/install/initialGoalpub_py:/opt/ros/foxy /usr/bin/cmake --build /media/muayman17/New/Muhammad/BrightSkies Test/ROS2_BlocksRearrengments/build/CPPsub_BlocksRearrange -- -j8 -l8
